[2020-04-25 00:00:56] /shop/index.php?controller=cate&action=index&cate_id=3326&key=3&order=2&gift=1&type=1&ci=4_2 ( act=cate&action=index ) 
ERR: Db Error: Unknown column 'contract_4' in 'where clause'
SELECT COUNT(*) AS nc_count FROM `goods_common` WHERE ( is_own_shop = '1' ) AND ( contract_4 = '1' ) AND ( contract_2 = '1' ) LIMIT 1  
[2020-04-25 00:15:18] /shop/index.php?controller=cate&action=index&cate_id=4393&type=&new=1&key=2&order=2&ci=4_2 ( act=cate&action=index ) 
ERR: Db Error: Unknown column 'contract_4' in 'where clause'
SELECT COUNT(*) AS nc_count FROM `goods_common` WHERE ( is_new_arrival = '1' ) AND ( contract_4 = '1' ) AND ( contract_2 = '1' ) LIMIT 1  
[2020-04-25 00:16:50] /shop/index.php?action=index&area_id=13&cate_id=133&ci=3&controller=cate&key=3&order=2&yx= ( act=cate&action=index ) 
ERR: Db Error: Unknown column 'contract_3' in 'where clause'
SELECT COUNT(*) AS nc_count FROM `goods_common` WHERE ( areaid_1 = '13' ) AND ( contract_3 = '1' ) LIMIT 1  
[2020-04-25 00:22:30] /shop/index.php?controller=cate&action=index&cate_id=513&gift=1&new=1&key=3&order=2&ci=3_2&yx=1 ( act=cate&action=index ) 
ERR: Db Error: Unknown column 'contract_3' in 'where clause'
SELECT COUNT(*) AS nc_count FROM `goods_common` WHERE ( is_new_arrival = '1' ) AND ( is_select = '1' ) AND ( contract_3 = '1' ) AND ( contract_2 = '1' ) LIMIT 1  
[2020-04-25 00:32:54] /shop/index.php?controller=cate&action=index&cate_id=2137&key=1&order=2&gift=1&ci=4&area_id=15 ( act=cate&action=index ) 
ERR: Db Error: Unknown column 'contract_4' in 'where clause'
SELECT COUNT(*) AS nc_count FROM `goods_common` WHERE ( areaid_1 = '15' ) AND ( contract_4 = '1' ) LIMIT 1  
[2020-04-25 00:36:54] /shop/index.php?controller=cate&action=index&cate_id=513&gift=1&new=1&key=2&order=2&ci=3_2 ( act=cate&action=index ) 
ERR: Db Error: Unknown column 'contract_3' in 'where clause'
SELECT COUNT(*) AS nc_count FROM `goods_common` WHERE ( is_new_arrival = '1' ) AND ( contract_3 = '1' ) AND ( contract_2 = '1' ) LIMIT 1  
[2020-04-25 00:37:59] /shop/index.php?action=index&area_id=31&cate_id=5507&ci=1&controller=cate ( act=cate&action=index ) 
ERR: Db Error: Unknown column 'contract_1' in 'where clause'
SELECT COUNT(*) AS nc_count FROM `goods_common` WHERE ( gc_id_1 = '5507' ) AND ( areaid_1 = '31' ) AND ( contract_1 = '1' ) LIMIT 1  
[2020-04-25 00:41:59] /shop/index.php?action=index&area_id=33&ci=4_3&controller=cate ( act=cate&action=index ) 
ERR: Db Error: Unknown column 'contract_4' in 'where clause'
SELECT COUNT(*) AS nc_count FROM `goods_common` WHERE ( areaid_1 = '33' ) AND ( contract_4 = '1' ) AND ( contract_3 = '1' ) LIMIT 1  
[2020-04-25 00:44:06] /shop/index.php?controller=cate&action=index&cate_id=689&new=1&gift=1&ci=1 ( act=cate&action=index ) 
ERR: Db Error: Unknown column 'contract_1' in 'where clause'
SELECT COUNT(*) AS nc_count FROM `goods_common` WHERE ( is_new_arrival = '1' ) AND ( contract_1 = '1' ) LIMIT 1  
[2020-04-25 00:51:18] /shop/index.php?controller=cate&action=index&cate_id=4005&area_id=4&ci=2_4&key=2&order=1&type=&new=&yx=1 ( act=cate&action=index ) 
ERR: Db Error: Unknown column 'contract_2' in 'where clause'
SELECT COUNT(*) AS nc_count FROM `goods_common` WHERE ( areaid_1 = '4' ) AND ( is_select = '1' ) AND ( contract_2 = '1' ) AND ( contract_4 = '1' ) LIMIT 1  
[2020-04-25 00:51:57] /shop/index.php?action=index&area_id=18&cate_id=2604&ci=2&controller=cate&new=1&yx=1 ( act=cate&action=index ) 
ERR: Db Error: Unknown column 'contract_2' in 'where clause'
SELECT COUNT(*) AS nc_count FROM `goods_common` WHERE ( areaid_1 = '18' ) AND ( is_new_arrival = '1' ) AND ( is_select = '1' ) AND ( contract_2 = '1' ) LIMIT 1  
[2020-04-25 00:56:02] /shop/index.php?action=index&area_id=23&cate_id=5565&ci=2_3&controller=cate ( act=cate&action=index ) 
ERR: Db Error: Unknown column 'contract_2' in 'where clause'
SELECT COUNT(*) AS nc_count FROM `goods_common` WHERE ( gc_id_3 = '5565' ) AND ( areaid_1 = '23' ) AND ( contract_2 = '1' ) AND ( contract_3 = '1' ) LIMIT 1  
[2020-04-25 00:59:11] /shop/index.php?controller=cate&action=index&cate_id=312&key=1&order=2&ci=1 ( act=cate&action=index ) 
ERR: Db Error: Unknown column 'contract_1' in 'where clause'
SELECT COUNT(*) AS nc_count FROM `goods_common` WHERE ( contract_1 = '1' ) LIMIT 1  
[2020-04-25 01:12:51] /shop/index.php?action=index&area_id=2&cate_id=5577&ci=3_4&controller=cate&key=3&order=2 ( act=cate&action=index ) 
ERR: Db Error: Unknown column 'contract_3' in 'where clause'
SELECT COUNT(*) AS nc_count FROM `goods_common` WHERE ( gc_id_2 = '5577' ) AND ( areaid_1 = '2' ) AND ( contract_3 = '1' ) AND ( contract_4 = '1' ) LIMIT 1  
[2020-04-25 01:12:56] /shop/index.php?controller=cate&action=index&cate_id=377&key=2&order=2&ci=1 ( act=cate&action=index ) 
ERR: Db Error: Unknown column 'contract_1' in 'where clause'
SELECT COUNT(*) AS nc_count FROM `goods_common` WHERE ( contract_1 = '1' ) LIMIT 1  
[2020-04-25 01:18:21] /shop/index.php?action=index&area_id=23&cate_id=770&ci=3_4&controller=cate ( act=cate&action=index ) 
ERR: Db Error: Unknown column 'contract_3' in 'where clause'
SELECT COUNT(*) AS nc_count FROM `goods_common` WHERE ( areaid_1 = '23' ) AND ( contract_3 = '1' ) AND ( contract_4 = '1' ) LIMIT 1  
[2020-04-25 01:31:21] /shop/index.php?action=index&area_id=29&ci=1_4&controller=cate&yx=1 ( act=cate&action=index ) 
ERR: Db Error: Unknown column 'contract_1' in 'where clause'
SELECT COUNT(*) AS nc_count FROM `goods_common` WHERE ( areaid_1 = '29' ) AND ( is_select = '1' ) AND ( contract_1 = '1' ) AND ( contract_4 = '1' ) LIMIT 1  
[2020-04-25 01:34:51] /shop/index.php?action=index&area_id=20&cate_id=5552&ci=1&controller=cate ( act=cate&action=index ) 
ERR: Db Error: Unknown column 'contract_1' in 'where clause'
SELECT COUNT(*) AS nc_count FROM `goods_common` WHERE ( gc_id_3 = '5552' ) AND ( areaid_1 = '20' ) AND ( contract_1 = '1' ) LIMIT 1  
[2020-04-25 01:41:42] /shop/index.php?controller=cate&action=index&cate_id=2990&key=1&order=1&new=1&gift=1&yx=&ci=1 ( act=cate&action=index ) 
ERR: Db Error: Unknown column 'contract_1' in 'where clause'
SELECT COUNT(*) AS nc_count FROM `goods_common` WHERE ( is_new_arrival = '1' ) AND ( contract_1 = '1' ) LIMIT 1  
[2020-04-25 01:56:06] /shop/index.php?controller=cate&action=index&cate_id=2368&ci=4&key=2&order=1&new=1 ( act=cate&action=index ) 
ERR: Db Error: Unknown column 'contract_4' in 'where clause'
SELECT COUNT(*) AS nc_count FROM `goods_common` WHERE ( is_new_arrival = '1' ) AND ( contract_4 = '1' ) LIMIT 1  
[2020-04-25 02:03:18] /shop/index.php?controller=cate&action=index&cate_id=3326&key=3&order=2&gift=1&type=&ci=4_1&yx=1 ( act=cate&action=index ) 
ERR: Db Error: Unknown column 'contract_4' in 'where clause'
SELECT COUNT(*) AS nc_count FROM `goods_common` WHERE ( is_select = '1' ) AND ( contract_4 = '1' ) AND ( contract_1 = '1' ) LIMIT 1  
[2020-04-25 02:07:02] /shop/index.php?action=index&area_id=4&cate_id=5497&ci=4_3_1&controller=cate ( act=cate&action=index ) 
ERR: Db Error: Unknown column 'contract_4' in 'where clause'
SELECT COUNT(*) AS nc_count FROM `goods_common` WHERE ( gc_id_3 = '5497' ) AND ( areaid_1 = '4' ) AND ( contract_4 = '1' ) AND ( contract_3 = '1' ) AND ( contract_1 = '1' ) LIMIT 1  
[2020-04-25 02:10:30] /shop/index.php?controller=cate&action=index&cate_id=540&key=3&order=2&area_id=9&ci=4_3&type=1 ( act=cate&action=index ) 
ERR: Db Error: Unknown column 'contract_4' in 'where clause'
SELECT COUNT(*) AS nc_count FROM `goods_common` WHERE ( areaid_1 = '9' ) AND ( is_own_shop = '1' ) AND ( contract_4 = '1' ) AND ( contract_3 = '1' ) LIMIT 1  
[2020-04-25 02:17:42] /shop/index.php?controller=cate&action=index&cate_id=852&key=3&order=2&ci=3 ( act=cate&action=index ) 
ERR: Db Error: Unknown column 'contract_3' in 'where clause'
SELECT COUNT(*) AS nc_count FROM `goods_common` WHERE ( contract_3 = '1' ) LIMIT 1  
[2020-04-25 02:26:22] /shop/index.php?action=index&area_id=10&cate_id=5546&ci=1&controller=cate ( act=cate&action=index ) 
ERR: Db Error: Unknown column 'contract_1' in 'where clause'
SELECT COUNT(*) AS nc_count FROM `goods_common` WHERE ( gc_id_2 = '5546' ) AND ( areaid_1 = '10' ) AND ( contract_1 = '1' ) LIMIT 1  
1587753001.3657
1587753001.3707
1587753001.3796
分红日志
预存款变更日志
[2020-04-25 02:30:01] /crontab/index.php?controller=date ( act=date&action=index ) 
ERR: Db Error: Query was empty

预存款修改sql:
1587753001.3938
2020-04-25 02:30:01天计划任务执行成功
1587753001.3977
1587753001.3987
1587753001.4005
1587753001.4065
1587753001.4079
1587753001.4086
1587753001.4102
1587753001.4137
1587753001.4138
1587753001.4153
1587753001.4504
1587753001.637
$o1587753001.6381
$p1587753001.6594
[2020-04-25 02:30:52] /shop/index.php?action=index&cate_id=645&ci=1&controller=cate&key=&order=&type=1 ( act=cate&action=index ) 
ERR: Db Error: Unknown column 'contract_1' in 'where clause'
SELECT COUNT(*) AS nc_count FROM `goods_common` WHERE ( is_own_shop = '1' ) AND ( contract_1 = '1' ) LIMIT 1  
[2020-04-25 02:32:06] /shop/index.php?controller=cate&action=index&cate_id=4008&key=3&order=2&ci=4 ( act=cate&action=index ) 
ERR: Db Error: Unknown column 'contract_4' in 'where clause'
SELECT COUNT(*) AS nc_count FROM `goods_common` WHERE ( contract_4 = '1' ) LIMIT 1  
[2020-04-25 02:39:18] /shop/index.php?controller=cate&action=index&cate_id=6&ci=3_2&new=1&yx=1 ( act=cate&action=index ) 
ERR: Db Error: Unknown column 'contract_3' in 'where clause'
SELECT COUNT(*) AS nc_count FROM `goods_common` WHERE ( is_new_arrival = '1' ) AND ( is_select = '1' ) AND ( contract_3 = '1' ) AND ( contract_2 = '1' ) LIMIT 1  
[2020-04-25 02:44:23] /shop/index.php?action=index&area_id=25&ci=2&controller=cate&type=1&yx=1 ( act=cate&action=index ) 
ERR: Db Error: Unknown column 'contract_2' in 'where clause'
SELECT COUNT(*) AS nc_count FROM `goods_common` WHERE ( areaid_1 = '25' ) AND ( is_own_shop = '1' ) AND ( is_select = '1' ) AND ( contract_2 = '1' ) LIMIT 1  
[2020-04-25 02:45:53] /shop/index.php?action=index&area_id=&cate_id=5548&ci=1_2&controller=cate&key=2&order=2 ( act=cate&action=index ) 
ERR: Db Error: Unknown column 'contract_1' in 'where clause'
SELECT COUNT(*) AS nc_count FROM `goods_common` WHERE ( gc_id_3 = '5548' ) AND ( contract_1 = '1' ) AND ( contract_2 = '1' ) LIMIT 1  
[2020-04-25 02:46:30] /shop/index.php?controller=cate&action=index&cate_id=158&key=1&order=2&yx=1&ci=1_4 ( act=cate&action=index ) 
ERR: Db Error: Unknown column 'contract_1' in 'where clause'
SELECT COUNT(*) AS nc_count FROM `goods_common` WHERE ( is_select = '1' ) AND ( contract_1 = '1' ) AND ( contract_4 = '1' ) LIMIT 1  
[2020-04-25 02:49:54] /shop/index.php?action=index&area_id=9&cate_id=2151&ci=4_2&controller=cate ( act=cate&action=index ) 
ERR: Db Error: Unknown column 'contract_4' in 'where clause'
SELECT COUNT(*) AS nc_count FROM `goods_common` WHERE ( gc_id_2 = '2151' ) AND ( areaid_1 = '9' ) AND ( contract_4 = '1' ) AND ( contract_2 = '1' ) LIMIT 1  
[2020-04-25 02:53:42] /shop/index.php?controller=cate&action=index&cate_id=2347&gift=&new=1&ci=2&yx=&key=1&order=1&type=1 ( act=cate&action=index ) 
ERR: Db Error: Unknown column 'contract_2' in 'where clause'
SELECT COUNT(*) AS nc_count FROM `goods_common` WHERE ( is_own_shop = '1' ) AND ( is_new_arrival = '1' ) AND ( contract_2 = '1' ) LIMIT 1  
[2020-04-25 03:00:54] /shop/index.php?controller=cate&action=index&cate_id=4633&yx=&ci=3_4&order=2&key=2&gift=1&new= ( act=cate&action=index ) 
ERR: Db Error: Unknown column 'contract_3' in 'where clause'
SELECT COUNT(*) AS nc_count FROM `goods_common` WHERE ( contract_3 = '1' ) AND ( contract_4 = '1' ) LIMIT 1  
[2020-04-25 03:04:26] /shop/index.php?action=index&area_id=17&cate_id=5523&ci=4&controller=cate ( act=cate&action=index ) 
ERR: Db Error: Unknown column 'contract_4' in 'where clause'
SELECT COUNT(*) AS nc_count FROM `goods_common` WHERE ( gc_id_3 = '5523' ) AND ( areaid_1 = '17' ) AND ( contract_4 = '1' ) LIMIT 1  
[2020-04-25 03:06:07] /shop/index.php?controller=cate&action=index&cate_id=3786&key=1&order=1&gift=&ci=2&area_id=24 ( act=cate&action=index ) 
ERR: Db Error: Unknown column 'contract_2' in 'where clause'
SELECT COUNT(*) AS nc_count FROM `goods_common` WHERE ( areaid_1 = '24' ) AND ( contract_2 = '1' ) LIMIT 1  
[2020-04-25 03:08:06] /shop/index.php?controller=cate&action=index&cate_id=2368&ci=2&key=1&order=2&yx=1&new=&type=1&area_id=7&gift=1 ( act=cate&action=index ) 
ERR: Db Error: Unknown column 'contract_2' in 'where clause'
SELECT COUNT(*) AS nc_count FROM `goods_common` WHERE ( areaid_1 = '7' ) AND ( is_own_shop = '1' ) AND ( is_select = '1' ) AND ( contract_2 = '1' ) LIMIT 1  
[2020-04-25 03:15:18] /shop/index.php?controller=cate&action=index&cate_id=3557&key=1&order=2&new=1&ci=3 ( act=cate&action=index ) 
ERR: Db Error: Unknown column 'contract_3' in 'where clause'
SELECT COUNT(*) AS nc_count FROM `goods_common` WHERE ( is_new_arrival = '1' ) AND ( contract_3 = '1' ) LIMIT 1  
[2020-04-25 03:21:25] /shop/index.php?action=index&area_id=8&cate_id=5583&ci=1&controller=cate&key=&order= ( act=cate&action=index ) 
ERR: Db Error: Unknown column 'contract_1' in 'where clause'
SELECT COUNT(*) AS nc_count FROM `goods_common` WHERE ( gc_id_2 = '5583' ) AND ( areaid_1 = '8' ) AND ( contract_1 = '1' ) LIMIT 1  
[2020-04-25 03:41:14] /shop/index.php?action=index&area_id=8&cate_id=327&ci=3_1&controller=cate ( act=cate&action=index ) 
ERR: Db Error: Unknown column 'contract_3' in 'where clause'
SELECT COUNT(*) AS nc_count FROM `goods_common` WHERE ( areaid_1 = '8' ) AND ( contract_3 = '1' ) AND ( contract_1 = '1' ) LIMIT 1  
[2020-04-25 03:45:14] /shop/index.php?action=index&area_id=8&cate_id=5571&ci=2_4&controller=cate ( act=cate&action=index ) 
ERR: Db Error: Unknown column 'contract_2' in 'where clause'
SELECT COUNT(*) AS nc_count FROM `goods_common` WHERE ( gc_id_2 = '5571' ) AND ( areaid_1 = '8' ) AND ( contract_2 = '1' ) AND ( contract_4 = '1' ) LIMIT 1  
[2020-04-25 03:51:18] /shop/index.php?controller=cate&action=index&cate_id=2791&key=1&order=2&ci=3&new=1&gift=1 ( act=cate&action=index ) 
ERR: Db Error: Unknown column 'contract_3' in 'where clause'
SELECT COUNT(*) AS nc_count FROM `goods_common` WHERE ( is_new_arrival = '1' ) AND ( contract_3 = '1' ) LIMIT 1  
[2020-04-25 03:58:30] /shop/index.php?controller=cate&action=index&cate_id=2990&key=1&order=1&new=1&gift=1&yx=&ci=2_4&type=1 ( act=cate&action=index ) 
ERR: Db Error: Unknown column 'contract_2' in 'where clause'
SELECT COUNT(*) AS nc_count FROM `goods_common` WHERE ( is_own_shop = '1' ) AND ( is_new_arrival = '1' ) AND ( contract_2 = '1' ) AND ( contract_4 = '1' ) LIMIT 1  
[2020-04-25 03:59:44] /shop/index.php?action=index&area_id=34&cate_id=490&ci=2_3&controller=cate&key=&order= ( act=cate&action=index ) 
ERR: Db Error: Unknown column 'contract_2' in 'where clause'
SELECT COUNT(*) AS nc_count FROM `goods_common` WHERE ( areaid_1 = '34' ) AND ( contract_2 = '1' ) AND ( contract_3 = '1' ) LIMIT 1  
[2020-04-25 03:59:44] /shop/index.php?action=index&area_id=28&ci=2&controller=cate&type=1&yx=1 ( act=cate&action=index ) 
ERR: Db Error: Unknown column 'contract_2' in 'where clause'
SELECT COUNT(*) AS nc_count FROM `goods_common` WHERE ( areaid_1 = '28' ) AND ( is_own_shop = '1' ) AND ( is_select = '1' ) AND ( contract_2 = '1' ) LIMIT 1  
[2020-04-25 04:12:54] /shop/index.php?controller=cate&action=index&cate_id=2314&type=&key=3&order=1&new=&ci=2&gift=1&yx= ( act=cate&action=index ) 
ERR: Db Error: Unknown column 'contract_2' in 'where clause'
SELECT COUNT(*) AS nc_count FROM `goods_common` WHERE ( contract_2 = '1' ) LIMIT 1  
[2020-04-25 04:16:15] /shop/index.php?action=index&area_id=32&cate_id=762&ci=3_1_2&controller=cate&new=1 ( act=cate&action=index ) 
ERR: Db Error: Unknown column 'contract_3' in 'where clause'
SELECT COUNT(*) AS nc_count FROM `goods_common` WHERE ( areaid_1 = '32' ) AND ( is_new_arrival = '1' ) AND ( contract_3 = '1' ) AND ( contract_1 = '1' ) AND ( contract_2 = '1' ) LIMIT 1  
[2020-04-25 04:20:06] /shop/index.php?controller=cate&action=index&cate_id=3241&type=1&area_id=19&key=1&order=2&ci=4 ( act=cate&action=index ) 
ERR: Db Error: Unknown column 'contract_4' in 'where clause'
SELECT COUNT(*) AS nc_count FROM `goods_common` WHERE ( areaid_1 = '19' ) AND ( is_own_shop = '1' ) AND ( contract_4 = '1' ) LIMIT 1  
[2020-04-25 04:21:45] /shop/index.php?controller=cate&action=index&cate_id=2171&type=1&yx=&key=2&order=2&ci=3&area_id=13 ( act=cate&action=index ) 
ERR: Db Error: Unknown column 'contract_3' in 'where clause'
SELECT COUNT(*) AS nc_count FROM `goods_common` WHERE ( areaid_1 = '13' ) AND ( is_own_shop = '1' ) AND ( contract_3 = '1' ) LIMIT 1  
[2020-04-25 04:27:18] /shop/index.php?controller=cate&action=index&cate_id=2314&type=&key=3&order=2&new=&ci=2&gift=1&yx= ( act=cate&action=index ) 
ERR: Db Error: Unknown column 'contract_2' in 'where clause'
SELECT COUNT(*) AS nc_count FROM `goods_common` WHERE ( contract_2 = '1' ) LIMIT 1  
[2020-04-25 04:34:30] /shop/index.php?controller=cate&action=index&cate_id=5048&key=3&order=2&area_id=24&type=1&ci=2 ( act=cate&action=index ) 
ERR: Db Error: Unknown column 'contract_2' in 'where clause'
SELECT COUNT(*) AS nc_count FROM `goods_common` WHERE ( areaid_1 = '24' ) AND ( is_own_shop = '1' ) AND ( contract_2 = '1' ) LIMIT 1  
[2020-04-25 04:36:45] /shop/index.php?action=index&area_id=4&cate_id=5564&ci=3_4&controller=cate&key=&order= ( act=cate&action=index ) 
ERR: Db Error: Unknown column 'contract_3' in 'where clause'
SELECT COUNT(*) AS nc_count FROM `goods_common` WHERE ( gc_id_3 = '5564' ) AND ( areaid_1 = '4' ) AND ( contract_3 = '1' ) AND ( contract_4 = '1' ) LIMIT 1  
[2020-04-25 04:41:42] /shop/index.php?controller=cate&action=index&cate_id=20&ci=2&key=3&order=2 ( act=cate&action=index ) 
ERR: Db Error: Unknown column 'contract_2' in 'where clause'
SELECT COUNT(*) AS nc_count FROM `goods_common` WHERE ( contract_2 = '1' ) LIMIT 1  
[2020-04-25 04:54:47] /shop/index.php?action=index&area_id=25&cate_id=645&ci=3&controller=cate&type=1 ( act=cate&action=index ) 
ERR: Db Error: Unknown column 'contract_3' in 'where clause'
SELECT COUNT(*) AS nc_count FROM `goods_common` WHERE ( areaid_1 = '25' ) AND ( is_own_shop = '1' ) AND ( contract_3 = '1' ) LIMIT 1  
[2020-04-25 04:56:06] /shop/index.php?controller=cate&action=index&cate_id=4942&key=1&order=2&gift=1&ci=4 ( act=cate&action=index ) 
ERR: Db Error: Unknown column 'contract_4' in 'where clause'
SELECT COUNT(*) AS nc_count FROM `goods_common` WHERE ( contract_4 = '1' ) LIMIT 1  
[2020-04-25 04:56:33] /shop/index.php?controller=cate&action=index&cate_id=3663&yx=&area_id=28&new=1&ci=2&type=1 ( act=cate&action=index ) 
ERR: Db Error: Unknown column 'contract_2' in 'where clause'
SELECT COUNT(*) AS nc_count FROM `goods_common` WHERE ( areaid_1 = '28' ) AND ( is_own_shop = '1' ) AND ( is_new_arrival = '1' ) AND ( contract_2 = '1' ) LIMIT 1  
[2020-04-25 04:58:55] /shop/index.php?action=index&area_id=17&cate_id=2&ci=4_2_1&controller=cate&key=3&new=1&order=2 ( act=cate&action=index ) 
ERR: Db Error: Unknown column 'contract_4' in 'where clause'
SELECT COUNT(*) AS nc_count FROM `goods_common` WHERE ( areaid_1 = '17' ) AND ( is_new_arrival = '1' ) AND ( contract_4 = '1' ) AND ( contract_2 = '1' ) AND ( contract_1 = '1' ) LIMIT 1  
[2020-04-25 05:03:19] /shop/index.php?controller=cate&action=index&cate_id=373&key=1&order=2&ci=4&yx=1 ( act=cate&action=index ) 
ERR: Db Error: Unknown column 'contract_4' in 'where clause'
SELECT COUNT(*) AS nc_count FROM `goods_common` WHERE ( is_select = '1' ) AND ( contract_4 = '1' ) LIMIT 1  
[2020-04-25 05:10:31] /shop/index.php?controller=cate&action=index&cate_id=3711&gift=&ci=4&key=2&order=2 ( act=cate&action=index ) 
ERR: Db Error: Unknown column 'contract_4' in 'where clause'
SELECT COUNT(*) AS nc_count FROM `goods_common` WHERE ( contract_4 = '1' ) LIMIT 1  
[2020-04-25 05:16:29] /shop/index.php?action=index&area_id=5&cate_id=38&ci=1_4&controller=cate ( act=cate&action=index ) 
ERR: Db Error: Unknown column 'contract_1' in 'where clause'
SELECT COUNT(*) AS nc_count FROM `goods_common` WHERE ( areaid_1 = '5' ) AND ( contract_1 = '1' ) AND ( contract_4 = '1' ) LIMIT 1  
[2020-04-25 05:17:42] /shop/index.php?controller=cate&action=index&cate_id=3711&gift=1&ci=4&key=2&order=2&new=1 ( act=cate&action=index ) 
ERR: Db Error: Unknown column 'contract_4' in 'where clause'
SELECT COUNT(*) AS nc_count FROM `goods_common` WHERE ( is_new_arrival = '1' ) AND ( contract_4 = '1' ) LIMIT 1  
[2020-04-25 05:32:06] /shop/index.php?controller=cate&action=index&cate_id=3296&key=3&order=2&ci=2_4_1 ( act=cate&action=index ) 
ERR: Db Error: Unknown column 'contract_2' in 'where clause'
SELECT COUNT(*) AS nc_count FROM `goods_common` WHERE ( contract_2 = '1' ) AND ( contract_4 = '1' ) AND ( contract_1 = '1' ) LIMIT 1  
[2020-04-25 05:39:18] /shop/index.php?controller=cate&action=index&cate_id=3663&new=&yx=&key=3&order=2&ci=1_3 ( act=cate&action=index ) 
ERR: Db Error: Unknown column 'contract_1' in 'where clause'
SELECT COUNT(*) AS nc_count FROM `goods_common` WHERE ( contract_1 = '1' ) AND ( contract_3 = '1' ) LIMIT 1  
[2020-04-25 05:50:20] /shop/index.php?action=index&area_id=16&cate_id=5511&ci=3&controller=cate ( act=cate&action=index ) 
ERR: Db Error: Unknown column 'contract_3' in 'where clause'
SELECT COUNT(*) AS nc_count FROM `goods_common` WHERE ( gc_id_1 = '5511' ) AND ( areaid_1 = '16' ) AND ( contract_3 = '1' ) LIMIT 1  
[2020-04-25 06:13:19] /shop/index.php?action=index&area_id=7&cate_id=2153&ci=4_2&controller=cate ( act=cate&action=index ) 
ERR: Db Error: Unknown column 'contract_4' in 'where clause'
SELECT COUNT(*) AS nc_count FROM `goods_common` WHERE ( gc_id_2 = '2153' ) AND ( areaid_1 = '7' ) AND ( contract_4 = '1' ) AND ( contract_2 = '1' ) LIMIT 1  
[2020-04-25 06:15:18] /shop/index.php?controller=cate&action=index&cate_id=13&area_id=3&key=3&order=2&yx=1&type=1&ci=3 ( act=cate&action=index ) 
ERR: Db Error: Unknown column 'contract_3' in 'where clause'
SELECT COUNT(*) AS nc_count FROM `goods_common` WHERE ( areaid_1 = '3' ) AND ( is_own_shop = '1' ) AND ( is_select = '1' ) AND ( contract_3 = '1' ) LIMIT 1  
[2020-04-25 06:22:30] /shop/index.php?controller=cate&action=index&cate_id=5218&yx=&new=&type=1&key=&order=&ci=1&gift=1 ( act=cate&action=index ) 
ERR: Db Error: Unknown column 'contract_1' in 'where clause'
SELECT COUNT(*) AS nc_count FROM `goods_common` WHERE ( is_own_shop = '1' ) AND ( contract_1 = '1' ) LIMIT 1  
[2020-04-25 06:29:42] /shop/index.php?controller=cate&action=index&cate_id=4&ci=3&key=2&order=2&new=1 ( act=cate&action=index ) 
ERR: Db Error: Unknown column 'contract_3' in 'where clause'
SELECT COUNT(*) AS nc_count FROM `goods_common` WHERE ( is_new_arrival = '1' ) AND ( contract_3 = '1' ) LIMIT 1  
[2020-04-25 06:31:31] /shop/index.php?action=index&area_id=17&cate_id=5548&ci=2&controller=cate ( act=cate&action=index ) 
ERR: Db Error: Unknown column 'contract_2' in 'where clause'
SELECT COUNT(*) AS nc_count FROM `goods_common` WHERE ( gc_id_3 = '5548' ) AND ( areaid_1 = '17' ) AND ( contract_2 = '1' ) LIMIT 1  
[2020-04-25 06:36:54] /shop/index.php?controller=cate&action=index&cate_id=20&ci=2_1 ( act=cate&action=index ) 
ERR: Db Error: Unknown column 'contract_2' in 'where clause'
SELECT COUNT(*) AS nc_count FROM `goods_common` WHERE ( contract_2 = '1' ) AND ( contract_1 = '1' ) LIMIT 1  
[2020-04-25 06:44:06] /shop/index.php?controller=cate&action=index&cate_id=5096&key=3&order=2&ci=3 ( act=cate&action=index ) 
ERR: Db Error: Unknown column 'contract_3' in 'where clause'
SELECT COUNT(*) AS nc_count FROM `goods_common` WHERE ( contract_3 = '1' ) LIMIT 1  
[2020-04-25 06:45:50] /shop/index.php?action=index&cate_id=645&ci=3&controller=cate&gift=1&type=1 ( act=cate&action=index ) 
ERR: Db Error: Unknown column 'contract_3' in 'where clause'
SELECT COUNT(*) AS nc_count FROM `goods_common` WHERE ( is_own_shop = '1' ) AND ( contract_3 = '1' ) LIMIT 1  
[2020-04-25 06:51:18] /shop/index.php?controller=cate&action=index&cate_id=5208&key=1&order=2&ci=3 ( act=cate&action=index ) 
ERR: Db Error: Unknown column 'contract_3' in 'where clause'
SELECT COUNT(*) AS nc_count FROM `goods_common` WHERE ( contract_3 = '1' ) LIMIT 1  
[2020-04-25 06:58:30] /shop/index.php?controller=cate&action=index&cate_id=5096&key=3&order=1&ci=3 ( act=cate&action=index ) 
ERR: Db Error: Unknown column 'contract_3' in 'where clause'
SELECT COUNT(*) AS nc_count FROM `goods_common` WHERE ( contract_3 = '1' ) LIMIT 1  
[2020-04-25 07:05:20] /shop/index.php?action=index&area_id=7&cate_id=5571&ci=2_4&controller=cate&key=&order= ( act=cate&action=index ) 
ERR: Db Error: Unknown column 'contract_2' in 'where clause'
SELECT COUNT(*) AS nc_count FROM `goods_common` WHERE ( gc_id_2 = '5571' ) AND ( areaid_1 = '7' ) AND ( contract_2 = '1' ) AND ( contract_4 = '1' ) LIMIT 1  
[2020-04-25 07:05:42] /shop/index.php?controller=cate&action=index&cate_id=4983&key=2&order=1&gift=&yx=&new=1&ci=3 ( act=cate&action=index ) 
ERR: Db Error: Unknown column 'contract_3' in 'where clause'
SELECT COUNT(*) AS nc_count FROM `goods_common` WHERE ( is_new_arrival = '1' ) AND ( contract_3 = '1' ) LIMIT 1  
[2020-04-25 07:20:12] /shop/index.php?action=index&area_id=32&cate_id=959&ci=4_2&controller=cate&key=&order= ( act=cate&action=index ) 
ERR: Db Error: Unknown column 'contract_4' in 'where clause'
SELECT COUNT(*) AS nc_count FROM `goods_common` WHERE ( areaid_1 = '32' ) AND ( contract_4 = '1' ) AND ( contract_2 = '1' ) LIMIT 1  
[2020-04-25 07:20:20] /shop/index.php?action=index&area_id=32&cate_id=959&ci=4_2&controller=cate&key=&order= ( act=cate&action=index ) 
ERR: Db Error: Unknown column 'contract_4' in 'where clause'
SELECT COUNT(*) AS nc_count FROM `goods_common` WHERE ( areaid_1 = '32' ) AND ( contract_4 = '1' ) AND ( contract_2 = '1' ) LIMIT 1  
[2020-04-25 07:34:30] /shop/index.php?controller=cate&action=index&cate_id=3326&key=3&order=1&gift=1&type=1&ci=1 ( act=cate&action=index ) 
ERR: Db Error: Unknown column 'contract_1' in 'where clause'
SELECT COUNT(*) AS nc_count FROM `goods_common` WHERE ( is_own_shop = '1' ) AND ( contract_1 = '1' ) LIMIT 1  
[2020-04-25 07:48:54] /shop/index.php?controller=cate&action=index&cate_id=3296&key=3&order=2&ci=2_4&type=1 ( act=cate&action=index ) 
ERR: Db Error: Unknown column 'contract_2' in 'where clause'
SELECT COUNT(*) AS nc_count FROM `goods_common` WHERE ( is_own_shop = '1' ) AND ( contract_2 = '1' ) AND ( contract_4 = '1' ) LIMIT 1  
[2020-04-25 07:56:06] /shop/index.php?controller=cate&action=index&cate_id=3252&gift=&key=1&order=2&type=1&area_id=13&ci=2_3 ( act=cate&action=index ) 
ERR: Db Error: Unknown column 'contract_2' in 'where clause'
SELECT COUNT(*) AS nc_count FROM `goods_common` WHERE ( areaid_1 = '13' ) AND ( is_own_shop = '1' ) AND ( contract_2 = '1' ) AND ( contract_3 = '1' ) LIMIT 1  
[2020-04-25 08:03:22] /shop/index.php?action=index&area_id=19&cate_id=856&ci=3&controller=cate ( act=cate&action=index ) 
ERR: Db Error: Unknown column 'contract_3' in 'where clause'
SELECT COUNT(*) AS nc_count FROM `goods_common` WHERE ( areaid_1 = '19' ) AND ( contract_3 = '1' ) LIMIT 1  
[2020-04-25 08:10:30] /shop/index.php?controller=cate&action=index&cate_id=5218&yx=&new=&type=1&key=&order=&ci=3&gift=1 ( act=cate&action=index ) 
ERR: Db Error: Unknown column 'contract_3' in 'where clause'
SELECT COUNT(*) AS nc_count FROM `goods_common` WHERE ( is_own_shop = '1' ) AND ( contract_3 = '1' ) LIMIT 1  
[2020-04-25 08:23:32] /shop/index.php?action=index&area_id=15&cate_id=2160&ci=3&controller=cate ( act=cate&action=index ) 
ERR: Db Error: Unknown column 'contract_3' in 'where clause'
SELECT COUNT(*) AS nc_count FROM `goods_common` WHERE ( gc_id_2 = '2160' ) AND ( areaid_1 = '15' ) AND ( contract_3 = '1' ) LIMIT 1  
[2020-04-25 08:24:54] /shop/index.php?controller=cate&action=index&cate_id=24&ci=1_4 ( act=cate&action=index ) 
ERR: Db Error: Unknown column 'contract_1' in 'where clause'
SELECT COUNT(*) AS nc_count FROM `goods_common` WHERE ( contract_1 = '1' ) AND ( contract_4 = '1' ) LIMIT 1  
[2020-04-25 08:26:29] /shop/index.php?action=index&area_id=&cate_id=5564&ci=3_2&controller=cate ( act=cate&action=index ) 
ERR: Db Error: Unknown column 'contract_3' in 'where clause'
SELECT COUNT(*) AS nc_count FROM `goods_common` WHERE ( gc_id_3 = '5564' ) AND ( contract_3 = '1' ) AND ( contract_2 = '1' ) LIMIT 1  
[2020-04-25 08:26:37] /shop/index.php?action=index&area_id=&cate_id=5564&ci=3_2&controller=cate ( act=cate&action=index ) 
ERR: Db Error: Unknown column 'contract_3' in 'where clause'
SELECT COUNT(*) AS nc_count FROM `goods_common` WHERE ( gc_id_3 = '5564' ) AND ( contract_3 = '1' ) AND ( contract_2 = '1' ) LIMIT 1  
[2020-04-25 08:32:06] /shop/index.php?controller=cate&action=index&cate_id=3296&key=3&order=2&ci=2_4&gift=1 ( act=cate&action=index ) 
ERR: Db Error: Unknown column 'contract_2' in 'where clause'
SELECT COUNT(*) AS nc_count FROM `goods_common` WHERE ( contract_2 = '1' ) AND ( contract_4 = '1' ) LIMIT 1  
[2020-04-25 08:37:23] /shop/index.php?action=index&area_id=34&cate_id=762&ci=3_1&controller=cate&type=1 ( act=cate&action=index ) 
ERR: Db Error: Unknown column 'contract_3' in 'where clause'
SELECT COUNT(*) AS nc_count FROM `goods_common` WHERE ( areaid_1 = '34' ) AND ( is_own_shop = '1' ) AND ( contract_3 = '1' ) AND ( contract_1 = '1' ) LIMIT 1  
[2020-04-25 08:37:23] /shop/index.php?action=index&area_id=4&cate_id=5589&ci=3_2&controller=cate&key=&order= ( act=cate&action=index ) 
ERR: Db Error: Unknown column 'contract_3' in 'where clause'
SELECT COUNT(*) AS nc_count FROM `goods_common` WHERE ( gc_id_2 = '5589' ) AND ( areaid_1 = '4' ) AND ( contract_3 = '1' ) AND ( contract_2 = '1' ) LIMIT 1  
[2020-04-25 08:38:34] /shop/index.php?action=index&area_id=2&cate_id=959&ci=1_2&controller=cate ( act=cate&action=index ) 
ERR: Db Error: Unknown column 'contract_1' in 'where clause'
SELECT COUNT(*) AS nc_count FROM `goods_common` WHERE ( areaid_1 = '2' ) AND ( contract_1 = '1' ) AND ( contract_2 = '1' ) LIMIT 1  
[2020-04-25 08:39:18] /shop/index.php?controller=cate&action=index&cate_id=3326&key=&order=&gift=1&type=&ci=4_1_2 ( act=cate&action=index ) 
ERR: Db Error: Unknown column 'contract_4' in 'where clause'
SELECT COUNT(*) AS nc_count FROM `goods_common` WHERE ( contract_4 = '1' ) AND ( contract_1 = '1' ) AND ( contract_2 = '1' ) LIMIT 1  
[2020-04-25 08:46:30] /shop/index.php?controller=cate&action=index&cate_id=4&ci=3_4&new=1 ( act=cate&action=index ) 
ERR: Db Error: Unknown column 'contract_3' in 'where clause'
SELECT COUNT(*) AS nc_count FROM `goods_common` WHERE ( is_new_arrival = '1' ) AND ( contract_3 = '1' ) AND ( contract_4 = '1' ) LIMIT 1  
[2020-04-25 08:53:42] /shop/index.php?controller=cate&action=index&cate_id=5435&new=1&ci=1&key=1&order=2&type=&gift=1 ( act=cate&action=index ) 
ERR: Db Error: Unknown column 'contract_1' in 'where clause'
SELECT COUNT(*) AS nc_count FROM `goods_common` WHERE ( is_new_arrival = '1' ) AND ( contract_1 = '1' ) LIMIT 1  
[2020-04-25 08:54:53] /shop/index.php?action=index&area_id=10&cate_id=5511&ci=3&controller=cate&gift=1 ( act=cate&action=index ) 
ERR: Db Error: Unknown column 'contract_3' in 'where clause'
SELECT COUNT(*) AS nc_count FROM `goods_common` WHERE ( gc_id_1 = '5511' ) AND ( areaid_1 = '10' ) AND ( contract_3 = '1' ) LIMIT 1  
[2020-04-25 09:08:06] /shop/index.php?controller=cate&action=index&cate_id=3326&key=&order=&gift=1&type=&ci=4_1_2&yx=1 ( act=cate&action=index ) 
ERR: Db Error: Unknown column 'contract_4' in 'where clause'
SELECT COUNT(*) AS nc_count FROM `goods_common` WHERE ( is_select = '1' ) AND ( contract_4 = '1' ) AND ( contract_1 = '1' ) AND ( contract_2 = '1' ) LIMIT 1  
[2020-04-25 09:11:43] /shop/index.php?action=index&area_id=20&ci=1_4_3&controller=cate&yx=1 ( act=cate&action=index ) 
ERR: Db Error: Unknown column 'contract_1' in 'where clause'
SELECT COUNT(*) AS nc_count FROM `goods_common` WHERE ( areaid_1 = '20' ) AND ( is_select = '1' ) AND ( contract_1 = '1' ) AND ( contract_4 = '1' ) AND ( contract_3 = '1' ) LIMIT 1  
[2020-04-25 09:15:18] /shop/index.php?controller=cate&action=index&cate_id=845&ci=3_4&key=&order= ( act=cate&action=index ) 
ERR: Db Error: Unknown column 'contract_3' in 'where clause'
SELECT COUNT(*) AS nc_count FROM `goods_common` WHERE ( contract_3 = '1' ) AND ( contract_4 = '1' ) LIMIT 1  
[2020-04-25 09:18:14] /shop/index.php?action=index&area_id=15&cate_id=596&ci=1&controller=cate&key=&new=1&order= ( act=cate&action=index ) 
ERR: Db Error: Unknown column 'contract_1' in 'where clause'
SELECT COUNT(*) AS nc_count FROM `goods_common` WHERE ( areaid_1 = '15' ) AND ( is_new_arrival = '1' ) AND ( contract_1 = '1' ) LIMIT 1  
[2020-04-25 09:36:54] /shop/index.php?controller=cate&action=index&cate_id=5406&new=1&key=2&order=2&yx=&ci=1_4&gift=1&type=1 ( act=cate&action=index ) 
ERR: Db Error: Unknown column 'contract_1' in 'where clause'
SELECT COUNT(*) AS nc_count FROM `goods_common` WHERE ( is_own_shop = '1' ) AND ( is_new_arrival = '1' ) AND ( contract_1 = '1' ) AND ( contract_4 = '1' ) LIMIT 1  
[2020-04-25 09:48:14] /shop/index.php?action=index&area_id=26&cate_id=645&ci=3&controller=cate&type=1 ( act=cate&action=index ) 
ERR: Db Error: Unknown column 'contract_3' in 'where clause'
SELECT COUNT(*) AS nc_count FROM `goods_common` WHERE ( areaid_1 = '26' ) AND ( is_own_shop = '1' ) AND ( contract_3 = '1' ) LIMIT 1  
[2020-04-25 09:54:55] /shop/index.php?action=index&area_id=35&cate_id=2153&ci=4&controller=cate ( act=cate&action=index ) 
ERR: Db Error: Unknown column 'contract_4' in 'where clause'
SELECT COUNT(*) AS nc_count FROM `goods_common` WHERE ( gc_id_2 = '2153' ) AND ( areaid_1 = '35' ) AND ( contract_4 = '1' ) LIMIT 1  
[2020-04-25 09:58:30] /shop/index.php?controller=cate&action=index&cate_id=4&ci=3_4_1&new=1 ( act=cate&action=index ) 
ERR: Db Error: Unknown column 'contract_3' in 'where clause'
SELECT COUNT(*) AS nc_count FROM `goods_common` WHERE ( is_new_arrival = '1' ) AND ( contract_3 = '1' ) AND ( contract_4 = '1' ) AND ( contract_1 = '1' ) LIMIT 1  
[2020-04-25 10:12:54] /shop/index.php?controller=cate&action=index&cate_id=2436&yx=1&gift=1&key=2&order=1&ci=3_4&new=1 ( act=cate&action=index ) 
ERR: Db Error: Unknown column 'contract_3' in 'where clause'
SELECT COUNT(*) AS nc_count FROM `goods_common` WHERE ( is_new_arrival = '1' ) AND ( is_select = '1' ) AND ( contract_3 = '1' ) AND ( contract_4 = '1' ) LIMIT 1  
[2020-04-25 10:14:06] /shop/index.php?action=index&area_id=30&cate_id=5550&ci=2&controller=cate&key=3&new=1&order=2 ( act=cate&action=index ) 
ERR: Db Error: Unknown column 'contract_2' in 'where clause'
SELECT COUNT(*) AS nc_count FROM `goods_common` WHERE ( gc_id_3 = '5550' ) AND ( areaid_1 = '30' ) AND ( is_new_arrival = '1' ) AND ( contract_2 = '1' ) LIMIT 1  
[2020-04-25 10:20:06] /shop/index.php?controller=cate&action=index&cate_id=373&key=1&order=2&ci=4&type=1 ( act=cate&action=index ) 
ERR: Db Error: Unknown column 'contract_4' in 'where clause'
SELECT COUNT(*) AS nc_count FROM `goods_common` WHERE ( is_own_shop = '1' ) AND ( contract_4 = '1' ) LIMIT 1  
[2020-04-25 10:27:18] /shop/index.php?controller=cate&action=index&cate_id=2866&key=1&order=1&ci=1_3&new=&area_id=29&gift=1&yx=1 ( act=cate&action=index ) 
ERR: Db Error: Unknown column 'contract_1' in 'where clause'
SELECT COUNT(*) AS nc_count FROM `goods_common` WHERE ( areaid_1 = '29' ) AND ( is_select = '1' ) AND ( contract_1 = '1' ) AND ( contract_3 = '1' ) LIMIT 1  
[2020-04-25 10:30:46] /shop/index.php?action=index&area_id=32&cate_id=5583&ci=4&controller=cate ( act=cate&action=index ) 
ERR: Db Error: Unknown column 'contract_4' in 'where clause'
SELECT COUNT(*) AS nc_count FROM `goods_common` WHERE ( gc_id_2 = '5583' ) AND ( areaid_1 = '32' ) AND ( contract_4 = '1' ) LIMIT 1  
[2020-04-25 10:32:55] /shop/index.php?action=index&area_id=25&cate_id=2288&ci=1&controller=cate&type=1 ( act=cate&action=index ) 
ERR: Db Error: Unknown column 'contract_1' in 'where clause'
SELECT COUNT(*) AS nc_count FROM `goods_common` WHERE ( areaid_1 = '25' ) AND ( is_own_shop = '1' ) AND ( contract_1 = '1' ) LIMIT 1  
[2020-04-25 10:34:30] /shop/index.php?controller=cate&action=index&cate_id=3326&key=3&order=1&gift=1&type=&ci=4_1_2&yx=1 ( act=cate&action=index ) 
ERR: Db Error: Unknown column 'contract_4' in 'where clause'
SELECT COUNT(*) AS nc_count FROM `goods_common` WHERE ( is_select = '1' ) AND ( contract_4 = '1' ) AND ( contract_1 = '1' ) AND ( contract_2 = '1' ) LIMIT 1  
[2020-04-25 10:41:56] /shop/index.php?controller=cate&action=index&cate_id=3845&key=&order=&ci=2&gift=1&area_id=9 ( act=cate&action=index ) 
ERR: Db Error: Unknown column 'contract_2' in 'where clause'
SELECT COUNT(*) AS nc_count FROM `goods_common` WHERE ( areaid_1 = '9' ) AND ( contract_2 = '1' ) LIMIT 1  
[2020-04-25 10:48:48] /shop/index.php?action=index&area_id=3&cate_id=5526&ci=3&controller=cate&key=3&new=1&order=2 ( act=cate&action=index ) 
ERR: Db Error: Unknown column 'contract_3' in 'where clause'
SELECT COUNT(*) AS nc_count FROM `goods_common` WHERE ( gc_id_2 = '5526' ) AND ( areaid_1 = '3' ) AND ( is_new_arrival = '1' ) AND ( contract_3 = '1' ) LIMIT 1  
[2020-04-25 11:03:18] /shop/index.php?controller=cate&action=index&cate_id=733&key=&order=&area_id=27&ci=1&new=1 ( act=cate&action=index ) 
ERR: Db Error: Unknown column 'contract_1' in 'where clause'
SELECT COUNT(*) AS nc_count FROM `goods_common` WHERE ( areaid_1 = '27' ) AND ( is_new_arrival = '1' ) AND ( contract_1 = '1' ) LIMIT 1  
[2020-04-25 11:10:16] /shop/index.php?action=index&area_id=12&cate_id=5511&ci=4&controller=cate ( act=cate&action=index ) 
ERR: Db Error: Unknown column 'contract_4' in 'where clause'
SELECT COUNT(*) AS nc_count FROM `goods_common` WHERE ( gc_id_1 = '5511' ) AND ( areaid_1 = '12' ) AND ( contract_4 = '1' ) LIMIT 1  
[2020-04-25 11:17:42] /shop/index.php?controller=cate&action=index&cate_id=2866&key=1&order=2&ci=1_3&new=&area_id=29&gift=1&yx=1 ( act=cate&action=index ) 
ERR: Db Error: Unknown column 'contract_1' in 'where clause'
SELECT COUNT(*) AS nc_count FROM `goods_common` WHERE ( areaid_1 = '29' ) AND ( is_select = '1' ) AND ( contract_1 = '1' ) AND ( contract_3 = '1' ) LIMIT 1  
[2020-04-25 11:20:47] /shop/index.php?action=index&area_id=32&cate_id=133&ci=3&controller=cate&yx= ( act=cate&action=index ) 
ERR: Db Error: Unknown column 'contract_3' in 'where clause'
SELECT COUNT(*) AS nc_count FROM `goods_common` WHERE ( areaid_1 = '32' ) AND ( contract_3 = '1' ) LIMIT 1  
[2020-04-25 11:28:46] /shop/index.php?action=index&area_id=2&cate_id=2&ci=4_2_1&controller=cate&key=3&new=1&order=2 ( act=cate&action=index ) 
ERR: Db Error: Unknown column 'contract_4' in 'where clause'
SELECT COUNT(*) AS nc_count FROM `goods_common` WHERE ( areaid_1 = '2' ) AND ( is_new_arrival = '1' ) AND ( contract_4 = '1' ) AND ( contract_2 = '1' ) AND ( contract_1 = '1' ) LIMIT 1  
[2020-04-25 11:32:06] /shop/index.php?controller=cate&action=index&cate_id=3711&gift=1&ci=4_2&key=2&order=2 ( act=cate&action=index ) 
ERR: Db Error: Unknown column 'contract_4' in 'where clause'
SELECT COUNT(*) AS nc_count FROM `goods_common` WHERE ( contract_4 = '1' ) AND ( contract_2 = '1' ) LIMIT 1  
[2020-04-25 11:39:18] /shop/index.php?controller=cate&action=index&cate_id=4199&key=1&order=2&yx=&gift=1&ci=1&new=1 ( act=cate&action=index ) 
ERR: Db Error: Unknown column 'contract_1' in 'where clause'
SELECT COUNT(*) AS nc_count FROM `goods_common` WHERE ( is_new_arrival = '1' ) AND ( contract_1 = '1' ) LIMIT 1  
[2020-04-25 11:46:30] /shop/index.php?controller=cate&action=index&cate_id=115&ci=4_2 ( act=cate&action=index ) 
ERR: Db Error: Unknown column 'contract_4' in 'where clause'
SELECT COUNT(*) AS nc_count FROM `goods_common` WHERE ( contract_4 = '1' ) AND ( contract_2 = '1' ) LIMIT 1  
[2020-04-25 11:53:42] /shop/index.php?controller=cate&action=index&cate_id=3599&key=2&order=2&type=1&ci=1_3&yx=1 ( act=cate&action=index ) 
ERR: Db Error: Unknown column 'contract_1' in 'where clause'
SELECT COUNT(*) AS nc_count FROM `goods_common` WHERE ( is_own_shop = '1' ) AND ( is_select = '1' ) AND ( contract_1 = '1' ) AND ( contract_3 = '1' ) LIMIT 1  
[2020-04-25 11:59:27] /shop/index.php?action=index&area_id=30&cate_id=726&ci=4_2_1&controller=cate&key=1&order=2 ( act=cate&action=index ) 
ERR: Db Error: Unknown column 'contract_4' in 'where clause'
SELECT COUNT(*) AS nc_count FROM `goods_common` WHERE ( areaid_1 = '30' ) AND ( contract_4 = '1' ) AND ( contract_2 = '1' ) AND ( contract_1 = '1' ) LIMIT 1  
[2020-04-25 12:00:54] /shop/index.php?controller=cate&action=index&cate_id=5262&key=2&order=2&gift=1&type=1&area_id=&ci=3 ( act=cate&action=index ) 
ERR: Db Error: Unknown column 'contract_3' in 'where clause'
SELECT COUNT(*) AS nc_count FROM `goods_common` WHERE ( is_own_shop = '1' ) AND ( contract_3 = '1' ) LIMIT 1  
[2020-04-25 12:05:17] /shop/index.php?action=index&area_id=3&cate_id=2167&ci=2_1&controller=cate&key=1&new=&order=2 ( act=cate&action=index ) 
ERR: Db Error: Unknown column 'contract_2' in 'where clause'
SELECT COUNT(*) AS nc_count FROM `goods_common` WHERE ( gc_id_3 = '2167' ) AND ( areaid_1 = '3' ) AND ( contract_2 = '1' ) AND ( contract_1 = '1' ) LIMIT 1  
[2020-04-25 12:07:28] /shop/index.php?action=index&area_id=33&cate_id=327&ci=3_1_4&controller=cate ( act=cate&action=index ) 
ERR: Db Error: Unknown column 'contract_3' in 'where clause'
SELECT COUNT(*) AS nc_count FROM `goods_common` WHERE ( areaid_1 = '33' ) AND ( contract_3 = '1' ) AND ( contract_1 = '1' ) AND ( contract_4 = '1' ) LIMIT 1  
[2020-04-25 12:15:19] /shop/index.php?controller=cate&action=index&cate_id=2332&type=&key=3&order=2&area_id=&gift=1&ci=2_4 ( act=cate&action=index ) 
ERR: Db Error: Unknown column 'contract_2' in 'where clause'
SELECT COUNT(*) AS nc_count FROM `goods_common` WHERE ( contract_2 = '1' ) AND ( contract_4 = '1' ) LIMIT 1  
[2020-04-25 12:21:17] /shop/index.php?action=index&area_id=29&cate_id=5499&ci=1_3&controller=cate ( act=cate&action=index ) 
ERR: Db Error: Unknown column 'contract_1' in 'where clause'
SELECT COUNT(*) AS nc_count FROM `goods_common` WHERE ( gc_id_3 = '5499' ) AND ( areaid_1 = '29' ) AND ( contract_1 = '1' ) AND ( contract_3 = '1' ) LIMIT 1  
[2020-04-25 12:24:57] /shop/index.php?controller=cate&action=index&cate_id=312&key=1&order=2&ci=3 ( act=cate&action=index ) 
ERR: Db Error: Unknown column 'contract_3' in 'where clause'
SELECT COUNT(*) AS nc_count FROM `goods_common` WHERE ( contract_3 = '1' ) LIMIT 1  
[2020-04-25 12:27:28] /shop/index.php?action=index&area_id=11&cate_id=5583&ci=3&controller=cate&new=1 ( act=cate&action=index ) 
ERR: Db Error: Unknown column 'contract_3' in 'where clause'
SELECT COUNT(*) AS nc_count FROM `goods_common` WHERE ( gc_id_2 = '5583' ) AND ( areaid_1 = '11' ) AND ( is_new_arrival = '1' ) AND ( contract_3 = '1' ) LIMIT 1  
[2020-04-25 12:29:42] /shop/index.php?controller=cate&action=index&cate_id=3663&type=&gift=1&new=1&key=3&order=1&ci=1 ( act=cate&action=index ) 
ERR: Db Error: Unknown column 'contract_1' in 'where clause'
SELECT COUNT(*) AS nc_count FROM `goods_common` WHERE ( is_new_arrival = '1' ) AND ( contract_1 = '1' ) LIMIT 1  
[2020-04-25 12:36:55] /shop/index.php?controller=cate&action=index&cate_id=2879&type=&ci=4_2&key=3&order=1&area_id=23 ( act=cate&action=index ) 
ERR: Db Error: Unknown column 'contract_4' in 'where clause'
SELECT COUNT(*) AS nc_count FROM `goods_common` WHERE ( areaid_1 = '23' ) AND ( contract_4 = '1' ) AND ( contract_2 = '1' ) LIMIT 1  
[2020-04-25 12:39:17] /shop/index.php?action=index&area_id=14&ci=4_2&controller=cate&key=1&order=2 ( act=cate&action=index ) 
ERR: Db Error: Unknown column 'contract_4' in 'where clause'
SELECT COUNT(*) AS nc_count FROM `goods_common` WHERE ( areaid_1 = '14' ) AND ( contract_4 = '1' ) AND ( contract_2 = '1' ) LIMIT 1  
[2020-04-25 12:42:48] /shop/index.php?action=index&area_id=18&ci=3_2&controller=cate&key=&new=1&order= ( act=cate&action=index ) 
ERR: Db Error: Unknown column 'contract_3' in 'where clause'
SELECT COUNT(*) AS nc_count FROM `goods_common` WHERE ( areaid_1 = '18' ) AND ( is_new_arrival = '1' ) AND ( contract_3 = '1' ) AND ( contract_2 = '1' ) LIMIT 1  
[2020-04-25 12:44:06] /shop/index.php?controller=cate&action=index&cate_id=3599&key=&order=&type=1&ci=1_4_2&new=1&yx=1 ( act=cate&action=index ) 
ERR: Db Error: Unknown column 'contract_1' in 'where clause'
SELECT COUNT(*) AS nc_count FROM `goods_common` WHERE ( is_own_shop = '1' ) AND ( is_new_arrival = '1' ) AND ( is_select = '1' ) AND ( contract_1 = '1' ) AND ( contract_4 = '1' ) AND ( contract_2 = '1' ) LIMIT 1  
[2020-04-25 12:58:30] /shop/index.php?controller=cate&action=index&cate_id=5406&new=1&key=&order=&yx=&ci=1_4&gift=1&type=1 ( act=cate&action=index ) 
ERR: Db Error: Unknown column 'contract_1' in 'where clause'
SELECT COUNT(*) AS nc_count FROM `goods_common` WHERE ( is_own_shop = '1' ) AND ( is_new_arrival = '1' ) AND ( contract_1 = '1' ) AND ( contract_4 = '1' ) LIMIT 1  
[2020-04-25 13:01:34] /shop/index.php?action=index&area_id=12&cate_id=5548&ci=1&controller=cate&gift=1&key=1&order=2 ( act=cate&action=index ) 
ERR: Db Error: Unknown column 'contract_1' in 'where clause'
SELECT COUNT(*) AS nc_count FROM `goods_common` WHERE ( gc_id_3 = '5548' ) AND ( areaid_1 = '12' ) AND ( contract_1 = '1' ) LIMIT 1  
[2020-04-25 13:05:42] /shop/index.php?controller=cate&action=index&cate_id=192&key=3&order=2&ci=4 ( act=cate&action=index ) 
ERR: Db Error: Unknown column 'contract_4' in 'where clause'
SELECT COUNT(*) AS nc_count FROM `goods_common` WHERE ( contract_4 = '1' ) LIMIT 1  
[2020-04-25 13:20:08] /shop/index.php?controller=cate&action=index&cate_id=5443&yx=1&new=&key=1&order=2&ci=3_2&type=1&area_id=13 ( act=cate&action=index ) 
ERR: Db Error: Unknown column 'contract_3' in 'where clause'
SELECT COUNT(*) AS nc_count FROM `goods_common` WHERE ( areaid_1 = '13' ) AND ( is_own_shop = '1' ) AND ( is_select = '1' ) AND ( contract_3 = '1' ) AND ( contract_2 = '1' ) LIMIT 1  
[2020-04-25 13:30:48] /shop/index.php?action=index&area_id=8&ci=3_2&controller=cate&new=1&type=1 ( act=cate&action=index ) 
ERR: Db Error: Unknown column 'contract_3' in 'where clause'
SELECT COUNT(*) AS nc_count FROM `goods_common` WHERE ( areaid_1 = '8' ) AND ( is_own_shop = '1' ) AND ( is_new_arrival = '1' ) AND ( contract_3 = '1' ) AND ( contract_2 = '1' ) LIMIT 1  
[2020-04-25 13:34:32] /shop/index.php?controller=cate&action=index&cate_id=845&ci=2_3_4&key=1&order=2 ( act=cate&action=index ) 
ERR: Db Error: Unknown column 'contract_2' in 'where clause'
SELECT COUNT(*) AS nc_count FROM `goods_common` WHERE ( contract_2 = '1' ) AND ( contract_3 = '1' ) AND ( contract_4 = '1' ) LIMIT 1  
[2020-04-25 13:41:42] /shop/index.php?controller=cate&action=index&cate_id=2879&type=&ci=4_1&key=3&order=1&area_id=23&gift=1 ( act=cate&action=index ) 
ERR: Db Error: Unknown column 'contract_4' in 'where clause'
SELECT COUNT(*) AS nc_count FROM `goods_common` WHERE ( areaid_1 = '23' ) AND ( contract_4 = '1' ) AND ( contract_1 = '1' ) LIMIT 1  
[2020-04-25 13:48:54] /shop/index.php?controller=cate&action=index&cate_id=2376&gift=&key=1&order=2&ci=1 ( act=cate&action=index ) 
ERR: Db Error: Unknown column 'contract_1' in 'where clause'
SELECT COUNT(*) AS nc_count FROM `goods_common` WHERE ( contract_1 = '1' ) LIMIT 1  
[2020-04-25 13:55:50] /shop/index.php?action=index&area_id=20&cate_id=5499&ci=4&controller=cate ( act=cate&action=index ) 
ERR: Db Error: Unknown column 'contract_4' in 'where clause'
SELECT COUNT(*) AS nc_count FROM `goods_common` WHERE ( gc_id_3 = '5499' ) AND ( areaid_1 = '20' ) AND ( contract_4 = '1' ) LIMIT 1  
[2020-04-25 13:59:59] /shop/index.php?action=index&area_id=34&cate_id=857&ci=2_3&controller=cate&key=&order=&yx=1 ( act=cate&action=index ) 
ERR: Db Error: Unknown column 'contract_2' in 'where clause'
SELECT COUNT(*) AS nc_count FROM `goods_common` WHERE ( areaid_1 = '34' ) AND ( is_select = '1' ) AND ( contract_2 = '1' ) AND ( contract_3 = '1' ) LIMIT 1  
[2020-04-25 14:15:29] /shop/index.php?action=index&area_id=9&cate_id=5550&ci=2_1&controller=cate&key=&order= ( act=cate&action=index ) 
ERR: Db Error: Unknown column 'contract_2' in 'where clause'
SELECT COUNT(*) AS nc_count FROM `goods_common` WHERE ( gc_id_3 = '5550' ) AND ( areaid_1 = '9' ) AND ( contract_2 = '1' ) AND ( contract_1 = '1' ) LIMIT 1  
[2020-04-25 14:17:43] /shop/index.php?controller=cate&action=index&cate_id=2809&key=3&order=1&ci=2_4&new=&gift=&area_id=23&type=1&yx=1 ( act=cate&action=index ) 
ERR: Db Error: Unknown column 'contract_2' in 'where clause'
SELECT COUNT(*) AS nc_count FROM `goods_common` WHERE ( areaid_1 = '23' ) AND ( is_own_shop = '1' ) AND ( is_select = '1' ) AND ( contract_2 = '1' ) AND ( contract_4 = '1' ) LIMIT 1  
[2020-04-25 14:24:54] /shop/index.php?controller=cate&action=index&cate_id=2866&key=1&order=2&ci=1_3&new=1&area_id=29&gift=1&yx=1 ( act=cate&action=index ) 
ERR: Db Error: Unknown column 'contract_1' in 'where clause'
SELECT COUNT(*) AS nc_count FROM `goods_common` WHERE ( areaid_1 = '29' ) AND ( is_new_arrival = '1' ) AND ( is_select = '1' ) AND ( contract_1 = '1' ) AND ( contract_3 = '1' ) LIMIT 1  
[2020-04-25 14:27:44] /shop/index.php?controller=cate&action=index&cate_id=4964&key=3&order=1&area_id=31&ci=2&new=1 ( act=cate&action=index ) 
ERR: Db Error: Unknown column 'contract_2' in 'where clause'
SELECT COUNT(*) AS nc_count FROM `goods_common` WHERE ( areaid_1 = '31' ) AND ( is_new_arrival = '1' ) AND ( contract_2 = '1' ) LIMIT 1  
[2020-04-25 14:34:20] /shop/index.php?action=index&area_id=8&cate_id=5587&ci=3_2&controller=cate&key=&order= ( act=cate&action=index ) 
ERR: Db Error: Unknown column 'contract_3' in 'where clause'
SELECT COUNT(*) AS nc_count FROM `goods_common` WHERE ( gc_id_2 = '5587' ) AND ( areaid_1 = '8' ) AND ( contract_3 = '1' ) AND ( contract_2 = '1' ) LIMIT 1  
[2020-04-25 14:46:30] /shop/index.php?controller=cate&action=index&cate_id=702&ci=3&gift=&new=1&order=&key=&area_id=19 ( act=cate&action=index ) 
ERR: Db Error: Unknown column 'contract_3' in 'where clause'
SELECT COUNT(*) AS nc_count FROM `goods_common` WHERE ( areaid_1 = '19' ) AND ( is_new_arrival = '1' ) AND ( contract_3 = '1' ) LIMIT 1  
[2020-04-25 14:53:42] /shop/index.php?controller=cate&action=index&cate_id=4269&ci=1_3&type=1&key=1&order=2&new=1&yx=1&gift=1&area_id=10 ( act=cate&action=index ) 
ERR: Db Error: Unknown column 'contract_1' in 'where clause'
SELECT COUNT(*) AS nc_count FROM `goods_common` WHERE ( areaid_1 = '10' ) AND ( is_own_shop = '1' ) AND ( is_new_arrival = '1' ) AND ( is_select = '1' ) AND ( contract_1 = '1' ) AND ( contract_3 = '1' ) LIMIT 1  
[2020-04-25 14:55:30] /shop/index.php?action=index&area_id=13&cate_id=5561&ci=4_3&controller=cate ( act=cate&action=index ) 
ERR: Db Error: Unknown column 'contract_4' in 'where clause'
SELECT COUNT(*) AS nc_count FROM `goods_common` WHERE ( gc_id_2 = '5561' ) AND ( areaid_1 = '13' ) AND ( contract_4 = '1' ) AND ( contract_3 = '1' ) LIMIT 1  
[2020-04-25 14:59:29] /shop/index.php?controller=show_store&action=ajax_flowstat_record&store_id=1&goods_id=142&act_param=goods&op_param=consulting_list ( act=show_store&action=ajax_flowstat_record ) 
ERR: Db Error: Table 'hiji100_com.flowstat_1' doesn't exist
SELECT * FROM `flowstat_1` WHERE ( stattime = '1587744000' ) AND ( store_id = '1' ) AND ( type = 'sum' ) LIMIT 1  
[2020-04-25 14:59:29] /shop/index.php?controller=show_store&action=ajax_flowstat_record&store_id=1&goods_id=142&act_param=goods&op_param=consulting_list ( act=show_store&action=ajax_flowstat_record ) 
ERR: Db Error: Table 'hiji100_com.flowstat_1' doesn't exist
INSERT INTO `flowstat_1` (stattime,clicknum,store_id,type,goods_id) VALUES ('1587744000','1','1','sum','0')
[2020-04-25 15:00:54] /shop/index.php?controller=cate&action=index&cate_id=783&type=&key=2&order=1&new=&gift=&yx=&ci=4_3 ( act=cate&action=index ) 
ERR: Db Error: Unknown column 'contract_4' in 'where clause'
SELECT COUNT(*) AS nc_count FROM `goods_common` WHERE ( contract_4 = '1' ) AND ( contract_3 = '1' ) LIMIT 1  
[2020-04-25 15:09:51] /shop/index.php?action=index&area_id=31&cate_id=5499&ci=4&controller=cate ( act=cate&action=index ) 
ERR: Db Error: Unknown column 'contract_4' in 'where clause'
SELECT COUNT(*) AS nc_count FROM `goods_common` WHERE ( gc_id_3 = '5499' ) AND ( areaid_1 = '31' ) AND ( contract_4 = '1' ) LIMIT 1  
[2020-04-25 15:11:41] /shop/index.php?controller=cate&action=index&cate_id=4005&area_id=4&ci=1&key=3&order=2&type=1&new=&yx= ( act=cate&action=index ) 
ERR: Db Error: Unknown column 'contract_1' in 'where clause'
SELECT COUNT(*) AS nc_count FROM `goods_common` WHERE ( areaid_1 = '4' ) AND ( is_own_shop = '1' ) AND ( contract_1 = '1' ) LIMIT 1  
[2020-04-25 15:15:20] /shop/index.php?controller=cate&action=index&cate_id=2170&gift=1&area_id=19&type=&key=3&order=2&ci=4 ( act=cate&action=index ) 
ERR: Db Error: Unknown column 'contract_4' in 'where clause'
SELECT COUNT(*) AS nc_count FROM `goods_common` WHERE ( gc_id_3 = '2170' ) AND ( areaid_1 = '19' ) AND ( contract_4 = '1' ) LIMIT 1  
[2020-04-25 15:28:41] /shop/index.php?controller=cate&action=index&cate_id=698&gift=&key=2&order=1&ci=3_2_4 ( act=cate&action=index ) 
ERR: Db Error: Unknown column 'contract_3' in 'where clause'
SELECT COUNT(*) AS nc_count FROM `goods_common` WHERE ( contract_3 = '1' ) AND ( contract_2 = '1' ) AND ( contract_4 = '1' ) LIMIT 1  
[2020-04-25 15:29:51] /shop/index.php?action=index&area_id=31&ci=1&controller=cate&gift=1&type= ( act=cate&action=index ) 
ERR: Db Error: Unknown column 'contract_1' in 'where clause'
SELECT COUNT(*) AS nc_count FROM `goods_common` WHERE ( areaid_1 = '31' ) AND ( contract_1 = '1' ) LIMIT 1  
[2020-04-25 15:34:16] /shop/index.php?controller=cate&action=index&cate_id=702&ci=3&gift=&new=1&order=&key=&area_id=25 ( act=cate&action=index ) 
ERR: Db Error: Unknown column 'contract_3' in 'where clause'
SELECT COUNT(*) AS nc_count FROM `goods_common` WHERE ( areaid_1 = '25' ) AND ( is_new_arrival = '1' ) AND ( contract_3 = '1' ) LIMIT 1  
[2020-04-25 15:36:32] /shop/index.php?action=index&area_id=11&cate_id=2169&ci=2&controller=cate ( act=cate&action=index ) 
ERR: Db Error: Unknown column 'contract_2' in 'where clause'
SELECT COUNT(*) AS nc_count FROM `goods_common` WHERE ( gc_id_3 = '2169' ) AND ( areaid_1 = '11' ) AND ( contract_2 = '1' ) LIMIT 1  
[2020-04-25 15:44:06] /shop/index.php?controller=cate&action=index&cate_id=2171&type=1&yx=&key=2&order=2&ci=3&gift=1 ( act=cate&action=index ) 
ERR: Db Error: Unknown column 'contract_3' in 'where clause'
SELECT COUNT(*) AS nc_count FROM `goods_common` WHERE ( is_own_shop = '1' ) AND ( contract_3 = '1' ) LIMIT 1  
[2020-04-25 15:49:02] /shop/index.php?action=index&area_id=19&cate_id=2&ci=4_2&controller=cate&gift=1 ( act=cate&action=index ) 
ERR: Db Error: Unknown column 'contract_4' in 'where clause'
SELECT COUNT(*) AS nc_count FROM `goods_common` WHERE ( areaid_1 = '19' ) AND ( contract_4 = '1' ) AND ( contract_2 = '1' ) LIMIT 1  
[2020-04-25 15:56:52] /shop/index.php?action=index&area_id=14&cate_id=150&ci=1_2_4&controller=cate&type=1 ( act=cate&action=index ) 
ERR: Db Error: Unknown column 'contract_1' in 'where clause'
SELECT COUNT(*) AS nc_count FROM `goods_common` WHERE ( areaid_1 = '14' ) AND ( is_own_shop = '1' ) AND ( contract_1 = '1' ) AND ( contract_2 = '1' ) AND ( contract_4 = '1' ) LIMIT 1  
[2020-04-25 16:05:42] /shop/index.php?controller=cate&action=index&cate_id=2347&gift=&new=&ci=2&yx=&key=1&order=1&type=1 ( act=cate&action=index ) 
ERR: Db Error: Unknown column 'contract_2' in 'where clause'
SELECT COUNT(*) AS nc_count FROM `goods_common` WHERE ( is_own_shop = '1' ) AND ( contract_2 = '1' ) LIMIT 1  
[2020-04-25 16:05:52] /shop/index.php?action=index&area_id=5&cate_id=5548&ci=1&controller=cate&gift=1&key=2&order=2 ( act=cate&action=index ) 
ERR: Db Error: Unknown column 'contract_1' in 'where clause'
SELECT COUNT(*) AS nc_count FROM `goods_common` WHERE ( gc_id_3 = '5548' ) AND ( areaid_1 = '5' ) AND ( contract_1 = '1' ) LIMIT 1  
[2020-04-25 16:12:54] /shop/index.php?controller=cate&action=index&cate_id=158&key=3&order=2&yx=1&ci=1_4&type=1&new=1 ( act=cate&action=index ) 
ERR: Db Error: Unknown column 'contract_1' in 'where clause'
SELECT COUNT(*) AS nc_count FROM `goods_common` WHERE ( is_own_shop = '1' ) AND ( is_new_arrival = '1' ) AND ( is_select = '1' ) AND ( contract_1 = '1' ) AND ( contract_4 = '1' ) LIMIT 1  
[2020-04-25 16:18:53] /shop/index.php?action=index&area_id=10&cate_id=645&ci=1&controller=cate&type=1 ( act=cate&action=index ) 
ERR: Db Error: Unknown column 'contract_1' in 'where clause'
SELECT COUNT(*) AS nc_count FROM `goods_common` WHERE ( areaid_1 = '10' ) AND ( is_own_shop = '1' ) AND ( contract_1 = '1' ) LIMIT 1  
[2020-04-25 16:20:06] /shop/index.php?controller=cate&action=index&cate_id=4005&area_id=4&ci=1&key=3&order=1&type=1&new=&yx=1 ( act=cate&action=index ) 
ERR: Db Error: Unknown column 'contract_1' in 'where clause'
SELECT COUNT(*) AS nc_count FROM `goods_common` WHERE ( areaid_1 = '4' ) AND ( is_own_shop = '1' ) AND ( is_select = '1' ) AND ( contract_1 = '1' ) LIMIT 1  
[2020-04-25 16:25:52] /shop/index.php?action=index&area_id=22&cate_id=2170&ci=1_2&controller=cate ( act=cate&action=index ) 
ERR: Db Error: Unknown column 'contract_1' in 'where clause'
SELECT COUNT(*) AS nc_count FROM `goods_common` WHERE ( gc_id_3 = '2170' ) AND ( areaid_1 = '22' ) AND ( contract_1 = '1' ) AND ( contract_2 = '1' ) LIMIT 1  
[2020-04-25 16:35:53] /shop/index.php?action=index&area_id=11&ci=2&controller=cate&key=&order=&type=1 ( act=cate&action=index ) 
ERR: Db Error: Unknown column 'contract_2' in 'where clause'
SELECT COUNT(*) AS nc_count FROM `goods_common` WHERE ( areaid_1 = '11' ) AND ( is_own_shop = '1' ) AND ( contract_2 = '1' ) LIMIT 1  
[2020-04-25 16:41:42] /shop/index.php?controller=cate&action=index&cate_id=3786&key=1&order=1&gift=&ci=2&yx=1 ( act=cate&action=index ) 
ERR: Db Error: Unknown column 'contract_2' in 'where clause'
SELECT COUNT(*) AS nc_count FROM `goods_common` WHERE ( is_select = '1' ) AND ( contract_2 = '1' ) LIMIT 1  
[2020-04-25 16:56:06] /shop/index.php?controller=cate&action=index&cate_id=158&key=1&order=2&yx=1&ci=1_4&type=1 ( act=cate&action=index ) 
ERR: Db Error: Unknown column 'contract_1' in 'where clause'
SELECT COUNT(*) AS nc_count FROM `goods_common` WHERE ( is_own_shop = '1' ) AND ( is_select = '1' ) AND ( contract_1 = '1' ) AND ( contract_4 = '1' ) LIMIT 1  
[2020-04-25 17:06:04] /shop/index.php?action=index&area_id=8&cate_id=2153&ci=2&controller=cate&key=&order= ( act=cate&action=index ) 
ERR: Db Error: Unknown column 'contract_2' in 'where clause'
SELECT COUNT(*) AS nc_count FROM `goods_common` WHERE ( gc_id_2 = '2153' ) AND ( areaid_1 = '8' ) AND ( contract_2 = '1' ) LIMIT 1  
[2020-04-25 17:06:56] /shop/index.php?controller=cate&action=index&cate_id=3326&key=&order=&gift=1&type=&ci=4_2&new=1 ( act=cate&action=index ) 
ERR: Db Error: Unknown column 'contract_4' in 'where clause'
SELECT COUNT(*) AS nc_count FROM `goods_common` WHERE ( is_new_arrival = '1' ) AND ( contract_4 = '1' ) AND ( contract_2 = '1' ) LIMIT 1  
[2020-04-25 17:09:55] /shop/index.php?action=index&area_id=31&ci=1_4&controller=cate&yx=1 ( act=cate&action=index ) 
ERR: Db Error: Unknown column 'contract_1' in 'where clause'
SELECT COUNT(*) AS nc_count FROM `goods_common` WHERE ( areaid_1 = '31' ) AND ( is_select = '1' ) AND ( contract_1 = '1' ) AND ( contract_4 = '1' ) LIMIT 1  
[2020-04-25 17:10:30] /shop/index.php?controller=cate&action=index&cate_id=1006&key=1&order=2&gift=1&ci=1 ( act=cate&action=index ) 
ERR: Db Error: Unknown column 'contract_1' in 'where clause'
SELECT COUNT(*) AS nc_count FROM `goods_common` WHERE ( contract_1 = '1' ) LIMIT 1  
[2020-04-25 17:17:42] /shop/index.php?controller=cate&action=index&cate_id=4197&key=&order=&gift=1&ci=3 ( act=cate&action=index ) 
ERR: Db Error: Unknown column 'contract_3' in 'where clause'
SELECT COUNT(*) AS nc_count FROM `goods_common` WHERE ( contract_3 = '1' ) LIMIT 1  
[2020-04-25 17:27:48] /shop/index.php?action=index&area_id=5&cate_id=4009&ci=3&controller=cate&yx=1 ( act=cate&action=index ) 
ERR: Db Error: Unknown column 'contract_3' in 'where clause'
SELECT COUNT(*) AS nc_count FROM `goods_common` WHERE ( areaid_1 = '5' ) AND ( is_select = '1' ) AND ( contract_3 = '1' ) LIMIT 1  
[2020-04-25 17:39:18] /shop/index.php?controller=cate&action=index&cate_id=2171&type=1&yx=&key=2&order=2&ci=3_2&gift=1 ( act=cate&action=index ) 
ERR: Db Error: Unknown column 'contract_3' in 'where clause'
SELECT COUNT(*) AS nc_count FROM `goods_common` WHERE ( is_own_shop = '1' ) AND ( contract_3 = '1' ) AND ( contract_2 = '1' ) LIMIT 1  
[2020-04-25 17:40:24] /shop/index.php?action=index&area_id=17&cate_id=2&ci=4_2_1&controller=cate&key=1&new=&order=2 ( act=cate&action=index ) 
ERR: Db Error: Unknown column 'contract_4' in 'where clause'
SELECT COUNT(*) AS nc_count FROM `goods_common` WHERE ( areaid_1 = '17' ) AND ( contract_4 = '1' ) AND ( contract_2 = '1' ) AND ( contract_1 = '1' ) LIMIT 1  
[2020-04-25 17:40:26] /shop/index.php?action=index&area_id=2&cate_id=113&ci=4_2&controller=cate ( act=cate&action=index ) 
ERR: Db Error: Unknown column 'contract_4' in 'where clause'
SELECT COUNT(*) AS nc_count FROM `goods_common` WHERE ( areaid_1 = '2' ) AND ( contract_4 = '1' ) AND ( contract_2 = '1' ) LIMIT 1  
[2020-04-25 17:46:14] /shop/index.php?action=index&area_id=23&ci=4_3_2&controller=cate&key=3&new=1&order=2 ( act=cate&action=index ) 
ERR: Db Error: Unknown column 'contract_4' in 'where clause'
SELECT COUNT(*) AS nc_count FROM `goods_common` WHERE ( areaid_1 = '23' ) AND ( is_new_arrival = '1' ) AND ( contract_4 = '1' ) AND ( contract_3 = '1' ) AND ( contract_2 = '1' ) LIMIT 1  
[2020-04-25 17:53:42] /shop/index.php?controller=cate&action=index&cate_id=3711&key=1&order=2&ci=3_2&type=1 ( act=cate&action=index ) 
ERR: Db Error: Unknown column 'contract_3' in 'where clause'
SELECT COUNT(*) AS nc_count FROM `goods_common` WHERE ( is_own_shop = '1' ) AND ( contract_3 = '1' ) AND ( contract_2 = '1' ) LIMIT 1  
[2020-04-25 18:00:54] /shop/index.php?controller=cate&action=index&cate_id=2168&type=1&ci=3_4&key=1&order=2&yx=1 ( act=cate&action=index ) 
ERR: Db Error: Unknown column 'contract_3' in 'where clause'
SELECT COUNT(*) AS nc_count FROM `goods_common` WHERE ( gc_id_3 = '2168' ) AND ( is_own_shop = '1' ) AND ( is_select = '1' ) AND ( contract_3 = '1' ) AND ( contract_4 = '1' ) LIMIT 1  
[2020-04-25 18:01:41] /shop/index.php?action=index&area_id=3&cate_id=5527&ci=2_1&controller=cate ( act=cate&action=index ) 
ERR: Db Error: Unknown column 'contract_2' in 'where clause'
SELECT COUNT(*) AS nc_count FROM `goods_common` WHERE ( gc_id_2 = '5527' ) AND ( areaid_1 = '3' ) AND ( contract_2 = '1' ) AND ( contract_1 = '1' ) LIMIT 1  
[2020-04-25 18:08:06] /shop/index.php?controller=cate&action=index&cate_id=5382&gift=1&key=&order=&area_id=14&type=&ci=1 ( act=cate&action=index ) 
ERR: Db Error: Unknown column 'contract_1' in 'where clause'
SELECT COUNT(*) AS nc_count FROM `goods_common` WHERE ( areaid_1 = '14' ) AND ( contract_1 = '1' ) LIMIT 1  
[2020-04-25 18:15:18] /shop/index.php?controller=cate&action=index&cate_id=538&key=2&order=2&area_id=15&ci=3&type=1 ( act=cate&action=index ) 
ERR: Db Error: Unknown column 'contract_3' in 'where clause'
SELECT COUNT(*) AS nc_count FROM `goods_common` WHERE ( areaid_1 = '15' ) AND ( is_own_shop = '1' ) AND ( contract_3 = '1' ) LIMIT 1  
[2020-04-25 18:15:58] /shop/index.php?controller=cate&action=index&cate_id=2300&type=&new=1&yx=1&key=2&order=2&gift=1&area_id=24&ci=1 ( act=cate&action=index ) 
ERR: Db Error: Unknown column 'contract_1' in 'where clause'
SELECT COUNT(*) AS nc_count FROM `goods_common` WHERE ( areaid_1 = '24' ) AND ( is_new_arrival = '1' ) AND ( is_select = '1' ) AND ( contract_1 = '1' ) LIMIT 1  
[2020-04-25 18:22:30] /shop/index.php?controller=cate&action=index&cate_id=2395&ci=4_1&type=1&key=1&order=2&area_id=4&yx=1 ( act=cate&action=index ) 
ERR: Db Error: Unknown column 'contract_4' in 'where clause'
SELECT COUNT(*) AS nc_count FROM `goods_common` WHERE ( areaid_1 = '4' ) AND ( is_own_shop = '1' ) AND ( is_select = '1' ) AND ( contract_4 = '1' ) AND ( contract_1 = '1' ) LIMIT 1  
[2020-04-25 18:23:16] /shop/index.php?action=index&area_id=7&ci=3_2&controller=cate&type=1 ( act=cate&action=index ) 
ERR: Db Error: Unknown column 'contract_3' in 'where clause'
SELECT COUNT(*) AS nc_count FROM `goods_common` WHERE ( areaid_1 = '7' ) AND ( is_own_shop = '1' ) AND ( contract_3 = '1' ) AND ( contract_2 = '1' ) LIMIT 1  
[2020-04-25 18:29:42] /shop/index.php?controller=cate&action=index&cate_id=3711&key=1&order=2&ci=3_1&type=1 ( act=cate&action=index ) 
ERR: Db Error: Unknown column 'contract_3' in 'where clause'
SELECT COUNT(*) AS nc_count FROM `goods_common` WHERE ( is_own_shop = '1' ) AND ( contract_3 = '1' ) AND ( contract_1 = '1' ) LIMIT 1  
[2020-04-25 18:40:48] /shop/index.php?action=index&area_id=4&cate_id=645&ci=1&controller=cate&type=1 ( act=cate&action=index ) 
ERR: Db Error: Unknown column 'contract_1' in 'where clause'
SELECT COUNT(*) AS nc_count FROM `goods_common` WHERE ( areaid_1 = '4' ) AND ( is_own_shop = '1' ) AND ( contract_1 = '1' ) LIMIT 1  
[2020-04-25 18:44:07] /shop/index.php?controller=cate&action=index&cate_id=158&key=3&order=2&yx=1&ci=1_4_3&type=1 ( act=cate&action=index ) 
ERR: Db Error: Unknown column 'contract_1' in 'where clause'
SELECT COUNT(*) AS nc_count FROM `goods_common` WHERE ( is_own_shop = '1' ) AND ( is_select = '1' ) AND ( contract_1 = '1' ) AND ( contract_4 = '1' ) AND ( contract_3 = '1' ) LIMIT 1  
[2020-04-25 18:51:18] /shop/index.php?controller=cate&action=index&cate_id=513&gift=&new=1&key=1&order=1&ci=3_2 ( act=cate&action=index ) 
ERR: Db Error: Unknown column 'contract_3' in 'where clause'
SELECT COUNT(*) AS nc_count FROM `goods_common` WHERE ( is_new_arrival = '1' ) AND ( contract_3 = '1' ) AND ( contract_2 = '1' ) LIMIT 1  
[2020-04-25 19:12:54] /shop/index.php?controller=cate&action=index&cate_id=698&gift=&key=&order=&ci=3_2_4 ( act=cate&action=index ) 
ERR: Db Error: Unknown column 'contract_3' in 'where clause'
SELECT COUNT(*) AS nc_count FROM `goods_common` WHERE ( contract_3 = '1' ) AND ( contract_2 = '1' ) AND ( contract_4 = '1' ) LIMIT 1  
[2020-04-25 19:14:25] /shop/index.php?action=index&area_id=15&cate_id=5548&ci=1_2&controller=cate&gift=1 ( act=cate&action=index ) 
ERR: Db Error: Unknown column 'contract_1' in 'where clause'
SELECT COUNT(*) AS nc_count FROM `goods_common` WHERE ( gc_id_3 = '5548' ) AND ( areaid_1 = '15' ) AND ( contract_1 = '1' ) AND ( contract_2 = '1' ) LIMIT 1  
[2020-04-25 19:20:06] /shop/index.php?controller=cate&action=index&cate_id=5382&gift=1&key=1&order=1&area_id=14&type=&ci=1 ( act=cate&action=index ) 
ERR: Db Error: Unknown column 'contract_1' in 'where clause'
SELECT COUNT(*) AS nc_count FROM `goods_common` WHERE ( areaid_1 = '14' ) AND ( contract_1 = '1' ) LIMIT 1  
[2020-04-25 19:20:27] /shop/index.php?action=index&area_id=22&cate_id=2153&ci=4&controller=cate&key=&order= ( act=cate&action=index ) 
ERR: Db Error: Unknown column 'contract_4' in 'where clause'
SELECT COUNT(*) AS nc_count FROM `goods_common` WHERE ( gc_id_2 = '2153' ) AND ( areaid_1 = '22' ) AND ( contract_4 = '1' ) LIMIT 1  
[2020-04-25 19:27:18] /shop/index.php?controller=cate&action=index&cate_id=158&key=1&order=2&yx=1&ci=4&type=1 ( act=cate&action=index ) 
ERR: Db Error: Unknown column 'contract_4' in 'where clause'
SELECT COUNT(*) AS nc_count FROM `goods_common` WHERE ( is_own_shop = '1' ) AND ( is_select = '1' ) AND ( contract_4 = '1' ) LIMIT 1  
[2020-04-25 19:34:30] /shop/index.php?controller=cate&action=index&cate_id=499&gift=&key=1&order=1&ci=4&type= ( act=cate&action=index ) 
ERR: Db Error: Unknown column 'contract_4' in 'where clause'
SELECT COUNT(*) AS nc_count FROM `goods_common` WHERE ( contract_4 = '1' ) LIMIT 1  
[2020-04-25 19:36:56] /shop/index.php?action=index&area_id=1&cate_id=5555&ci=4_2&controller=cate ( act=cate&action=index ) 
ERR: Db Error: Unknown column 'contract_4' in 'where clause'
SELECT COUNT(*) AS nc_count FROM `goods_common` WHERE ( gc_id_3 = '5555' ) AND ( areaid_1 = '1' ) AND ( contract_4 = '1' ) AND ( contract_2 = '1' ) LIMIT 1  
[2020-04-25 19:48:56] /shop/index.php?controller=cate&action=index&cate_id=4791&key=1&order=1&ci=3_2&yx=1&type=1 ( act=cate&action=index ) 
ERR: Db Error: Unknown column 'contract_3' in 'where clause'
SELECT COUNT(*) AS nc_count FROM `goods_common` WHERE ( is_own_shop = '1' ) AND ( is_select = '1' ) AND ( contract_3 = '1' ) AND ( contract_2 = '1' ) LIMIT 1  
[2020-04-25 19:52:26] /shop/index.php?action=index&area_id=2&cate_id=2167&ci=2_3&controller=cate&gift=1&new=1 ( act=cate&action=index ) 
ERR: Db Error: Unknown column 'contract_2' in 'where clause'
SELECT COUNT(*) AS nc_count FROM `goods_common` WHERE ( gc_id_3 = '2167' ) AND ( areaid_1 = '2' ) AND ( is_new_arrival = '1' ) AND ( contract_2 = '1' ) AND ( contract_3 = '1' ) LIMIT 1  
[2020-04-25 20:03:18] /shop/index.php?controller=cate&action=index&cate_id=698&gift=&key=2&order=2&ci=3_2_4&type=1 ( act=cate&action=index ) 
ERR: Db Error: Unknown column 'contract_3' in 'where clause'
SELECT COUNT(*) AS nc_count FROM `goods_common` WHERE ( is_own_shop = '1' ) AND ( contract_3 = '1' ) AND ( contract_2 = '1' ) AND ( contract_4 = '1' ) LIMIT 1  
[2020-04-25 20:10:18] /shop/index.php?action=index&area_id=14&cate_id=5523&ci=4_3&controller=cate ( act=cate&action=index ) 
ERR: Db Error: Unknown column 'contract_4' in 'where clause'
SELECT COUNT(*) AS nc_count FROM `goods_common` WHERE ( gc_id_3 = '5523' ) AND ( areaid_1 = '14' ) AND ( contract_4 = '1' ) AND ( contract_3 = '1' ) LIMIT 1  
[2020-04-25 20:10:30] /shop/index.php?controller=cate&action=index&cate_id=2347&gift=&new=1&ci=2_1&yx=&key=1&order=1&type=1 ( act=cate&action=index ) 
ERR: Db Error: Unknown column 'contract_2' in 'where clause'
SELECT COUNT(*) AS nc_count FROM `goods_common` WHERE ( is_own_shop = '1' ) AND ( is_new_arrival = '1' ) AND ( contract_2 = '1' ) AND ( contract_1 = '1' ) LIMIT 1  
[2020-04-25 20:10:36] /shop/index.php?action=index&area_id=10&cate_id=857&ci=2_3&controller=cate ( act=cate&action=index ) 
ERR: Db Error: Unknown column 'contract_2' in 'where clause'
SELECT COUNT(*) AS nc_count FROM `goods_common` WHERE ( areaid_1 = '10' ) AND ( contract_2 = '1' ) AND ( contract_3 = '1' ) LIMIT 1  
[2020-04-25 20:24:55] /shop/index.php?controller=cate&action=index&cate_id=4269&ci=1_3&type=1&key=&order=&new=1&yx=1&gift=1&area_id=10 ( act=cate&action=index ) 
ERR: Db Error: Unknown column 'contract_1' in 'where clause'
SELECT COUNT(*) AS nc_count FROM `goods_common` WHERE ( areaid_1 = '10' ) AND ( is_own_shop = '1' ) AND ( is_new_arrival = '1' ) AND ( is_select = '1' ) AND ( contract_1 = '1' ) AND ( contract_3 = '1' ) LIMIT 1  
[2020-04-25 20:32:06] /shop/index.php?controller=cate&action=index&cate_id=158&key=&order=&yx=1&ci=1_4&type=1&new=1 ( act=cate&action=index ) 
ERR: Db Error: Unknown column 'contract_1' in 'where clause'
SELECT COUNT(*) AS nc_count FROM `goods_common` WHERE ( is_own_shop = '1' ) AND ( is_new_arrival = '1' ) AND ( is_select = '1' ) AND ( contract_1 = '1' ) AND ( contract_4 = '1' ) LIMIT 1  
[2020-04-25 20:36:18] /shop/index.php?action=index&area_id=11&cate_id=899&ci=2_1_3&controller=cate ( act=cate&action=index ) 
ERR: Db Error: Unknown column 'contract_2' in 'where clause'
SELECT COUNT(*) AS nc_count FROM `goods_common` WHERE ( areaid_1 = '11' ) AND ( contract_2 = '1' ) AND ( contract_1 = '1' ) AND ( contract_3 = '1' ) LIMIT 1  
[2020-04-25 20:39:18] /shop/index.php?controller=cate&action=index&cate_id=158&key=3&order=1&yx=1&ci=1_4&type=1&new=1 ( act=cate&action=index ) 
ERR: Db Error: Unknown column 'contract_1' in 'where clause'
SELECT COUNT(*) AS nc_count FROM `goods_common` WHERE ( is_own_shop = '1' ) AND ( is_new_arrival = '1' ) AND ( is_select = '1' ) AND ( contract_1 = '1' ) AND ( contract_4 = '1' ) LIMIT 1  
[2020-04-25 20:46:30] /shop/index.php?controller=cate&action=index&cate_id=5443&yx=&new=&key=1&order=1&ci=4_3_2&type=1&area_id=13 ( act=cate&action=index ) 
ERR: Db Error: Unknown column 'contract_4' in 'where clause'
SELECT COUNT(*) AS nc_count FROM `goods_common` WHERE ( areaid_1 = '13' ) AND ( is_own_shop = '1' ) AND ( contract_4 = '1' ) AND ( contract_3 = '1' ) AND ( contract_2 = '1' ) LIMIT 1  
[2020-04-25 21:04:00] /shop/index.php?controller=cate&action=index&cate_id=783&type=1&key=1&order=2&new=&ci=2 ( act=cate&action=index ) 
ERR: Db Error: Unknown column 'contract_2' in 'where clause'
SELECT COUNT(*) AS nc_count FROM `goods_common` WHERE ( is_own_shop = '1' ) AND ( contract_2 = '1' ) LIMIT 1  
[2020-04-25 21:08:06] /shop/index.php?controller=cate&action=index&cate_id=2942&type=1&key=3&order=2&gift=&new=&ci=2 ( act=cate&action=index ) 
ERR: Db Error: Unknown column 'contract_2' in 'where clause'
SELECT COUNT(*) AS nc_count FROM `goods_common` WHERE ( is_own_shop = '1' ) AND ( contract_2 = '1' ) LIMIT 1  
[2020-04-25 21:26:52] /shop/index.php?action=index&area_id=16&ci=3_1_4&controller=cate&gift=1&yx=1 ( act=cate&action=index ) 
ERR: Db Error: Unknown column 'contract_3' in 'where clause'
SELECT COUNT(*) AS nc_count FROM `goods_common` WHERE ( areaid_1 = '16' ) AND ( is_select = '1' ) AND ( contract_3 = '1' ) AND ( contract_1 = '1' ) AND ( contract_4 = '1' ) LIMIT 1  
[2020-04-25 21:29:42] /shop/index.php?controller=cate&action=index&cate_id=3845&key=2&order=2&ci=2_1&new=1 ( act=cate&action=index ) 
ERR: Db Error: Unknown column 'contract_2' in 'where clause'
SELECT COUNT(*) AS nc_count FROM `goods_common` WHERE ( is_new_arrival = '1' ) AND ( contract_2 = '1' ) AND ( contract_1 = '1' ) LIMIT 1  
[2020-04-25 21:30:18] /shop/index.php?action=index&area_id=7&cate_id=2155&ci=1_3&controller=cate&key=&order= ( act=cate&action=index ) 
ERR: Db Error: Unknown column 'contract_1' in 'where clause'
SELECT COUNT(*) AS nc_count FROM `goods_common` WHERE ( gc_id_2 = '2155' ) AND ( areaid_1 = '7' ) AND ( contract_1 = '1' ) AND ( contract_3 = '1' ) LIMIT 1  
[2020-04-25 21:44:08] /shop/index.php?controller=cate&action=index&cate_id=3213&key=1&order=2&ci=2 ( act=cate&action=index ) 
ERR: Db Error: Unknown column 'contract_2' in 'where clause'
SELECT COUNT(*) AS nc_count FROM `goods_common` WHERE ( contract_2 = '1' ) LIMIT 1  
[2020-04-25 21:44:58] /shop/index.php?action=index&area_id=30&cate_id=5506&ci=4&controller=cate&key=2&new=1&order=2 ( act=cate&action=index ) 
ERR: Db Error: Unknown column 'contract_4' in 'where clause'
SELECT COUNT(*) AS nc_count FROM `goods_common` WHERE ( gc_id_1 = '5506' ) AND ( areaid_1 = '30' ) AND ( is_new_arrival = '1' ) AND ( contract_4 = '1' ) LIMIT 1  
[2020-04-25 22:01:19] /shop/index.php?action=index&area_id=9&cate_id=5525&ci=4_3&controller=cate&type=1 ( act=cate&action=index ) 
ERR: Db Error: Unknown column 'contract_4' in 'where clause'
SELECT COUNT(*) AS nc_count FROM `goods_common` WHERE ( gc_id_2 = '5525' ) AND ( areaid_1 = '9' ) AND ( is_own_shop = '1' ) AND ( contract_4 = '1' ) AND ( contract_3 = '1' ) LIMIT 1  
[2020-04-25 22:03:59] /shop/index.php?controller=cate&action=index&cate_id=3612&type=1&key=3&order=2&new=1&gift=1&area_id=5&ci=4_2 ( act=cate&action=index ) 
ERR: Db Error: Unknown column 'contract_4' in 'where clause'
SELECT COUNT(*) AS nc_count FROM `goods_common` WHERE ( areaid_1 = '5' ) AND ( is_own_shop = '1' ) AND ( is_new_arrival = '1' ) AND ( contract_4 = '1' ) AND ( contract_2 = '1' ) LIMIT 1  
[2020-04-25 22:05:42] /shop/index.php?controller=cate&action=index&cate_id=2303&key=2&order=2&ci=1 ( act=cate&action=index ) 
ERR: Db Error: Unknown column 'contract_1' in 'where clause'
SELECT COUNT(*) AS nc_count FROM `goods_common` WHERE ( contract_1 = '1' ) LIMIT 1  
[2020-04-25 22:07:49] /shop/index.php?action=index&area_id=30&cate_id=899&ci=2_1_3&controller=cate ( act=cate&action=index ) 
ERR: Db Error: Unknown column 'contract_2' in 'where clause'
SELECT COUNT(*) AS nc_count FROM `goods_common` WHERE ( areaid_1 = '30' ) AND ( contract_2 = '1' ) AND ( contract_1 = '1' ) AND ( contract_3 = '1' ) LIMIT 1  
[2020-04-25 22:19:19] /shop/index.php?action=index&area_id=13&cate_id=5560&ci=3&controller=cate&new=1&type= ( act=cate&action=index ) 
ERR: Db Error: Unknown column 'contract_3' in 'where clause'
SELECT COUNT(*) AS nc_count FROM `goods_common` WHERE ( gc_id_2 = '5560' ) AND ( areaid_1 = '13' ) AND ( is_new_arrival = '1' ) AND ( contract_3 = '1' ) LIMIT 1  
[2020-04-25 22:20:31] /shop/index.php?action=index&area_id=10&cate_id=2160&ci=1&controller=cate ( act=cate&action=index ) 
ERR: Db Error: Unknown column 'contract_1' in 'where clause'
SELECT COUNT(*) AS nc_count FROM `goods_common` WHERE ( gc_id_2 = '2160' ) AND ( areaid_1 = '10' ) AND ( contract_1 = '1' ) LIMIT 1  
[2020-04-25 22:25:20] /shop/index.php?action=index&area_id=1&ci=1&controller=cate&type=1&yx=1 ( act=cate&action=index ) 
ERR: Db Error: Unknown column 'contract_1' in 'where clause'
SELECT COUNT(*) AS nc_count FROM `goods_common` WHERE ( areaid_1 = '1' ) AND ( is_own_shop = '1' ) AND ( is_select = '1' ) AND ( contract_1 = '1' ) LIMIT 1  
[2020-04-25 22:27:18] /shop/index.php?controller=cate&action=index&cate_id=746&type=1&key=3&order=1&ci=2_1 ( act=cate&action=index ) 
ERR: Db Error: Unknown column 'contract_2' in 'where clause'
SELECT COUNT(*) AS nc_count FROM `goods_common` WHERE ( is_own_shop = '1' ) AND ( contract_2 = '1' ) AND ( contract_1 = '1' ) LIMIT 1  
[2020-04-25 22:34:30] /shop/index.php?controller=cate&action=index&cate_id=158&key=&order=&yx=1&ci=1_4&type=1 ( act=cate&action=index ) 
ERR: Db Error: Unknown column 'contract_1' in 'where clause'
SELECT COUNT(*) AS nc_count FROM `goods_common` WHERE ( is_own_shop = '1' ) AND ( is_select = '1' ) AND ( contract_1 = '1' ) AND ( contract_4 = '1' ) LIMIT 1  
[2020-04-25 22:41:44] /shop/index.php?controller=cate&action=index&cate_id=2990&key=1&order=1&new=1&gift=1&yx=1&ci=4 ( act=cate&action=index ) 
ERR: Db Error: Unknown column 'contract_4' in 'where clause'
SELECT COUNT(*) AS nc_count FROM `goods_common` WHERE ( is_new_arrival = '1' ) AND ( is_select = '1' ) AND ( contract_4 = '1' ) LIMIT 1  
[2020-04-25 22:48:54] /shop/index.php?controller=cate&action=index&cate_id=158&key=&order=&yx=1&ci=4&type=1&new=1 ( act=cate&action=index ) 
ERR: Db Error: Unknown column 'contract_4' in 'where clause'
SELECT COUNT(*) AS nc_count FROM `goods_common` WHERE ( is_own_shop = '1' ) AND ( is_new_arrival = '1' ) AND ( is_select = '1' ) AND ( contract_4 = '1' ) LIMIT 1  
[2020-04-25 23:03:51] /shop/index.php?action=index&area_id=4&cate_id=5565&ci=4_2&controller=cate ( act=cate&action=index ) 
ERR: Db Error: Unknown column 'contract_4' in 'where clause'
SELECT COUNT(*) AS nc_count FROM `goods_common` WHERE ( gc_id_3 = '5565' ) AND ( areaid_1 = '4' ) AND ( contract_4 = '1' ) AND ( contract_2 = '1' ) LIMIT 1  
[2020-04-25 23:06:09] /shop/index.php?controller=cate&action=index&cate_id=3663&new=1&yx=&key=3&order=2&ci=1_3 ( act=cate&action=index ) 
ERR: Db Error: Unknown column 'contract_1' in 'where clause'
SELECT COUNT(*) AS nc_count FROM `goods_common` WHERE ( is_new_arrival = '1' ) AND ( contract_1 = '1' ) AND ( contract_3 = '1' ) LIMIT 1  
[2020-04-25 23:06:55] /shop/index.php?controller=cate&action=index&cate_id=2332&type=1&key=1&order=2&area_id=&gift=1&ci=4 ( act=cate&action=index ) 
ERR: Db Error: Unknown column 'contract_4' in 'where clause'
SELECT COUNT(*) AS nc_count FROM `goods_common` WHERE ( is_own_shop = '1' ) AND ( contract_4 = '1' ) LIMIT 1  
[2020-04-25 23:10:30] /shop/index.php?controller=cate&action=index&cate_id=4081&type=&key=1&order=2&new=1&ci=3 ( act=cate&action=index ) 
ERR: Db Error: Unknown column 'contract_3' in 'where clause'
SELECT COUNT(*) AS nc_count FROM `goods_common` WHERE ( is_new_arrival = '1' ) AND ( contract_3 = '1' ) LIMIT 1  
[2020-04-25 23:15:04] /shop/index.php?controller=cate&action=index&cate_id=4081&type=&key=1&order=2&new=1&ci=1&area_id=17&yx=1 ( act=cate&action=index ) 
ERR: Db Error: Unknown column 'contract_1' in 'where clause'
SELECT COUNT(*) AS nc_count FROM `goods_common` WHERE ( areaid_1 = '17' ) AND ( is_new_arrival = '1' ) AND ( is_select = '1' ) AND ( contract_1 = '1' ) LIMIT 1  
[2020-04-25 23:24:54] /shop/index.php?controller=cate&action=index&cate_id=2990&key=1&order=2&new=1&gift=&yx=&type=1&ci=4 ( act=cate&action=index ) 
ERR: Db Error: Unknown column 'contract_4' in 'where clause'
SELECT COUNT(*) AS nc_count FROM `goods_common` WHERE ( is_own_shop = '1' ) AND ( is_new_arrival = '1' ) AND ( contract_4 = '1' ) LIMIT 1  
[2020-04-25 23:32:06] /shop/index.php?controller=cate&action=index&cate_id=3837&ci=2&type=&new=1&gift=1 ( act=cate&action=index ) 
ERR: Db Error: Unknown column 'contract_2' in 'where clause'
SELECT COUNT(*) AS nc_count FROM `goods_common` WHERE ( is_new_arrival = '1' ) AND ( contract_2 = '1' ) LIMIT 1  
[2020-04-25 23:46:30] /shop/index.php?controller=cate&action=index&cate_id=2866&key=&order=&ci=4_2_1&new=&area_id=1&gift=1&type=1 ( act=cate&action=index ) 
ERR: Db Error: Unknown column 'contract_4' in 'where clause'
SELECT COUNT(*) AS nc_count FROM `goods_common` WHERE ( areaid_1 = '1' ) AND ( is_own_shop = '1' ) AND ( contract_4 = '1' ) AND ( contract_2 = '1' ) AND ( contract_1 = '1' ) LIMIT 1  
