[2020-05-31 00:06:58] /shop/index.php?controller=cate&action=index&cate_id=2311&ci=4 ( act=cate&action=index ) 
ERR: Db Error: Unknown column 'contract_4' in 'where clause'
SELECT COUNT(*) AS nc_count FROM `goods_common` WHERE ( contract_4 = '1' ) LIMIT 1  
[2020-05-31 00:25:26] /shop/index.php?action=index&area_id=13&cate_id=5495&ci=2&controller=cate ( act=cate&action=index ) 
ERR: Db Error: Unknown column 'contract_2' in 'where clause'
SELECT COUNT(*) AS nc_count FROM `goods_common` WHERE ( gc_id_2 = '5495' ) AND ( areaid_1 = '13' ) AND ( contract_2 = '1' ) LIMIT 1  
[2020-05-31 00:28:17] /shop/index.php?controller=cate&action=index&cate_id=845&ci=2_3_4&key=1&order=1&new=&gift=1 ( act=cate&action=index ) 
ERR: Db Error: Unknown column 'contract_2' in 'where clause'
SELECT COUNT(*) AS nc_count FROM `goods_common` WHERE ( contract_2 = '1' ) AND ( contract_3 = '1' ) AND ( contract_4 = '1' ) LIMIT 1  
[2020-05-31 00:42:43] /shop/index.php?controller=cate&action=index&cate_id=3837&ci=4_2&type=&new=1&gift=1&yx=1&key=1&order=2 ( act=cate&action=index ) 
ERR: Db Error: Unknown column 'contract_4' in 'where clause'
SELECT COUNT(*) AS nc_count FROM `goods_common` WHERE ( is_new_arrival = '1' ) AND ( is_select = '1' ) AND ( contract_4 = '1' ) AND ( contract_2 = '1' ) LIMIT 1  
[2020-05-31 00:49:53] /shop/index.php?controller=cate&action=index&cate_id=2942&type=1&key=2&order=2&gift=&ci=3&yx=1&new=1 ( act=cate&action=index ) 
ERR: Db Error: Unknown column 'contract_3' in 'where clause'
SELECT COUNT(*) AS nc_count FROM `goods_common` WHERE ( is_own_shop = '1' ) AND ( is_new_arrival = '1' ) AND ( is_select = '1' ) AND ( contract_3 = '1' ) LIMIT 1  
[2020-05-31 01:02:15] /shop/index.php?action=index&area_id=28&cate_id=762&ci=3_1&controller=cate&new=1 ( act=cate&action=index ) 
ERR: Db Error: Unknown column 'contract_3' in 'where clause'
SELECT COUNT(*) AS nc_count FROM `goods_common` WHERE ( areaid_1 = '28' ) AND ( is_new_arrival = '1' ) AND ( contract_3 = '1' ) AND ( contract_1 = '1' ) LIMIT 1  
[2020-05-31 01:05:09] /shop/index.php?action=index&area_id=&cate_id=857&ci=3_1&controller=cate ( act=cate&action=index ) 
ERR: Db Error: Unknown column 'contract_3' in 'where clause'
SELECT COUNT(*) AS nc_count FROM `goods_common` WHERE ( contract_3 = '1' ) AND ( contract_1 = '1' ) LIMIT 1  
[2020-05-31 01:18:41] /shop/index.php?controller=cate&action=index&cate_id=2690&key=&order=&ci=3&new=1&yx= ( act=cate&action=index ) 
ERR: Db Error: Unknown column 'contract_3' in 'where clause'
SELECT COUNT(*) AS nc_count FROM `goods_common` WHERE ( is_new_arrival = '1' ) AND ( contract_3 = '1' ) LIMIT 1  
[2020-05-31 01:25:56] /shop/index.php?controller=cate&action=index&cate_id=1003&new=1&area_id=23&ci=4 ( act=cate&action=index ) 
ERR: Db Error: Unknown column 'contract_4' in 'where clause'
SELECT COUNT(*) AS nc_count FROM `goods_common` WHERE ( areaid_1 = '23' ) AND ( is_new_arrival = '1' ) AND ( contract_4 = '1' ) LIMIT 1  
[2020-05-31 01:38:58] /shop/index.php?action=index&area_id=8&cate_id=5548&ci=1_4_2&controller=cate&type=1 ( act=cate&action=index ) 
ERR: Db Error: Unknown column 'contract_1' in 'where clause'
SELECT COUNT(*) AS nc_count FROM `goods_common` WHERE ( gc_id_3 = '5548' ) AND ( areaid_1 = '8' ) AND ( is_own_shop = '1' ) AND ( contract_1 = '1' ) AND ( contract_4 = '1' ) AND ( contract_2 = '1' ) LIMIT 1  
[2020-05-31 02:07:43] /shop/index.php?controller=cate&action=index&cate_id=2690&key=2&order=1&ci=3_1&new=&yx=&area_id=8&gift=&type=1 ( act=cate&action=index ) 
ERR: Db Error: Unknown column 'contract_3' in 'where clause'
SELECT COUNT(*) AS nc_count FROM `goods_common` WHERE ( areaid_1 = '8' ) AND ( is_own_shop = '1' ) AND ( contract_3 = '1' ) AND ( contract_1 = '1' ) LIMIT 1  
[2020-05-31 02:15:08] /shop/index.php?action=index&area_id=33&cate_id=5495&ci=1&controller=cate&new=1 ( act=cate&action=index ) 
ERR: Db Error: Unknown column 'contract_1' in 'where clause'
SELECT COUNT(*) AS nc_count FROM `goods_common` WHERE ( gc_id_2 = '5495' ) AND ( areaid_1 = '33' ) AND ( is_new_arrival = '1' ) AND ( contract_1 = '1' ) LIMIT 1  
[2020-05-31 02:16:17] /shop/index.php?controller=cate&action=index&cate_id=2879&type=&ci=4_1&key=2&order=1&area_id=23&gift= ( act=cate&action=index ) 
ERR: Db Error: Unknown column 'contract_4' in 'where clause'
SELECT COUNT(*) AS nc_count FROM `goods_common` WHERE ( areaid_1 = '23' ) AND ( contract_4 = '1' ) AND ( contract_1 = '1' ) LIMIT 1  
[2020-05-31 03:08:09] /shop/index.php?action=index&area_id=13&cate_id=5495&ci=2&controller=cate&new=1 ( act=cate&action=index ) 
ERR: Db Error: Unknown column 'contract_2' in 'where clause'
SELECT COUNT(*) AS nc_count FROM `goods_common` WHERE ( gc_id_2 = '5495' ) AND ( areaid_1 = '13' ) AND ( is_new_arrival = '1' ) AND ( contract_2 = '1' ) LIMIT 1  
[2020-05-31 03:09:35] /shop/index.php?controller=cate&action=index&cate_id=761&ci=3 ( act=cate&action=index ) 
ERR: Db Error: Unknown column 'contract_3' in 'where clause'
SELECT COUNT(*) AS nc_count FROM `goods_common` WHERE ( contract_3 = '1' ) LIMIT 1  
[2020-05-31 03:22:51] /shop/index.php?action=index&area_id=30&cate_id=5560&ci=4&controller=cate&key=3&order=2&type= ( act=cate&action=index ) 
ERR: Db Error: Unknown column 'contract_4' in 'where clause'
SELECT COUNT(*) AS nc_count FROM `goods_common` WHERE ( gc_id_2 = '5560' ) AND ( areaid_1 = '30' ) AND ( contract_4 = '1' ) LIMIT 1  
[2020-05-31 04:00:52] /shop/index.php?action=index&area_id=26&cate_id=5579&ci=3&controller=cate ( act=cate&action=index ) 
ERR: Db Error: Unknown column 'contract_3' in 'where clause'
SELECT COUNT(*) AS nc_count FROM `goods_common` WHERE ( gc_id_2 = '5579' ) AND ( areaid_1 = '26' ) AND ( contract_3 = '1' ) LIMIT 1  
[2020-05-31 04:04:14] /shop/index.php?controller=cate&action=index&cate_id=258&ci=4&gift=1&key=3&order=2&type=1&area_id=33 ( act=cate&action=index ) 
ERR: Db Error: Unknown column 'contract_4' in 'where clause'
SELECT COUNT(*) AS nc_count FROM `goods_common` WHERE ( areaid_1 = '33' ) AND ( is_own_shop = '1' ) AND ( contract_4 = '1' ) LIMIT 1  
[2020-05-31 04:35:40] /shop/index.php?controller=cate&action=index&cate_id=2942&type=1&key=2&order=2&gift=&ci=3&yx=1&new=1&area_id=24 ( act=cate&action=index ) 
ERR: Db Error: Unknown column 'contract_3' in 'where clause'
SELECT COUNT(*) AS nc_count FROM `goods_common` WHERE ( areaid_1 = '24' ) AND ( is_own_shop = '1' ) AND ( is_new_arrival = '1' ) AND ( is_select = '1' ) AND ( contract_3 = '1' ) LIMIT 1  
[2020-05-31 04:55:06] /shop/index.php?action=index&cate_id=5502&ci=3&controller=cate ( act=cate&action=index ) 
ERR: Db Error: Unknown column 'contract_3' in 'where clause'
SELECT COUNT(*) AS nc_count FROM `goods_common` WHERE ( gc_id_3 = '5502' ) AND ( contract_3 = '1' ) LIMIT 1  
[2020-05-31 05:10:02] /shop/index.php?action=index&area_id=33&cate_id=2170&ci=1_2&controller=cate&gift=1&key=2&order=2 ( act=cate&action=index ) 
ERR: Db Error: Unknown column 'contract_1' in 'where clause'
SELECT COUNT(*) AS nc_count FROM `goods_common` WHERE ( gc_id_3 = '2170' ) AND ( areaid_1 = '33' ) AND ( contract_1 = '1' ) AND ( contract_2 = '1' ) LIMIT 1  
[2020-05-31 07:16:24] /shop/index.php?action=index&area_id=18&cate_id=5590&ci=4&controller=cate ( act=cate&action=index ) 
ERR: Db Error: Unknown column 'contract_4' in 'where clause'
SELECT COUNT(*) AS nc_count FROM `goods_common` WHERE ( gc_id_2 = '5590' ) AND ( areaid_1 = '18' ) AND ( contract_4 = '1' ) LIMIT 1  
[2020-05-31 07:23:29] /shop/index.php?action=index&area_id=34&cate_id=5495&ci=3&controller=cate&new=1 ( act=cate&action=index ) 
ERR: Db Error: Unknown column 'contract_3' in 'where clause'
SELECT COUNT(*) AS nc_count FROM `goods_common` WHERE ( gc_id_2 = '5495' ) AND ( areaid_1 = '34' ) AND ( is_new_arrival = '1' ) AND ( contract_3 = '1' ) LIMIT 1  
[2020-05-31 07:40:17] /shop/index.php?controller=cate&action=index&cate_id=4&ci=3&key=1&order=1 ( act=cate&action=index ) 
ERR: Db Error: Unknown column 'contract_3' in 'where clause'
SELECT COUNT(*) AS nc_count FROM `goods_common` WHERE ( contract_3 = '1' ) LIMIT 1  
[2020-05-31 07:40:30] /shop/index.php?action=index&area_id=33&cate_id=5548&ci=2&controller=cate ( act=cate&action=index ) 
ERR: Db Error: Unknown column 'contract_2' in 'where clause'
SELECT COUNT(*) AS nc_count FROM `goods_common` WHERE ( gc_id_3 = '5548' ) AND ( areaid_1 = '33' ) AND ( contract_2 = '1' ) LIMIT 1  
[2020-05-31 08:00:00] /shop/index.php?action=index&area_id=28&cate_id=5495&ci=3&controller=cate&gift=1 ( act=cate&action=index ) 
ERR: Db Error: Unknown column 'contract_3' in 'where clause'
SELECT COUNT(*) AS nc_count FROM `goods_common` WHERE ( gc_id_2 = '5495' ) AND ( areaid_1 = '28' ) AND ( contract_3 = '1' ) LIMIT 1  
[2020-05-31 09:09:01] /shop/index.php?action=index&area_id=13&cate_id=5506&ci=1_4&controller=cate&new=1&yx=1 ( act=cate&action=index ) 
ERR: Db Error: Unknown column 'contract_1' in 'where clause'
SELECT COUNT(*) AS nc_count FROM `goods_common` WHERE ( gc_id_1 = '5506' ) AND ( areaid_1 = '13' ) AND ( is_new_arrival = '1' ) AND ( is_select = '1' ) AND ( contract_1 = '1' ) AND ( contract_4 = '1' ) LIMIT 1  
[2020-05-31 09:17:12] /shop/index.php?action=index&area_id=29&cate_id=5546&ci=1&controller=cate ( act=cate&action=index ) 
ERR: Db Error: Unknown column 'contract_1' in 'where clause'
SELECT COUNT(*) AS nc_count FROM `goods_common` WHERE ( gc_id_2 = '5546' ) AND ( areaid_1 = '29' ) AND ( contract_1 = '1' ) LIMIT 1  
[2020-05-31 09:25:47] /shop/index.php?action=index&area_id=33&cate_id=5571&ci=2_3&controller=cate ( act=cate&action=index ) 
ERR: Db Error: Unknown column 'contract_2' in 'where clause'
SELECT COUNT(*) AS nc_count FROM `goods_common` WHERE ( gc_id_2 = '5571' ) AND ( areaid_1 = '33' ) AND ( contract_2 = '1' ) AND ( contract_3 = '1' ) LIMIT 1  
[2020-05-31 09:28:17] /shop/index.php?controller=cate&action=index&cate_id=870&key=1&order=2&ci=4 ( act=cate&action=index ) 
ERR: Db Error: Unknown column 'contract_4' in 'where clause'
SELECT COUNT(*) AS nc_count FROM `goods_common` WHERE ( contract_4 = '1' ) LIMIT 1  
[2020-05-31 09:35:29] /shop/index.php?controller=cate&action=index&cate_id=731&key=&order=&new=1&ci=1&type=1 ( act=cate&action=index ) 
ERR: Db Error: Unknown column 'contract_1' in 'where clause'
SELECT COUNT(*) AS nc_count FROM `goods_common` WHERE ( is_own_shop = '1' ) AND ( is_new_arrival = '1' ) AND ( contract_1 = '1' ) LIMIT 1  
[2020-05-31 09:48:02] /shop/index.php?action=index&area_id=18&cate_id=5495&ci=3&controller=cate&type=1 ( act=cate&action=index ) 
ERR: Db Error: Unknown column 'contract_3' in 'where clause'
SELECT COUNT(*) AS nc_count FROM `goods_common` WHERE ( gc_id_2 = '5495' ) AND ( areaid_1 = '18' ) AND ( is_own_shop = '1' ) AND ( contract_3 = '1' ) LIMIT 1  
[2020-05-31 10:25:53] /shop/index.php?controller=cate&action=index&cate_id=4&ci=3_4&new= ( act=cate&action=index ) 
ERR: Db Error: Unknown column 'contract_3' in 'where clause'
SELECT COUNT(*) AS nc_count FROM `goods_common` WHERE ( contract_3 = '1' ) AND ( contract_4 = '1' ) LIMIT 1  
[2020-05-31 10:33:10] /shop/index.php?controller=show_store&action=ajax_flowstat_record&store_id=1&goods_id=&act_param=show_store&op_param=goods_all ( act=show_store&action=ajax_flowstat_record ) 
ERR: Db Error: Table 'hiji100_com.flowstat_1' doesn't exist
SELECT * FROM `flowstat_1` WHERE ( stattime = '1590854400' ) AND ( store_id = '1' ) AND ( type = 'sum' ) LIMIT 1  
[2020-05-31 10:33:10] /shop/index.php?controller=show_store&action=ajax_flowstat_record&store_id=1&goods_id=&act_param=show_store&op_param=goods_all ( act=show_store&action=ajax_flowstat_record ) 
ERR: Db Error: Table 'hiji100_com.flowstat_1' doesn't exist
INSERT INTO `flowstat_1` (stattime,clicknum,store_id,type,goods_id) VALUES ('1590854400','1','1','sum','0')
[2020-05-31 10:40:17] /shop/index.php?controller=cate&action=index&cate_id=4&ci=3_4&new=1&yx=1&gift=&type=1 ( act=cate&action=index ) 
ERR: Db Error: Unknown column 'contract_3' in 'where clause'
SELECT COUNT(*) AS nc_count FROM `goods_common` WHERE ( is_own_shop = '1' ) AND ( is_new_arrival = '1' ) AND ( is_select = '1' ) AND ( contract_3 = '1' ) AND ( contract_4 = '1' ) LIMIT 1  
[2020-05-31 10:59:03] /shop/index.php?action=index&area_id=19&cate_id=5583&ci=2&controller=cate ( act=cate&action=index ) 
ERR: Db Error: Unknown column 'contract_2' in 'where clause'
SELECT COUNT(*) AS nc_count FROM `goods_common` WHERE ( gc_id_2 = '5583' ) AND ( areaid_1 = '19' ) AND ( contract_2 = '1' ) LIMIT 1  
[2020-05-31 11:15:14] /shop/index.php?action=index&area_id=11&cate_id=5482&ci=2&controller=cate ( act=cate&action=index ) 
ERR: Db Error: Unknown column 'contract_2' in 'where clause'
SELECT COUNT(*) AS nc_count FROM `goods_common` WHERE ( gc_id_2 = '5482' ) AND ( areaid_1 = '11' ) AND ( contract_2 = '1' ) LIMIT 1  
[2020-05-31 11:23:29] /shop/index.php?controller=cate&action=index&cate_id=327&gift=1&key=3&order=2&new=1&yx=&ci=4&type=1 ( act=cate&action=index ) 
ERR: Db Error: Unknown column 'contract_4' in 'where clause'
SELECT COUNT(*) AS nc_count FROM `goods_common` WHERE ( is_own_shop = '1' ) AND ( is_new_arrival = '1' ) AND ( contract_4 = '1' ) LIMIT 1  
[2020-05-31 11:29:18] /shop/index.php?action=index&area_id=31&cate_id=5577&ci=4&controller=cate ( act=cate&action=index ) 
ERR: Db Error: Unknown column 'contract_4' in 'where clause'
SELECT COUNT(*) AS nc_count FROM `goods_common` WHERE ( gc_id_2 = '5577' ) AND ( areaid_1 = '31' ) AND ( contract_4 = '1' ) LIMIT 1  
[2020-05-31 12:06:41] /shop/index.php?controller=cate&action=index&cate_id=4081&type=1&key=1&order=2&new=&ci=3&yx=1 ( act=cate&action=index ) 
ERR: Db Error: Unknown column 'contract_3' in 'where clause'
SELECT COUNT(*) AS nc_count FROM `goods_common` WHERE ( is_own_shop = '1' ) AND ( is_select = '1' ) AND ( contract_3 = '1' ) LIMIT 1  
[2020-05-31 12:13:53] /shop/index.php?controller=cate&action=index&cate_id=248&area_id=4&gift=1&ci=4&yx=&type= ( act=cate&action=index ) 
ERR: Db Error: Unknown column 'contract_4' in 'where clause'
SELECT COUNT(*) AS nc_count FROM `goods_common` WHERE ( areaid_1 = '4' ) AND ( contract_4 = '1' ) LIMIT 1  
[2020-05-31 12:22:09] /shop/index.php?action=index&area_id=3&cate_id=4614&ci=2&controller=cate&key=3&order=2 ( act=cate&action=index ) 
ERR: Db Error: Unknown column 'contract_2' in 'where clause'
SELECT COUNT(*) AS nc_count FROM `goods_common` WHERE ( areaid_1 = '3' ) AND ( contract_2 = '1' ) LIMIT 1  
[2020-05-31 12:28:17] /shop/index.php?controller=cate&action=index&cate_id=158&key=1&order=2&yx=&ci=4&type=1 ( act=cate&action=index ) 
ERR: Db Error: Unknown column 'contract_4' in 'where clause'
SELECT COUNT(*) AS nc_count FROM `goods_common` WHERE ( is_own_shop = '1' ) AND ( contract_4 = '1' ) LIMIT 1  
[2020-05-31 12:49:53] /shop/index.php?controller=cate&action=index&cate_id=2166&ci=4&key=2&order=1&yx=1 ( act=cate&action=index ) 
ERR: Db Error: Unknown column 'contract_4' in 'where clause'
SELECT COUNT(*) AS nc_count FROM `goods_common` WHERE ( gc_id_3 = '2166' ) AND ( is_select = '1' ) AND ( contract_4 = '1' ) LIMIT 1  
[2020-05-31 13:04:17] /shop/index.php?controller=cate&action=index&cate_id=4197&key=&order=&gift=&ci=3_1&type=1 ( act=cate&action=index ) 
ERR: Db Error: Unknown column 'contract_3' in 'where clause'
SELECT COUNT(*) AS nc_count FROM `goods_common` WHERE ( is_own_shop = '1' ) AND ( contract_3 = '1' ) AND ( contract_1 = '1' ) LIMIT 1  
[2020-05-31 13:10:17] /shop/index.php?action=index&area_id=30&cate_id=5495&ci=1_3&controller=cate ( act=cate&action=index ) 
ERR: Db Error: Unknown column 'contract_1' in 'where clause'
SELECT COUNT(*) AS nc_count FROM `goods_common` WHERE ( gc_id_2 = '5495' ) AND ( areaid_1 = '30' ) AND ( contract_1 = '1' ) AND ( contract_3 = '1' ) LIMIT 1  
[2020-05-31 13:18:41] /shop/index.php?controller=cate&action=index&cate_id=3837&ci=4_2&type=&new=&gift=1&key=3&order=1&yx=1 ( act=cate&action=index ) 
ERR: Db Error: Unknown column 'contract_4' in 'where clause'
SELECT COUNT(*) AS nc_count FROM `goods_common` WHERE ( is_select = '1' ) AND ( contract_4 = '1' ) AND ( contract_2 = '1' ) LIMIT 1  
[2020-05-31 13:29:50] /shop/index.php?action=index&area_id=12&cate_id=770&ci=3_4&controller=cate ( act=cate&action=index ) 
ERR: Db Error: Unknown column 'contract_3' in 'where clause'
SELECT COUNT(*) AS nc_count FROM `goods_common` WHERE ( areaid_1 = '12' ) AND ( contract_3 = '1' ) AND ( contract_4 = '1' ) LIMIT 1  
[2020-05-31 13:33:05] /shop/index.php?controller=cate&action=index&cate_id=3786&order=2&key=3&new=&ci=2&type=&gift=1 ( act=cate&action=index ) 
ERR: Db Error: Unknown column 'contract_2' in 'where clause'
SELECT COUNT(*) AS nc_count FROM `goods_common` WHERE ( contract_2 = '1' ) LIMIT 1  
[2020-05-31 13:54:41] /shop/index.php?controller=cate&action=index&cate_id=4633&yx=1&ci=2_3&order=1&key=3&gift=&new=1&area_id=31 ( act=cate&action=index ) 
ERR: Db Error: Unknown column 'contract_2' in 'where clause'
SELECT COUNT(*) AS nc_count FROM `goods_common` WHERE ( areaid_1 = '31' ) AND ( is_new_arrival = '1' ) AND ( is_select = '1' ) AND ( contract_2 = '1' ) AND ( contract_3 = '1' ) LIMIT 1  
[2020-05-31 14:01:53] /shop/index.php?controller=cate&action=index&cate_id=3213&key=1&order=1&ci=2&gift=1 ( act=cate&action=index ) 
ERR: Db Error: Unknown column 'contract_2' in 'where clause'
SELECT COUNT(*) AS nc_count FROM `goods_common` WHERE ( contract_2 = '1' ) LIMIT 1  
[2020-05-31 14:09:08] /shop/index.php?action=index&area_id=23&cate_id=5548&ci=2&controller=cate ( act=cate&action=index ) 
ERR: Db Error: Unknown column 'contract_2' in 'where clause'
SELECT COUNT(*) AS nc_count FROM `goods_common` WHERE ( gc_id_3 = '5548' ) AND ( areaid_1 = '23' ) AND ( contract_2 = '1' ) LIMIT 1  
[2020-05-31 14:52:17] /shop/index.php?controller=cate&action=index&cate_id=3327&key=&order=&ci=1&new= ( act=cate&action=index ) 
ERR: Db Error: Unknown column 'contract_1' in 'where clause'
SELECT COUNT(*) AS nc_count FROM `goods_common` WHERE ( contract_1 = '1' ) LIMIT 1  
[2020-05-31 15:28:34] /shop/index.php?controller=cate&action=index&cate_id=734&type=1&key=3&order=2&new=1&ci=4 ( act=cate&action=index ) 
ERR: Db Error: Unknown column 'contract_4' in 'where clause'
SELECT COUNT(*) AS nc_count FROM `goods_common` WHERE ( is_own_shop = '1' ) AND ( is_new_arrival = '1' ) AND ( contract_4 = '1' ) LIMIT 1  
[2020-05-31 15:41:01] /shop/index.php?action=index&area_id=13&cate_id=5590&ci=4&controller=cate ( act=cate&action=index ) 
ERR: Db Error: Unknown column 'contract_4' in 'where clause'
SELECT COUNT(*) AS nc_count FROM `goods_common` WHERE ( gc_id_2 = '5590' ) AND ( areaid_1 = '13' ) AND ( contract_4 = '1' ) LIMIT 1  
[2020-05-31 15:49:29] /shop/index.php?action=index&area_id=16&cate_id=5495&ci=3&controller=cate ( act=cate&action=index ) 
ERR: Db Error: Unknown column 'contract_3' in 'where clause'
SELECT COUNT(*) AS nc_count FROM `goods_common` WHERE ( gc_id_2 = '5495' ) AND ( areaid_1 = '16' ) AND ( contract_3 = '1' ) LIMIT 1  
[2020-05-31 15:57:05] /shop/index.php?controller=cate&action=index&cate_id=3213&key=1&order=1&ci=2&gift= ( act=cate&action=index ) 
ERR: Db Error: Unknown column 'contract_2' in 'where clause'
SELECT COUNT(*) AS nc_count FROM `goods_common` WHERE ( contract_2 = '1' ) LIMIT 1  
[2020-05-31 16:09:09] /shop/index.php?action=index&area_id=10&cate_id=5495&ci=3&controller=cate&yx=1 ( act=cate&action=index ) 
ERR: Db Error: Unknown column 'contract_3' in 'where clause'
SELECT COUNT(*) AS nc_count FROM `goods_common` WHERE ( gc_id_2 = '5495' ) AND ( areaid_1 = '10' ) AND ( is_select = '1' ) AND ( contract_3 = '1' ) LIMIT 1  
[2020-05-31 16:27:59] /shop/index.php?action=index&area_id=14&cate_id=5495&ci=4_2&controller=cate ( act=cate&action=index ) 
ERR: Db Error: Unknown column 'contract_4' in 'where clause'
SELECT COUNT(*) AS nc_count FROM `goods_common` WHERE ( gc_id_2 = '5495' ) AND ( areaid_1 = '14' ) AND ( contract_4 = '1' ) AND ( contract_2 = '1' ) LIMIT 1  
[2020-05-31 16:59:31] /shop/index.php?action=index&area_id=15&cate_id=5510&ci=3&controller=cate ( act=cate&action=index ) 
ERR: Db Error: Unknown column 'contract_3' in 'where clause'
SELECT COUNT(*) AS nc_count FROM `goods_common` WHERE ( gc_id_1 = '5510' ) AND ( areaid_1 = '15' ) AND ( contract_3 = '1' ) LIMIT 1  
[2020-05-31 17:46:03] /shop/index.php?action=index&area_id=12&cate_id=5571&ci=2_1&controller=cate&gift=1&key=3&order=2 ( act=cate&action=index ) 
ERR: Db Error: Unknown column 'contract_2' in 'where clause'
SELECT COUNT(*) AS nc_count FROM `goods_common` WHERE ( gc_id_2 = '5571' ) AND ( areaid_1 = '12' ) AND ( contract_2 = '1' ) AND ( contract_1 = '1' ) LIMIT 1  
[2020-05-31 17:58:39] /shop/index.php?controller=cate&action=index&cate_id=100&gift=&ci=4&new=1&key=&order=&type=&yx=1 ( act=cate&action=index ) 
ERR: Db Error: Unknown column 'contract_4' in 'where clause'
SELECT COUNT(*) AS nc_count FROM `goods_common` WHERE ( is_new_arrival = '1' ) AND ( is_select = '1' ) AND ( contract_4 = '1' ) LIMIT 1  
[2020-05-31 18:19:28] /shop/index.php?action=index&area_id=21&cate_id=5495&ci=2&controller=cate&type=1 ( act=cate&action=index ) 
ERR: Db Error: Unknown column 'contract_2' in 'where clause'
SELECT COUNT(*) AS nc_count FROM `goods_common` WHERE ( gc_id_2 = '5495' ) AND ( areaid_1 = '21' ) AND ( is_own_shop = '1' ) AND ( contract_2 = '1' ) LIMIT 1  
[2020-05-31 21:39:01] /shop/index.php?action=index&area_id=18&cate_id=5495&ci=4_3&controller=cate ( act=cate&action=index ) 
ERR: Db Error: Unknown column 'contract_4' in 'where clause'
SELECT COUNT(*) AS nc_count FROM `goods_common` WHERE ( gc_id_2 = '5495' ) AND ( areaid_1 = '18' ) AND ( contract_4 = '1' ) AND ( contract_3 = '1' ) LIMIT 1  
[2020-05-31 22:01:57] /shop/index.php?action=index&area_id=10&cate_id=5494&ci=3&controller=cate&type=1 ( act=cate&action=index ) 
ERR: Db Error: Unknown column 'contract_3' in 'where clause'
SELECT COUNT(*) AS nc_count FROM `goods_common` WHERE ( gc_id_2 = '5494' ) AND ( areaid_1 = '10' ) AND ( is_own_shop = '1' ) AND ( contract_3 = '1' ) LIMIT 1  
[2020-05-31 23:05:19] /shop/index.php?controller=cate&action=index&cate_id=3786&order=&key=&new=&gift=1&ci=4 ( act=cate&action=index ) 
ERR: Db Error: Unknown column 'contract_4' in 'where clause'
SELECT COUNT(*) AS nc_count FROM `goods_common` WHERE ( contract_4 = '1' ) LIMIT 1  
[2020-05-31 23:09:06] /shop/index.php?controller=cate&action=index&cate_id=2412&ci=2&area_id=33&key=2&order=2&type=1&gift=1 ( act=cate&action=index ) 
ERR: Db Error: Unknown column 'contract_2' in 'where clause'
SELECT COUNT(*) AS nc_count FROM `goods_common` WHERE ( areaid_1 = '33' ) AND ( is_own_shop = '1' ) AND ( contract_2 = '1' ) LIMIT 1  
[2020-05-31 23:13:38] /shop/index.php?action=index&area_id=35&cate_id=5530&ci=2&controller=cate ( act=cate&action=index ) 
ERR: Db Error: Unknown column 'contract_2' in 'where clause'
SELECT COUNT(*) AS nc_count FROM `goods_common` WHERE ( gc_id_2 = '5530' ) AND ( areaid_1 = '35' ) AND ( contract_2 = '1' ) LIMIT 1  
[2020-05-31 23:16:08] /shop/index.php?controller=cate&action=index&cate_id=5503&ci=1 ( act=cate&action=index ) 
ERR: Db Error: Unknown column 'contract_1' in 'where clause'
SELECT COUNT(*) AS nc_count FROM `goods_common` WHERE ( gc_id_2 = '5503' ) AND ( contract_1 = '1' ) LIMIT 1  
[2020-05-31 23:16:08] /shop/index.php?controller=cate&action=index&cate_id=5503&ci=2 ( act=cate&action=index ) 
ERR: Db Error: Unknown column 'contract_2' in 'where clause'
SELECT COUNT(*) AS nc_count FROM `goods_common` WHERE ( gc_id_2 = '5503' ) AND ( contract_2 = '1' ) LIMIT 1  
[2020-05-31 23:16:08] /shop/index.php?controller=cate&action=index&cate_id=5503&ci=3 ( act=cate&action=index ) 
ERR: Db Error: Unknown column 'contract_3' in 'where clause'
SELECT COUNT(*) AS nc_count FROM `goods_common` WHERE ( gc_id_2 = '5503' ) AND ( contract_3 = '1' ) LIMIT 1  
[2020-05-31 23:16:09] /shop/index.php?controller=cate&action=index&cate_id=5503&ci=4 ( act=cate&action=index ) 
ERR: Db Error: Unknown column 'contract_4' in 'where clause'
SELECT COUNT(*) AS nc_count FROM `goods_common` WHERE ( gc_id_2 = '5503' ) AND ( contract_4 = '1' ) LIMIT 1  
[2020-05-31 23:16:31] /shop/index.php?controller=cate&action=index&cate_id=5482&ci=1 ( act=cate&action=index ) 
ERR: Db Error: Unknown column 'contract_1' in 'where clause'
SELECT COUNT(*) AS nc_count FROM `goods_common` WHERE ( gc_id_2 = '5482' ) AND ( contract_1 = '1' ) LIMIT 1  
[2020-05-31 23:16:31] /shop/index.php?controller=cate&action=index&cate_id=5482&ci=2 ( act=cate&action=index ) 
ERR: Db Error: Unknown column 'contract_2' in 'where clause'
SELECT COUNT(*) AS nc_count FROM `goods_common` WHERE ( gc_id_2 = '5482' ) AND ( contract_2 = '1' ) LIMIT 1  
[2020-05-31 23:16:31] /shop/index.php?controller=cate&action=index&cate_id=5482&ci=3 ( act=cate&action=index ) 
ERR: Db Error: Unknown column 'contract_3' in 'where clause'
SELECT COUNT(*) AS nc_count FROM `goods_common` WHERE ( gc_id_2 = '5482' ) AND ( contract_3 = '1' ) LIMIT 1  
[2020-05-31 23:16:32] /shop/index.php?controller=cate&action=index&cate_id=5482&ci=4 ( act=cate&action=index ) 
ERR: Db Error: Unknown column 'contract_4' in 'where clause'
SELECT COUNT(*) AS nc_count FROM `goods_common` WHERE ( gc_id_2 = '5482' ) AND ( contract_4 = '1' ) LIMIT 1  
[2020-05-31 23:16:49] /shop/index.php?controller=cate&action=index&cate_id=5497&ci=1 ( act=cate&action=index ) 
ERR: Db Error: Unknown column 'contract_1' in 'where clause'
SELECT COUNT(*) AS nc_count FROM `goods_common` WHERE ( gc_id_3 = '5497' ) AND ( contract_1 = '1' ) LIMIT 1  
[2020-05-31 23:16:49] /shop/index.php?controller=cate&action=index&cate_id=5497&ci=2 ( act=cate&action=index ) 
ERR: Db Error: Unknown column 'contract_2' in 'where clause'
SELECT COUNT(*) AS nc_count FROM `goods_common` WHERE ( gc_id_3 = '5497' ) AND ( contract_2 = '1' ) LIMIT 1  
[2020-05-31 23:16:49] /shop/index.php?controller=cate&action=index&cate_id=5497&ci=3 ( act=cate&action=index ) 
ERR: Db Error: Unknown column 'contract_3' in 'where clause'
SELECT COUNT(*) AS nc_count FROM `goods_common` WHERE ( gc_id_3 = '5497' ) AND ( contract_3 = '1' ) LIMIT 1  
[2020-05-31 23:16:50] /shop/index.php?controller=cate&action=index&cate_id=5497&ci=4 ( act=cate&action=index ) 
ERR: Db Error: Unknown column 'contract_4' in 'where clause'
SELECT COUNT(*) AS nc_count FROM `goods_common` WHERE ( gc_id_3 = '5497' ) AND ( contract_4 = '1' ) LIMIT 1  
[2020-05-31 23:17:11] /shop/index.php?controller=cate&action=index&cate_id=5498&ci=1 ( act=cate&action=index ) 
ERR: Db Error: Unknown column 'contract_1' in 'where clause'
SELECT COUNT(*) AS nc_count FROM `goods_common` WHERE ( gc_id_3 = '5498' ) AND ( contract_1 = '1' ) LIMIT 1  
[2020-05-31 23:17:12] /shop/index.php?controller=cate&action=index&cate_id=5498&ci=2 ( act=cate&action=index ) 
ERR: Db Error: Unknown column 'contract_2' in 'where clause'
SELECT COUNT(*) AS nc_count FROM `goods_common` WHERE ( gc_id_3 = '5498' ) AND ( contract_2 = '1' ) LIMIT 1  
[2020-05-31 23:17:12] /shop/index.php?controller=cate&action=index&cate_id=5498&ci=3 ( act=cate&action=index ) 
ERR: Db Error: Unknown column 'contract_3' in 'where clause'
SELECT COUNT(*) AS nc_count FROM `goods_common` WHERE ( gc_id_3 = '5498' ) AND ( contract_3 = '1' ) LIMIT 1  
[2020-05-31 23:17:12] /shop/index.php?controller=cate&action=index&cate_id=5498&ci=4 ( act=cate&action=index ) 
ERR: Db Error: Unknown column 'contract_4' in 'where clause'
SELECT COUNT(*) AS nc_count FROM `goods_common` WHERE ( gc_id_3 = '5498' ) AND ( contract_4 = '1' ) LIMIT 1  
[2020-05-31 23:17:36] /shop/index.php?controller=cate&action=index&cate_id=5499&ci=1 ( act=cate&action=index ) 
ERR: Db Error: Unknown column 'contract_1' in 'where clause'
SELECT COUNT(*) AS nc_count FROM `goods_common` WHERE ( gc_id_3 = '5499' ) AND ( contract_1 = '1' ) LIMIT 1  
[2020-05-31 23:17:37] /shop/index.php?controller=cate&action=index&cate_id=5499&ci=2 ( act=cate&action=index ) 
ERR: Db Error: Unknown column 'contract_2' in 'where clause'
SELECT COUNT(*) AS nc_count FROM `goods_common` WHERE ( gc_id_3 = '5499' ) AND ( contract_2 = '1' ) LIMIT 1  
[2020-05-31 23:17:37] /shop/index.php?controller=cate&action=index&cate_id=5499&ci=3 ( act=cate&action=index ) 
ERR: Db Error: Unknown column 'contract_3' in 'where clause'
SELECT COUNT(*) AS nc_count FROM `goods_common` WHERE ( gc_id_3 = '5499' ) AND ( contract_3 = '1' ) LIMIT 1  
[2020-05-31 23:17:38] /shop/index.php?controller=cate&action=index&cate_id=5499&ci=4 ( act=cate&action=index ) 
ERR: Db Error: Unknown column 'contract_4' in 'where clause'
SELECT COUNT(*) AS nc_count FROM `goods_common` WHERE ( gc_id_3 = '5499' ) AND ( contract_4 = '1' ) LIMIT 1  
[2020-05-31 23:17:57] /shop/index.php?controller=cate&action=index&cate_id=5483&ci=1 ( act=cate&action=index ) 
ERR: Db Error: Unknown column 'contract_1' in 'where clause'
SELECT COUNT(*) AS nc_count FROM `goods_common` WHERE ( gc_id_2 = '5483' ) AND ( contract_1 = '1' ) LIMIT 1  
[2020-05-31 23:17:57] /shop/index.php?controller=cate&action=index&cate_id=5483&ci=2 ( act=cate&action=index ) 
ERR: Db Error: Unknown column 'contract_2' in 'where clause'
SELECT COUNT(*) AS nc_count FROM `goods_common` WHERE ( gc_id_2 = '5483' ) AND ( contract_2 = '1' ) LIMIT 1  
[2020-05-31 23:17:58] /shop/index.php?controller=cate&action=index&cate_id=5483&ci=3 ( act=cate&action=index ) 
ERR: Db Error: Unknown column 'contract_3' in 'where clause'
SELECT COUNT(*) AS nc_count FROM `goods_common` WHERE ( gc_id_2 = '5483' ) AND ( contract_3 = '1' ) LIMIT 1  
[2020-05-31 23:17:58] /shop/index.php?controller=cate&action=index&cate_id=5483&ci=4 ( act=cate&action=index ) 
ERR: Db Error: Unknown column 'contract_4' in 'where clause'
SELECT COUNT(*) AS nc_count FROM `goods_common` WHERE ( gc_id_2 = '5483' ) AND ( contract_4 = '1' ) LIMIT 1  
[2020-05-31 23:18:22] /shop/index.php?controller=cate&action=index&cate_id=5500&ci=1 ( act=cate&action=index ) 
ERR: Db Error: Unknown column 'contract_1' in 'where clause'
SELECT COUNT(*) AS nc_count FROM `goods_common` WHERE ( gc_id_3 = '5500' ) AND ( contract_1 = '1' ) LIMIT 1  
[2020-05-31 23:18:23] /shop/index.php?controller=cate&action=index&cate_id=5500&ci=2 ( act=cate&action=index ) 
ERR: Db Error: Unknown column 'contract_2' in 'where clause'
SELECT COUNT(*) AS nc_count FROM `goods_common` WHERE ( gc_id_3 = '5500' ) AND ( contract_2 = '1' ) LIMIT 1  
[2020-05-31 23:18:23] /shop/index.php?controller=cate&action=index&cate_id=5500&ci=3 ( act=cate&action=index ) 
ERR: Db Error: Unknown column 'contract_3' in 'where clause'
SELECT COUNT(*) AS nc_count FROM `goods_common` WHERE ( gc_id_3 = '5500' ) AND ( contract_3 = '1' ) LIMIT 1  
[2020-05-31 23:18:23] /shop/index.php?controller=cate&action=index&cate_id=5500&ci=4 ( act=cate&action=index ) 
ERR: Db Error: Unknown column 'contract_4' in 'where clause'
SELECT COUNT(*) AS nc_count FROM `goods_common` WHERE ( gc_id_3 = '5500' ) AND ( contract_4 = '1' ) LIMIT 1  
[2020-05-31 23:18:42] /shop/index.php?controller=cate&action=index&cate_id=5501&ci=1 ( act=cate&action=index ) 
ERR: Db Error: Unknown column 'contract_1' in 'where clause'
SELECT COUNT(*) AS nc_count FROM `goods_common` WHERE ( gc_id_3 = '5501' ) AND ( contract_1 = '1' ) LIMIT 1  
[2020-05-31 23:18:43] /shop/index.php?controller=cate&action=index&cate_id=5501&ci=2 ( act=cate&action=index ) 
ERR: Db Error: Unknown column 'contract_2' in 'where clause'
SELECT COUNT(*) AS nc_count FROM `goods_common` WHERE ( gc_id_3 = '5501' ) AND ( contract_2 = '1' ) LIMIT 1  
[2020-05-31 23:18:43] /shop/index.php?controller=cate&action=index&cate_id=5501&ci=3 ( act=cate&action=index ) 
ERR: Db Error: Unknown column 'contract_3' in 'where clause'
SELECT COUNT(*) AS nc_count FROM `goods_common` WHERE ( gc_id_3 = '5501' ) AND ( contract_3 = '1' ) LIMIT 1  
[2020-05-31 23:18:43] /shop/index.php?controller=cate&action=index&cate_id=5501&ci=4 ( act=cate&action=index ) 
ERR: Db Error: Unknown column 'contract_4' in 'where clause'
SELECT COUNT(*) AS nc_count FROM `goods_common` WHERE ( gc_id_3 = '5501' ) AND ( contract_4 = '1' ) LIMIT 1  
[2020-05-31 23:18:59] /shop/index.php?controller=cate&action=index&cate_id=5502&ci=1 ( act=cate&action=index ) 
ERR: Db Error: Unknown column 'contract_1' in 'where clause'
SELECT COUNT(*) AS nc_count FROM `goods_common` WHERE ( gc_id_3 = '5502' ) AND ( contract_1 = '1' ) LIMIT 1  
[2020-05-31 23:18:59] /shop/index.php?controller=cate&action=index&cate_id=5502&ci=2 ( act=cate&action=index ) 
ERR: Db Error: Unknown column 'contract_2' in 'where clause'
SELECT COUNT(*) AS nc_count FROM `goods_common` WHERE ( gc_id_3 = '5502' ) AND ( contract_2 = '1' ) LIMIT 1  
[2020-05-31 23:18:59] /shop/index.php?controller=cate&action=index&cate_id=5502&ci=3 ( act=cate&action=index ) 
ERR: Db Error: Unknown column 'contract_3' in 'where clause'
SELECT COUNT(*) AS nc_count FROM `goods_common` WHERE ( gc_id_3 = '5502' ) AND ( contract_3 = '1' ) LIMIT 1  
[2020-05-31 23:19:00] /shop/index.php?controller=cate&action=index&cate_id=5502&ci=4 ( act=cate&action=index ) 
ERR: Db Error: Unknown column 'contract_4' in 'where clause'
SELECT COUNT(*) AS nc_count FROM `goods_common` WHERE ( gc_id_3 = '5502' ) AND ( contract_4 = '1' ) LIMIT 1  
[2020-05-31 23:19:15] /shop/index.php?controller=cate&action=index&cate_id=5484&ci=1 ( act=cate&action=index ) 
ERR: Db Error: Unknown column 'contract_1' in 'where clause'
SELECT COUNT(*) AS nc_count FROM `goods_common` WHERE ( gc_id_2 = '5484' ) AND ( contract_1 = '1' ) LIMIT 1  
[2020-05-31 23:19:16] /shop/index.php?controller=cate&action=index&cate_id=5484&ci=2 ( act=cate&action=index ) 
ERR: Db Error: Unknown column 'contract_2' in 'where clause'
SELECT COUNT(*) AS nc_count FROM `goods_common` WHERE ( gc_id_2 = '5484' ) AND ( contract_2 = '1' ) LIMIT 1  
[2020-05-31 23:19:16] /shop/index.php?controller=cate&action=index&cate_id=5484&ci=3 ( act=cate&action=index ) 
ERR: Db Error: Unknown column 'contract_3' in 'where clause'
SELECT COUNT(*) AS nc_count FROM `goods_common` WHERE ( gc_id_2 = '5484' ) AND ( contract_3 = '1' ) LIMIT 1  
[2020-05-31 23:19:16] /shop/index.php?controller=cate&action=index&cate_id=5484&ci=4 ( act=cate&action=index ) 
ERR: Db Error: Unknown column 'contract_4' in 'where clause'
SELECT COUNT(*) AS nc_count FROM `goods_common` WHERE ( gc_id_2 = '5484' ) AND ( contract_4 = '1' ) LIMIT 1  
[2020-05-31 23:19:35] /shop/index.php?controller=cate&action=index&cate_id=5485&ci=1 ( act=cate&action=index ) 
ERR: Db Error: Unknown column 'contract_1' in 'where clause'
SELECT COUNT(*) AS nc_count FROM `goods_common` WHERE ( gc_id_2 = '5485' ) AND ( contract_1 = '1' ) LIMIT 1  
[2020-05-31 23:19:36] /shop/index.php?controller=cate&action=index&cate_id=5485&ci=2 ( act=cate&action=index ) 
ERR: Db Error: Unknown column 'contract_2' in 'where clause'
SELECT COUNT(*) AS nc_count FROM `goods_common` WHERE ( gc_id_2 = '5485' ) AND ( contract_2 = '1' ) LIMIT 1  
[2020-05-31 23:19:36] /shop/index.php?controller=cate&action=index&cate_id=5485&ci=3 ( act=cate&action=index ) 
ERR: Db Error: Unknown column 'contract_3' in 'where clause'
SELECT COUNT(*) AS nc_count FROM `goods_common` WHERE ( gc_id_2 = '5485' ) AND ( contract_3 = '1' ) LIMIT 1  
[2020-05-31 23:19:36] /shop/index.php?controller=cate&action=index&cate_id=5485&ci=4 ( act=cate&action=index ) 
ERR: Db Error: Unknown column 'contract_4' in 'where clause'
SELECT COUNT(*) AS nc_count FROM `goods_common` WHERE ( gc_id_2 = '5485' ) AND ( contract_4 = '1' ) LIMIT 1  
[2020-05-31 23:19:58] /shop/index.php?controller=cate&action=index&cate_id=5486&ci=1 ( act=cate&action=index ) 
ERR: Db Error: Unknown column 'contract_1' in 'where clause'
SELECT COUNT(*) AS nc_count FROM `goods_common` WHERE ( gc_id_2 = '5486' ) AND ( contract_1 = '1' ) LIMIT 1  
[2020-05-31 23:19:59] /shop/index.php?controller=cate&action=index&cate_id=5486&ci=2 ( act=cate&action=index ) 
ERR: Db Error: Unknown column 'contract_2' in 'where clause'
SELECT COUNT(*) AS nc_count FROM `goods_common` WHERE ( gc_id_2 = '5486' ) AND ( contract_2 = '1' ) LIMIT 1  
[2020-05-31 23:19:59] /shop/index.php?controller=cate&action=index&cate_id=5486&ci=3 ( act=cate&action=index ) 
ERR: Db Error: Unknown column 'contract_3' in 'where clause'
SELECT COUNT(*) AS nc_count FROM `goods_common` WHERE ( gc_id_2 = '5486' ) AND ( contract_3 = '1' ) LIMIT 1  
[2020-05-31 23:19:59] /shop/index.php?controller=cate&action=index&cate_id=5486&ci=4 ( act=cate&action=index ) 
ERR: Db Error: Unknown column 'contract_4' in 'where clause'
SELECT COUNT(*) AS nc_count FROM `goods_common` WHERE ( gc_id_2 = '5486' ) AND ( contract_4 = '1' ) LIMIT 1  
[2020-05-31 23:20:21] /shop/index.php?controller=cate&action=index&cate_id=5487&ci=1 ( act=cate&action=index ) 
ERR: Db Error: Unknown column 'contract_1' in 'where clause'
SELECT COUNT(*) AS nc_count FROM `goods_common` WHERE ( gc_id_2 = '5487' ) AND ( contract_1 = '1' ) LIMIT 1  
[2020-05-31 23:20:22] /shop/index.php?controller=cate&action=index&cate_id=5487&ci=2 ( act=cate&action=index ) 
ERR: Db Error: Unknown column 'contract_2' in 'where clause'
SELECT COUNT(*) AS nc_count FROM `goods_common` WHERE ( gc_id_2 = '5487' ) AND ( contract_2 = '1' ) LIMIT 1  
[2020-05-31 23:20:22] /shop/index.php?controller=cate&action=index&cate_id=5487&ci=3 ( act=cate&action=index ) 
ERR: Db Error: Unknown column 'contract_3' in 'where clause'
SELECT COUNT(*) AS nc_count FROM `goods_common` WHERE ( gc_id_2 = '5487' ) AND ( contract_3 = '1' ) LIMIT 1  
[2020-05-31 23:20:22] /shop/index.php?controller=cate&action=index&cate_id=5487&ci=4 ( act=cate&action=index ) 
ERR: Db Error: Unknown column 'contract_4' in 'where clause'
SELECT COUNT(*) AS nc_count FROM `goods_common` WHERE ( gc_id_2 = '5487' ) AND ( contract_4 = '1' ) LIMIT 1  
[2020-05-31 23:20:49] /shop/index.php?controller=cate&action=index&cate_id=5488&ci=1 ( act=cate&action=index ) 
ERR: Db Error: Unknown column 'contract_1' in 'where clause'
SELECT COUNT(*) AS nc_count FROM `goods_common` WHERE ( gc_id_2 = '5488' ) AND ( contract_1 = '1' ) LIMIT 1  
[2020-05-31 23:20:49] /shop/index.php?controller=cate&action=index&cate_id=5488&ci=2 ( act=cate&action=index ) 
ERR: Db Error: Unknown column 'contract_2' in 'where clause'
SELECT COUNT(*) AS nc_count FROM `goods_common` WHERE ( gc_id_2 = '5488' ) AND ( contract_2 = '1' ) LIMIT 1  
[2020-05-31 23:20:49] /shop/index.php?controller=cate&action=index&cate_id=5488&ci=3 ( act=cate&action=index ) 
ERR: Db Error: Unknown column 'contract_3' in 'where clause'
SELECT COUNT(*) AS nc_count FROM `goods_common` WHERE ( gc_id_2 = '5488' ) AND ( contract_3 = '1' ) LIMIT 1  
[2020-05-31 23:20:50] /shop/index.php?controller=cate&action=index&cate_id=5488&ci=4 ( act=cate&action=index ) 
ERR: Db Error: Unknown column 'contract_4' in 'where clause'
SELECT COUNT(*) AS nc_count FROM `goods_common` WHERE ( gc_id_2 = '5488' ) AND ( contract_4 = '1' ) LIMIT 1  
[2020-05-31 23:21:18] /shop/index.php?controller=cate&action=index&cate_id=5489&ci=1 ( act=cate&action=index ) 
ERR: Db Error: Unknown column 'contract_1' in 'where clause'
SELECT COUNT(*) AS nc_count FROM `goods_common` WHERE ( gc_id_2 = '5489' ) AND ( contract_1 = '1' ) LIMIT 1  
[2020-05-31 23:21:18] /shop/index.php?controller=cate&action=index&cate_id=5489&ci=2 ( act=cate&action=index ) 
ERR: Db Error: Unknown column 'contract_2' in 'where clause'
SELECT COUNT(*) AS nc_count FROM `goods_common` WHERE ( gc_id_2 = '5489' ) AND ( contract_2 = '1' ) LIMIT 1  
[2020-05-31 23:21:18] /shop/index.php?controller=cate&action=index&cate_id=5489&ci=3 ( act=cate&action=index ) 
ERR: Db Error: Unknown column 'contract_3' in 'where clause'
SELECT COUNT(*) AS nc_count FROM `goods_common` WHERE ( gc_id_2 = '5489' ) AND ( contract_3 = '1' ) LIMIT 1  
[2020-05-31 23:21:19] /shop/index.php?controller=cate&action=index&cate_id=5489&ci=4 ( act=cate&action=index ) 
ERR: Db Error: Unknown column 'contract_4' in 'where clause'
SELECT COUNT(*) AS nc_count FROM `goods_common` WHERE ( gc_id_2 = '5489' ) AND ( contract_4 = '1' ) LIMIT 1  
[2020-05-31 23:21:37] /shop/index.php?controller=cate&action=index&cate_id=5490&ci=1 ( act=cate&action=index ) 
ERR: Db Error: Unknown column 'contract_1' in 'where clause'
SELECT COUNT(*) AS nc_count FROM `goods_common` WHERE ( gc_id_2 = '5490' ) AND ( contract_1 = '1' ) LIMIT 1  
[2020-05-31 23:21:38] /shop/index.php?controller=cate&action=index&cate_id=5490&ci=2 ( act=cate&action=index ) 
ERR: Db Error: Unknown column 'contract_2' in 'where clause'
SELECT COUNT(*) AS nc_count FROM `goods_common` WHERE ( gc_id_2 = '5490' ) AND ( contract_2 = '1' ) LIMIT 1  
[2020-05-31 23:21:38] /shop/index.php?controller=cate&action=index&cate_id=5490&ci=3 ( act=cate&action=index ) 
ERR: Db Error: Unknown column 'contract_3' in 'where clause'
SELECT COUNT(*) AS nc_count FROM `goods_common` WHERE ( gc_id_2 = '5490' ) AND ( contract_3 = '1' ) LIMIT 1  
[2020-05-31 23:21:38] /shop/index.php?controller=cate&action=index&cate_id=5490&ci=4 ( act=cate&action=index ) 
ERR: Db Error: Unknown column 'contract_4' in 'where clause'
SELECT COUNT(*) AS nc_count FROM `goods_common` WHERE ( gc_id_2 = '5490' ) AND ( contract_4 = '1' ) LIMIT 1  
[2020-05-31 23:22:03] /shop/index.php?controller=cate&action=index&cate_id=5491&ci=1 ( act=cate&action=index ) 
ERR: Db Error: Unknown column 'contract_1' in 'where clause'
SELECT COUNT(*) AS nc_count FROM `goods_common` WHERE ( gc_id_2 = '5491' ) AND ( contract_1 = '1' ) LIMIT 1  
[2020-05-31 23:22:03] /shop/index.php?controller=cate&action=index&cate_id=5491&ci=2 ( act=cate&action=index ) 
ERR: Db Error: Unknown column 'contract_2' in 'where clause'
SELECT COUNT(*) AS nc_count FROM `goods_common` WHERE ( gc_id_2 = '5491' ) AND ( contract_2 = '1' ) LIMIT 1  
[2020-05-31 23:22:05] /shop/index.php?controller=cate&action=index&cate_id=5491&ci=3 ( act=cate&action=index ) 
ERR: Db Error: Unknown column 'contract_3' in 'where clause'
SELECT COUNT(*) AS nc_count FROM `goods_common` WHERE ( gc_id_2 = '5491' ) AND ( contract_3 = '1' ) LIMIT 1  
[2020-05-31 23:22:06] /shop/index.php?controller=cate&action=index&cate_id=5491&ci=4 ( act=cate&action=index ) 
ERR: Db Error: Unknown column 'contract_4' in 'where clause'
SELECT COUNT(*) AS nc_count FROM `goods_common` WHERE ( gc_id_2 = '5491' ) AND ( contract_4 = '1' ) LIMIT 1  
[2020-05-31 23:22:33] /shop/index.php?controller=cate&action=index&cate_id=5492&ci=1 ( act=cate&action=index ) 
ERR: Db Error: Unknown column 'contract_1' in 'where clause'
SELECT COUNT(*) AS nc_count FROM `goods_common` WHERE ( gc_id_2 = '5492' ) AND ( contract_1 = '1' ) LIMIT 1  
[2020-05-31 23:22:33] /shop/index.php?controller=cate&action=index&cate_id=5492&ci=2 ( act=cate&action=index ) 
ERR: Db Error: Unknown column 'contract_2' in 'where clause'
SELECT COUNT(*) AS nc_count FROM `goods_common` WHERE ( gc_id_2 = '5492' ) AND ( contract_2 = '1' ) LIMIT 1  
[2020-05-31 23:22:33] /shop/index.php?controller=cate&action=index&cate_id=5492&ci=3 ( act=cate&action=index ) 
ERR: Db Error: Unknown column 'contract_3' in 'where clause'
SELECT COUNT(*) AS nc_count FROM `goods_common` WHERE ( gc_id_2 = '5492' ) AND ( contract_3 = '1' ) LIMIT 1  
[2020-05-31 23:22:33] /shop/index.php?controller=cate&action=index&cate_id=5492&ci=4 ( act=cate&action=index ) 
ERR: Db Error: Unknown column 'contract_4' in 'where clause'
SELECT COUNT(*) AS nc_count FROM `goods_common` WHERE ( gc_id_2 = '5492' ) AND ( contract_4 = '1' ) LIMIT 1  
[2020-05-31 23:22:57] /shop/index.php?controller=cate&action=index&cate_id=5493&ci=1 ( act=cate&action=index ) 
ERR: Db Error: Unknown column 'contract_1' in 'where clause'
SELECT COUNT(*) AS nc_count FROM `goods_common` WHERE ( gc_id_2 = '5493' ) AND ( contract_1 = '1' ) LIMIT 1  
[2020-05-31 23:22:58] /shop/index.php?controller=cate&action=index&cate_id=5493&ci=2 ( act=cate&action=index ) 
ERR: Db Error: Unknown column 'contract_2' in 'where clause'
SELECT COUNT(*) AS nc_count FROM `goods_common` WHERE ( gc_id_2 = '5493' ) AND ( contract_2 = '1' ) LIMIT 1  
[2020-05-31 23:22:58] /shop/index.php?controller=cate&action=index&cate_id=5493&ci=3 ( act=cate&action=index ) 
ERR: Db Error: Unknown column 'contract_3' in 'where clause'
SELECT COUNT(*) AS nc_count FROM `goods_common` WHERE ( gc_id_2 = '5493' ) AND ( contract_3 = '1' ) LIMIT 1  
[2020-05-31 23:22:58] /shop/index.php?controller=cate&action=index&cate_id=5493&ci=4 ( act=cate&action=index ) 
ERR: Db Error: Unknown column 'contract_4' in 'where clause'
SELECT COUNT(*) AS nc_count FROM `goods_common` WHERE ( gc_id_2 = '5493' ) AND ( contract_4 = '1' ) LIMIT 1  
[2020-05-31 23:23:27] /shop/index.php?controller=cate&action=index&cate_id=5494&ci=1 ( act=cate&action=index ) 
ERR: Db Error: Unknown column 'contract_1' in 'where clause'
SELECT COUNT(*) AS nc_count FROM `goods_common` WHERE ( gc_id_2 = '5494' ) AND ( contract_1 = '1' ) LIMIT 1  
[2020-05-31 23:23:27] /shop/index.php?controller=cate&action=index&cate_id=5494&ci=2 ( act=cate&action=index ) 
ERR: Db Error: Unknown column 'contract_2' in 'where clause'
SELECT COUNT(*) AS nc_count FROM `goods_common` WHERE ( gc_id_2 = '5494' ) AND ( contract_2 = '1' ) LIMIT 1  
[2020-05-31 23:23:27] /shop/index.php?controller=cate&action=index&cate_id=5494&ci=3 ( act=cate&action=index ) 
ERR: Db Error: Unknown column 'contract_3' in 'where clause'
SELECT COUNT(*) AS nc_count FROM `goods_common` WHERE ( gc_id_2 = '5494' ) AND ( contract_3 = '1' ) LIMIT 1  
[2020-05-31 23:23:28] /shop/index.php?controller=cate&action=index&cate_id=5494&ci=4 ( act=cate&action=index ) 
ERR: Db Error: Unknown column 'contract_4' in 'where clause'
SELECT COUNT(*) AS nc_count FROM `goods_common` WHERE ( gc_id_2 = '5494' ) AND ( contract_4 = '1' ) LIMIT 1  
[2020-05-31 23:23:52] /shop/index.php?controller=cate&action=index&cate_id=5495&ci=1 ( act=cate&action=index ) 
ERR: Db Error: Unknown column 'contract_1' in 'where clause'
SELECT COUNT(*) AS nc_count FROM `goods_common` WHERE ( gc_id_2 = '5495' ) AND ( contract_1 = '1' ) LIMIT 1  
[2020-05-31 23:23:53] /shop/index.php?controller=cate&action=index&cate_id=5495&ci=2 ( act=cate&action=index ) 
ERR: Db Error: Unknown column 'contract_2' in 'where clause'
SELECT COUNT(*) AS nc_count FROM `goods_common` WHERE ( gc_id_2 = '5495' ) AND ( contract_2 = '1' ) LIMIT 1  
[2020-05-31 23:23:53] /shop/index.php?controller=cate&action=index&cate_id=5495&ci=3 ( act=cate&action=index ) 
ERR: Db Error: Unknown column 'contract_3' in 'where clause'
SELECT COUNT(*) AS nc_count FROM `goods_common` WHERE ( gc_id_2 = '5495' ) AND ( contract_3 = '1' ) LIMIT 1  
[2020-05-31 23:23:53] /shop/index.php?controller=cate&action=index&cate_id=5495&ci=4 ( act=cate&action=index ) 
ERR: Db Error: Unknown column 'contract_4' in 'where clause'
SELECT COUNT(*) AS nc_count FROM `goods_common` WHERE ( gc_id_2 = '5495' ) AND ( contract_4 = '1' ) LIMIT 1  
[2020-05-31 23:25:26] /shop/index.php?controller=cate&action=index&cate_id=5540 ( act=cate&action=index ) 
ERR: Db Error: Unknown column 'gc_id_' in 'where clause'
SELECT count(distinct CONCAT(goods_commonid,',',color_id)) AS nc_count FROM `goods` WHERE ( gc_id_ = '5540' ) AND ( goods_state = '1' ) AND ( goods_verify = '1' ) LIMIT 1  
[2020-05-31 23:25:26] /shop/index.php?controller=cate&action=index&cate_id=5540 ( act=cate&action=index ) 
ERR: Db Error: Unknown column 'gc_id_' in 'where clause'
SELECT COUNT(*) AS nc_count FROM `goods_common` WHERE ( gc_id_ = '5540' ) LIMIT 1  
[2020-05-31 23:25:26] /shop/index.php?controller=cate&action=index&cate_id=5540 ( act=cate&action=index ) 
ERR: Db Error: Unknown column 'gc_id_' in 'where clause'
SELECT * FROM `goods` WHERE ( gc_id_ = '5540' ) AND ( goods_state = '1' ) AND ( goods_verify = '1' ) ORDER BY goods_salenum desc LIMIT 5  
[2020-05-31 23:25:26] /shop/index.php?controller=cate&action=index&cate_id=5541 ( act=cate&action=index ) 
ERR: Db Error: Unknown column 'gc_id_' in 'where clause'
SELECT count(distinct CONCAT(goods_commonid,',',color_id)) AS nc_count FROM `goods` WHERE ( gc_id_ = '5541' ) AND ( goods_state = '1' ) AND ( goods_verify = '1' ) LIMIT 1  
[2020-05-31 23:25:26] /shop/index.php?controller=cate&action=index&cate_id=5541 ( act=cate&action=index ) 
ERR: Db Error: Unknown column 'gc_id_' in 'where clause'
SELECT COUNT(*) AS nc_count FROM `goods_common` WHERE ( gc_id_ = '5541' ) LIMIT 1  
[2020-05-31 23:25:26] /shop/index.php?controller=cate&action=index&cate_id=5541 ( act=cate&action=index ) 
ERR: Db Error: Unknown column 'gc_id_' in 'where clause'
SELECT * FROM `goods` WHERE ( gc_id_ = '5541' ) AND ( goods_state = '1' ) AND ( goods_verify = '1' ) ORDER BY goods_salenum desc LIMIT 5  
[2020-05-31 23:25:27] /shop/index.php?controller=cate&action=index&cate_id=5542 ( act=cate&action=index ) 
ERR: Db Error: Unknown column 'gc_id_' in 'where clause'
SELECT count(distinct CONCAT(goods_commonid,',',color_id)) AS nc_count FROM `goods` WHERE ( gc_id_ = '5542' ) AND ( goods_state = '1' ) AND ( goods_verify = '1' ) LIMIT 1  
[2020-05-31 23:25:27] /shop/index.php?controller=cate&action=index&cate_id=5542 ( act=cate&action=index ) 
ERR: Db Error: Unknown column 'gc_id_' in 'where clause'
SELECT COUNT(*) AS nc_count FROM `goods_common` WHERE ( gc_id_ = '5542' ) LIMIT 1  
[2020-05-31 23:25:27] /shop/index.php?controller=cate&action=index&cate_id=5542 ( act=cate&action=index ) 
ERR: Db Error: Unknown column 'gc_id_' in 'where clause'
SELECT * FROM `goods` WHERE ( gc_id_ = '5542' ) AND ( goods_state = '1' ) AND ( goods_verify = '1' ) ORDER BY goods_salenum desc LIMIT 5  
[2020-05-31 23:25:27] /shop/index.php?controller=cate&action=index&cate_id=5543 ( act=cate&action=index ) 
ERR: Db Error: Unknown column 'gc_id_' in 'where clause'
SELECT count(distinct CONCAT(goods_commonid,',',color_id)) AS nc_count FROM `goods` WHERE ( gc_id_ = '5543' ) AND ( goods_state = '1' ) AND ( goods_verify = '1' ) LIMIT 1  
[2020-05-31 23:25:27] /shop/index.php?controller=cate&action=index&cate_id=5543 ( act=cate&action=index ) 
ERR: Db Error: Unknown column 'gc_id_' in 'where clause'
SELECT COUNT(*) AS nc_count FROM `goods_common` WHERE ( gc_id_ = '5543' ) LIMIT 1  
[2020-05-31 23:25:27] /shop/index.php?controller=cate&action=index&cate_id=5543 ( act=cate&action=index ) 
ERR: Db Error: Unknown column 'gc_id_' in 'where clause'
SELECT * FROM `goods` WHERE ( gc_id_ = '5543' ) AND ( goods_state = '1' ) AND ( goods_verify = '1' ) ORDER BY goods_salenum desc LIMIT 5  
[2020-05-31 23:25:33] /shop/index.php?controller=cate&action=index&cate_id=2137&ci=1 ( act=cate&action=index ) 
ERR: Db Error: Unknown column 'contract_1' in 'where clause'
SELECT COUNT(*) AS nc_count FROM `goods_common` WHERE ( contract_1 = '1' ) LIMIT 1  
[2020-05-31 23:25:34] /shop/index.php?controller=cate&action=index&cate_id=2137&ci=2 ( act=cate&action=index ) 
ERR: Db Error: Unknown column 'contract_2' in 'where clause'
SELECT COUNT(*) AS nc_count FROM `goods_common` WHERE ( contract_2 = '1' ) LIMIT 1  
[2020-05-31 23:25:34] /shop/index.php?controller=cate&action=index&cate_id=2137&ci=3 ( act=cate&action=index ) 
ERR: Db Error: Unknown column 'contract_3' in 'where clause'
SELECT COUNT(*) AS nc_count FROM `goods_common` WHERE ( contract_3 = '1' ) LIMIT 1  
[2020-05-31 23:25:34] /shop/index.php?controller=cate&action=index&cate_id=2137&ci=4 ( act=cate&action=index ) 
ERR: Db Error: Unknown column 'contract_4' in 'where clause'
SELECT COUNT(*) AS nc_count FROM `goods_common` WHERE ( contract_4 = '1' ) LIMIT 1  
[2020-05-31 23:26:18] /shop/index.php?controller=cate&action=index&cate_id=2148&ci=1 ( act=cate&action=index ) 
ERR: Db Error: Unknown column 'contract_1' in 'where clause'
SELECT COUNT(*) AS nc_count FROM `goods_common` WHERE ( contract_1 = '1' ) LIMIT 1  
[2020-05-31 23:26:19] /shop/index.php?controller=cate&action=index&cate_id=2148&ci=2 ( act=cate&action=index ) 
ERR: Db Error: Unknown column 'contract_2' in 'where clause'
SELECT COUNT(*) AS nc_count FROM `goods_common` WHERE ( contract_2 = '1' ) LIMIT 1  
[2020-05-31 23:26:19] /shop/index.php?controller=cate&action=index&cate_id=2148&ci=3 ( act=cate&action=index ) 
ERR: Db Error: Unknown column 'contract_3' in 'where clause'
SELECT COUNT(*) AS nc_count FROM `goods_common` WHERE ( contract_3 = '1' ) LIMIT 1  
[2020-05-31 23:26:20] /shop/index.php?controller=cate&action=index&cate_id=2148&ci=4 ( act=cate&action=index ) 
ERR: Db Error: Unknown column 'contract_4' in 'where clause'
SELECT COUNT(*) AS nc_count FROM `goods_common` WHERE ( contract_4 = '1' ) LIMIT 1  
[2020-05-31 23:26:36] /shop/index.php?controller=cate&action=index&cate_id=2141&ci=1 ( act=cate&action=index ) 
ERR: Db Error: Unknown column 'contract_1' in 'where clause'
SELECT COUNT(*) AS nc_count FROM `goods_common` WHERE ( contract_1 = '1' ) LIMIT 1  
[2020-05-31 23:26:37] /shop/index.php?controller=cate&action=index&cate_id=2141&ci=2 ( act=cate&action=index ) 
ERR: Db Error: Unknown column 'contract_2' in 'where clause'
SELECT COUNT(*) AS nc_count FROM `goods_common` WHERE ( contract_2 = '1' ) LIMIT 1  
[2020-05-31 23:26:37] /shop/index.php?controller=cate&action=index&cate_id=2141&ci=3 ( act=cate&action=index ) 
ERR: Db Error: Unknown column 'contract_3' in 'where clause'
SELECT COUNT(*) AS nc_count FROM `goods_common` WHERE ( contract_3 = '1' ) LIMIT 1  
[2020-05-31 23:26:37] /shop/index.php?controller=cate&action=index&cate_id=2141&ci=4 ( act=cate&action=index ) 
ERR: Db Error: Unknown column 'contract_4' in 'where clause'
SELECT COUNT(*) AS nc_count FROM `goods_common` WHERE ( contract_4 = '1' ) LIMIT 1  
[2020-05-31 23:27:02] /shop/index.php?controller=cate&action=index&cate_id=2193&ci=1 ( act=cate&action=index ) 
ERR: Db Error: Unknown column 'contract_1' in 'where clause'
SELECT COUNT(*) AS nc_count FROM `goods_common` WHERE ( contract_1 = '1' ) LIMIT 1  
[2020-05-31 23:27:03] /shop/index.php?controller=cate&action=index&cate_id=2193&ci=2 ( act=cate&action=index ) 
ERR: Db Error: Unknown column 'contract_2' in 'where clause'
SELECT COUNT(*) AS nc_count FROM `goods_common` WHERE ( contract_2 = '1' ) LIMIT 1  
[2020-05-31 23:27:04] /shop/index.php?controller=cate&action=index&cate_id=2193&ci=3 ( act=cate&action=index ) 
ERR: Db Error: Unknown column 'contract_3' in 'where clause'
SELECT COUNT(*) AS nc_count FROM `goods_common` WHERE ( contract_3 = '1' ) LIMIT 1  
[2020-05-31 23:27:04] /shop/index.php?controller=cate&action=index&cate_id=2193&ci=4 ( act=cate&action=index ) 
ERR: Db Error: Unknown column 'contract_4' in 'where clause'
SELECT COUNT(*) AS nc_count FROM `goods_common` WHERE ( contract_4 = '1' ) LIMIT 1  
[2020-05-31 23:27:26] /shop/index.php?controller=cate&action=index&cate_id=2236&ci=1 ( act=cate&action=index ) 
ERR: Db Error: Unknown column 'contract_1' in 'where clause'
SELECT COUNT(*) AS nc_count FROM `goods_common` WHERE ( contract_1 = '1' ) LIMIT 1  
[2020-05-31 23:27:26] /shop/index.php?controller=cate&action=index&cate_id=2236&ci=2 ( act=cate&action=index ) 
ERR: Db Error: Unknown column 'contract_2' in 'where clause'
SELECT COUNT(*) AS nc_count FROM `goods_common` WHERE ( contract_2 = '1' ) LIMIT 1  
[2020-05-31 23:27:27] /shop/index.php?controller=cate&action=index&cate_id=2236&ci=3 ( act=cate&action=index ) 
ERR: Db Error: Unknown column 'contract_3' in 'where clause'
SELECT COUNT(*) AS nc_count FROM `goods_common` WHERE ( contract_3 = '1' ) LIMIT 1  
[2020-05-31 23:27:27] /shop/index.php?controller=cate&action=index&cate_id=2236&ci=4 ( act=cate&action=index ) 
ERR: Db Error: Unknown column 'contract_4' in 'where clause'
SELECT COUNT(*) AS nc_count FROM `goods_common` WHERE ( contract_4 = '1' ) LIMIT 1  
[2020-05-31 23:34:59] /shop/index.php?action=index&area_id=20&cate_id=5523&ci=1_3&controller=cate ( act=cate&action=index ) 
ERR: Db Error: Unknown column 'contract_1' in 'where clause'
SELECT COUNT(*) AS nc_count FROM `goods_common` WHERE ( gc_id_3 = '5523' ) AND ( areaid_1 = '20' ) AND ( contract_1 = '1' ) AND ( contract_3 = '1' ) LIMIT 1  
