[2020-05-21 00:00:53] /shop/index.php?controller=cate&action=index&cate_id=2809&key=1&order=2&ci=2_4&new=1&gift=&area_id=14&type=1&yx=1 ( act=cate&action=index ) 
ERR: Db Error: Unknown column 'contract_2' in 'where clause'
SELECT COUNT(*) AS nc_count FROM `goods_common` WHERE ( areaid_1 = '14' ) AND ( is_own_shop = '1' ) AND ( is_new_arrival = '1' ) AND ( is_select = '1' ) AND ( contract_2 = '1' ) AND ( contract_4 = '1' ) LIMIT 1  
[2020-05-21 00:09:42] /shop/index.php?action=index&cate_id=5556&ci=2&controller=cate ( act=cate&action=index ) 
ERR: Db Error: Unknown column 'contract_2' in 'where clause'
SELECT COUNT(*) AS nc_count FROM `goods_common` WHERE ( gc_id_3 = '5556' ) AND ( contract_2 = '1' ) LIMIT 1  
[2020-05-21 00:24:29] /shop/index.php?controller=cate&action=index&cate_id=4929&area_id=3&key=&order=&gift=&ci=4_2_1_3&yx=1&type=1&new=1 ( act=cate&action=index ) 
ERR: Db Error: Unknown column 'contract_4' in 'where clause'
SELECT COUNT(*) AS nc_count FROM `goods_common` WHERE ( areaid_1 = '3' ) AND ( is_own_shop = '1' ) AND ( is_new_arrival = '1' ) AND ( is_select = '1' ) AND ( contract_4 = '1' ) AND ( contract_2 = '1' ) AND ( contract_1 = '1' ) AND ( contract_3 = '1' ) LIMIT 1  
[2020-05-21 00:52:54] /shop/index.php?controller=cate&action=index&cate_id=2193&key=3&order=2&new=1&ci=2 ( act=cate&action=index ) 
ERR: Db Error: Unknown column 'contract_2' in 'where clause'
SELECT COUNT(*) AS nc_count FROM `goods_common` WHERE ( is_new_arrival = '1' ) AND ( contract_2 = '1' ) LIMIT 1  
[2020-05-21 01:28:23] /shop/index.php?controller=cate&action=index&cate_id=2809&key=3&order=2&ci=2_4&new=1&gift=&area_id=14&type=1&yx=1 ( act=cate&action=index ) 
ERR: Db Error: Unknown column 'contract_2' in 'where clause'
SELECT COUNT(*) AS nc_count FROM `goods_common` WHERE ( areaid_1 = '14' ) AND ( is_own_shop = '1' ) AND ( is_new_arrival = '1' ) AND ( is_select = '1' ) AND ( contract_2 = '1' ) AND ( contract_4 = '1' ) LIMIT 1  
[2020-05-21 01:30:45] /shop/index.php?controller=cate&action=index&cate_id=4564&ci=1&order=1&key=2&type=1&area_id=20 ( act=cate&action=index ) 
ERR: Db Error: Unknown column 'contract_1' in 'where clause'
SELECT COUNT(*) AS nc_count FROM `goods_common` WHERE ( areaid_1 = '20' ) AND ( is_own_shop = '1' ) AND ( contract_1 = '1' ) LIMIT 1  
[2020-05-21 01:49:41] /shop/index.php?controller=cate&action=index&cate_id=2942&type=&key=2&order=2&gift=&new=&ci=2 ( act=cate&action=index ) 
ERR: Db Error: Unknown column 'contract_2' in 'where clause'
SELECT COUNT(*) AS nc_count FROM `goods_common` WHERE ( contract_2 = '1' ) LIMIT 1  
[2020-05-21 01:59:10] /shop/index.php?controller=cate&action=index&cate_id=1028&area_id=22&new=&ci=2&gift=1 ( act=cate&action=index ) 
ERR: Db Error: Unknown column 'contract_2' in 'where clause'
SELECT COUNT(*) AS nc_count FROM `goods_common` WHERE ( areaid_1 = '22' ) AND ( contract_2 = '1' ) LIMIT 1  
[2020-05-21 02:27:34] /shop/index.php?controller=cate&action=index&cate_id=698&gift=1&key=&order=&ci=3&new=&type=1 ( act=cate&action=index ) 
ERR: Db Error: Unknown column 'contract_3' in 'where clause'
SELECT COUNT(*) AS nc_count FROM `goods_common` WHERE ( is_own_shop = '1' ) AND ( contract_3 = '1' ) LIMIT 1  
[2020-05-21 02:35:01] /shop/index.php?controller=cate&action=index&cate_id=2809&key=3&order=1&ci=2_4&new=1&gift=&area_id=14&type=&yx=1 ( act=cate&action=index ) 
ERR: Db Error: Unknown column 'contract_2' in 'where clause'
SELECT COUNT(*) AS nc_count FROM `goods_common` WHERE ( areaid_1 = '14' ) AND ( is_new_arrival = '1' ) AND ( is_select = '1' ) AND ( contract_2 = '1' ) AND ( contract_4 = '1' ) LIMIT 1  
[2020-05-21 02:37:02] /shop/index.php?controller=cate&action=index&cate_id=2443&key=2&order=2&type=1&gift=1&ci=3 ( act=cate&action=index ) 
ERR: Db Error: Unknown column 'contract_3' in 'where clause'
SELECT COUNT(*) AS nc_count FROM `goods_common` WHERE ( is_own_shop = '1' ) AND ( contract_3 = '1' ) LIMIT 1  
[2020-05-21 02:46:29] /shop/index.php?controller=cate&action=index&cate_id=442&key=2&order=1&new=&area_id=3&yx=1&ci=2 ( act=cate&action=index ) 
ERR: Db Error: Unknown column 'contract_2' in 'where clause'
SELECT COUNT(*) AS nc_count FROM `goods_common` WHERE ( areaid_1 = '3' ) AND ( is_select = '1' ) AND ( contract_2 = '1' ) LIMIT 1  
[2020-05-21 03:33:50] /shop/index.php?controller=cate&action=index&cate_id=3115&key=2&order=2&area_id=15&ci=4&yx=&gift=1&type= ( act=cate&action=index ) 
ERR: Db Error: Unknown column 'contract_4' in 'where clause'
SELECT COUNT(*) AS nc_count FROM `goods_common` WHERE ( areaid_1 = '15' ) AND ( contract_4 = '1' ) LIMIT 1  
[2020-05-21 03:48:36] /shop/index.php?controller=cate&action=index&cate_id=782&key=2&order=1&new=1&ci=3&yx=1 ( act=cate&action=index ) 
ERR: Db Error: Unknown column 'contract_3' in 'where clause'
SELECT COUNT(*) AS nc_count FROM `goods_common` WHERE ( is_new_arrival = '1' ) AND ( is_select = '1' ) AND ( contract_3 = '1' ) LIMIT 1  
[2020-05-21 03:52:45] /shop/index.php?controller=cate&action=index&cate_id=571&ci=3&area_id=29&key=1&order=2&gift=1&type=1 ( act=cate&action=index ) 
ERR: Db Error: Unknown column 'contract_3' in 'where clause'
SELECT COUNT(*) AS nc_count FROM `goods_common` WHERE ( areaid_1 = '29' ) AND ( is_own_shop = '1' ) AND ( contract_3 = '1' ) LIMIT 1  
[2020-05-21 04:02:14] /shop/index.php?controller=cate&action=index&cate_id=2163&type=&ci=2&gift= ( act=cate&action=index ) 
ERR: Db Error: Unknown column 'contract_2' in 'where clause'
SELECT COUNT(*) AS nc_count FROM `goods_common` WHERE ( gc_id_2 = '2163' ) AND ( contract_2 = '1' ) LIMIT 1  
[2020-05-21 04:11:41] /shop/index.php?controller=cate&action=index&cate_id=1028&area_id=22&new=1&ci=3 ( act=cate&action=index ) 
ERR: Db Error: Unknown column 'contract_3' in 'where clause'
SELECT COUNT(*) AS nc_count FROM `goods_common` WHERE ( areaid_1 = '22' ) AND ( is_new_arrival = '1' ) AND ( contract_3 = '1' ) LIMIT 1  
[2020-05-21 04:40:06] /shop/index.php?controller=cate&action=index&cate_id=698&gift=1&key=2&order=1&type=1&yx=1&ci=3_4_1&new=1 ( act=cate&action=index ) 
ERR: Db Error: Unknown column 'contract_3' in 'where clause'
SELECT COUNT(*) AS nc_count FROM `goods_common` WHERE ( is_own_shop = '1' ) AND ( is_new_arrival = '1' ) AND ( is_select = '1' ) AND ( contract_3 = '1' ) AND ( contract_4 = '1' ) AND ( contract_1 = '1' ) LIMIT 1  
[2020-05-21 04:49:33] /shop/index.php?controller=cate&action=index&cate_id=782&key=1&order=2&gift=1&ci=3 ( act=cate&action=index ) 
ERR: Db Error: Unknown column 'contract_3' in 'where clause'
SELECT COUNT(*) AS nc_count FROM `goods_common` WHERE ( contract_3 = '1' ) LIMIT 1  
[2020-05-21 05:03:24] /shop/index.php?controller=cate&action=index&cate_id=782&key=2&order=2&new=1&ci=3&yx= ( act=cate&action=index ) 
ERR: Db Error: Unknown column 'contract_3' in 'where clause'
SELECT COUNT(*) AS nc_count FROM `goods_common` WHERE ( is_new_arrival = '1' ) AND ( contract_3 = '1' ) LIMIT 1  
[2020-05-21 05:11:37] /shop/index.php?controller=cate&action=index&cate_id=158&key=3&order=1&yx=&ci=1_4_2&type=&new=1&gift=1&area_id= ( act=cate&action=index ) 
ERR: Db Error: Unknown column 'contract_1' in 'where clause'
SELECT COUNT(*) AS nc_count FROM `goods_common` WHERE ( is_new_arrival = '1' ) AND ( contract_1 = '1' ) AND ( contract_4 = '1' ) AND ( contract_2 = '1' ) LIMIT 1  
[2020-05-21 05:19:33] /shop/index.php?controller=cate&action=index&cate_id=5497&area_id=35&ci=2 ( act=cate&action=index ) 
ERR: Db Error: Unknown column 'contract_2' in 'where clause'
SELECT COUNT(*) AS nc_count FROM `goods_common` WHERE ( gc_id_3 = '5497' ) AND ( areaid_1 = '35' ) AND ( contract_2 = '1' ) LIMIT 1  
[2020-05-21 05:26:30] /shop/index.php?controller=cate&action=index&cate_id=5497&area_id=4&ci=2 ( act=cate&action=index ) 
ERR: Db Error: Unknown column 'contract_2' in 'where clause'
SELECT COUNT(*) AS nc_count FROM `goods_common` WHERE ( gc_id_3 = '5497' ) AND ( areaid_1 = '4' ) AND ( contract_2 = '1' ) LIMIT 1  
[2020-05-21 05:33:26] /shop/index.php?controller=cate&action=index&cate_id=5497&area_id=5&ci=2 ( act=cate&action=index ) 
ERR: Db Error: Unknown column 'contract_2' in 'where clause'
SELECT COUNT(*) AS nc_count FROM `goods_common` WHERE ( gc_id_3 = '5497' ) AND ( areaid_1 = '5' ) AND ( contract_2 = '1' ) LIMIT 1  
[2020-05-21 05:36:54] /shop/index.php?controller=cate&action=index&cate_id=433&new=1&ci=1 ( act=cate&action=index ) 
ERR: Db Error: Unknown column 'contract_1' in 'where clause'
SELECT COUNT(*) AS nc_count FROM `goods_common` WHERE ( is_new_arrival = '1' ) AND ( contract_1 = '1' ) LIMIT 1  
[2020-05-21 05:40:42] /shop/index.php?controller=cate&action=index&cate_id=5497&area_id=6&ci=2 ( act=cate&action=index ) 
ERR: Db Error: Unknown column 'contract_2' in 'where clause'
SELECT COUNT(*) AS nc_count FROM `goods_common` WHERE ( gc_id_3 = '5497' ) AND ( areaid_1 = '6' ) AND ( contract_2 = '1' ) LIMIT 1  
[2020-05-21 05:46:22] /shop/index.php?controller=cate&action=index&cate_id=4741&new=&ci=4&yx=&gift=1&key=1&order=1&type=1 ( act=cate&action=index ) 
ERR: Db Error: Unknown column 'contract_4' in 'where clause'
SELECT COUNT(*) AS nc_count FROM `goods_common` WHERE ( is_own_shop = '1' ) AND ( contract_4 = '1' ) LIMIT 1  
[2020-05-21 05:46:36] /shop/index.php?controller=cate&action=index&cate_id=5497&area_id=7&ci=2 ( act=cate&action=index ) 
ERR: Db Error: Unknown column 'contract_2' in 'where clause'
SELECT COUNT(*) AS nc_count FROM `goods_common` WHERE ( gc_id_3 = '5497' ) AND ( areaid_1 = '7' ) AND ( contract_2 = '1' ) LIMIT 1  
[2020-05-21 05:53:23] /shop/index.php?controller=cate&action=index&cate_id=5497&area_id=8&ci=2 ( act=cate&action=index ) 
ERR: Db Error: Unknown column 'contract_2' in 'where clause'
SELECT COUNT(*) AS nc_count FROM `goods_common` WHERE ( gc_id_3 = '5497' ) AND ( areaid_1 = '8' ) AND ( contract_2 = '1' ) LIMIT 1  
[2020-05-21 06:00:52] /shop/index.php?controller=cate&action=index&cate_id=5497&area_id=9&ci=2 ( act=cate&action=index ) 
ERR: Db Error: Unknown column 'contract_2' in 'where clause'
SELECT COUNT(*) AS nc_count FROM `goods_common` WHERE ( gc_id_3 = '5497' ) AND ( areaid_1 = '9' ) AND ( contract_2 = '1' ) LIMIT 1  
[2020-05-21 06:07:25] /shop/index.php?controller=cate&action=index&cate_id=5497&area_id=32&ci=3 ( act=cate&action=index ) 
ERR: Db Error: Unknown column 'contract_3' in 'where clause'
SELECT COUNT(*) AS nc_count FROM `goods_common` WHERE ( gc_id_3 = '5497' ) AND ( areaid_1 = '32' ) AND ( contract_3 = '1' ) LIMIT 1  
[2020-05-21 06:14:37] /shop/index.php?controller=cate&action=index&cate_id=5497&area_id=35&ci=3 ( act=cate&action=index ) 
ERR: Db Error: Unknown column 'contract_3' in 'where clause'
SELECT COUNT(*) AS nc_count FROM `goods_common` WHERE ( gc_id_3 = '5497' ) AND ( areaid_1 = '35' ) AND ( contract_3 = '1' ) LIMIT 1  
[2020-05-21 06:14:45] /shop/index.php?controller=cate&action=index&cate_id=42&order=&key=&new=1&area_id=29&ci=1_2 ( act=cate&action=index ) 
ERR: Db Error: Unknown column 'contract_1' in 'where clause'
SELECT COUNT(*) AS nc_count FROM `goods_common` WHERE ( areaid_1 = '29' ) AND ( is_new_arrival = '1' ) AND ( contract_1 = '1' ) AND ( contract_2 = '1' ) LIMIT 1  
[2020-05-21 06:18:22] /shop/index.php?controller=cate&action=index&cate_id=782&key=3&order=2&new=1&ci=3&yx=1 ( act=cate&action=index ) 
ERR: Db Error: Unknown column 'contract_3' in 'where clause'
SELECT COUNT(*) AS nc_count FROM `goods_common` WHERE ( is_new_arrival = '1' ) AND ( is_select = '1' ) AND ( contract_3 = '1' ) LIMIT 1  
[2020-05-21 06:21:39] /shop/index.php?action=index&area_id=29&cate_id=645&ci=4&controller=cate&key=3&order=2&type=1 ( act=cate&action=index ) 
ERR: Db Error: Unknown column 'contract_4' in 'where clause'
SELECT COUNT(*) AS nc_count FROM `goods_common` WHERE ( areaid_1 = '29' ) AND ( is_own_shop = '1' ) AND ( contract_4 = '1' ) LIMIT 1  
[2020-05-21 06:21:56] /shop/index.php?controller=cate&action=index&cate_id=5497&area_id=4&ci=3 ( act=cate&action=index ) 
ERR: Db Error: Unknown column 'contract_3' in 'where clause'
SELECT COUNT(*) AS nc_count FROM `goods_common` WHERE ( gc_id_3 = '5497' ) AND ( areaid_1 = '4' ) AND ( contract_3 = '1' ) LIMIT 1  
[2020-05-21 06:28:12] /shop/index.php?controller=cate&action=index&cate_id=5497&area_id=5&ci=3 ( act=cate&action=index ) 
ERR: Db Error: Unknown column 'contract_3' in 'where clause'
SELECT COUNT(*) AS nc_count FROM `goods_common` WHERE ( gc_id_3 = '5497' ) AND ( areaid_1 = '5' ) AND ( contract_3 = '1' ) LIMIT 1  
[2020-05-21 06:34:53] /shop/index.php?controller=cate&action=index&cate_id=5497&area_id=6&ci=3 ( act=cate&action=index ) 
ERR: Db Error: Unknown column 'contract_3' in 'where clause'
SELECT COUNT(*) AS nc_count FROM `goods_common` WHERE ( gc_id_3 = '5497' ) AND ( areaid_1 = '6' ) AND ( contract_3 = '1' ) LIMIT 1  
[2020-05-21 06:41:28] /shop/index.php?controller=cate&action=index&cate_id=5497&area_id=7&ci=3 ( act=cate&action=index ) 
ERR: Db Error: Unknown column 'contract_3' in 'where clause'
SELECT COUNT(*) AS nc_count FROM `goods_common` WHERE ( gc_id_3 = '5497' ) AND ( areaid_1 = '7' ) AND ( contract_3 = '1' ) LIMIT 1  
[2020-05-21 06:43:09] /shop/index.php?controller=cate&action=index&cate_id=345&yx=1&ci=1_2&gift=1&new= ( act=cate&action=index ) 
ERR: Db Error: Unknown column 'contract_1' in 'where clause'
SELECT COUNT(*) AS nc_count FROM `goods_common` WHERE ( is_select = '1' ) AND ( contract_1 = '1' ) AND ( contract_2 = '1' ) LIMIT 1  
[2020-05-21 06:47:25] /shop/index.php?controller=cate&action=index&cate_id=5497&area_id=8&ci=3 ( act=cate&action=index ) 
ERR: Db Error: Unknown column 'contract_3' in 'where clause'
SELECT COUNT(*) AS nc_count FROM `goods_common` WHERE ( gc_id_3 = '5497' ) AND ( areaid_1 = '8' ) AND ( contract_3 = '1' ) LIMIT 1  
[2020-05-21 06:51:52] /shop/index.php?controller=cate&action=index&cate_id=5497&area_id=9&ci=3 ( act=cate&action=index ) 
ERR: Db Error: Unknown column 'contract_3' in 'where clause'
SELECT COUNT(*) AS nc_count FROM `goods_common` WHERE ( gc_id_3 = '5497' ) AND ( areaid_1 = '9' ) AND ( contract_3 = '1' ) LIMIT 1  
[2020-05-21 06:52:38] /shop/index.php?controller=cate&action=index&cate_id=845&ci=2_4&key=1&order=2&new=1 ( act=cate&action=index ) 
ERR: Db Error: Unknown column 'contract_2' in 'where clause'
SELECT COUNT(*) AS nc_count FROM `goods_common` WHERE ( is_new_arrival = '1' ) AND ( contract_2 = '1' ) AND ( contract_4 = '1' ) LIMIT 1  
[2020-05-21 06:56:15] /shop/index.php?controller=cate&action=index&cate_id=5483&ci=4&area_id= ( act=cate&action=index ) 
ERR: Db Error: Unknown column 'contract_4' in 'where clause'
SELECT COUNT(*) AS nc_count FROM `goods_common` WHERE ( gc_id_2 = '5483' ) AND ( contract_4 = '1' ) LIMIT 1  
[2020-05-21 07:01:53] /shop/index.php?controller=cate&action=index&cate_id=5483&ci=4&area_id=16 ( act=cate&action=index ) 
ERR: Db Error: Unknown column 'contract_4' in 'where clause'
SELECT COUNT(*) AS nc_count FROM `goods_common` WHERE ( gc_id_2 = '5483' ) AND ( areaid_1 = '16' ) AND ( contract_4 = '1' ) LIMIT 1  
[2020-05-21 07:02:06] /shop/index.php?controller=cate&action=index&cate_id=698&gift=&key=2&order=1&ci=3_2&yx=1 ( act=cate&action=index ) 
ERR: Db Error: Unknown column 'contract_3' in 'where clause'
SELECT COUNT(*) AS nc_count FROM `goods_common` WHERE ( is_select = '1' ) AND ( contract_3 = '1' ) AND ( contract_2 = '1' ) LIMIT 1  
[2020-05-21 07:07:23] /shop/index.php?controller=cate&action=index&cate_id=5483&ci=4&area_id=20 ( act=cate&action=index ) 
ERR: Db Error: Unknown column 'contract_4' in 'where clause'
SELECT COUNT(*) AS nc_count FROM `goods_common` WHERE ( gc_id_2 = '5483' ) AND ( areaid_1 = '20' ) AND ( contract_4 = '1' ) LIMIT 1  
[2020-05-21 07:17:19] /shop/index.php?controller=cate&action=index&cate_id=5483&ci=4&area_id=25 ( act=cate&action=index ) 
ERR: Db Error: Unknown column 'contract_4' in 'where clause'
SELECT COUNT(*) AS nc_count FROM `goods_common` WHERE ( gc_id_2 = '5483' ) AND ( areaid_1 = '25' ) AND ( contract_4 = '1' ) LIMIT 1  
[2020-05-21 07:21:29] /shop/index.php?controller=cate&action=index&cate_id=5483&ci=4&area_id=26 ( act=cate&action=index ) 
ERR: Db Error: Unknown column 'contract_4' in 'where clause'
SELECT COUNT(*) AS nc_count FROM `goods_common` WHERE ( gc_id_2 = '5483' ) AND ( areaid_1 = '26' ) AND ( contract_4 = '1' ) LIMIT 1  
[2020-05-21 07:31:06] /shop/index.php?controller=cate&action=index&cate_id=5483&ci=4&area_id=28 ( act=cate&action=index ) 
ERR: Db Error: Unknown column 'contract_4' in 'where clause'
SELECT COUNT(*) AS nc_count FROM `goods_common` WHERE ( gc_id_2 = '5483' ) AND ( areaid_1 = '28' ) AND ( contract_4 = '1' ) LIMIT 1  
[2020-05-21 07:35:16] /shop/index.php?controller=cate&action=index&cate_id=5483&ci=4&area_id=3 ( act=cate&action=index ) 
ERR: Db Error: Unknown column 'contract_4' in 'where clause'
SELECT COUNT(*) AS nc_count FROM `goods_common` WHERE ( gc_id_2 = '5483' ) AND ( areaid_1 = '3' ) AND ( contract_4 = '1' ) LIMIT 1  
[2020-05-21 07:40:21] /shop/index.php?controller=cate&action=index&cate_id=5483&ci=4&area_id=30 ( act=cate&action=index ) 
ERR: Db Error: Unknown column 'contract_4' in 'where clause'
SELECT COUNT(*) AS nc_count FROM `goods_common` WHERE ( gc_id_2 = '5483' ) AND ( areaid_1 = '30' ) AND ( contract_4 = '1' ) LIMIT 1  
[2020-05-21 07:44:48] /shop/index.php?controller=cate&action=index&cate_id=5483&ci=4&area_id=32 ( act=cate&action=index ) 
ERR: Db Error: Unknown column 'contract_4' in 'where clause'
SELECT COUNT(*) AS nc_count FROM `goods_common` WHERE ( gc_id_2 = '5483' ) AND ( areaid_1 = '32' ) AND ( contract_4 = '1' ) LIMIT 1  
[2020-05-21 07:48:46] /shop/index.php?controller=cate&action=index&cate_id=5483&ci=4&area_id=33 ( act=cate&action=index ) 
ERR: Db Error: Unknown column 'contract_4' in 'where clause'
SELECT COUNT(*) AS nc_count FROM `goods_common` WHERE ( gc_id_2 = '5483' ) AND ( areaid_1 = '33' ) AND ( contract_4 = '1' ) LIMIT 1  
[2020-05-21 07:50:25] /shop/index.php?controller=cate&action=index&cate_id=100&gift=&ci=4&new=1&key=2&order=1&type=&yx= ( act=cate&action=index ) 
ERR: Db Error: Unknown column 'contract_4' in 'where clause'
SELECT COUNT(*) AS nc_count FROM `goods_common` WHERE ( is_new_arrival = '1' ) AND ( contract_4 = '1' ) LIMIT 1  
[2020-05-21 07:52:59] /shop/index.php?controller=cate&action=index&cate_id=5483&ci=4&area_id=34 ( act=cate&action=index ) 
ERR: Db Error: Unknown column 'contract_4' in 'where clause'
SELECT COUNT(*) AS nc_count FROM `goods_common` WHERE ( gc_id_2 = '5483' ) AND ( areaid_1 = '34' ) AND ( contract_4 = '1' ) LIMIT 1  
[2020-05-21 07:58:53] /shop/index.php?controller=cate&action=index&cate_id=400&type=1&key=2&order=2&new=1&ci=1 ( act=cate&action=index ) 
ERR: Db Error: Unknown column 'contract_1' in 'where clause'
SELECT COUNT(*) AS nc_count FROM `goods_common` WHERE ( is_own_shop = '1' ) AND ( is_new_arrival = '1' ) AND ( contract_1 = '1' ) LIMIT 1  
[2020-05-21 08:09:43] /shop/index.php?controller=cate&action=index&cate_id=5483&ci=4&area_id=35 ( act=cate&action=index ) 
ERR: Db Error: Unknown column 'contract_4' in 'where clause'
SELECT COUNT(*) AS nc_count FROM `goods_common` WHERE ( gc_id_2 = '5483' ) AND ( areaid_1 = '35' ) AND ( contract_4 = '1' ) LIMIT 1  
[2020-05-21 08:12:19] /shop/index.php?controller=cate&action=index&cate_id=5483&ci=4&area_id=4 ( act=cate&action=index ) 
ERR: Db Error: Unknown column 'contract_4' in 'where clause'
SELECT COUNT(*) AS nc_count FROM `goods_common` WHERE ( gc_id_2 = '5483' ) AND ( areaid_1 = '4' ) AND ( contract_4 = '1' ) LIMIT 1  
[2020-05-21 08:16:00] /shop/index.php?controller=cate&action=index&cate_id=5483&ci=4&area_id=5 ( act=cate&action=index ) 
ERR: Db Error: Unknown column 'contract_4' in 'where clause'
SELECT COUNT(*) AS nc_count FROM `goods_common` WHERE ( gc_id_2 = '5483' ) AND ( areaid_1 = '5' ) AND ( contract_4 = '1' ) LIMIT 1  
[2020-05-21 08:17:50] /shop/index.php?controller=cate&action=index&cate_id=116&gift=&key=2&order=1&ci=1 ( act=cate&action=index ) 
ERR: Db Error: Unknown column 'contract_1' in 'where clause'
SELECT COUNT(*) AS nc_count FROM `goods_common` WHERE ( contract_1 = '1' ) LIMIT 1  
[2020-05-21 08:30:30] /shop/index.php?controller=cate&action=index&cate_id=849&ci=2_3&key=1&order=2&type=1 ( act=cate&action=index ) 
ERR: Db Error: Unknown column 'contract_2' in 'where clause'
SELECT COUNT(*) AS nc_count FROM `goods_common` WHERE ( is_own_shop = '1' ) AND ( contract_2 = '1' ) AND ( contract_3 = '1' ) LIMIT 1  
[2020-05-21 08:36:46] /shop/index.php?controller=cate&action=index&cate_id=3687&key=1&order=1&new=1&ci=4&type=1 ( act=cate&action=index ) 
ERR: Db Error: Unknown column 'contract_4' in 'where clause'
SELECT COUNT(*) AS nc_count FROM `goods_common` WHERE ( is_own_shop = '1' ) AND ( is_new_arrival = '1' ) AND ( contract_4 = '1' ) LIMIT 1  
[2020-05-21 08:48:37] /shop/index.php?action=index&cate_id=5564&ci=2&controller=cate ( act=cate&action=index ) 
ERR: Db Error: Unknown column 'contract_2' in 'where clause'
SELECT COUNT(*) AS nc_count FROM `goods_common` WHERE ( gc_id_3 = '5564' ) AND ( contract_2 = '1' ) LIMIT 1  
[2020-05-21 08:50:16] /shop/index.php?controller=cate&action=index&cate_id=782&key=2&order=2&new=1&ci=3&yx=1&gift=1 ( act=cate&action=index ) 
ERR: Db Error: Unknown column 'contract_3' in 'where clause'
SELECT COUNT(*) AS nc_count FROM `goods_common` WHERE ( is_new_arrival = '1' ) AND ( is_select = '1' ) AND ( contract_3 = '1' ) LIMIT 1  
[2020-05-21 08:55:43] /shop/index.php?controller=cate&action=index&cate_id=2627&key=2&order=2&type=1&ci=3 ( act=cate&action=index ) 
ERR: Db Error: Unknown column 'contract_3' in 'where clause'
SELECT COUNT(*) AS nc_count FROM `goods_common` WHERE ( is_own_shop = '1' ) AND ( contract_3 = '1' ) LIMIT 1  
[2020-05-21 09:05:10] /shop/index.php?controller=cate&action=index&cate_id=642&key=1&order=2&ci=2 ( act=cate&action=index ) 
ERR: Db Error: Unknown column 'contract_2' in 'where clause'
SELECT COUNT(*) AS nc_count FROM `goods_common` WHERE ( contract_2 = '1' ) LIMIT 1  
[2020-05-21 09:14:38] /shop/index.php?controller=cate&action=index&cate_id=3115&key=1&order=2&area_id=15&ci=4_1_2&yx=&gift=1&type=1 ( act=cate&action=index ) 
ERR: Db Error: Unknown column 'contract_4' in 'where clause'
SELECT COUNT(*) AS nc_count FROM `goods_common` WHERE ( areaid_1 = '15' ) AND ( is_own_shop = '1' ) AND ( contract_4 = '1' ) AND ( contract_1 = '1' ) AND ( contract_2 = '1' ) LIMIT 1  
[2020-05-21 09:24:06] /shop/index.php?controller=cate&action=index&cate_id=13&area_id=3&key=2&order=2&yx=1&type=&ci=1 ( act=cate&action=index ) 
ERR: Db Error: Unknown column 'contract_1' in 'where clause'
SELECT COUNT(*) AS nc_count FROM `goods_common` WHERE ( areaid_1 = '3' ) AND ( is_select = '1' ) AND ( contract_1 = '1' ) LIMIT 1  
[2020-05-21 09:52:30] /shop/index.php?controller=cate&action=index&cate_id=2332&type=1&key=&order=&area_id=&gift=1&ci=2_4&yx=&new=1 ( act=cate&action=index ) 
ERR: Db Error: Unknown column 'contract_2' in 'where clause'
SELECT COUNT(*) AS nc_count FROM `goods_common` WHERE ( is_own_shop = '1' ) AND ( is_new_arrival = '1' ) AND ( contract_2 = '1' ) AND ( contract_4 = '1' ) LIMIT 1  
[2020-05-21 10:01:58] /shop/index.php?controller=cate&action=index&cate_id=642&key=1&order=2&ci=1 ( act=cate&action=index ) 
ERR: Db Error: Unknown column 'contract_1' in 'where clause'
SELECT COUNT(*) AS nc_count FROM `goods_common` WHERE ( contract_1 = '1' ) LIMIT 1  
[2020-05-21 10:19:29] /shop/index.php?controller=cate&action=index&cate_id=100&gift=&ci=4&new=&key=2&order=1&type=&yx=1 ( act=cate&action=index ) 
ERR: Db Error: Unknown column 'contract_4' in 'where clause'
SELECT COUNT(*) AS nc_count FROM `goods_common` WHERE ( is_select = '1' ) AND ( contract_4 = '1' ) LIMIT 1  
[2020-05-21 10:30:22] /shop/index.php?controller=cate&action=index&cate_id=3115&key=1&order=2&area_id=15&ci=4_1&yx=&gift=&type=1 ( act=cate&action=index ) 
ERR: Db Error: Unknown column 'contract_4' in 'where clause'
SELECT COUNT(*) AS nc_count FROM `goods_common` WHERE ( areaid_1 = '15' ) AND ( is_own_shop = '1' ) AND ( contract_4 = '1' ) AND ( contract_1 = '1' ) LIMIT 1  
[2020-05-21 10:49:18] /shop/index.php?controller=cate&action=index&cate_id=3115&key=1&order=2&area_id=15&ci=4_1&yx=&gift=1&type= ( act=cate&action=index ) 
ERR: Db Error: Unknown column 'contract_4' in 'where clause'
SELECT COUNT(*) AS nc_count FROM `goods_common` WHERE ( areaid_1 = '15' ) AND ( contract_4 = '1' ) AND ( contract_1 = '1' ) LIMIT 1  
[2020-05-21 11:08:14] /shop/index.php?controller=cate&action=index&cate_id=702&key=1&order=2&area_id=6&ci=1_2&gift=&new=1&type=1&yx=1 ( act=cate&action=index ) 
ERR: Db Error: Unknown column 'contract_1' in 'where clause'
SELECT COUNT(*) AS nc_count FROM `goods_common` WHERE ( areaid_1 = '6' ) AND ( is_own_shop = '1' ) AND ( is_new_arrival = '1' ) AND ( is_select = '1' ) AND ( contract_1 = '1' ) AND ( contract_2 = '1' ) LIMIT 1  
[2020-05-21 11:17:42] /shop/index.php?controller=cate&action=index&cate_id=4579&type=1&key=1&order=2&gift=1&ci=2 ( act=cate&action=index ) 
ERR: Db Error: Unknown column 'contract_2' in 'where clause'
SELECT COUNT(*) AS nc_count FROM `goods_common` WHERE ( is_own_shop = '1' ) AND ( contract_2 = '1' ) LIMIT 1  
[2020-05-21 11:21:52] /shop/index.php?action=index&cate_id=5564&ci=1&controller=cate ( act=cate&action=index ) 
ERR: Db Error: Unknown column 'contract_1' in 'where clause'
SELECT COUNT(*) AS nc_count FROM `goods_common` WHERE ( gc_id_3 = '5564' ) AND ( contract_1 = '1' ) LIMIT 1  
[2020-05-21 11:27:09] /shop/index.php?controller=cate&action=index&cate_id=733&gift=&key=2&order=2&ci=4_2&yx=1 ( act=cate&action=index ) 
ERR: Db Error: Unknown column 'contract_4' in 'where clause'
SELECT COUNT(*) AS nc_count FROM `goods_common` WHERE ( is_select = '1' ) AND ( contract_4 = '1' ) AND ( contract_2 = '1' ) LIMIT 1  
[2020-05-21 11:35:13] /shop/index.php?controller=cate&action=index&cate_id=782&key=1&order=2&new=1&ci=3&yx=1 ( act=cate&action=index ) 
ERR: Db Error: Unknown column 'contract_3' in 'where clause'
SELECT COUNT(*) AS nc_count FROM `goods_common` WHERE ( is_new_arrival = '1' ) AND ( is_select = '1' ) AND ( contract_3 = '1' ) LIMIT 1  
[2020-05-21 11:46:06] /shop/index.php?controller=cate&action=index&cate_id=86&ci=3 ( act=cate&action=index ) 
ERR: Db Error: Unknown column 'contract_3' in 'where clause'
SELECT COUNT(*) AS nc_count FROM `goods_common` WHERE ( contract_3 = '1' ) LIMIT 1  
[2020-05-21 12:17:21] /shop/index.php?action=index&area_id=22&cate_id=899&ci=2&controller=cate&gift=1&type=1 ( act=cate&action=index ) 
ERR: Db Error: Unknown column 'contract_2' in 'where clause'
SELECT COUNT(*) AS nc_count FROM `goods_common` WHERE ( areaid_1 = '22' ) AND ( is_own_shop = '1' ) AND ( contract_2 = '1' ) LIMIT 1  
[2020-05-21 12:23:58] /shop/index.php?controller=cate&action=index&cate_id=4630&key=2&order=2&ci=1 ( act=cate&action=index ) 
ERR: Db Error: Unknown column 'contract_1' in 'where clause'
SELECT COUNT(*) AS nc_count FROM `goods_common` WHERE ( contract_1 = '1' ) LIMIT 1  
[2020-05-21 12:42:54] /shop/index.php?controller=cate&action=index&cate_id=35&ci=3_1_2&key=3&order=1 ( act=cate&action=index ) 
ERR: Db Error: Unknown column 'contract_3' in 'where clause'
SELECT COUNT(*) AS nc_count FROM `goods_common` WHERE ( contract_3 = '1' ) AND ( contract_1 = '1' ) AND ( contract_2 = '1' ) LIMIT 1  
[2020-05-21 12:49:25] /shop/index.php?controller=cate&action=index&cate_id=782&key=2&order=2&new=1&ci=3&yx=1&type=1 ( act=cate&action=index ) 
ERR: Db Error: Unknown column 'contract_3' in 'where clause'
SELECT COUNT(*) AS nc_count FROM `goods_common` WHERE ( is_own_shop = '1' ) AND ( is_new_arrival = '1' ) AND ( is_select = '1' ) AND ( contract_3 = '1' ) LIMIT 1  
[2020-05-21 13:11:18] /shop/index.php?controller=cate&action=index&cate_id=731&key=1&order=2&new=1&ci=1_3 ( act=cate&action=index ) 
ERR: Db Error: Unknown column 'contract_1' in 'where clause'
SELECT COUNT(*) AS nc_count FROM `goods_common` WHERE ( is_new_arrival = '1' ) AND ( contract_1 = '1' ) AND ( contract_3 = '1' ) LIMIT 1  
[2020-05-21 13:30:14] /shop/index.php?controller=cate&action=index&cate_id=100&gift=&ci=3&new=1&key=2&order=1&type=&yx=1 ( act=cate&action=index ) 
ERR: Db Error: Unknown column 'contract_3' in 'where clause'
SELECT COUNT(*) AS nc_count FROM `goods_common` WHERE ( is_new_arrival = '1' ) AND ( is_select = '1' ) AND ( contract_3 = '1' ) LIMIT 1  
[2020-05-21 13:39:42] /shop/index.php?controller=cate&action=index&cate_id=5458&key=1&order=1&gift=1&ci=1 ( act=cate&action=index ) 
ERR: Db Error: Unknown column 'contract_1' in 'where clause'
SELECT COUNT(*) AS nc_count FROM `goods_common` WHERE ( contract_1 = '1' ) LIMIT 1  
[2020-05-21 13:58:24] /shop/index.php?controller=cate&action=index&cate_id=782&key=&order=&new=1&ci=3&yx=1 ( act=cate&action=index ) 
ERR: Db Error: Unknown column 'contract_3' in 'where clause'
SELECT COUNT(*) AS nc_count FROM `goods_common` WHERE ( is_new_arrival = '1' ) AND ( is_select = '1' ) AND ( contract_3 = '1' ) LIMIT 1  
[2020-05-21 14:45:58] /shop/index.php?controller=cate&action=index&cate_id=731&area_id=15&gift=&ci=2 ( act=cate&action=index ) 
ERR: Db Error: Unknown column 'contract_2' in 'where clause'
SELECT COUNT(*) AS nc_count FROM `goods_common` WHERE ( areaid_1 = '15' ) AND ( contract_2 = '1' ) LIMIT 1  
[2020-05-21 15:14:21] /shop/index.php?controller=cate&action=index&cate_id=3241&type=1&area_id=19&key=1&order=1&ci=4&yx=1&new=1 ( act=cate&action=index ) 
ERR: Db Error: Unknown column 'contract_4' in 'where clause'
SELECT COUNT(*) AS nc_count FROM `goods_common` WHERE ( areaid_1 = '19' ) AND ( is_own_shop = '1' ) AND ( is_new_arrival = '1' ) AND ( is_select = '1' ) AND ( contract_4 = '1' ) LIMIT 1  
[2020-05-21 15:14:28] /shop/index.php?controller=cate&action=index&cate_id=2809&key=3&order=1&ci=2_4&new=1&gift=1&area_id=14&type=1&yx=1 ( act=cate&action=index ) 
ERR: Db Error: Unknown column 'contract_2' in 'where clause'
SELECT COUNT(*) AS nc_count FROM `goods_common` WHERE ( areaid_1 = '14' ) AND ( is_own_shop = '1' ) AND ( is_new_arrival = '1' ) AND ( is_select = '1' ) AND ( contract_2 = '1' ) AND ( contract_4 = '1' ) LIMIT 1  
[2020-05-21 15:20:38] /shop/index.php?action=index&area_id=&cate_id=5542&controller=cate ( act=cate&action=index ) 
ERR: Db Error: Unknown column 'gc_id_' in 'where clause'
SELECT count(distinct CONCAT(goods_commonid,',',color_id)) AS nc_count FROM `goods` WHERE ( gc_id_ = '5542' ) AND ( goods_state = '1' ) AND ( goods_verify = '1' ) LIMIT 1  
[2020-05-21 15:20:38] /shop/index.php?action=index&area_id=&cate_id=5542&controller=cate ( act=cate&action=index ) 
ERR: Db Error: Unknown column 'gc_id_' in 'where clause'
SELECT COUNT(*) AS nc_count FROM `goods_common` WHERE ( gc_id_ = '5542' ) LIMIT 1  
[2020-05-21 15:20:38] /shop/index.php?action=index&area_id=&cate_id=5542&controller=cate ( act=cate&action=index ) 
ERR: Db Error: Unknown column 'gc_id_' in 'where clause'
SELECT * FROM `goods` WHERE ( gc_id_ = '5542' ) AND ( goods_state = '1' ) AND ( goods_verify = '1' ) ORDER BY goods_salenum desc LIMIT 5  
[2020-05-21 15:52:14] /shop/index.php?controller=cate&action=index&cate_id=248&area_id=4&gift=&ci=4&yx=1&type= ( act=cate&action=index ) 
ERR: Db Error: Unknown column 'contract_4' in 'where clause'
SELECT COUNT(*) AS nc_count FROM `goods_common` WHERE ( areaid_1 = '4' ) AND ( is_select = '1' ) AND ( contract_4 = '1' ) LIMIT 1  
[2020-05-21 16:20:38] /shop/index.php?controller=cate&action=index&cate_id=2866&key=2&order=2&ci=1_2&new=&area_id=29&gift=&yx=1&type=1 ( act=cate&action=index ) 
ERR: Db Error: Unknown column 'contract_1' in 'where clause'
SELECT COUNT(*) AS nc_count FROM `goods_common` WHERE ( areaid_1 = '29' ) AND ( is_own_shop = '1' ) AND ( is_select = '1' ) AND ( contract_1 = '1' ) AND ( contract_2 = '1' ) LIMIT 1  
[2020-05-21 16:30:05] /shop/index.php?controller=cate&action=index&cate_id=115&ci=4_2&key=3&order=2&new=1&type=1 ( act=cate&action=index ) 
ERR: Db Error: Unknown column 'contract_4' in 'where clause'
SELECT COUNT(*) AS nc_count FROM `goods_common` WHERE ( is_own_shop = '1' ) AND ( is_new_arrival = '1' ) AND ( contract_4 = '1' ) AND ( contract_2 = '1' ) LIMIT 1  
[2020-05-21 16:31:14] /shop/index.php?controller=cate&action=index&cate_id=100&gift=1&ci=4&new=1&key=2&order=1&type=&yx=1 ( act=cate&action=index ) 
ERR: Db Error: Unknown column 'contract_4' in 'where clause'
SELECT COUNT(*) AS nc_count FROM `goods_common` WHERE ( is_new_arrival = '1' ) AND ( is_select = '1' ) AND ( contract_4 = '1' ) LIMIT 1  
[2020-05-21 16:39:34] /shop/index.php?controller=cate&action=index&cate_id=49&yx=1&new=1&gift=&type=1&ci=2 ( act=cate&action=index ) 
ERR: Db Error: Unknown column 'contract_2' in 'where clause'
SELECT COUNT(*) AS nc_count FROM `goods_common` WHERE ( is_own_shop = '1' ) AND ( is_new_arrival = '1' ) AND ( is_select = '1' ) AND ( contract_2 = '1' ) LIMIT 1  
[2020-05-21 16:49:01] /shop/index.php?controller=cate&action=index&cate_id=1035&key=2&order=2&new=1&ci=1&gift=&yx=1 ( act=cate&action=index ) 
ERR: Db Error: Unknown column 'contract_1' in 'where clause'
SELECT COUNT(*) AS nc_count FROM `goods_common` WHERE ( is_new_arrival = '1' ) AND ( is_select = '1' ) AND ( contract_1 = '1' ) LIMIT 1  
[2020-05-21 17:09:41] /shop/index.php?action=index&area_id=9&cate_id=762&ci=3_1&controller=cate&key=3&new=1&order=2 ( act=cate&action=index ) 
ERR: Db Error: Unknown column 'contract_3' in 'where clause'
SELECT COUNT(*) AS nc_count FROM `goods_common` WHERE ( areaid_1 = '9' ) AND ( is_new_arrival = '1' ) AND ( contract_3 = '1' ) AND ( contract_1 = '1' ) LIMIT 1  
[2020-05-21 17:26:53] /shop/index.php?controller=cate&action=index&cate_id=4849&type=1&key=1&order=2&ci=1 ( act=cate&action=index ) 
ERR: Db Error: Unknown column 'contract_1' in 'where clause'
SELECT COUNT(*) AS nc_count FROM `goods_common` WHERE ( is_own_shop = '1' ) AND ( contract_1 = '1' ) LIMIT 1  
[2020-05-21 17:36:22] /shop/index.php?controller=cate&action=index&cate_id=5218&yx=1&new=&type=1&key=&order=&ci=3_2&gift=1 ( act=cate&action=index ) 
ERR: Db Error: Unknown column 'contract_3' in 'where clause'
SELECT COUNT(*) AS nc_count FROM `goods_common` WHERE ( is_own_shop = '1' ) AND ( is_select = '1' ) AND ( contract_3 = '1' ) AND ( contract_2 = '1' ) LIMIT 1  
[2020-05-21 17:47:47] /shop/index.php?controller=cate&action=index&cate_id=731&key=3&order=2&ci=3&area_id=31 ( act=cate&action=index ) 
ERR: Db Error: Unknown column 'contract_3' in 'where clause'
SELECT COUNT(*) AS nc_count FROM `goods_common` WHERE ( areaid_1 = '31' ) AND ( contract_3 = '1' ) LIMIT 1  
[2020-05-21 17:57:28] /shop/index.php?action=index&area_id=21&cate_id=726&ci=4_2_1&controller=cate&key=1&order=2 ( act=cate&action=index ) 
ERR: Db Error: Unknown column 'contract_4' in 'where clause'
SELECT COUNT(*) AS nc_count FROM `goods_common` WHERE ( areaid_1 = '21' ) AND ( contract_4 = '1' ) AND ( contract_2 = '1' ) AND ( contract_1 = '1' ) LIMIT 1  
[2020-05-21 18:01:51] /shop/index.php?action=index&area_id=1&cate_id=5542&controller=cate ( act=cate&action=index ) 
ERR: Db Error: Unknown column 'gc_id_' in 'where clause'
SELECT count(distinct CONCAT(goods_commonid,',',color_id)) AS nc_count FROM `goods` WHERE ( gc_id_ = '5542' ) AND ( areaid_1 = '1' ) AND ( goods_state = '1' ) AND ( goods_verify = '1' ) LIMIT 1  
[2020-05-21 18:01:51] /shop/index.php?action=index&area_id=1&cate_id=5542&controller=cate ( act=cate&action=index ) 
ERR: Db Error: Unknown column 'gc_id_' in 'where clause'
SELECT COUNT(*) AS nc_count FROM `goods_common` WHERE ( gc_id_ = '5542' ) AND ( areaid_1 = '1' ) LIMIT 1  
[2020-05-21 18:01:51] /shop/index.php?action=index&area_id=1&cate_id=5542&controller=cate ( act=cate&action=index ) 
ERR: Db Error: Unknown column 'gc_id_' in 'where clause'
SELECT * FROM `goods` WHERE ( gc_id_ = '5542' ) AND ( areaid_1 = '1' ) AND ( goods_state = '1' ) AND ( goods_verify = '1' ) ORDER BY goods_salenum desc LIMIT 5  
[2020-05-21 18:04:46] /shop/index.php?controller=cate&action=index&cate_id=540&key=3&order=1&area_id=9&ci=2&type=1&new=1 ( act=cate&action=index ) 
ERR: Db Error: Unknown column 'contract_2' in 'where clause'
SELECT COUNT(*) AS nc_count FROM `goods_common` WHERE ( areaid_1 = '9' ) AND ( is_own_shop = '1' ) AND ( is_new_arrival = '1' ) AND ( contract_2 = '1' ) LIMIT 1  
[2020-05-21 18:14:14] /shop/index.php?controller=cate&action=index&cate_id=2332&type=&key=&order=&area_id=&gift=1&ci=2_4_1&yx=1 ( act=cate&action=index ) 
ERR: Db Error: Unknown column 'contract_2' in 'where clause'
SELECT COUNT(*) AS nc_count FROM `goods_common` WHERE ( is_select = '1' ) AND ( contract_2 = '1' ) AND ( contract_4 = '1' ) AND ( contract_1 = '1' ) LIMIT 1  
[2020-05-21 18:33:10] /shop/index.php?controller=cate&action=index&cate_id=3786&order=&key=&new=1&ci=3&type= ( act=cate&action=index ) 
ERR: Db Error: Unknown column 'contract_3' in 'where clause'
SELECT COUNT(*) AS nc_count FROM `goods_common` WHERE ( is_new_arrival = '1' ) AND ( contract_3 = '1' ) LIMIT 1  
[2020-05-21 18:59:07] /shop/index.php?controller=cate&action=index&cate_id=731&key=3&order=1&ci=3&area_id=31&type=1 ( act=cate&action=index ) 
ERR: Db Error: Unknown column 'contract_3' in 'where clause'
SELECT COUNT(*) AS nc_count FROM `goods_common` WHERE ( areaid_1 = '31' ) AND ( is_own_shop = '1' ) AND ( contract_3 = '1' ) LIMIT 1  
[2020-05-21 19:01:33] /shop/index.php?controller=cate&action=index&cate_id=100&gift=1&ci=3&new=1&key=2&order=1&type=1&yx= ( act=cate&action=index ) 
ERR: Db Error: Unknown column 'contract_3' in 'where clause'
SELECT COUNT(*) AS nc_count FROM `goods_common` WHERE ( is_own_shop = '1' ) AND ( is_new_arrival = '1' ) AND ( contract_3 = '1' ) LIMIT 1  
[2020-05-21 19:48:54] /shop/index.php?controller=cate&action=index&cate_id=3181&key=2&order=1&new=1&gift=1&ci=3 ( act=cate&action=index ) 
ERR: Db Error: Unknown column 'contract_3' in 'where clause'
SELECT COUNT(*) AS nc_count FROM `goods_common` WHERE ( is_new_arrival = '1' ) AND ( contract_3 = '1' ) LIMIT 1  
[2020-05-21 19:58:21] /shop/index.php?controller=cate&action=index&cate_id=436&key=1&order=2&ci=3&gift=&new=1&area_id=17 ( act=cate&action=index ) 
ERR: Db Error: Unknown column 'contract_3' in 'where clause'
SELECT COUNT(*) AS nc_count FROM `goods_common` WHERE ( areaid_1 = '17' ) AND ( is_new_arrival = '1' ) AND ( contract_3 = '1' ) LIMIT 1  
[2020-05-21 20:05:32] /shop/index.php?controller=cate&action=index&cate_id=5483&ci=4&area_id=15 ( act=cate&action=index ) 
ERR: Db Error: Unknown column 'contract_4' in 'where clause'
SELECT COUNT(*) AS nc_count FROM `goods_common` WHERE ( gc_id_2 = '5483' ) AND ( areaid_1 = '15' ) AND ( contract_4 = '1' ) LIMIT 1  
[2020-05-21 20:07:50] /shop/index.php?controller=cate&action=index&cate_id=2866&key=3&order=2&ci=1_2&new=1&area_id=29&gift=&yx=1 ( act=cate&action=index ) 
ERR: Db Error: Unknown column 'contract_1' in 'where clause'
SELECT COUNT(*) AS nc_count FROM `goods_common` WHERE ( areaid_1 = '29' ) AND ( is_new_arrival = '1' ) AND ( is_select = '1' ) AND ( contract_1 = '1' ) AND ( contract_2 = '1' ) LIMIT 1  
[2020-05-21 20:08:26] /shop/index.php?controller=cate&action=index&cate_id=5483&ci=4&area_id=17 ( act=cate&action=index ) 
ERR: Db Error: Unknown column 'contract_4' in 'where clause'
SELECT COUNT(*) AS nc_count FROM `goods_common` WHERE ( gc_id_2 = '5483' ) AND ( areaid_1 = '17' ) AND ( contract_4 = '1' ) LIMIT 1  
[2020-05-21 20:12:03] /shop/index.php?controller=cate&action=index&cate_id=5483&ci=4&area_id=18 ( act=cate&action=index ) 
ERR: Db Error: Unknown column 'contract_4' in 'where clause'
SELECT COUNT(*) AS nc_count FROM `goods_common` WHERE ( gc_id_2 = '5483' ) AND ( areaid_1 = '18' ) AND ( contract_4 = '1' ) LIMIT 1  
[2020-05-21 20:16:24] /shop/index.php?controller=cate&action=index&cate_id=5483&ci=4&area_id=19 ( act=cate&action=index ) 
ERR: Db Error: Unknown column 'contract_4' in 'where clause'
SELECT COUNT(*) AS nc_count FROM `goods_common` WHERE ( gc_id_2 = '5483' ) AND ( areaid_1 = '19' ) AND ( contract_4 = '1' ) LIMIT 1  
[2020-05-21 20:17:18] /shop/index.php?controller=cate&action=index&cate_id=3310&key=3&order=2&type=&ci=3_4 ( act=cate&action=index ) 
ERR: Db Error: Unknown column 'contract_3' in 'where clause'
SELECT COUNT(*) AS nc_count FROM `goods_common` WHERE ( contract_3 = '1' ) AND ( contract_4 = '1' ) LIMIT 1  
[2020-05-21 20:21:00] /shop/index.php?controller=cate&action=index&cate_id=5483&ci=4&area_id=21 ( act=cate&action=index ) 
ERR: Db Error: Unknown column 'contract_4' in 'where clause'
SELECT COUNT(*) AS nc_count FROM `goods_common` WHERE ( gc_id_2 = '5483' ) AND ( areaid_1 = '21' ) AND ( contract_4 = '1' ) LIMIT 1  
[2020-05-21 20:27:29] /shop/index.php?controller=cate&action=index&cate_id=5483&ci=4&area_id=22 ( act=cate&action=index ) 
ERR: Db Error: Unknown column 'contract_4' in 'where clause'
SELECT COUNT(*) AS nc_count FROM `goods_common` WHERE ( gc_id_2 = '5483' ) AND ( areaid_1 = '22' ) AND ( contract_4 = '1' ) LIMIT 1  
[2020-05-21 20:33:09] /shop/index.php?controller=cate&action=index&cate_id=5483&ci=4&area_id=23 ( act=cate&action=index ) 
ERR: Db Error: Unknown column 'contract_4' in 'where clause'
SELECT COUNT(*) AS nc_count FROM `goods_common` WHERE ( gc_id_2 = '5483' ) AND ( areaid_1 = '23' ) AND ( contract_4 = '1' ) LIMIT 1  
[2020-05-21 20:36:14] /shop/index.php?controller=cate&action=index&cate_id=2414&ci=3&yx=&key=3&order=1&area_id=7&new=1 ( act=cate&action=index ) 
ERR: Db Error: Unknown column 'contract_3' in 'where clause'
SELECT COUNT(*) AS nc_count FROM `goods_common` WHERE ( areaid_1 = '7' ) AND ( is_new_arrival = '1' ) AND ( contract_3 = '1' ) LIMIT 1  
[2020-05-21 20:39:32] /shop/index.php?controller=cate&action=index&cate_id=5483&ci=4&area_id=24 ( act=cate&action=index ) 
ERR: Db Error: Unknown column 'contract_4' in 'where clause'
SELECT COUNT(*) AS nc_count FROM `goods_common` WHERE ( gc_id_2 = '5483' ) AND ( areaid_1 = '24' ) AND ( contract_4 = '1' ) LIMIT 1  
[2020-05-21 20:46:03] /shop/index.php?controller=cate&action=index&cate_id=5483&ci=4&area_id=29 ( act=cate&action=index ) 
ERR: Db Error: Unknown column 'contract_4' in 'where clause'
SELECT COUNT(*) AS nc_count FROM `goods_common` WHERE ( gc_id_2 = '5483' ) AND ( areaid_1 = '29' ) AND ( contract_4 = '1' ) LIMIT 1  
[2020-05-21 20:51:27] /shop/index.php?controller=cate&action=index&cate_id=5483&ci=4&area_id=6 ( act=cate&action=index ) 
ERR: Db Error: Unknown column 'contract_4' in 'where clause'
SELECT COUNT(*) AS nc_count FROM `goods_common` WHERE ( gc_id_2 = '5483' ) AND ( areaid_1 = '6' ) AND ( contract_4 = '1' ) LIMIT 1  
[2020-05-21 20:55:10] /shop/index.php?controller=cate&action=index&cate_id=4972&key=1&order=2&type=1&area_id=17&yx=1&ci=1 ( act=cate&action=index ) 
ERR: Db Error: Unknown column 'contract_1' in 'where clause'
SELECT COUNT(*) AS nc_count FROM `goods_common` WHERE ( areaid_1 = '17' ) AND ( is_own_shop = '1' ) AND ( is_select = '1' ) AND ( contract_1 = '1' ) LIMIT 1  
[2020-05-21 20:59:56] /shop/index.php?controller=cate&action=index&cate_id=4972&key=1&order=2&type=&area_id=17&new=1&ci=1 ( act=cate&action=index ) 
ERR: Db Error: Unknown column 'contract_1' in 'where clause'
SELECT COUNT(*) AS nc_count FROM `goods_common` WHERE ( areaid_1 = '17' ) AND ( is_new_arrival = '1' ) AND ( contract_1 = '1' ) LIMIT 1  
[2020-05-21 21:23:34] /shop/index.php?controller=cate&action=index&cate_id=1035&key=2&order=2&new=&ci=1&gift=1&yx=1&type=1 ( act=cate&action=index ) 
ERR: Db Error: Unknown column 'contract_1' in 'where clause'
SELECT COUNT(*) AS nc_count FROM `goods_common` WHERE ( is_own_shop = '1' ) AND ( is_select = '1' ) AND ( contract_1 = '1' ) LIMIT 1  
[2020-05-21 21:31:53] /shop/index.php?controller=cate&action=index&cate_id=2809&key=1&order=1&ci=4&new=&gift=1&area_id=23&type=1&yx=1 ( act=cate&action=index ) 
ERR: Db Error: Unknown column 'contract_4' in 'where clause'
SELECT COUNT(*) AS nc_count FROM `goods_common` WHERE ( areaid_1 = '23' ) AND ( is_own_shop = '1' ) AND ( is_select = '1' ) AND ( contract_4 = '1' ) LIMIT 1  
[2020-05-21 21:33:01] /shop/index.php?controller=cate&action=index&cate_id=513&gift=&new=1&key=3&order=2&ci=3&type=1 ( act=cate&action=index ) 
ERR: Db Error: Unknown column 'contract_3' in 'where clause'
SELECT COUNT(*) AS nc_count FROM `goods_common` WHERE ( is_own_shop = '1' ) AND ( is_new_arrival = '1' ) AND ( contract_3 = '1' ) LIMIT 1  
[2020-05-21 21:51:58] /shop/index.php?controller=cate&action=index&cate_id=300&gift=1&ci=4&key=2&order=2&new=&area_id=3 ( act=cate&action=index ) 
ERR: Db Error: Unknown column 'contract_4' in 'where clause'
SELECT COUNT(*) AS nc_count FROM `goods_common` WHERE ( areaid_1 = '3' ) AND ( contract_4 = '1' ) LIMIT 1  
[2020-05-21 22:20:22] /shop/index.php?controller=cate&action=index&cate_id=5443&ci=4_3_2&key=3&order=2&yx=1&type=&gift=1&new= ( act=cate&action=index ) 
ERR: Db Error: Unknown column 'contract_4' in 'where clause'
SELECT COUNT(*) AS nc_count FROM `goods_common` WHERE ( is_select = '1' ) AND ( contract_4 = '1' ) AND ( contract_3 = '1' ) AND ( contract_2 = '1' ) LIMIT 1  
[2020-05-21 22:29:50] /shop/index.php?controller=cate&action=index&cate_id=671&gift=1&type=1&new=1&ci=3 ( act=cate&action=index ) 
ERR: Db Error: Unknown column 'contract_3' in 'where clause'
SELECT COUNT(*) AS nc_count FROM `goods_common` WHERE ( is_own_shop = '1' ) AND ( is_new_arrival = '1' ) AND ( contract_3 = '1' ) LIMIT 1  
[2020-05-21 22:44:14] /shop/index.php?controller=cate&action=index&cate_id=2809&key=1&order=1&ci=4&new=1&gift=1&area_id=23&type=1&yx= ( act=cate&action=index ) 
ERR: Db Error: Unknown column 'contract_4' in 'where clause'
SELECT COUNT(*) AS nc_count FROM `goods_common` WHERE ( areaid_1 = '23' ) AND ( is_own_shop = '1' ) AND ( is_new_arrival = '1' ) AND ( contract_4 = '1' ) LIMIT 1  
[2020-05-21 22:48:47] /shop/index.php?controller=cate&action=index&cate_id=114&ci=1 ( act=cate&action=index ) 
ERR: Db Error: Unknown column 'contract_1' in 'where clause'
SELECT COUNT(*) AS nc_count FROM `goods_common` WHERE ( contract_1 = '1' ) LIMIT 1  
[2020-05-21 23:07:42] /shop/index.php?controller=cate&action=index&cate_id=4983&key=1&order=1&yx=1&ci=2_1 ( act=cate&action=index ) 
ERR: Db Error: Unknown column 'contract_2' in 'where clause'
SELECT COUNT(*) AS nc_count FROM `goods_common` WHERE ( is_select = '1' ) AND ( contract_2 = '1' ) AND ( contract_1 = '1' ) LIMIT 1  
[2020-05-21 23:45:34] /shop/index.php?controller=cate&action=index&cate_id=2347&gift=&new=1&ci=2_1&yx=&key=2&order=2&type= ( act=cate&action=index ) 
ERR: Db Error: Unknown column 'contract_2' in 'where clause'
SELECT COUNT(*) AS nc_count FROM `goods_common` WHERE ( is_new_arrival = '1' ) AND ( contract_2 = '1' ) AND ( contract_1 = '1' ) LIMIT 1  
