[2020-02-20 16:04:09] /shop/index.php?action=index&area_id=35&cate_id=2167&ci=2&controller=cate ( act=cate&action=index ) 
ERR: Db Error: Unknown column 'contract_2' in 'where clause'
SELECT COUNT(*) AS nc_count FROM `goods_common` WHERE ( gc_id_3 = '2167' ) AND ( areaid_1 = '35' ) AND ( contract_2 = '1' ) LIMIT 1  
[2020-02-20 16:04:17] /shop/index.php?action=index&area_id=18&cate_id=5526&ci=3&controller=cate ( act=cate&action=index ) 
ERR: Db Error: Unknown column 'contract_3' in 'where clause'
SELECT COUNT(*) AS nc_count FROM `goods_common` WHERE ( gc_id_2 = '5526' ) AND ( areaid_1 = '18' ) AND ( contract_3 = '1' ) LIMIT 1  
[2020-02-20 16:08:34] /shop/index.php?controller=show_store&action=ajax_flowstat_record&store_id=7&goods_id=&act_param=show_store&op_param=index ( act=show_store&action=ajax_flowstat_record ) 
ERR: Db Error: Table 'hiji100_com.flowstat_1' doesn't exist
SELECT * FROM `flowstat_1` WHERE ( stattime = '1582128000' ) AND ( store_id = '7' ) AND ( type = 'sum' ) LIMIT 1  
[2020-02-20 16:08:34] /shop/index.php?controller=show_store&action=ajax_flowstat_record&store_id=7&goods_id=&act_param=show_store&op_param=index ( act=show_store&action=ajax_flowstat_record ) 
ERR: Db Error: Table 'hiji100_com.flowstat_1' doesn't exist
INSERT INTO `flowstat_1` (stattime,clicknum,store_id,type,goods_id) VALUES ('1582128000','1','7','sum','0')
[2020-02-20 16:33:31] /shop/index.php?action=index&area_id=6&cate_id=322&ci=2_3&controller=cate ( act=cate&action=index ) 
ERR: Db Error: Unknown column 'contract_2' in 'where clause'
SELECT COUNT(*) AS nc_count FROM `goods_common` WHERE ( areaid_1 = '6' ) AND ( contract_2 = '1' ) AND ( contract_3 = '1' ) LIMIT 1  
[2020-02-20 16:40:21] /shop/index.php?action=index&area_id=15&cate_id=490&ci=4_2_3&controller=cate&type=1 ( act=cate&action=index ) 
ERR: Db Error: Unknown column 'contract_4' in 'where clause'
SELECT COUNT(*) AS nc_count FROM `goods_common` WHERE ( areaid_1 = '15' ) AND ( is_own_shop = '1' ) AND ( contract_4 = '1' ) AND ( contract_2 = '1' ) AND ( contract_3 = '1' ) LIMIT 1  
[2020-02-20 16:55:21] /shop/index.php?action=index&area_id=8&cate_id=5548&ci=1_3&controller=cate&key=&new=1&order= ( act=cate&action=index ) 
ERR: Db Error: Unknown column 'contract_1' in 'where clause'
SELECT COUNT(*) AS nc_count FROM `goods_common` WHERE ( gc_id_3 = '5548' ) AND ( areaid_1 = '8' ) AND ( is_new_arrival = '1' ) AND ( contract_1 = '1' ) AND ( contract_3 = '1' ) LIMIT 1  
[2020-02-20 16:55:29] /shop/index.php?action=index&area_id=34&cate_id=5530&ci=1&controller=cate&type=1&yx=1 ( act=cate&action=index ) 
ERR: Db Error: Unknown column 'contract_1' in 'where clause'
SELECT COUNT(*) AS nc_count FROM `goods_common` WHERE ( gc_id_2 = '5530' ) AND ( areaid_1 = '34' ) AND ( is_own_shop = '1' ) AND ( is_select = '1' ) AND ( contract_1 = '1' ) LIMIT 1  
[2020-02-20 16:58:59] /shop/index.php?action=index&area_id=24&cate_id=2165&ci=4&controller=cate&yx=1 ( act=cate&action=index ) 
ERR: Db Error: Unknown column 'contract_4' in 'where clause'
SELECT COUNT(*) AS nc_count FROM `goods_common` WHERE ( gc_id_3 = '2165' ) AND ( areaid_1 = '24' ) AND ( is_select = '1' ) AND ( contract_4 = '1' ) LIMIT 1  
[2020-02-20 16:59:23] /shop/index.php?controller=cate&action=index&cate_id=852&ci=1_4&new=&area_id=4&yx=1 ( act=cate&action=index ) 
ERR: Db Error: Unknown column 'contract_1' in 'where clause'
SELECT COUNT(*) AS nc_count FROM `goods_common` WHERE ( areaid_1 = '4' ) AND ( is_select = '1' ) AND ( contract_1 = '1' ) AND ( contract_4 = '1' ) LIMIT 1  
[2020-02-20 17:08:01] /shop/index.php?action=index&area_id=19&cate_id=411&ci=4_1&controller=cate&type=1 ( act=cate&action=index ) 
ERR: Db Error: Unknown column 'contract_4' in 'where clause'
SELECT COUNT(*) AS nc_count FROM `goods_common` WHERE ( areaid_1 = '19' ) AND ( is_own_shop = '1' ) AND ( contract_4 = '1' ) AND ( contract_1 = '1' ) LIMIT 1  
[2020-02-20 17:33:16] /shop/index.php?controller=cate&action=index&cate_id=4269&ci=1&type=1&key=3&order=2 ( act=cate&action=index ) 
ERR: Db Error: Unknown column 'contract_1' in 'where clause'
SELECT COUNT(*) AS nc_count FROM `goods_common` WHERE ( is_own_shop = '1' ) AND ( contract_1 = '1' ) LIMIT 1  
[2020-02-20 17:42:45] /shop/index.php?controller=cate&action=index&cate_id=5096&yx=1&ci=4_1&key=1&order=1&type=1&gift= ( act=cate&action=index ) 
ERR: Db Error: Unknown column 'contract_4' in 'where clause'
SELECT COUNT(*) AS nc_count FROM `goods_common` WHERE ( is_own_shop = '1' ) AND ( is_select = '1' ) AND ( contract_4 = '1' ) AND ( contract_1 = '1' ) LIMIT 1  
[2020-02-20 17:50:22] /shop/index.php?action=index&cate_id=5552&ci=3&controller=cate&key=3&new=&order=2 ( act=cate&action=index ) 
ERR: Db Error: Unknown column 'contract_3' in 'where clause'
SELECT COUNT(*) AS nc_count FROM `goods_common` WHERE ( gc_id_3 = '5552' ) AND ( contract_3 = '1' ) LIMIT 1  
[2020-02-20 17:50:22] /shop/index.php?action=index&area_id=2&cate_id=651&ci=1_4&controller=cate&key=3&order=2&type=1 ( act=cate&action=index ) 
ERR: Db Error: Unknown column 'contract_1' in 'where clause'
SELECT COUNT(*) AS nc_count FROM `goods_common` WHERE ( areaid_1 = '2' ) AND ( is_own_shop = '1' ) AND ( contract_1 = '1' ) AND ( contract_4 = '1' ) LIMIT 1  
[2020-02-20 18:13:56] /shop/index.php?controller=cate&action=index&cate_id=93&ci=1&area_id=4&new=1&order=&key= ( act=cate&action=index ) 
ERR: Db Error: Unknown column 'contract_1' in 'where clause'
SELECT COUNT(*) AS nc_count FROM `goods_common` WHERE ( areaid_1 = '4' ) AND ( is_new_arrival = '1' ) AND ( contract_1 = '1' ) LIMIT 1  
[2020-02-20 18:23:23] /shop/index.php?action=index&area_id=27&cate_id=384&ci=4&controller=cate&key=1&order=2&yx=1 ( act=cate&action=index ) 
ERR: Db Error: Unknown column 'contract_4' in 'where clause'
SELECT COUNT(*) AS nc_count FROM `goods_common` WHERE ( areaid_1 = '27' ) AND ( is_select = '1' ) AND ( contract_4 = '1' ) LIMIT 1  
[2020-02-20 18:40:23] /shop/index.php?action=index&area_id=18&ci=1&controller=cate&gift=1&yx=1 ( act=cate&action=index ) 
ERR: Db Error: Unknown column 'contract_1' in 'where clause'
SELECT COUNT(*) AS nc_count FROM `goods_common` WHERE ( areaid_1 = '18' ) AND ( is_select = '1' ) AND ( contract_1 = '1' ) LIMIT 1  
[2020-02-20 18:44:13] /shop/index.php?controller=show_store&action=ajax_flowstat_record&store_id=1&goods_id=89&act_param=goods&op_param=comments_list ( act=show_store&action=ajax_flowstat_record ) 
ERR: Db Error: Table 'hiji100_com.flowstat_1' doesn't exist
SELECT * FROM `flowstat_1` WHERE ( stattime = '1582128000' ) AND ( store_id = '1' ) AND ( type = 'sum' ) LIMIT 1  
[2020-02-20 18:44:13] /shop/index.php?controller=show_store&action=ajax_flowstat_record&store_id=1&goods_id=89&act_param=goods&op_param=comments_list ( act=show_store&action=ajax_flowstat_record ) 
ERR: Db Error: Table 'hiji100_com.flowstat_1' doesn't exist
INSERT INTO `flowstat_1` (stattime,clicknum,store_id,type,goods_id) VALUES ('1582128000','1','1','sum','0')
[2020-02-20 18:49:01] /shop/index.php?controller=cate&action=index&cate_id=3425&key=1&order=2&new=&ci=2&gift=&type=&yx= ( act=cate&action=index ) 
ERR: Db Error: Unknown column 'contract_2' in 'where clause'
SELECT COUNT(*) AS nc_count FROM `goods_common` WHERE ( contract_2 = '1' ) LIMIT 1  
[2020-02-20 18:50:00] /shop/index.php?action=index&area_id=28&cate_id=5589&ci=3&controller=cate ( act=cate&action=index ) 
ERR: Db Error: Unknown column 'contract_3' in 'where clause'
SELECT COUNT(*) AS nc_count FROM `goods_common` WHERE ( gc_id_2 = '5589' ) AND ( areaid_1 = '28' ) AND ( contract_3 = '1' ) LIMIT 1  
[2020-02-20 19:10:55] /shop/index.php?action=index&area_id=33&cate_id=5352&ci=1&controller=cate&yx=1 ( act=cate&action=index ) 
ERR: Db Error: Unknown column 'contract_1' in 'where clause'
SELECT COUNT(*) AS nc_count FROM `goods_common` WHERE ( areaid_1 = '33' ) AND ( is_select = '1' ) AND ( contract_1 = '1' ) LIMIT 1  
[2020-02-20 19:15:23] /shop/index.php?action=index&cate_id=336&ci=2_3&controller=cate&new= ( act=cate&action=index ) 
ERR: Db Error: Unknown column 'contract_2' in 'where clause'
SELECT COUNT(*) AS nc_count FROM `goods_common` WHERE ( contract_2 = '1' ) AND ( contract_3 = '1' ) LIMIT 1  
[2020-02-20 19:30:22] /shop/index.php?action=index&area_id=8&cate_id=274&ci=3&controller=cate&new=1 ( act=cate&action=index ) 
ERR: Db Error: Unknown column 'contract_3' in 'where clause'
SELECT COUNT(*) AS nc_count FROM `goods_common` WHERE ( areaid_1 = '8' ) AND ( is_new_arrival = '1' ) AND ( contract_3 = '1' ) LIMIT 1  
[2020-02-20 20:07:24] /shop/index.php?action=index&area_id=&ci=3_2&controller=cate&key=&new=1&order= ( act=cate&action=index ) 
ERR: Db Error: Unknown column 'contract_3' in 'where clause'
SELECT COUNT(*) AS nc_count FROM `goods_common` WHERE ( is_new_arrival = '1' ) AND ( contract_3 = '1' ) AND ( contract_2 = '1' ) LIMIT 1  
[2020-02-20 20:39:31] /shop/index.php?controller=cate&action=index&cate_id=2399&gift=&key=&order=&ci=3&area_id=21&yx=1 ( act=cate&action=index ) 
ERR: Db Error: Unknown column 'contract_3' in 'where clause'
SELECT COUNT(*) AS nc_count FROM `goods_common` WHERE ( areaid_1 = '21' ) AND ( is_select = '1' ) AND ( contract_3 = '1' ) LIMIT 1  
[2020-02-20 20:44:52] /shop/index.php?action=index&area_id=3&cate_id=1057&ci=4_2&controller=cate ( act=cate&action=index ) 
ERR: Db Error: Unknown column 'contract_4' in 'where clause'
SELECT COUNT(*) AS nc_count FROM `goods_common` WHERE ( areaid_1 = '3' ) AND ( contract_4 = '1' ) AND ( contract_2 = '1' ) LIMIT 1  
[2020-02-20 20:53:35] /shop/index.php?controller=cate&action=index&cate_id=100&gift=&ci=3&new=1&key=2&order=2&type=1&area_id=28 ( act=cate&action=index ) 
ERR: Db Error: Unknown column 'contract_3' in 'where clause'
SELECT COUNT(*) AS nc_count FROM `goods_common` WHERE ( areaid_1 = '28' ) AND ( is_own_shop = '1' ) AND ( is_new_arrival = '1' ) AND ( contract_3 = '1' ) LIMIT 1  
[2020-02-20 20:56:56] /shop/index.php?action=index&area_id=1&cate_id=411&ci=4_1&controller=cate&type=1 ( act=cate&action=index ) 
ERR: Db Error: Unknown column 'contract_4' in 'where clause'
SELECT COUNT(*) AS nc_count FROM `goods_common` WHERE ( areaid_1 = '1' ) AND ( is_own_shop = '1' ) AND ( contract_4 = '1' ) AND ( contract_1 = '1' ) LIMIT 1  
[2020-02-20 21:05:26] /shop/index.php?action=index&area_id=21&cate_id=2150&ci=4&controller=cate&new=1 ( act=cate&action=index ) 
ERR: Db Error: Unknown column 'contract_4' in 'where clause'
SELECT COUNT(*) AS nc_count FROM `goods_common` WHERE ( gc_id_2 = '2150' ) AND ( areaid_1 = '21' ) AND ( is_new_arrival = '1' ) AND ( contract_4 = '1' ) LIMIT 1  
[2020-02-20 21:58:13] /shop/index.php?controller=cate&action=index&cate_id=4544&new=&ci=2_1&gift= ( act=cate&action=index ) 
ERR: Db Error: Unknown column 'contract_2' in 'where clause'
SELECT COUNT(*) AS nc_count FROM `goods_common` WHERE ( contract_2 = '1' ) AND ( contract_1 = '1' ) LIMIT 1  
[2020-02-20 21:58:20] /shop/index.php?controller=cate&action=index&cate_id=2379&area_id=10&type=1&ci=2&key=3&order=2 ( act=cate&action=index ) 
ERR: Db Error: Unknown column 'contract_2' in 'where clause'
SELECT COUNT(*) AS nc_count FROM `goods_common` WHERE ( areaid_1 = '10' ) AND ( is_own_shop = '1' ) AND ( contract_2 = '1' ) LIMIT 1  
[2020-02-20 22:45:41] /shop/index.php?controller=cate&action=index&cate_id=3121&new=1&ci=3&area_id=2 ( act=cate&action=index ) 
ERR: Db Error: Unknown column 'contract_3' in 'where clause'
SELECT COUNT(*) AS nc_count FROM `goods_common` WHERE ( areaid_1 = '2' ) AND ( is_new_arrival = '1' ) AND ( contract_3 = '1' ) LIMIT 1  
[2020-02-20 22:55:09] /shop/index.php?controller=cate&action=index&cate_id=3418&type=&new=&ci=3 ( act=cate&action=index ) 
ERR: Db Error: Unknown column 'contract_3' in 'where clause'
SELECT COUNT(*) AS nc_count FROM `goods_common` WHERE ( contract_3 = '1' ) LIMIT 1  
[2020-02-20 23:24:53] /shop/index.php?action=index&area_id=27&cate_id=5550&ci=1&controller=cate ( act=cate&action=index ) 
ERR: Db Error: Unknown column 'contract_1' in 'where clause'
SELECT COUNT(*) AS nc_count FROM `goods_common` WHERE ( gc_id_3 = '5550' ) AND ( areaid_1 = '27' ) AND ( contract_1 = '1' ) LIMIT 1  
[2020-02-20 23:42:29] /shop/index.php?controller=cate&action=index&cate_id=3670&key=2&order=2&ci=3&gift=&new=1&type=1 ( act=cate&action=index ) 
ERR: Db Error: Unknown column 'contract_3' in 'where clause'
SELECT COUNT(*) AS nc_count FROM `goods_common` WHERE ( is_own_shop = '1' ) AND ( is_new_arrival = '1' ) AND ( contract_3 = '1' ) LIMIT 1  
[2020-02-20 23:49:56] /shop/index.php?action=index&area_id=6&cate_id=490&ci=2_3&controller=cate&key=&order= ( act=cate&action=index ) 
ERR: Db Error: Unknown column 'contract_2' in 'where clause'
SELECT COUNT(*) AS nc_count FROM `goods_common` WHERE ( areaid_1 = '6' ) AND ( contract_2 = '1' ) AND ( contract_3 = '1' ) LIMIT 1  
[2020-02-20 23:59:54] /shop/index.php?action=index&area_id=24&cate_id=5554&ci=4&controller=cate ( act=cate&action=index ) 
ERR: Db Error: Unknown column 'contract_4' in 'where clause'
SELECT COUNT(*) AS nc_count FROM `goods_common` WHERE ( gc_id_3 = '5554' ) AND ( areaid_1 = '24' ) AND ( contract_4 = '1' ) LIMIT 1  
