[2020-07-14 00:03:57] /shop/index.php?controller=cate&action=index&cate_id=5499&ci=1&area_id=30 ( act=cate&action=index ) 
ERR: Db Error: Unknown column 'contract_1' in 'where clause'
SELECT COUNT(*) AS nc_count FROM `goods_common` WHERE ( gc_id_3 = '5499' ) AND ( areaid_1 = '30' ) AND ( contract_1 = '1' ) LIMIT 1  
[2020-07-14 00:09:29] /shop/index.php?controller=cate&action=index&cate_id=5499&ci=1&area_id=31 ( act=cate&action=index ) 
ERR: Db Error: Unknown column 'contract_1' in 'where clause'
SELECT COUNT(*) AS nc_count FROM `goods_common` WHERE ( gc_id_3 = '5499' ) AND ( areaid_1 = '31' ) AND ( contract_1 = '1' ) LIMIT 1  
[2020-07-14 00:15:14] /shop/index.php?controller=cate&action=index&cate_id=5499&ci=1&area_id=32 ( act=cate&action=index ) 
ERR: Db Error: Unknown column 'contract_1' in 'where clause'
SELECT COUNT(*) AS nc_count FROM `goods_common` WHERE ( gc_id_3 = '5499' ) AND ( areaid_1 = '32' ) AND ( contract_1 = '1' ) LIMIT 1  
[2020-07-14 00:26:36] /shop/index.php?controller=cate&action=index&cate_id=5499&ci=1&area_id=35 ( act=cate&action=index ) 
ERR: Db Error: Unknown column 'contract_1' in 'where clause'
SELECT COUNT(*) AS nc_count FROM `goods_common` WHERE ( gc_id_3 = '5499' ) AND ( areaid_1 = '35' ) AND ( contract_1 = '1' ) LIMIT 1  
[2020-07-14 00:38:10] /shop/index.php?controller=cate&action=index&cate_id=5499&ci=1&area_id=4 ( act=cate&action=index ) 
ERR: Db Error: Unknown column 'contract_1' in 'where clause'
SELECT COUNT(*) AS nc_count FROM `goods_common` WHERE ( gc_id_3 = '5499' ) AND ( areaid_1 = '4' ) AND ( contract_1 = '1' ) LIMIT 1  
[2020-07-14 00:49:59] /shop/index.php?controller=cate&action=index&cate_id=5499&ci=1&area_id=5 ( act=cate&action=index ) 
ERR: Db Error: Unknown column 'contract_1' in 'where clause'
SELECT COUNT(*) AS nc_count FROM `goods_common` WHERE ( gc_id_3 = '5499' ) AND ( areaid_1 = '5' ) AND ( contract_1 = '1' ) LIMIT 1  
[2020-07-14 00:54:01] /shop/index.php?action=index&area_id=24&cate_id=256&ci=1_4&controller=cate&key=3&new=1&order=2 ( act=cate&action=index ) 
ERR: Db Error: Unknown column 'contract_1' in 'where clause'
SELECT COUNT(*) AS nc_count FROM `goods_common` WHERE ( areaid_1 = '24' ) AND ( is_new_arrival = '1' ) AND ( contract_1 = '1' ) AND ( contract_4 = '1' ) LIMIT 1  
[2020-07-14 00:55:43] /shop/index.php?controller=cate&action=index&cate_id=5499&ci=1&area_id=6 ( act=cate&action=index ) 
ERR: Db Error: Unknown column 'contract_1' in 'where clause'
SELECT COUNT(*) AS nc_count FROM `goods_common` WHERE ( gc_id_3 = '5499' ) AND ( areaid_1 = '6' ) AND ( contract_1 = '1' ) LIMIT 1  
[2020-07-14 01:01:19] /shop/index.php?controller=cate&action=index&cate_id=5499&ci=1&area_id=7 ( act=cate&action=index ) 
ERR: Db Error: Unknown column 'contract_1' in 'where clause'
SELECT COUNT(*) AS nc_count FROM `goods_common` WHERE ( gc_id_3 = '5499' ) AND ( areaid_1 = '7' ) AND ( contract_1 = '1' ) LIMIT 1  
[2020-07-14 01:06:57] /shop/index.php?controller=cate&action=index&cate_id=5499&ci=1&area_id=8 ( act=cate&action=index ) 
ERR: Db Error: Unknown column 'contract_1' in 'where clause'
SELECT COUNT(*) AS nc_count FROM `goods_common` WHERE ( gc_id_3 = '5499' ) AND ( areaid_1 = '8' ) AND ( contract_1 = '1' ) LIMIT 1  
[2020-07-14 01:10:41] /shop/index.php?action=index&area_id=32&cate_id=256&ci=1_4&controller=cate&key=1&new=1&order=2 ( act=cate&action=index ) 
ERR: Db Error: Unknown column 'contract_1' in 'where clause'
SELECT COUNT(*) AS nc_count FROM `goods_common` WHERE ( areaid_1 = '32' ) AND ( is_new_arrival = '1' ) AND ( contract_1 = '1' ) AND ( contract_4 = '1' ) LIMIT 1  
[2020-07-14 01:12:35] /shop/index.php?controller=cate&action=index&cate_id=5499&ci=1&area_id=9 ( act=cate&action=index ) 
ERR: Db Error: Unknown column 'contract_1' in 'where clause'
SELECT COUNT(*) AS nc_count FROM `goods_common` WHERE ( gc_id_3 = '5499' ) AND ( areaid_1 = '9' ) AND ( contract_1 = '1' ) LIMIT 1  
[2020-07-14 01:17:08] /shop/index.php?action=index&area_id=34&cate_id=308&ci=2_1_4&controller=cate&key=3&order=2 ( act=cate&action=index ) 
ERR: Db Error: Unknown column 'contract_2' in 'where clause'
SELECT COUNT(*) AS nc_count FROM `goods_common` WHERE ( areaid_1 = '34' ) AND ( contract_2 = '1' ) AND ( contract_1 = '1' ) AND ( contract_4 = '1' ) LIMIT 1  
[2020-07-14 01:20:31] /shop/index.php?action=index&area_id=33&cate_id=5548&ci=1&controller=cate ( act=cate&action=index ) 
ERR: Db Error: Unknown column 'contract_1' in 'where clause'
SELECT COUNT(*) AS nc_count FROM `goods_common` WHERE ( gc_id_3 = '5548' ) AND ( areaid_1 = '33' ) AND ( contract_1 = '1' ) LIMIT 1  
[2020-07-14 01:27:31] /shop/index.php?action=index&area_id=33&cate_id=308&ci=2_1&controller=cate&key=2&new=1&order=2 ( act=cate&action=index ) 
ERR: Db Error: Unknown column 'contract_2' in 'where clause'
SELECT COUNT(*) AS nc_count FROM `goods_common` WHERE ( areaid_1 = '33' ) AND ( is_new_arrival = '1' ) AND ( contract_2 = '1' ) AND ( contract_1 = '1' ) LIMIT 1  
[2020-07-14 01:43:47] /shop/index.php?controller=cate&action=index&cate_id=5492&area_id=10&ci=4 ( act=cate&action=index ) 
ERR: Db Error: Unknown column 'contract_4' in 'where clause'
SELECT COUNT(*) AS nc_count FROM `goods_common` WHERE ( gc_id_2 = '5492' ) AND ( areaid_1 = '10' ) AND ( contract_4 = '1' ) LIMIT 1  
[2020-07-14 01:49:11] /shop/index.php?controller=cate&action=index&cate_id=5492&area_id=13&ci=4 ( act=cate&action=index ) 
ERR: Db Error: Unknown column 'contract_4' in 'where clause'
SELECT COUNT(*) AS nc_count FROM `goods_common` WHERE ( gc_id_2 = '5492' ) AND ( areaid_1 = '13' ) AND ( contract_4 = '1' ) LIMIT 1  
[2020-07-14 01:54:37] /shop/index.php?controller=cate&action=index&cate_id=5492&area_id=18&ci=4 ( act=cate&action=index ) 
ERR: Db Error: Unknown column 'contract_4' in 'where clause'
SELECT COUNT(*) AS nc_count FROM `goods_common` WHERE ( gc_id_2 = '5492' ) AND ( areaid_1 = '18' ) AND ( contract_4 = '1' ) LIMIT 1  
[2020-07-14 02:00:17] /shop/index.php?controller=cate&action=index&cate_id=5492&area_id=20&ci=4 ( act=cate&action=index ) 
ERR: Db Error: Unknown column 'contract_4' in 'where clause'
SELECT COUNT(*) AS nc_count FROM `goods_common` WHERE ( gc_id_2 = '5492' ) AND ( areaid_1 = '20' ) AND ( contract_4 = '1' ) LIMIT 1  
[2020-07-14 02:06:03] /shop/index.php?controller=cate&action=index&cate_id=5492&area_id=24&ci=4 ( act=cate&action=index ) 
ERR: Db Error: Unknown column 'contract_4' in 'where clause'
SELECT COUNT(*) AS nc_count FROM `goods_common` WHERE ( gc_id_2 = '5492' ) AND ( areaid_1 = '24' ) AND ( contract_4 = '1' ) LIMIT 1  
[2020-07-14 02:08:50] /shop/index.php?controller=cate&action=index&cate_id=5492&area_id=30&ci=4 ( act=cate&action=index ) 
ERR: Db Error: Unknown column 'contract_4' in 'where clause'
SELECT COUNT(*) AS nc_count FROM `goods_common` WHERE ( gc_id_2 = '5492' ) AND ( areaid_1 = '30' ) AND ( contract_4 = '1' ) LIMIT 1  
[2020-07-14 02:10:42] /shop/index.php?controller=cate&action=index&cate_id=4722&key=&order=&type=&yx=&gift=1&ci=1 ( act=cate&action=index ) 
ERR: Db Error: Unknown column 'contract_1' in 'where clause'
SELECT COUNT(*) AS nc_count FROM `goods_common` WHERE ( contract_1 = '1' ) LIMIT 1  
[2020-07-14 02:13:02] /shop/index.php?action=index&area_id=26&cate_id=308&ci=4_1&controller=cate&key=3&new=1&order=2 ( act=cate&action=index ) 
ERR: Db Error: Unknown column 'contract_4' in 'where clause'
SELECT COUNT(*) AS nc_count FROM `goods_common` WHERE ( areaid_1 = '26' ) AND ( is_new_arrival = '1' ) AND ( contract_4 = '1' ) AND ( contract_1 = '1' ) LIMIT 1  
[2020-07-14 02:14:31] /shop/index.php?controller=cate&action=index&cate_id=5492&area_id=34&ci=4 ( act=cate&action=index ) 
ERR: Db Error: Unknown column 'contract_4' in 'where clause'
SELECT COUNT(*) AS nc_count FROM `goods_common` WHERE ( gc_id_2 = '5492' ) AND ( areaid_1 = '34' ) AND ( contract_4 = '1' ) LIMIT 1  
[2020-07-14 02:25:36] /shop/index.php?controller=cate&action=index&cate_id=5492&ci=3&area_id=1 ( act=cate&action=index ) 
ERR: Db Error: Unknown column 'contract_3' in 'where clause'
SELECT COUNT(*) AS nc_count FROM `goods_common` WHERE ( gc_id_2 = '5492' ) AND ( areaid_1 = '1' ) AND ( contract_3 = '1' ) LIMIT 1  
[2020-07-14 02:28:31] /shop/index.php?controller=cate&action=index&cate_id=5492&ci=3&area_id=10 ( act=cate&action=index ) 
ERR: Db Error: Unknown column 'contract_3' in 'where clause'
SELECT COUNT(*) AS nc_count FROM `goods_common` WHERE ( gc_id_2 = '5492' ) AND ( areaid_1 = '10' ) AND ( contract_3 = '1' ) LIMIT 1  
[2020-07-14 02:31:15] /shop/index.php?controller=cate&action=index&cate_id=5492&ci=3&area_id=14 ( act=cate&action=index ) 
ERR: Db Error: Unknown column 'contract_3' in 'where clause'
SELECT COUNT(*) AS nc_count FROM `goods_common` WHERE ( gc_id_2 = '5492' ) AND ( areaid_1 = '14' ) AND ( contract_3 = '1' ) LIMIT 1  
[2020-07-14 02:34:00] /shop/index.php?controller=cate&action=index&cate_id=5492&ci=3&area_id=15 ( act=cate&action=index ) 
ERR: Db Error: Unknown column 'contract_3' in 'where clause'
SELECT COUNT(*) AS nc_count FROM `goods_common` WHERE ( gc_id_2 = '5492' ) AND ( areaid_1 = '15' ) AND ( contract_3 = '1' ) LIMIT 1  
[2020-07-14 02:36:41] /shop/index.php?controller=cate&action=index&cate_id=5492&ci=3&area_id=16 ( act=cate&action=index ) 
ERR: Db Error: Unknown column 'contract_3' in 'where clause'
SELECT COUNT(*) AS nc_count FROM `goods_common` WHERE ( gc_id_2 = '5492' ) AND ( areaid_1 = '16' ) AND ( contract_3 = '1' ) LIMIT 1  
[2020-07-14 02:39:40] /shop/index.php?controller=cate&action=index&cate_id=5492&ci=3&area_id=17 ( act=cate&action=index ) 
ERR: Db Error: Unknown column 'contract_3' in 'where clause'
SELECT COUNT(*) AS nc_count FROM `goods_common` WHERE ( gc_id_2 = '5492' ) AND ( areaid_1 = '17' ) AND ( contract_3 = '1' ) LIMIT 1  
[2020-07-14 02:42:20] /shop/index.php?controller=cate&action=index&cate_id=5492&ci=3&area_id=22 ( act=cate&action=index ) 
ERR: Db Error: Unknown column 'contract_3' in 'where clause'
SELECT COUNT(*) AS nc_count FROM `goods_common` WHERE ( gc_id_2 = '5492' ) AND ( areaid_1 = '22' ) AND ( contract_3 = '1' ) LIMIT 1  
[2020-07-14 02:43:34] /shop/index.php?action=index&area_id=6&cate_id=256&ci=3_4_2&controller=cate&key=&order=&yx=1 ( act=cate&action=index ) 
ERR: Db Error: Unknown column 'contract_3' in 'where clause'
SELECT COUNT(*) AS nc_count FROM `goods_common` WHERE ( areaid_1 = '6' ) AND ( is_select = '1' ) AND ( contract_3 = '1' ) AND ( contract_4 = '1' ) AND ( contract_2 = '1' ) LIMIT 1  
[2020-07-14 02:45:03] /shop/index.php?controller=cate&action=index&cate_id=5492&ci=3&area_id=24 ( act=cate&action=index ) 
ERR: Db Error: Unknown column 'contract_3' in 'where clause'
SELECT COUNT(*) AS nc_count FROM `goods_common` WHERE ( gc_id_2 = '5492' ) AND ( areaid_1 = '24' ) AND ( contract_3 = '1' ) LIMIT 1  
[2020-07-14 02:47:39] /shop/index.php?controller=cate&action=index&cate_id=5492&ci=3&area_id=7 ( act=cate&action=index ) 
ERR: Db Error: Unknown column 'contract_3' in 'where clause'
SELECT COUNT(*) AS nc_count FROM `goods_common` WHERE ( gc_id_2 = '5492' ) AND ( areaid_1 = '7' ) AND ( contract_3 = '1' ) LIMIT 1  
[2020-07-14 03:00:33] /shop/index.php?action=index&area_id=25&cate_id=308&ci=1_3&controller=cate&gift=&key=2&order=2 ( act=cate&action=index ) 
ERR: Db Error: Unknown column 'contract_1' in 'where clause'
SELECT COUNT(*) AS nc_count FROM `goods_common` WHERE ( areaid_1 = '25' ) AND ( contract_1 = '1' ) AND ( contract_3 = '1' ) LIMIT 1  
[2020-07-14 03:15:34] /shop/index.php?action=index&area_id=7&cate_id=256&ci=1_4&controller=cate&key=&order=&type=1 ( act=cate&action=index ) 
ERR: Db Error: Unknown column 'contract_1' in 'where clause'
SELECT COUNT(*) AS nc_count FROM `goods_common` WHERE ( areaid_1 = '7' ) AND ( is_own_shop = '1' ) AND ( contract_1 = '1' ) AND ( contract_4 = '1' ) LIMIT 1  
[2020-07-14 03:42:53] /shop/index.php?action=index&area_id=6&cate_id=256&ci=2_3&controller=cate&key=1&order=2&type=1 ( act=cate&action=index ) 
ERR: Db Error: Unknown column 'contract_2' in 'where clause'
SELECT COUNT(*) AS nc_count FROM `goods_common` WHERE ( areaid_1 = '6' ) AND ( is_own_shop = '1' ) AND ( contract_2 = '1' ) AND ( contract_3 = '1' ) LIMIT 1  
[2020-07-14 03:47:08] /member/index.php?controller=help&action=show_list&ac_id=91 ( act=help&action=show_list ) 
ERR: Db Error: Unknown column 'Array' in 'where clause'
SELECT * FROM `newhelp` as `newhelp`  WHERE  newhelp.ac_id in(Array) order by article_sort asc,article_id desc
[2020-07-14 04:01:33] /shop/index.php?action=index&area_id=33&cate_id=308&ci=1_2&controller=cate&key=3&order=2&type= ( act=cate&action=index ) 
ERR: Db Error: Unknown column 'contract_1' in 'where clause'
SELECT COUNT(*) AS nc_count FROM `goods_common` WHERE ( areaid_1 = '33' ) AND ( contract_1 = '1' ) AND ( contract_2 = '1' ) LIMIT 1  
[2020-07-14 04:19:05] /shop/index.php?action=index&area_id=11&cate_id=256&ci=3_1&controller=cate&key=3&order=2&type= ( act=cate&action=index ) 
ERR: Db Error: Unknown column 'contract_3' in 'where clause'
SELECT COUNT(*) AS nc_count FROM `goods_common` WHERE ( areaid_1 = '11' ) AND ( contract_3 = '1' ) AND ( contract_1 = '1' ) LIMIT 1  
[2020-07-14 04:31:15] /shop/index.php?action=index&area_id=9&cate_id=256&ci=3_2_1&controller=cate&key=3&order=2&yx=1 ( act=cate&action=index ) 
ERR: Db Error: Unknown column 'contract_3' in 'where clause'
SELECT COUNT(*) AS nc_count FROM `goods_common` WHERE ( areaid_1 = '9' ) AND ( is_select = '1' ) AND ( contract_3 = '1' ) AND ( contract_2 = '1' ) AND ( contract_1 = '1' ) LIMIT 1  
[2020-07-14 04:45:34] /shop/index.php?action=index&area_id=17&cate_id=256&ci=3_4&controller=cate&key=3&order=2&type= ( act=cate&action=index ) 
ERR: Db Error: Unknown column 'contract_3' in 'where clause'
SELECT COUNT(*) AS nc_count FROM `goods_common` WHERE ( areaid_1 = '17' ) AND ( contract_3 = '1' ) AND ( contract_4 = '1' ) LIMIT 1  
[2020-07-14 04:49:04] /shop/index.php?action=index&area_id=23&cate_id=308&ci=2_1&controller=cate&key=1&new=1&order=2 ( act=cate&action=index ) 
ERR: Db Error: Unknown column 'contract_2' in 'where clause'
SELECT COUNT(*) AS nc_count FROM `goods_common` WHERE ( areaid_1 = '23' ) AND ( is_new_arrival = '1' ) AND ( contract_2 = '1' ) AND ( contract_1 = '1' ) LIMIT 1  
[2020-07-14 05:01:26] /shop/index.php?action=index&area_id=2&cate_id=308&ci=4_1&controller=cate&key=2&order=2&type=1 ( act=cate&action=index ) 
ERR: Db Error: Unknown column 'contract_4' in 'where clause'
SELECT COUNT(*) AS nc_count FROM `goods_common` WHERE ( areaid_1 = '2' ) AND ( is_own_shop = '1' ) AND ( contract_4 = '1' ) AND ( contract_1 = '1' ) LIMIT 1  
[2020-07-14 05:26:04] /shop/index.php?controller=cate&action=index&cate_id=5499&ci=1&area_id=21 ( act=cate&action=index ) 
ERR: Db Error: Unknown column 'contract_1' in 'where clause'
SELECT COUNT(*) AS nc_count FROM `goods_common` WHERE ( gc_id_3 = '5499' ) AND ( areaid_1 = '21' ) AND ( contract_1 = '1' ) LIMIT 1  
[2020-07-14 05:29:10] /shop/index.php?controller=cate&action=index&cate_id=5499&ci=1&area_id=22 ( act=cate&action=index ) 
ERR: Db Error: Unknown column 'contract_1' in 'where clause'
SELECT COUNT(*) AS nc_count FROM `goods_common` WHERE ( gc_id_3 = '5499' ) AND ( areaid_1 = '22' ) AND ( contract_1 = '1' ) LIMIT 1  
[2020-07-14 05:32:31] /shop/index.php?controller=cate&action=index&cate_id=5499&ci=1&area_id=23 ( act=cate&action=index ) 
ERR: Db Error: Unknown column 'contract_1' in 'where clause'
SELECT COUNT(*) AS nc_count FROM `goods_common` WHERE ( gc_id_3 = '5499' ) AND ( areaid_1 = '23' ) AND ( contract_1 = '1' ) LIMIT 1  
[2020-07-14 05:35:53] /shop/index.php?controller=cate&action=index&cate_id=5499&ci=1&area_id=24 ( act=cate&action=index ) 
ERR: Db Error: Unknown column 'contract_1' in 'where clause'
SELECT COUNT(*) AS nc_count FROM `goods_common` WHERE ( gc_id_3 = '5499' ) AND ( areaid_1 = '24' ) AND ( contract_1 = '1' ) LIMIT 1  
[2020-07-14 05:39:04] /shop/index.php?action=index&area_id=10&cate_id=256&ci=3_4_1&controller=cate ( act=cate&action=index ) 
ERR: Db Error: Unknown column 'contract_3' in 'where clause'
SELECT COUNT(*) AS nc_count FROM `goods_common` WHERE ( areaid_1 = '10' ) AND ( contract_3 = '1' ) AND ( contract_4 = '1' ) AND ( contract_1 = '1' ) LIMIT 1  
[2020-07-14 05:39:08] /shop/index.php?controller=cate&action=index&cate_id=5499&ci=1&area_id=14 ( act=cate&action=index ) 
ERR: Db Error: Unknown column 'contract_1' in 'where clause'
SELECT COUNT(*) AS nc_count FROM `goods_common` WHERE ( gc_id_3 = '5499' ) AND ( areaid_1 = '14' ) AND ( contract_1 = '1' ) LIMIT 1  
[2020-07-14 05:42:20] /shop/index.php?controller=cate&action=index&cate_id=5499&ci=1&area_id=15 ( act=cate&action=index ) 
ERR: Db Error: Unknown column 'contract_1' in 'where clause'
SELECT COUNT(*) AS nc_count FROM `goods_common` WHERE ( gc_id_3 = '5499' ) AND ( areaid_1 = '15' ) AND ( contract_1 = '1' ) LIMIT 1  
[2020-07-14 05:45:31] /shop/index.php?controller=cate&action=index&cate_id=5499&ci=1&area_id=16 ( act=cate&action=index ) 
ERR: Db Error: Unknown column 'contract_1' in 'where clause'
SELECT COUNT(*) AS nc_count FROM `goods_common` WHERE ( gc_id_3 = '5499' ) AND ( areaid_1 = '16' ) AND ( contract_1 = '1' ) LIMIT 1  
[2020-07-14 05:48:41] /shop/index.php?controller=cate&action=index&cate_id=5499&ci=1&area_id=17 ( act=cate&action=index ) 
ERR: Db Error: Unknown column 'contract_1' in 'where clause'
SELECT COUNT(*) AS nc_count FROM `goods_common` WHERE ( gc_id_3 = '5499' ) AND ( areaid_1 = '17' ) AND ( contract_1 = '1' ) LIMIT 1  
[2020-07-14 05:51:44] /shop/index.php?controller=cate&action=index&cate_id=5499&ci=1&area_id=18 ( act=cate&action=index ) 
ERR: Db Error: Unknown column 'contract_1' in 'where clause'
SELECT COUNT(*) AS nc_count FROM `goods_common` WHERE ( gc_id_3 = '5499' ) AND ( areaid_1 = '18' ) AND ( contract_1 = '1' ) LIMIT 1  
[2020-07-14 05:54:45] /shop/index.php?controller=cate&action=index&cate_id=5499&ci=1&area_id=19 ( act=cate&action=index ) 
ERR: Db Error: Unknown column 'contract_1' in 'where clause'
SELECT COUNT(*) AS nc_count FROM `goods_common` WHERE ( gc_id_3 = '5499' ) AND ( areaid_1 = '19' ) AND ( contract_1 = '1' ) LIMIT 1  
[2020-07-14 05:57:50] /shop/index.php?controller=cate&action=index&cate_id=5499&ci=1&area_id=2 ( act=cate&action=index ) 
ERR: Db Error: Unknown column 'contract_1' in 'where clause'
SELECT COUNT(*) AS nc_count FROM `goods_common` WHERE ( gc_id_3 = '5499' ) AND ( areaid_1 = '2' ) AND ( contract_1 = '1' ) LIMIT 1  
[2020-07-14 06:00:55] /shop/index.php?controller=cate&action=index&cate_id=5499&ci=1&area_id=20 ( act=cate&action=index ) 
ERR: Db Error: Unknown column 'contract_1' in 'where clause'
SELECT COUNT(*) AS nc_count FROM `goods_common` WHERE ( gc_id_3 = '5499' ) AND ( areaid_1 = '20' ) AND ( contract_1 = '1' ) LIMIT 1  
[2020-07-14 06:04:05] /shop/index.php?controller=cate&action=index&cate_id=5492&ci=3&area_id= ( act=cate&action=index ) 
ERR: Db Error: Unknown column 'contract_3' in 'where clause'
SELECT COUNT(*) AS nc_count FROM `goods_common` WHERE ( gc_id_2 = '5492' ) AND ( contract_3 = '1' ) LIMIT 1  
[2020-07-14 06:06:34] /shop/index.php?action=index&area_id=1&cate_id=256&ci=3_2_4&controller=cate&key=2&order=2&yx=1 ( act=cate&action=index ) 
ERR: Db Error: Unknown column 'contract_3' in 'where clause'
SELECT COUNT(*) AS nc_count FROM `goods_common` WHERE ( areaid_1 = '1' ) AND ( is_select = '1' ) AND ( contract_3 = '1' ) AND ( contract_2 = '1' ) AND ( contract_4 = '1' ) LIMIT 1  
[2020-07-14 06:07:06] /shop/index.php?controller=cate&action=index&cate_id=5492&ci=3&area_id=11 ( act=cate&action=index ) 
ERR: Db Error: Unknown column 'contract_3' in 'where clause'
SELECT COUNT(*) AS nc_count FROM `goods_common` WHERE ( gc_id_2 = '5492' ) AND ( areaid_1 = '11' ) AND ( contract_3 = '1' ) LIMIT 1  
[2020-07-14 06:10:00] /shop/index.php?controller=cate&action=index&cate_id=5492&ci=3&area_id=12 ( act=cate&action=index ) 
ERR: Db Error: Unknown column 'contract_3' in 'where clause'
SELECT COUNT(*) AS nc_count FROM `goods_common` WHERE ( gc_id_2 = '5492' ) AND ( areaid_1 = '12' ) AND ( contract_3 = '1' ) LIMIT 1  
[2020-07-14 06:12:30] /shop/index.php?controller=cate&action=index&cate_id=5492&ci=3&area_id=13 ( act=cate&action=index ) 
ERR: Db Error: Unknown column 'contract_3' in 'where clause'
SELECT COUNT(*) AS nc_count FROM `goods_common` WHERE ( gc_id_2 = '5492' ) AND ( areaid_1 = '13' ) AND ( contract_3 = '1' ) LIMIT 1  
[2020-07-14 06:14:54] /shop/index.php?controller=cate&action=index&cate_id=5492&ci=3&area_id=18 ( act=cate&action=index ) 
ERR: Db Error: Unknown column 'contract_3' in 'where clause'
SELECT COUNT(*) AS nc_count FROM `goods_common` WHERE ( gc_id_2 = '5492' ) AND ( areaid_1 = '18' ) AND ( contract_3 = '1' ) LIMIT 1  
[2020-07-14 06:17:20] /shop/index.php?controller=cate&action=index&cate_id=5492&ci=3&area_id=19 ( act=cate&action=index ) 
ERR: Db Error: Unknown column 'contract_3' in 'where clause'
SELECT COUNT(*) AS nc_count FROM `goods_common` WHERE ( gc_id_2 = '5492' ) AND ( areaid_1 = '19' ) AND ( contract_3 = '1' ) LIMIT 1  
[2020-07-14 06:19:44] /shop/index.php?controller=cate&action=index&cate_id=5492&ci=3&area_id=2 ( act=cate&action=index ) 
ERR: Db Error: Unknown column 'contract_3' in 'where clause'
SELECT COUNT(*) AS nc_count FROM `goods_common` WHERE ( gc_id_2 = '5492' ) AND ( areaid_1 = '2' ) AND ( contract_3 = '1' ) LIMIT 1  
[2020-07-14 06:22:19] /shop/index.php?controller=cate&action=index&cate_id=5492&ci=3&area_id=21 ( act=cate&action=index ) 
ERR: Db Error: Unknown column 'contract_3' in 'where clause'
SELECT COUNT(*) AS nc_count FROM `goods_common` WHERE ( gc_id_2 = '5492' ) AND ( areaid_1 = '21' ) AND ( contract_3 = '1' ) LIMIT 1  
[2020-07-14 06:25:06] /shop/index.php?controller=cate&action=index&cate_id=5492&ci=3&area_id=23 ( act=cate&action=index ) 
ERR: Db Error: Unknown column 'contract_3' in 'where clause'
SELECT COUNT(*) AS nc_count FROM `goods_common` WHERE ( gc_id_2 = '5492' ) AND ( areaid_1 = '23' ) AND ( contract_3 = '1' ) LIMIT 1  
[2020-07-14 06:27:38] /shop/index.php?controller=cate&action=index&cate_id=5492&ci=3&area_id=25 ( act=cate&action=index ) 
ERR: Db Error: Unknown column 'contract_3' in 'where clause'
SELECT COUNT(*) AS nc_count FROM `goods_common` WHERE ( gc_id_2 = '5492' ) AND ( areaid_1 = '25' ) AND ( contract_3 = '1' ) LIMIT 1  
[2020-07-14 06:29:05] /shop/index.php?controller=cate&action=index&cate_id=2774&key=&order=&ci=2_3&type=1&gift=&new=1&area_id=25 ( act=cate&action=index ) 
ERR: Db Error: Unknown column 'contract_2' in 'where clause'
SELECT COUNT(*) AS nc_count FROM `goods_common` WHERE ( areaid_1 = '25' ) AND ( is_own_shop = '1' ) AND ( is_new_arrival = '1' ) AND ( contract_2 = '1' ) AND ( contract_3 = '1' ) LIMIT 1  
[2020-07-14 06:30:13] /shop/index.php?controller=cate&action=index&cate_id=5492&ci=3&area_id=26 ( act=cate&action=index ) 
ERR: Db Error: Unknown column 'contract_3' in 'where clause'
SELECT COUNT(*) AS nc_count FROM `goods_common` WHERE ( gc_id_2 = '5492' ) AND ( areaid_1 = '26' ) AND ( contract_3 = '1' ) LIMIT 1  
[2020-07-14 06:32:48] /shop/index.php?controller=cate&action=index&cate_id=5492&ci=3&area_id=27 ( act=cate&action=index ) 
ERR: Db Error: Unknown column 'contract_3' in 'where clause'
SELECT COUNT(*) AS nc_count FROM `goods_common` WHERE ( gc_id_2 = '5492' ) AND ( areaid_1 = '27' ) AND ( contract_3 = '1' ) LIMIT 1  
[2020-07-14 06:34:35] /shop/index.php?action=index&area_id=9&cate_id=256&ci=1_3&controller=cate&gift=1&key=1&order=2 ( act=cate&action=index ) 
ERR: Db Error: Unknown column 'contract_1' in 'where clause'
SELECT COUNT(*) AS nc_count FROM `goods_common` WHERE ( areaid_1 = '9' ) AND ( contract_1 = '1' ) AND ( contract_3 = '1' ) LIMIT 1  
[2020-07-14 06:35:19] /shop/index.php?controller=cate&action=index&cate_id=5492&ci=3&area_id=28 ( act=cate&action=index ) 
ERR: Db Error: Unknown column 'contract_3' in 'where clause'
SELECT COUNT(*) AS nc_count FROM `goods_common` WHERE ( gc_id_2 = '5492' ) AND ( areaid_1 = '28' ) AND ( contract_3 = '1' ) LIMIT 1  
[2020-07-14 06:36:00] /shop/index.php?controller=cate&action=index&cate_id=5497&ci=1 ( act=cate&action=index ) 
ERR: Db Error: Unknown column 'contract_1' in 'where clause'
SELECT COUNT(*) AS nc_count FROM `goods_common` WHERE ( gc_id_3 = '5497' ) AND ( contract_1 = '1' ) LIMIT 1  
[2020-07-14 06:36:00] /shop/index.php?controller=cate&action=index&cate_id=5497&ci=2 ( act=cate&action=index ) 
ERR: Db Error: Unknown column 'contract_2' in 'where clause'
SELECT COUNT(*) AS nc_count FROM `goods_common` WHERE ( gc_id_3 = '5497' ) AND ( contract_2 = '1' ) LIMIT 1  
[2020-07-14 06:36:00] /shop/index.php?controller=cate&action=index&cate_id=5497&ci=3 ( act=cate&action=index ) 
ERR: Db Error: Unknown column 'contract_3' in 'where clause'
SELECT COUNT(*) AS nc_count FROM `goods_common` WHERE ( gc_id_3 = '5497' ) AND ( contract_3 = '1' ) LIMIT 1  
[2020-07-14 06:36:01] /shop/index.php?controller=cate&action=index&cate_id=5497&ci=4 ( act=cate&action=index ) 
ERR: Db Error: Unknown column 'contract_4' in 'where clause'
SELECT COUNT(*) AS nc_count FROM `goods_common` WHERE ( gc_id_3 = '5497' ) AND ( contract_4 = '1' ) LIMIT 1  
[2020-07-14 06:36:04] /shop/index.php?controller=cate&action=index&cate_id=5498&ci=1 ( act=cate&action=index ) 
ERR: Db Error: Unknown column 'contract_1' in 'where clause'
SELECT COUNT(*) AS nc_count FROM `goods_common` WHERE ( gc_id_3 = '5498' ) AND ( contract_1 = '1' ) LIMIT 1  
[2020-07-14 06:36:04] /shop/index.php?controller=cate&action=index&cate_id=5498&ci=2 ( act=cate&action=index ) 
ERR: Db Error: Unknown column 'contract_2' in 'where clause'
SELECT COUNT(*) AS nc_count FROM `goods_common` WHERE ( gc_id_3 = '5498' ) AND ( contract_2 = '1' ) LIMIT 1  
[2020-07-14 06:36:04] /shop/index.php?controller=cate&action=index&cate_id=5498&ci=4 ( act=cate&action=index ) 
ERR: Db Error: Unknown column 'contract_4' in 'where clause'
SELECT COUNT(*) AS nc_count FROM `goods_common` WHERE ( gc_id_3 = '5498' ) AND ( contract_4 = '1' ) LIMIT 1  
[2020-07-14 06:36:04] /shop/index.php?controller=cate&action=index&cate_id=5498&ci=3 ( act=cate&action=index ) 
ERR: Db Error: Unknown column 'contract_3' in 'where clause'
SELECT COUNT(*) AS nc_count FROM `goods_common` WHERE ( gc_id_3 = '5498' ) AND ( contract_3 = '1' ) LIMIT 1  
[2020-07-14 06:36:08] /shop/index.php?controller=cate&action=index&cate_id=5499&ci=1 ( act=cate&action=index ) 
ERR: Db Error: Unknown column 'contract_1' in 'where clause'
SELECT COUNT(*) AS nc_count FROM `goods_common` WHERE ( gc_id_3 = '5499' ) AND ( contract_1 = '1' ) LIMIT 1  
[2020-07-14 06:36:08] /shop/index.php?controller=cate&action=index&cate_id=5499&ci=2 ( act=cate&action=index ) 
ERR: Db Error: Unknown column 'contract_2' in 'where clause'
SELECT COUNT(*) AS nc_count FROM `goods_common` WHERE ( gc_id_3 = '5499' ) AND ( contract_2 = '1' ) LIMIT 1  
[2020-07-14 06:36:08] /shop/index.php?controller=cate&action=index&cate_id=5499&ci=4 ( act=cate&action=index ) 
ERR: Db Error: Unknown column 'contract_4' in 'where clause'
SELECT COUNT(*) AS nc_count FROM `goods_common` WHERE ( gc_id_3 = '5499' ) AND ( contract_4 = '1' ) LIMIT 1  
[2020-07-14 06:36:09] /shop/index.php?controller=cate&action=index&cate_id=5499&ci=3 ( act=cate&action=index ) 
ERR: Db Error: Unknown column 'contract_3' in 'where clause'
SELECT COUNT(*) AS nc_count FROM `goods_common` WHERE ( gc_id_3 = '5499' ) AND ( contract_3 = '1' ) LIMIT 1  
[2020-07-14 06:36:11] /shop/index.php?controller=cate&action=index&cate_id=5500&ci=1 ( act=cate&action=index ) 
ERR: Db Error: Unknown column 'contract_1' in 'where clause'
SELECT COUNT(*) AS nc_count FROM `goods_common` WHERE ( gc_id_3 = '5500' ) AND ( contract_1 = '1' ) LIMIT 1  
[2020-07-14 06:36:11] /shop/index.php?controller=cate&action=index&cate_id=5500&ci=2 ( act=cate&action=index ) 
ERR: Db Error: Unknown column 'contract_2' in 'where clause'
SELECT COUNT(*) AS nc_count FROM `goods_common` WHERE ( gc_id_3 = '5500' ) AND ( contract_2 = '1' ) LIMIT 1  
[2020-07-14 06:36:11] /shop/index.php?controller=cate&action=index&cate_id=5500&ci=3 ( act=cate&action=index ) 
ERR: Db Error: Unknown column 'contract_3' in 'where clause'
SELECT COUNT(*) AS nc_count FROM `goods_common` WHERE ( gc_id_3 = '5500' ) AND ( contract_3 = '1' ) LIMIT 1  
[2020-07-14 06:36:11] /shop/index.php?controller=cate&action=index&cate_id=5500&ci=4 ( act=cate&action=index ) 
ERR: Db Error: Unknown column 'contract_4' in 'where clause'
SELECT COUNT(*) AS nc_count FROM `goods_common` WHERE ( gc_id_3 = '5500' ) AND ( contract_4 = '1' ) LIMIT 1  
[2020-07-14 06:36:14] /shop/index.php?controller=cate&action=index&cate_id=5501&ci=1 ( act=cate&action=index ) 
ERR: Db Error: Unknown column 'contract_1' in 'where clause'
SELECT COUNT(*) AS nc_count FROM `goods_common` WHERE ( gc_id_3 = '5501' ) AND ( contract_1 = '1' ) LIMIT 1  
[2020-07-14 06:36:14] /shop/index.php?controller=cate&action=index&cate_id=5501&ci=2 ( act=cate&action=index ) 
ERR: Db Error: Unknown column 'contract_2' in 'where clause'
SELECT COUNT(*) AS nc_count FROM `goods_common` WHERE ( gc_id_3 = '5501' ) AND ( contract_2 = '1' ) LIMIT 1  
[2020-07-14 06:36:14] /shop/index.php?controller=cate&action=index&cate_id=5501&ci=3 ( act=cate&action=index ) 
ERR: Db Error: Unknown column 'contract_3' in 'where clause'
SELECT COUNT(*) AS nc_count FROM `goods_common` WHERE ( gc_id_3 = '5501' ) AND ( contract_3 = '1' ) LIMIT 1  
[2020-07-14 06:36:14] /shop/index.php?controller=cate&action=index&cate_id=5501&ci=4 ( act=cate&action=index ) 
ERR: Db Error: Unknown column 'contract_4' in 'where clause'
SELECT COUNT(*) AS nc_count FROM `goods_common` WHERE ( gc_id_3 = '5501' ) AND ( contract_4 = '1' ) LIMIT 1  
[2020-07-14 06:36:17] /shop/index.php?controller=cate&action=index&cate_id=5502&ci=1 ( act=cate&action=index ) 
ERR: Db Error: Unknown column 'contract_1' in 'where clause'
SELECT COUNT(*) AS nc_count FROM `goods_common` WHERE ( gc_id_3 = '5502' ) AND ( contract_1 = '1' ) LIMIT 1  
[2020-07-14 06:36:17] /shop/index.php?controller=cate&action=index&cate_id=5502&ci=4 ( act=cate&action=index ) 
ERR: Db Error: Unknown column 'contract_4' in 'where clause'
SELECT COUNT(*) AS nc_count FROM `goods_common` WHERE ( gc_id_3 = '5502' ) AND ( contract_4 = '1' ) LIMIT 1  
[2020-07-14 06:36:17] /shop/index.php?controller=cate&action=index&cate_id=5502&ci=3 ( act=cate&action=index ) 
ERR: Db Error: Unknown column 'contract_3' in 'where clause'
SELECT COUNT(*) AS nc_count FROM `goods_common` WHERE ( gc_id_3 = '5502' ) AND ( contract_3 = '1' ) LIMIT 1  
[2020-07-14 06:36:29] /shop/index.php?controller=cate&action=index&cate_id=5540 ( act=cate&action=index ) 
ERR: Db Error: Unknown column 'gc_id_' in 'where clause'
SELECT count(distinct CONCAT(goods_commonid,',',color_id)) AS nc_count FROM `goods` WHERE ( gc_id_ = '5540' ) AND ( goods_state = '1' ) AND ( goods_verify = '1' ) LIMIT 1  
[2020-07-14 06:36:29] /shop/index.php?controller=cate&action=index&cate_id=5540 ( act=cate&action=index ) 
ERR: Db Error: Unknown column 'gc_id_' in 'where clause'
SELECT COUNT(*) AS nc_count FROM `goods_common` WHERE ( gc_id_ = '5540' ) LIMIT 1  
[2020-07-14 06:36:29] /shop/index.php?controller=cate&action=index&cate_id=5540 ( act=cate&action=index ) 
ERR: Db Error: Unknown column 'gc_id_' in 'where clause'
SELECT * FROM `goods` WHERE ( gc_id_ = '5540' ) AND ( goods_state = '1' ) AND ( goods_verify = '1' ) ORDER BY goods_salenum desc LIMIT 5  
[2020-07-14 06:36:29] /shop/index.php?controller=cate&action=index&cate_id=5541 ( act=cate&action=index ) 
ERR: Db Error: Unknown column 'gc_id_' in 'where clause'
SELECT count(distinct CONCAT(goods_commonid,',',color_id)) AS nc_count FROM `goods` WHERE ( gc_id_ = '5541' ) AND ( goods_state = '1' ) AND ( goods_verify = '1' ) LIMIT 1  
[2020-07-14 06:36:29] /shop/index.php?controller=cate&action=index&cate_id=5541 ( act=cate&action=index ) 
ERR: Db Error: Unknown column 'gc_id_' in 'where clause'
SELECT COUNT(*) AS nc_count FROM `goods_common` WHERE ( gc_id_ = '5541' ) LIMIT 1  
[2020-07-14 06:36:29] /shop/index.php?controller=cate&action=index&cate_id=5541 ( act=cate&action=index ) 
ERR: Db Error: Unknown column 'gc_id_' in 'where clause'
SELECT * FROM `goods` WHERE ( gc_id_ = '5541' ) AND ( goods_state = '1' ) AND ( goods_verify = '1' ) ORDER BY goods_salenum desc LIMIT 5  
[2020-07-14 06:36:29] /shop/index.php?controller=cate&action=index&cate_id=5542 ( act=cate&action=index ) 
ERR: Db Error: Unknown column 'gc_id_' in 'where clause'
SELECT count(distinct CONCAT(goods_commonid,',',color_id)) AS nc_count FROM `goods` WHERE ( gc_id_ = '5542' ) AND ( goods_state = '1' ) AND ( goods_verify = '1' ) LIMIT 1  
[2020-07-14 06:36:29] /shop/index.php?controller=cate&action=index&cate_id=5542 ( act=cate&action=index ) 
ERR: Db Error: Unknown column 'gc_id_' in 'where clause'
SELECT COUNT(*) AS nc_count FROM `goods_common` WHERE ( gc_id_ = '5542' ) LIMIT 1  
[2020-07-14 06:36:29] /shop/index.php?controller=cate&action=index&cate_id=5542 ( act=cate&action=index ) 
ERR: Db Error: Unknown column 'gc_id_' in 'where clause'
SELECT * FROM `goods` WHERE ( gc_id_ = '5542' ) AND ( goods_state = '1' ) AND ( goods_verify = '1' ) ORDER BY goods_salenum desc LIMIT 5  
[2020-07-14 06:36:29] /shop/index.php?controller=cate&action=index&cate_id=5543 ( act=cate&action=index ) 
ERR: Db Error: Unknown column 'gc_id_' in 'where clause'
SELECT count(distinct CONCAT(goods_commonid,',',color_id)) AS nc_count FROM `goods` WHERE ( gc_id_ = '5543' ) AND ( goods_state = '1' ) AND ( goods_verify = '1' ) LIMIT 1  
[2020-07-14 06:36:29] /shop/index.php?controller=cate&action=index&cate_id=5543 ( act=cate&action=index ) 
ERR: Db Error: Unknown column 'gc_id_' in 'where clause'
SELECT COUNT(*) AS nc_count FROM `goods_common` WHERE ( gc_id_ = '5543' ) LIMIT 1  
[2020-07-14 06:36:29] /shop/index.php?controller=cate&action=index&cate_id=5543 ( act=cate&action=index ) 
ERR: Db Error: Unknown column 'gc_id_' in 'where clause'
SELECT * FROM `goods` WHERE ( gc_id_ = '5543' ) AND ( goods_state = '1' ) AND ( goods_verify = '1' ) ORDER BY goods_salenum desc LIMIT 5  
[2020-07-14 06:36:30] /shop/index.php?controller=cate&action=index&cate_id=2137&ci=1 ( act=cate&action=index ) 
ERR: Db Error: Unknown column 'contract_1' in 'where clause'
SELECT COUNT(*) AS nc_count FROM `goods_common` WHERE ( contract_1 = '1' ) LIMIT 1  
[2020-07-14 06:36:30] /shop/index.php?controller=cate&action=index&cate_id=2137&ci=3 ( act=cate&action=index ) 
ERR: Db Error: Unknown column 'contract_3' in 'where clause'
SELECT COUNT(*) AS nc_count FROM `goods_common` WHERE ( contract_3 = '1' ) LIMIT 1  
[2020-07-14 06:36:30] /shop/index.php?controller=cate&action=index&cate_id=2137&ci=2 ( act=cate&action=index ) 
ERR: Db Error: Unknown column 'contract_2' in 'where clause'
SELECT COUNT(*) AS nc_count FROM `goods_common` WHERE ( contract_2 = '1' ) LIMIT 1  
[2020-07-14 06:36:30] /shop/index.php?controller=cate&action=index&cate_id=2137&ci=4 ( act=cate&action=index ) 
ERR: Db Error: Unknown column 'contract_4' in 'where clause'
SELECT COUNT(*) AS nc_count FROM `goods_common` WHERE ( contract_4 = '1' ) LIMIT 1  
[2020-07-14 06:36:35] /shop/index.php?controller=cate&action=index&cate_id=2148&ci=1 ( act=cate&action=index ) 
ERR: Db Error: Unknown column 'contract_1' in 'where clause'
SELECT COUNT(*) AS nc_count FROM `goods_common` WHERE ( contract_1 = '1' ) LIMIT 1  
[2020-07-14 06:36:35] /shop/index.php?controller=cate&action=index&cate_id=2148&ci=2 ( act=cate&action=index ) 
ERR: Db Error: Unknown column 'contract_2' in 'where clause'
SELECT COUNT(*) AS nc_count FROM `goods_common` WHERE ( contract_2 = '1' ) LIMIT 1  
[2020-07-14 06:36:35] /shop/index.php?controller=cate&action=index&cate_id=2148&ci=3 ( act=cate&action=index ) 
ERR: Db Error: Unknown column 'contract_3' in 'where clause'
SELECT COUNT(*) AS nc_count FROM `goods_common` WHERE ( contract_3 = '1' ) LIMIT 1  
[2020-07-14 06:36:35] /shop/index.php?controller=cate&action=index&cate_id=2148&ci=4 ( act=cate&action=index ) 
ERR: Db Error: Unknown column 'contract_4' in 'where clause'
SELECT COUNT(*) AS nc_count FROM `goods_common` WHERE ( contract_4 = '1' ) LIMIT 1  
[2020-07-14 06:36:38] /shop/index.php?controller=cate&action=index&cate_id=2141&ci=1 ( act=cate&action=index ) 
ERR: Db Error: Unknown column 'contract_1' in 'where clause'
SELECT COUNT(*) AS nc_count FROM `goods_common` WHERE ( contract_1 = '1' ) LIMIT 1  
[2020-07-14 06:36:38] /shop/index.php?controller=cate&action=index&cate_id=2141&ci=2 ( act=cate&action=index ) 
ERR: Db Error: Unknown column 'contract_2' in 'where clause'
SELECT COUNT(*) AS nc_count FROM `goods_common` WHERE ( contract_2 = '1' ) LIMIT 1  
[2020-07-14 06:36:38] /shop/index.php?controller=cate&action=index&cate_id=2141&ci=3 ( act=cate&action=index ) 
ERR: Db Error: Unknown column 'contract_3' in 'where clause'
SELECT COUNT(*) AS nc_count FROM `goods_common` WHERE ( contract_3 = '1' ) LIMIT 1  
[2020-07-14 06:36:38] /shop/index.php?controller=cate&action=index&cate_id=2141&ci=4 ( act=cate&action=index ) 
ERR: Db Error: Unknown column 'contract_4' in 'where clause'
SELECT COUNT(*) AS nc_count FROM `goods_common` WHERE ( contract_4 = '1' ) LIMIT 1  
[2020-07-14 06:36:41] /shop/index.php?controller=cate&action=index&cate_id=2193&ci=1 ( act=cate&action=index ) 
ERR: Db Error: Unknown column 'contract_1' in 'where clause'
SELECT COUNT(*) AS nc_count FROM `goods_common` WHERE ( contract_1 = '1' ) LIMIT 1  
[2020-07-14 06:36:41] /shop/index.php?controller=cate&action=index&cate_id=2193&ci=3 ( act=cate&action=index ) 
ERR: Db Error: Unknown column 'contract_3' in 'where clause'
SELECT COUNT(*) AS nc_count FROM `goods_common` WHERE ( contract_3 = '1' ) LIMIT 1  
[2020-07-14 06:36:44] /shop/index.php?controller=cate&action=index&cate_id=2232&ci=1 ( act=cate&action=index ) 
ERR: Db Error: Unknown column 'contract_1' in 'where clause'
SELECT COUNT(*) AS nc_count FROM `goods_common` WHERE ( contract_1 = '1' ) LIMIT 1  
[2020-07-14 06:36:44] /shop/index.php?controller=cate&action=index&cate_id=2232&ci=2 ( act=cate&action=index ) 
ERR: Db Error: Unknown column 'contract_2' in 'where clause'
SELECT COUNT(*) AS nc_count FROM `goods_common` WHERE ( contract_2 = '1' ) LIMIT 1  
[2020-07-14 06:36:44] /shop/index.php?controller=cate&action=index&cate_id=2232&ci=3 ( act=cate&action=index ) 
ERR: Db Error: Unknown column 'contract_3' in 'where clause'
SELECT COUNT(*) AS nc_count FROM `goods_common` WHERE ( contract_3 = '1' ) LIMIT 1  
[2020-07-14 06:36:44] /shop/index.php?controller=cate&action=index&cate_id=2232&ci=4 ( act=cate&action=index ) 
ERR: Db Error: Unknown column 'contract_4' in 'where clause'
SELECT COUNT(*) AS nc_count FROM `goods_common` WHERE ( contract_4 = '1' ) LIMIT 1  
[2020-07-14 06:36:48] /shop/index.php?controller=cate&action=index&cate_id=2239&ci=1 ( act=cate&action=index ) 
ERR: Db Error: Unknown column 'contract_1' in 'where clause'
SELECT COUNT(*) AS nc_count FROM `goods_common` WHERE ( contract_1 = '1' ) LIMIT 1  
[2020-07-14 06:36:48] /shop/index.php?controller=cate&action=index&cate_id=2239&ci=2 ( act=cate&action=index ) 
ERR: Db Error: Unknown column 'contract_2' in 'where clause'
SELECT COUNT(*) AS nc_count FROM `goods_common` WHERE ( contract_2 = '1' ) LIMIT 1  
[2020-07-14 06:36:48] /shop/index.php?controller=cate&action=index&cate_id=2239&ci=3 ( act=cate&action=index ) 
ERR: Db Error: Unknown column 'contract_3' in 'where clause'
SELECT COUNT(*) AS nc_count FROM `goods_common` WHERE ( contract_3 = '1' ) LIMIT 1  
[2020-07-14 06:36:48] /shop/index.php?controller=cate&action=index&cate_id=2239&ci=4 ( act=cate&action=index ) 
ERR: Db Error: Unknown column 'contract_4' in 'where clause'
SELECT COUNT(*) AS nc_count FROM `goods_common` WHERE ( contract_4 = '1' ) LIMIT 1  
[2020-07-14 06:36:50] /shop/index.php?controller=cate&action=index&cate_id=2235&ci=1 ( act=cate&action=index ) 
ERR: Db Error: Unknown column 'contract_1' in 'where clause'
SELECT COUNT(*) AS nc_count FROM `goods_common` WHERE ( contract_1 = '1' ) LIMIT 1  
[2020-07-14 06:36:50] /shop/index.php?controller=cate&action=index&cate_id=2235&ci=2 ( act=cate&action=index ) 
ERR: Db Error: Unknown column 'contract_2' in 'where clause'
SELECT COUNT(*) AS nc_count FROM `goods_common` WHERE ( contract_2 = '1' ) LIMIT 1  
[2020-07-14 06:36:50] /shop/index.php?controller=cate&action=index&cate_id=2235&ci=3 ( act=cate&action=index ) 
ERR: Db Error: Unknown column 'contract_3' in 'where clause'
SELECT COUNT(*) AS nc_count FROM `goods_common` WHERE ( contract_3 = '1' ) LIMIT 1  
[2020-07-14 06:36:50] /shop/index.php?controller=cate&action=index&cate_id=2235&ci=4 ( act=cate&action=index ) 
ERR: Db Error: Unknown column 'contract_4' in 'where clause'
SELECT COUNT(*) AS nc_count FROM `goods_common` WHERE ( contract_4 = '1' ) LIMIT 1  
[2020-07-14 06:36:53] /shop/index.php?controller=cate&action=index&cate_id=2236&ci=1 ( act=cate&action=index ) 
ERR: Db Error: Unknown column 'contract_1' in 'where clause'
SELECT COUNT(*) AS nc_count FROM `goods_common` WHERE ( contract_1 = '1' ) LIMIT 1  
[2020-07-14 06:36:53] /shop/index.php?controller=cate&action=index&cate_id=2236&ci=2 ( act=cate&action=index ) 
ERR: Db Error: Unknown column 'contract_2' in 'where clause'
SELECT COUNT(*) AS nc_count FROM `goods_common` WHERE ( contract_2 = '1' ) LIMIT 1  
[2020-07-14 06:36:53] /shop/index.php?controller=cate&action=index&cate_id=2236&ci=4 ( act=cate&action=index ) 
ERR: Db Error: Unknown column 'contract_4' in 'where clause'
SELECT COUNT(*) AS nc_count FROM `goods_common` WHERE ( contract_4 = '1' ) LIMIT 1  
[2020-07-14 06:36:53] /shop/index.php?controller=cate&action=index&cate_id=2236&ci=3 ( act=cate&action=index ) 
ERR: Db Error: Unknown column 'contract_3' in 'where clause'
SELECT COUNT(*) AS nc_count FROM `goods_common` WHERE ( contract_3 = '1' ) LIMIT 1  
[2020-07-14 06:36:59] /shop/index.php?controller=cate&action=index&cate_id=1068&ci=1 ( act=cate&action=index ) 
ERR: Db Error: Unknown column 'contract_1' in 'where clause'
SELECT COUNT(*) AS nc_count FROM `goods_common` WHERE ( gc_id_1 = '1068' ) AND ( contract_1 = '1' ) LIMIT 1  
[2020-07-14 06:36:59] /shop/index.php?controller=cate&action=index&cate_id=1068&ci=2 ( act=cate&action=index ) 
ERR: Db Error: Unknown column 'contract_2' in 'where clause'
SELECT COUNT(*) AS nc_count FROM `goods_common` WHERE ( gc_id_1 = '1068' ) AND ( contract_2 = '1' ) LIMIT 1  
[2020-07-14 06:36:59] /shop/index.php?controller=cate&action=index&cate_id=1068&ci=3 ( act=cate&action=index ) 
ERR: Db Error: Unknown column 'contract_3' in 'where clause'
SELECT COUNT(*) AS nc_count FROM `goods_common` WHERE ( gc_id_1 = '1068' ) AND ( contract_3 = '1' ) LIMIT 1  
[2020-07-14 06:36:59] /shop/index.php?controller=cate&action=index&cate_id=1068&ci=4 ( act=cate&action=index ) 
ERR: Db Error: Unknown column 'contract_4' in 'where clause'
SELECT COUNT(*) AS nc_count FROM `goods_common` WHERE ( gc_id_1 = '1068' ) AND ( contract_4 = '1' ) LIMIT 1  
[2020-07-14 06:37:04] /shop/index.php?controller=cate&action=index&cate_id=2&ci=1 ( act=cate&action=index ) 
ERR: Db Error: Unknown column 'contract_1' in 'where clause'
SELECT COUNT(*) AS nc_count FROM `goods_common` WHERE ( contract_1 = '1' ) LIMIT 1  
[2020-07-14 06:37:04] /shop/index.php?controller=cate&action=index&cate_id=2&ci=2 ( act=cate&action=index ) 
ERR: Db Error: Unknown column 'contract_2' in 'where clause'
SELECT COUNT(*) AS nc_count FROM `goods_common` WHERE ( contract_2 = '1' ) LIMIT 1  
[2020-07-14 06:37:04] /shop/index.php?controller=cate&action=index&cate_id=2&ci=3 ( act=cate&action=index ) 
ERR: Db Error: Unknown column 'contract_3' in 'where clause'
SELECT COUNT(*) AS nc_count FROM `goods_common` WHERE ( contract_3 = '1' ) LIMIT 1  
[2020-07-14 06:37:04] /shop/index.php?controller=cate&action=index&cate_id=2&ci=4 ( act=cate&action=index ) 
ERR: Db Error: Unknown column 'contract_4' in 'where clause'
SELECT COUNT(*) AS nc_count FROM `goods_common` WHERE ( contract_4 = '1' ) LIMIT 1  
[2020-07-14 06:37:07] /shop/index.php?controller=cate&action=index&cate_id=256&ci=1 ( act=cate&action=index ) 
ERR: Db Error: Unknown column 'contract_1' in 'where clause'
SELECT COUNT(*) AS nc_count FROM `goods_common` WHERE ( contract_1 = '1' ) LIMIT 1  
[2020-07-14 06:37:07] /shop/index.php?controller=cate&action=index&cate_id=256&ci=2 ( act=cate&action=index ) 
ERR: Db Error: Unknown column 'contract_2' in 'where clause'
SELECT COUNT(*) AS nc_count FROM `goods_common` WHERE ( contract_2 = '1' ) LIMIT 1  
[2020-07-14 06:37:07] /shop/index.php?controller=cate&action=index&cate_id=256&ci=3 ( act=cate&action=index ) 
ERR: Db Error: Unknown column 'contract_3' in 'where clause'
SELECT COUNT(*) AS nc_count FROM `goods_common` WHERE ( contract_3 = '1' ) LIMIT 1  
[2020-07-14 06:37:07] /shop/index.php?controller=cate&action=index&cate_id=256&ci=4 ( act=cate&action=index ) 
ERR: Db Error: Unknown column 'contract_4' in 'where clause'
SELECT COUNT(*) AS nc_count FROM `goods_common` WHERE ( contract_4 = '1' ) LIMIT 1  
[2020-07-14 06:37:10] /shop/index.php?controller=cate&action=index&cate_id=308&ci=1 ( act=cate&action=index ) 
ERR: Db Error: Unknown column 'contract_1' in 'where clause'
SELECT COUNT(*) AS nc_count FROM `goods_common` WHERE ( contract_1 = '1' ) LIMIT 1  
[2020-07-14 06:37:10] /shop/index.php?controller=cate&action=index&cate_id=308&ci=2 ( act=cate&action=index ) 
ERR: Db Error: Unknown column 'contract_2' in 'where clause'
SELECT COUNT(*) AS nc_count FROM `goods_common` WHERE ( contract_2 = '1' ) LIMIT 1  
[2020-07-14 06:37:10] /shop/index.php?controller=cate&action=index&cate_id=308&ci=3 ( act=cate&action=index ) 
ERR: Db Error: Unknown column 'contract_3' in 'where clause'
SELECT COUNT(*) AS nc_count FROM `goods_common` WHERE ( contract_3 = '1' ) LIMIT 1  
[2020-07-14 06:37:10] /shop/index.php?controller=cate&action=index&cate_id=308&ci=4 ( act=cate&action=index ) 
ERR: Db Error: Unknown column 'contract_4' in 'where clause'
SELECT COUNT(*) AS nc_count FROM `goods_common` WHERE ( contract_4 = '1' ) LIMIT 1  
[2020-07-14 06:37:13] /shop/index.php?controller=cate&action=index&cate_id=636&ci=1 ( act=cate&action=index ) 
ERR: Db Error: Unknown column 'contract_1' in 'where clause'
SELECT COUNT(*) AS nc_count FROM `goods_common` WHERE ( contract_1 = '1' ) LIMIT 1  
[2020-07-14 06:37:13] /shop/index.php?controller=cate&action=index&cate_id=636&ci=2 ( act=cate&action=index ) 
ERR: Db Error: Unknown column 'contract_2' in 'where clause'
SELECT COUNT(*) AS nc_count FROM `goods_common` WHERE ( contract_2 = '1' ) LIMIT 1  
[2020-07-14 06:37:13] /shop/index.php?controller=cate&action=index&cate_id=636&ci=3 ( act=cate&action=index ) 
ERR: Db Error: Unknown column 'contract_3' in 'where clause'
SELECT COUNT(*) AS nc_count FROM `goods_common` WHERE ( contract_3 = '1' ) LIMIT 1  
[2020-07-14 06:37:13] /shop/index.php?controller=cate&action=index&cate_id=636&ci=4 ( act=cate&action=index ) 
ERR: Db Error: Unknown column 'contract_4' in 'where clause'
SELECT COUNT(*) AS nc_count FROM `goods_common` WHERE ( contract_4 = '1' ) LIMIT 1  
[2020-07-14 06:37:29] /shop/index.php?controller=cate&action=index&cate_id=1&ci=1 ( act=cate&action=index ) 
ERR: Db Error: Unknown column 'contract_1' in 'where clause'
SELECT COUNT(*) AS nc_count FROM `goods_common` WHERE ( contract_1 = '1' ) LIMIT 1  
[2020-07-14 06:37:29] /shop/index.php?controller=cate&action=index&cate_id=1&ci=2 ( act=cate&action=index ) 
ERR: Db Error: Unknown column 'contract_2' in 'where clause'
SELECT COUNT(*) AS nc_count FROM `goods_common` WHERE ( contract_2 = '1' ) LIMIT 1  
[2020-07-14 06:37:29] /shop/index.php?controller=cate&action=index&cate_id=1&ci=3 ( act=cate&action=index ) 
ERR: Db Error: Unknown column 'contract_3' in 'where clause'
SELECT COUNT(*) AS nc_count FROM `goods_common` WHERE ( contract_3 = '1' ) LIMIT 1  
[2020-07-14 06:37:29] /shop/index.php?controller=cate&action=index&cate_id=1&ci=4 ( act=cate&action=index ) 
ERR: Db Error: Unknown column 'contract_4' in 'where clause'
SELECT COUNT(*) AS nc_count FROM `goods_common` WHERE ( contract_4 = '1' ) LIMIT 1  
[2020-07-14 06:37:50] /shop/index.php?controller=cate&action=index&cate_id=5492&ci=3&area_id=29 ( act=cate&action=index ) 
ERR: Db Error: Unknown column 'contract_3' in 'where clause'
SELECT COUNT(*) AS nc_count FROM `goods_common` WHERE ( gc_id_2 = '5492' ) AND ( areaid_1 = '29' ) AND ( contract_3 = '1' ) LIMIT 1  
[2020-07-14 06:40:16] /shop/index.php?controller=cate&action=index&cate_id=5492&ci=3&area_id=3 ( act=cate&action=index ) 
ERR: Db Error: Unknown column 'contract_3' in 'where clause'
SELECT COUNT(*) AS nc_count FROM `goods_common` WHERE ( gc_id_2 = '5492' ) AND ( areaid_1 = '3' ) AND ( contract_3 = '1' ) LIMIT 1  
[2020-07-14 06:42:35] /shop/index.php?controller=cate&action=index&cate_id=5492&ci=3&area_id=30 ( act=cate&action=index ) 
ERR: Db Error: Unknown column 'contract_3' in 'where clause'
SELECT COUNT(*) AS nc_count FROM `goods_common` WHERE ( gc_id_2 = '5492' ) AND ( areaid_1 = '30' ) AND ( contract_3 = '1' ) LIMIT 1  
[2020-07-14 06:44:57] /shop/index.php?controller=cate&action=index&cate_id=5492&ci=3&area_id=31 ( act=cate&action=index ) 
ERR: Db Error: Unknown column 'contract_3' in 'where clause'
SELECT COUNT(*) AS nc_count FROM `goods_common` WHERE ( gc_id_2 = '5492' ) AND ( areaid_1 = '31' ) AND ( contract_3 = '1' ) LIMIT 1  
[2020-07-14 06:47:22] /shop/index.php?controller=cate&action=index&cate_id=5492&ci=3&area_id=32 ( act=cate&action=index ) 
ERR: Db Error: Unknown column 'contract_3' in 'where clause'
SELECT COUNT(*) AS nc_count FROM `goods_common` WHERE ( gc_id_2 = '5492' ) AND ( areaid_1 = '32' ) AND ( contract_3 = '1' ) LIMIT 1  
[2020-07-14 06:49:55] /shop/index.php?controller=cate&action=index&cate_id=5492&ci=3&area_id=33 ( act=cate&action=index ) 
ERR: Db Error: Unknown column 'contract_3' in 'where clause'
SELECT COUNT(*) AS nc_count FROM `goods_common` WHERE ( gc_id_2 = '5492' ) AND ( areaid_1 = '33' ) AND ( contract_3 = '1' ) LIMIT 1  
[2020-07-14 06:52:30] /shop/index.php?controller=cate&action=index&cate_id=5492&ci=3&area_id=34 ( act=cate&action=index ) 
ERR: Db Error: Unknown column 'contract_3' in 'where clause'
SELECT COUNT(*) AS nc_count FROM `goods_common` WHERE ( gc_id_2 = '5492' ) AND ( areaid_1 = '34' ) AND ( contract_3 = '1' ) LIMIT 1  
[2020-07-14 06:52:42] /shop/index.php?controller=cate&action=index&cate_id=5086&ci=1 ( act=cate&action=index ) 
ERR: Db Error: Unknown column 'contract_1' in 'where clause'
SELECT COUNT(*) AS nc_count FROM `goods_common` WHERE ( contract_1 = '1' ) LIMIT 1  
[2020-07-14 06:55:00] /shop/index.php?controller=cate&action=index&cate_id=5492&ci=3&area_id=35 ( act=cate&action=index ) 
ERR: Db Error: Unknown column 'contract_3' in 'where clause'
SELECT COUNT(*) AS nc_count FROM `goods_common` WHERE ( gc_id_2 = '5492' ) AND ( areaid_1 = '35' ) AND ( contract_3 = '1' ) LIMIT 1  
[2020-07-14 06:57:33] /shop/index.php?controller=cate&action=index&cate_id=5492&ci=3&area_id=4 ( act=cate&action=index ) 
ERR: Db Error: Unknown column 'contract_3' in 'where clause'
SELECT COUNT(*) AS nc_count FROM `goods_common` WHERE ( gc_id_2 = '5492' ) AND ( areaid_1 = '4' ) AND ( contract_3 = '1' ) LIMIT 1  
[2020-07-14 07:00:09] /shop/index.php?controller=cate&action=index&cate_id=5492&ci=3&area_id=5 ( act=cate&action=index ) 
ERR: Db Error: Unknown column 'contract_3' in 'where clause'
SELECT COUNT(*) AS nc_count FROM `goods_common` WHERE ( gc_id_2 = '5492' ) AND ( areaid_1 = '5' ) AND ( contract_3 = '1' ) LIMIT 1  
[2020-07-14 07:02:43] /shop/index.php?controller=cate&action=index&cate_id=5492&ci=3&area_id=6 ( act=cate&action=index ) 
ERR: Db Error: Unknown column 'contract_3' in 'where clause'
SELECT COUNT(*) AS nc_count FROM `goods_common` WHERE ( gc_id_2 = '5492' ) AND ( areaid_1 = '6' ) AND ( contract_3 = '1' ) LIMIT 1  
[2020-07-14 07:05:15] /shop/index.php?controller=cate&action=index&cate_id=5492&ci=3&area_id=8 ( act=cate&action=index ) 
ERR: Db Error: Unknown column 'contract_3' in 'where clause'
SELECT COUNT(*) AS nc_count FROM `goods_common` WHERE ( gc_id_2 = '5492' ) AND ( areaid_1 = '8' ) AND ( contract_3 = '1' ) LIMIT 1  
[2020-07-14 07:07:05] /shop/index.php?action=index&area_id=27&cate_id=256&ci=2_4&controller=cate&key=3&new=1&order=2 ( act=cate&action=index ) 
ERR: Db Error: Unknown column 'contract_2' in 'where clause'
SELECT COUNT(*) AS nc_count FROM `goods_common` WHERE ( areaid_1 = '27' ) AND ( is_new_arrival = '1' ) AND ( contract_2 = '1' ) AND ( contract_4 = '1' ) LIMIT 1  
[2020-07-14 07:07:44] /shop/index.php?controller=cate&action=index&cate_id=5492&ci=3&area_id=9 ( act=cate&action=index ) 
ERR: Db Error: Unknown column 'contract_3' in 'where clause'
SELECT COUNT(*) AS nc_count FROM `goods_common` WHERE ( gc_id_2 = '5492' ) AND ( areaid_1 = '9' ) AND ( contract_3 = '1' ) LIMIT 1  
[2020-07-14 07:22:25] /shop/index.php?action=index&area_id=27&cate_id=308&ci=3_4&controller=cate&key=2&new=1&order=2 ( act=cate&action=index ) 
ERR: Db Error: Unknown column 'contract_3' in 'where clause'
SELECT COUNT(*) AS nc_count FROM `goods_common` WHERE ( areaid_1 = '27' ) AND ( is_new_arrival = '1' ) AND ( contract_3 = '1' ) AND ( contract_4 = '1' ) LIMIT 1  
[2020-07-14 07:52:37] /shop/index.php?action=index&area_id=3&cate_id=308&ci=4_1&controller=cate&key=1&order=2&type=1 ( act=cate&action=index ) 
ERR: Db Error: Unknown column 'contract_4' in 'where clause'
SELECT COUNT(*) AS nc_count FROM `goods_common` WHERE ( areaid_1 = '3' ) AND ( is_own_shop = '1' ) AND ( contract_4 = '1' ) AND ( contract_1 = '1' ) LIMIT 1  
[2020-07-14 07:56:23] /shop/index.php?controller=cate&action=index&cate_id=3968&key=1&order=1&area_id=4&new=1&ci=2_3&gift=&yx= ( act=cate&action=index ) 
ERR: Db Error: Unknown column 'contract_2' in 'where clause'
SELECT COUNT(*) AS nc_count FROM `goods_common` WHERE ( areaid_1 = '4' ) AND ( is_new_arrival = '1' ) AND ( contract_2 = '1' ) AND ( contract_3 = '1' ) LIMIT 1  
[2020-07-14 08:07:35] /shop/index.php?controller=cate&action=index&cate_id=5492&area_id=&ci=4 ( act=cate&action=index ) 
ERR: Db Error: Unknown column 'contract_4' in 'where clause'
SELECT COUNT(*) AS nc_count FROM `goods_common` WHERE ( gc_id_2 = '5492' ) AND ( contract_4 = '1' ) LIMIT 1  
[2020-07-14 08:10:00] /shop/index.php?controller=cate&action=index&cate_id=5492&area_id=12&ci=4 ( act=cate&action=index ) 
ERR: Db Error: Unknown column 'contract_4' in 'where clause'
SELECT COUNT(*) AS nc_count FROM `goods_common` WHERE ( gc_id_2 = '5492' ) AND ( areaid_1 = '12' ) AND ( contract_4 = '1' ) LIMIT 1  
[2020-07-14 08:10:37] /shop/index.php?action=index&area_id=16&cate_id=308&ci=1_3&controller=cate&gift=&key=&order= ( act=cate&action=index ) 
ERR: Db Error: Unknown column 'contract_1' in 'where clause'
SELECT COUNT(*) AS nc_count FROM `goods_common` WHERE ( areaid_1 = '16' ) AND ( contract_1 = '1' ) AND ( contract_3 = '1' ) LIMIT 1  
[2020-07-14 08:12:26] /shop/index.php?controller=cate&action=index&cate_id=5492&area_id=15&ci=4 ( act=cate&action=index ) 
ERR: Db Error: Unknown column 'contract_4' in 'where clause'
SELECT COUNT(*) AS nc_count FROM `goods_common` WHERE ( gc_id_2 = '5492' ) AND ( areaid_1 = '15' ) AND ( contract_4 = '1' ) LIMIT 1  
[2020-07-14 08:14:59] /shop/index.php?controller=cate&action=index&cate_id=5492&area_id=16&ci=4 ( act=cate&action=index ) 
ERR: Db Error: Unknown column 'contract_4' in 'where clause'
SELECT COUNT(*) AS nc_count FROM `goods_common` WHERE ( gc_id_2 = '5492' ) AND ( areaid_1 = '16' ) AND ( contract_4 = '1' ) LIMIT 1  
[2020-07-14 08:17:24] /shop/index.php?controller=cate&action=index&cate_id=5492&area_id=17&ci=4 ( act=cate&action=index ) 
ERR: Db Error: Unknown column 'contract_4' in 'where clause'
SELECT COUNT(*) AS nc_count FROM `goods_common` WHERE ( gc_id_2 = '5492' ) AND ( areaid_1 = '17' ) AND ( contract_4 = '1' ) LIMIT 1  
[2020-07-14 08:17:56] /shop/index.php?controller=cate&action=index&cate_id=4416&ci=2 ( act=cate&action=index ) 
ERR: Db Error: Unknown column 'contract_2' in 'where clause'
SELECT COUNT(*) AS nc_count FROM `goods_common` WHERE ( contract_2 = '1' ) LIMIT 1  
[2020-07-14 08:19:47] /shop/index.php?controller=cate&action=index&cate_id=5492&area_id=19&ci=4 ( act=cate&action=index ) 
ERR: Db Error: Unknown column 'contract_4' in 'where clause'
SELECT COUNT(*) AS nc_count FROM `goods_common` WHERE ( gc_id_2 = '5492' ) AND ( areaid_1 = '19' ) AND ( contract_4 = '1' ) LIMIT 1  
[2020-07-14 08:22:12] /shop/index.php?controller=cate&action=index&cate_id=5492&area_id=2&ci=4 ( act=cate&action=index ) 
ERR: Db Error: Unknown column 'contract_4' in 'where clause'
SELECT COUNT(*) AS nc_count FROM `goods_common` WHERE ( gc_id_2 = '5492' ) AND ( areaid_1 = '2' ) AND ( contract_4 = '1' ) LIMIT 1  
[2020-07-14 08:24:45] /shop/index.php?controller=cate&action=index&cate_id=5492&area_id=22&ci=4 ( act=cate&action=index ) 
ERR: Db Error: Unknown column 'contract_4' in 'where clause'
SELECT COUNT(*) AS nc_count FROM `goods_common` WHERE ( gc_id_2 = '5492' ) AND ( areaid_1 = '22' ) AND ( contract_4 = '1' ) LIMIT 1  
[2020-07-14 08:24:47] /shop/index.php?controller=cate&action=index&cate_id=3968&key=1&order=1&area_id=4&new=&ci=2_3&gift=&yx= ( act=cate&action=index ) 
ERR: Db Error: Unknown column 'contract_2' in 'where clause'
SELECT COUNT(*) AS nc_count FROM `goods_common` WHERE ( areaid_1 = '4' ) AND ( contract_2 = '1' ) AND ( contract_3 = '1' ) LIMIT 1  
[2020-07-14 08:27:17] /shop/index.php?controller=cate&action=index&cate_id=5492&area_id=23&ci=4 ( act=cate&action=index ) 
ERR: Db Error: Unknown column 'contract_4' in 'where clause'
SELECT COUNT(*) AS nc_count FROM `goods_common` WHERE ( gc_id_2 = '5492' ) AND ( areaid_1 = '23' ) AND ( contract_4 = '1' ) LIMIT 1  
[2020-07-14 08:28:26] /shop/index.php?action=index&area_id=17&cate_id=256&ci=1_4&controller=cate&gift=&key=2&order=2 ( act=cate&action=index ) 
ERR: Db Error: Unknown column 'contract_1' in 'where clause'
SELECT COUNT(*) AS nc_count FROM `goods_common` WHERE ( areaid_1 = '17' ) AND ( contract_1 = '1' ) AND ( contract_4 = '1' ) LIMIT 1  
[2020-07-14 08:29:43] /shop/index.php?controller=cate&action=index&cate_id=5492&area_id=25&ci=4 ( act=cate&action=index ) 
ERR: Db Error: Unknown column 'contract_4' in 'where clause'
SELECT COUNT(*) AS nc_count FROM `goods_common` WHERE ( gc_id_2 = '5492' ) AND ( areaid_1 = '25' ) AND ( contract_4 = '1' ) LIMIT 1  
[2020-07-14 08:32:04] /shop/index.php?controller=cate&action=index&cate_id=5492&area_id=26&ci=4 ( act=cate&action=index ) 
ERR: Db Error: Unknown column 'contract_4' in 'where clause'
SELECT COUNT(*) AS nc_count FROM `goods_common` WHERE ( gc_id_2 = '5492' ) AND ( areaid_1 = '26' ) AND ( contract_4 = '1' ) LIMIT 1  
[2020-07-14 08:34:26] /shop/index.php?controller=cate&action=index&cate_id=5492&area_id=27&ci=4 ( act=cate&action=index ) 
ERR: Db Error: Unknown column 'contract_4' in 'where clause'
SELECT COUNT(*) AS nc_count FROM `goods_common` WHERE ( gc_id_2 = '5492' ) AND ( areaid_1 = '27' ) AND ( contract_4 = '1' ) LIMIT 1  
[2020-07-14 08:36:50] /shop/index.php?controller=cate&action=index&cate_id=5492&area_id=28&ci=4 ( act=cate&action=index ) 
ERR: Db Error: Unknown column 'contract_4' in 'where clause'
SELECT COUNT(*) AS nc_count FROM `goods_common` WHERE ( gc_id_2 = '5492' ) AND ( areaid_1 = '28' ) AND ( contract_4 = '1' ) LIMIT 1  
[2020-07-14 08:39:09] /shop/index.php?controller=cate&action=index&cate_id=5492&area_id=29&ci=4 ( act=cate&action=index ) 
ERR: Db Error: Unknown column 'contract_4' in 'where clause'
SELECT COUNT(*) AS nc_count FROM `goods_common` WHERE ( gc_id_2 = '5492' ) AND ( areaid_1 = '29' ) AND ( contract_4 = '1' ) LIMIT 1  
[2020-07-14 08:39:36] /shop/index.php?action=index&area_id=24&cate_id=256&ci=3_2&controller=cate&key=1&new=1&order=2 ( act=cate&action=index ) 
ERR: Db Error: Unknown column 'contract_3' in 'where clause'
SELECT COUNT(*) AS nc_count FROM `goods_common` WHERE ( areaid_1 = '24' ) AND ( is_new_arrival = '1' ) AND ( contract_3 = '1' ) AND ( contract_2 = '1' ) LIMIT 1  
[2020-07-14 08:41:31] /shop/index.php?controller=cate&action=index&cate_id=5492&area_id=3&ci=4 ( act=cate&action=index ) 
ERR: Db Error: Unknown column 'contract_4' in 'where clause'
SELECT COUNT(*) AS nc_count FROM `goods_common` WHERE ( gc_id_2 = '5492' ) AND ( areaid_1 = '3' ) AND ( contract_4 = '1' ) LIMIT 1  
[2020-07-14 08:43:55] /shop/index.php?controller=cate&action=index&cate_id=5492&area_id=31&ci=4 ( act=cate&action=index ) 
ERR: Db Error: Unknown column 'contract_4' in 'where clause'
SELECT COUNT(*) AS nc_count FROM `goods_common` WHERE ( gc_id_2 = '5492' ) AND ( areaid_1 = '31' ) AND ( contract_4 = '1' ) LIMIT 1  
[2020-07-14 08:46:24] /shop/index.php?controller=cate&action=index&cate_id=5492&area_id=32&ci=4 ( act=cate&action=index ) 
ERR: Db Error: Unknown column 'contract_4' in 'where clause'
SELECT COUNT(*) AS nc_count FROM `goods_common` WHERE ( gc_id_2 = '5492' ) AND ( areaid_1 = '32' ) AND ( contract_4 = '1' ) LIMIT 1  
[2020-07-14 08:48:40] /shop/index.php?controller=cate&action=index&cate_id=5492&area_id=33&ci=4 ( act=cate&action=index ) 
ERR: Db Error: Unknown column 'contract_4' in 'where clause'
SELECT COUNT(*) AS nc_count FROM `goods_common` WHERE ( gc_id_2 = '5492' ) AND ( areaid_1 = '33' ) AND ( contract_4 = '1' ) LIMIT 1  
[2020-07-14 08:51:06] /shop/index.php?controller=cate&action=index&cate_id=5492&area_id=35&ci=4 ( act=cate&action=index ) 
ERR: Db Error: Unknown column 'contract_4' in 'where clause'
SELECT COUNT(*) AS nc_count FROM `goods_common` WHERE ( gc_id_2 = '5492' ) AND ( areaid_1 = '35' ) AND ( contract_4 = '1' ) LIMIT 1  
[2020-07-14 08:52:06] /shop/index.php?action=index&area_id=17&cate_id=5548&ci=1&controller=cate ( act=cate&action=index ) 
ERR: Db Error: Unknown column 'contract_1' in 'where clause'
SELECT COUNT(*) AS nc_count FROM `goods_common` WHERE ( gc_id_3 = '5548' ) AND ( areaid_1 = '17' ) AND ( contract_1 = '1' ) LIMIT 1  
[2020-07-14 08:53:32] /shop/index.php?controller=cate&action=index&cate_id=5492&area_id=4&ci=4 ( act=cate&action=index ) 
ERR: Db Error: Unknown column 'contract_4' in 'where clause'
SELECT COUNT(*) AS nc_count FROM `goods_common` WHERE ( gc_id_2 = '5492' ) AND ( areaid_1 = '4' ) AND ( contract_4 = '1' ) LIMIT 1  
[2020-07-14 08:55:56] /shop/index.php?controller=cate&action=index&cate_id=5492&area_id=5&ci=4 ( act=cate&action=index ) 
ERR: Db Error: Unknown column 'contract_4' in 'where clause'
SELECT COUNT(*) AS nc_count FROM `goods_common` WHERE ( gc_id_2 = '5492' ) AND ( areaid_1 = '5' ) AND ( contract_4 = '1' ) LIMIT 1  
[2020-07-14 08:57:26] /shop/index.php?action=index&area_id=1&cate_id=308&ci=2_4&controller=cate&key=1&order=2&type=1 ( act=cate&action=index ) 
ERR: Db Error: Unknown column 'contract_2' in 'where clause'
SELECT COUNT(*) AS nc_count FROM `goods_common` WHERE ( areaid_1 = '1' ) AND ( is_own_shop = '1' ) AND ( contract_2 = '1' ) AND ( contract_4 = '1' ) LIMIT 1  
[2020-07-14 08:58:22] /shop/index.php?controller=cate&action=index&cate_id=5492&area_id=6&ci=4 ( act=cate&action=index ) 
ERR: Db Error: Unknown column 'contract_4' in 'where clause'
SELECT COUNT(*) AS nc_count FROM `goods_common` WHERE ( gc_id_2 = '5492' ) AND ( areaid_1 = '6' ) AND ( contract_4 = '1' ) LIMIT 1  
[2020-07-14 09:00:46] /shop/index.php?controller=cate&action=index&cate_id=5492&area_id=7&ci=4 ( act=cate&action=index ) 
ERR: Db Error: Unknown column 'contract_4' in 'where clause'
SELECT COUNT(*) AS nc_count FROM `goods_common` WHERE ( gc_id_2 = '5492' ) AND ( areaid_1 = '7' ) AND ( contract_4 = '1' ) LIMIT 1  
[2020-07-14 09:01:51] /shop/index.php?controller=cate&action=index&cate_id=4416&ci=4 ( act=cate&action=index ) 
ERR: Db Error: Unknown column 'contract_4' in 'where clause'
SELECT COUNT(*) AS nc_count FROM `goods_common` WHERE ( contract_4 = '1' ) LIMIT 1  
[2020-07-14 09:02:40] /shop/index.php?controller=cate&action=index&cate_id=3968&key=2&order=2&area_id=4&new=&ci=2_3&gift=&yx= ( act=cate&action=index ) 
ERR: Db Error: Unknown column 'contract_2' in 'where clause'
SELECT COUNT(*) AS nc_count FROM `goods_common` WHERE ( areaid_1 = '4' ) AND ( contract_2 = '1' ) AND ( contract_3 = '1' ) LIMIT 1  
[2020-07-14 09:03:10] /shop/index.php?controller=cate&action=index&cate_id=5492&area_id=8&ci=4 ( act=cate&action=index ) 
ERR: Db Error: Unknown column 'contract_4' in 'where clause'
SELECT COUNT(*) AS nc_count FROM `goods_common` WHERE ( gc_id_2 = '5492' ) AND ( areaid_1 = '8' ) AND ( contract_4 = '1' ) LIMIT 1  
[2020-07-14 09:05:31] /shop/index.php?controller=cate&action=index&cate_id=5492&area_id=9&ci=4 ( act=cate&action=index ) 
ERR: Db Error: Unknown column 'contract_4' in 'where clause'
SELECT COUNT(*) AS nc_count FROM `goods_common` WHERE ( gc_id_2 = '5492' ) AND ( areaid_1 = '9' ) AND ( contract_4 = '1' ) LIMIT 1  
[2020-07-14 09:11:06] /shop/index.php?action=index&area_id=9&cate_id=256&ci=1_3&controller=cate&gift=1&key=3&order=2 ( act=cate&action=index ) 
ERR: Db Error: Unknown column 'contract_1' in 'where clause'
SELECT COUNT(*) AS nc_count FROM `goods_common` WHERE ( areaid_1 = '9' ) AND ( contract_1 = '1' ) AND ( contract_3 = '1' ) LIMIT 1  
[2020-07-14 09:15:12] /shop/index.php?controller=cate&action=index&cate_id=5492&area_id=1&ci=4 ( act=cate&action=index ) 
ERR: Db Error: Unknown column 'contract_4' in 'where clause'
SELECT COUNT(*) AS nc_count FROM `goods_common` WHERE ( gc_id_2 = '5492' ) AND ( areaid_1 = '1' ) AND ( contract_4 = '1' ) LIMIT 1  
[2020-07-14 09:17:27] /shop/index.php?controller=cate&action=index&cate_id=5492&area_id=11&ci=4 ( act=cate&action=index ) 
ERR: Db Error: Unknown column 'contract_4' in 'where clause'
SELECT COUNT(*) AS nc_count FROM `goods_common` WHERE ( gc_id_2 = '5492' ) AND ( areaid_1 = '11' ) AND ( contract_4 = '1' ) LIMIT 1  
[2020-07-14 09:19:45] /shop/index.php?controller=cate&action=index&cate_id=5492&area_id=14&ci=4 ( act=cate&action=index ) 
ERR: Db Error: Unknown column 'contract_4' in 'where clause'
SELECT COUNT(*) AS nc_count FROM `goods_common` WHERE ( gc_id_2 = '5492' ) AND ( areaid_1 = '14' ) AND ( contract_4 = '1' ) LIMIT 1  
[2020-07-14 09:26:56] /shop/index.php?action=index&area_id=16&cate_id=256&ci=3_2&controller=cate&key=1&new=1&order=2 ( act=cate&action=index ) 
ERR: Db Error: Unknown column 'contract_3' in 'where clause'
SELECT COUNT(*) AS nc_count FROM `goods_common` WHERE ( areaid_1 = '16' ) AND ( is_new_arrival = '1' ) AND ( contract_3 = '1' ) AND ( contract_2 = '1' ) LIMIT 1  
[2020-07-14 09:40:18] /shop/index.php?controller=cate&action=index&cate_id=5492&ci=3&area_id= ( act=cate&action=index ) 
ERR: Db Error: Unknown column 'contract_3' in 'where clause'
SELECT COUNT(*) AS nc_count FROM `goods_common` WHERE ( gc_id_2 = '5492' ) AND ( contract_3 = '1' ) LIMIT 1  
[2020-07-14 09:40:38] /shop/index.php?action=index&area_id=34&cate_id=308&ci=2_1&controller=cate&key=1&new=1&order=2 ( act=cate&action=index ) 
ERR: Db Error: Unknown column 'contract_2' in 'where clause'
SELECT COUNT(*) AS nc_count FROM `goods_common` WHERE ( areaid_1 = '34' ) AND ( is_new_arrival = '1' ) AND ( contract_2 = '1' ) AND ( contract_1 = '1' ) LIMIT 1  
[2020-07-14 09:45:31] /shop/index.php?controller=cate&action=index&cate_id=5499&ci=1&area_id=22 ( act=cate&action=index ) 
ERR: Db Error: Unknown column 'contract_1' in 'where clause'
SELECT COUNT(*) AS nc_count FROM `goods_common` WHERE ( gc_id_3 = '5499' ) AND ( areaid_1 = '22' ) AND ( contract_1 = '1' ) LIMIT 1  
[2020-07-14 09:50:50] /shop/index.php?controller=cate&action=index&cate_id=5499&ci=1&area_id=23 ( act=cate&action=index ) 
ERR: Db Error: Unknown column 'contract_1' in 'where clause'
SELECT COUNT(*) AS nc_count FROM `goods_common` WHERE ( gc_id_3 = '5499' ) AND ( areaid_1 = '23' ) AND ( contract_1 = '1' ) LIMIT 1  
[2020-07-14 09:56:02] /shop/index.php?controller=cate&action=index&cate_id=5499&ci=1&area_id=24 ( act=cate&action=index ) 
ERR: Db Error: Unknown column 'contract_1' in 'where clause'
SELECT COUNT(*) AS nc_count FROM `goods_common` WHERE ( gc_id_3 = '5499' ) AND ( areaid_1 = '24' ) AND ( contract_1 = '1' ) LIMIT 1  
[2020-07-14 10:00:00] /shop/index.php?action=index&area_id=11&cate_id=256&ci=3_1&controller=cate&key=&new=1&order= ( act=cate&action=index ) 
ERR: Db Error: Unknown column 'contract_3' in 'where clause'
SELECT COUNT(*) AS nc_count FROM `goods_common` WHERE ( areaid_1 = '11' ) AND ( is_new_arrival = '1' ) AND ( contract_3 = '1' ) AND ( contract_1 = '1' ) LIMIT 1  
[2020-07-14 10:01:24] /shop/index.php?controller=cate&action=index&cate_id=5499&ci=1&area_id=14 ( act=cate&action=index ) 
ERR: Db Error: Unknown column 'contract_1' in 'where clause'
SELECT COUNT(*) AS nc_count FROM `goods_common` WHERE ( gc_id_3 = '5499' ) AND ( areaid_1 = '14' ) AND ( contract_1 = '1' ) LIMIT 1  
[2020-07-14 10:07:08] /shop/index.php?controller=cate&action=index&cate_id=5499&ci=1&area_id=15 ( act=cate&action=index ) 
ERR: Db Error: Unknown column 'contract_1' in 'where clause'
SELECT COUNT(*) AS nc_count FROM `goods_common` WHERE ( gc_id_3 = '5499' ) AND ( areaid_1 = '15' ) AND ( contract_1 = '1' ) LIMIT 1  
[2020-07-14 10:12:45] /shop/index.php?controller=cate&action=index&cate_id=5499&ci=1&area_id=16 ( act=cate&action=index ) 
ERR: Db Error: Unknown column 'contract_1' in 'where clause'
SELECT COUNT(*) AS nc_count FROM `goods_common` WHERE ( gc_id_3 = '5499' ) AND ( areaid_1 = '16' ) AND ( contract_1 = '1' ) LIMIT 1  
[2020-07-14 10:12:57] /shop/index.php?action=index&area_id=27&cate_id=256&ci=1_4&controller=cate ( act=cate&action=index ) 
ERR: Db Error: Unknown column 'contract_1' in 'where clause'
SELECT COUNT(*) AS nc_count FROM `goods_common` WHERE ( areaid_1 = '27' ) AND ( contract_1 = '1' ) AND ( contract_4 = '1' ) LIMIT 1  
[2020-07-14 10:18:32] /shop/index.php?controller=cate&action=index&cate_id=5499&ci=1&area_id=17 ( act=cate&action=index ) 
ERR: Db Error: Unknown column 'contract_1' in 'where clause'
SELECT COUNT(*) AS nc_count FROM `goods_common` WHERE ( gc_id_3 = '5499' ) AND ( areaid_1 = '17' ) AND ( contract_1 = '1' ) LIMIT 1  
[2020-07-14 10:24:03] /shop/index.php?controller=cate&action=index&cate_id=5499&ci=1&area_id=18 ( act=cate&action=index ) 
ERR: Db Error: Unknown column 'contract_1' in 'where clause'
SELECT COUNT(*) AS nc_count FROM `goods_common` WHERE ( gc_id_3 = '5499' ) AND ( areaid_1 = '18' ) AND ( contract_1 = '1' ) LIMIT 1  
[2020-07-14 10:26:59] /shop/index.php?controller=cate&action=index&cate_id=5499&ci=1&area_id=19 ( act=cate&action=index ) 
ERR: Db Error: Unknown column 'contract_1' in 'where clause'
SELECT COUNT(*) AS nc_count FROM `goods_common` WHERE ( gc_id_3 = '5499' ) AND ( areaid_1 = '19' ) AND ( contract_1 = '1' ) LIMIT 1  
[2020-07-14 10:27:52] /shop/index.php?controller=cate&action=index&cate_id=2167&type=&key=&order=&ci=1&gift=1&yx=1&new=1 ( act=cate&action=index ) 
ERR: Db Error: Unknown column 'contract_1' in 'where clause'
SELECT COUNT(*) AS nc_count FROM `goods_common` WHERE ( gc_id_3 = '2167' ) AND ( is_new_arrival = '1' ) AND ( is_select = '1' ) AND ( contract_1 = '1' ) LIMIT 1  
[2020-07-14 10:29:47] /shop/index.php?controller=cate&action=index&cate_id=5499&ci=1&area_id=2 ( act=cate&action=index ) 
ERR: Db Error: Unknown column 'contract_1' in 'where clause'
SELECT COUNT(*) AS nc_count FROM `goods_common` WHERE ( gc_id_3 = '5499' ) AND ( areaid_1 = '2' ) AND ( contract_1 = '1' ) LIMIT 1  
[2020-07-14 10:29:57] /shop/index.php?action=index&area_id=35&cate_id=308&ci=4_3&controller=cate&gift=&key=&order= ( act=cate&action=index ) 
ERR: Db Error: Unknown column 'contract_4' in 'where clause'
SELECT COUNT(*) AS nc_count FROM `goods_common` WHERE ( areaid_1 = '35' ) AND ( contract_4 = '1' ) AND ( contract_3 = '1' ) LIMIT 1  
[2020-07-14 10:32:37] /shop/index.php?controller=cate&action=index&cate_id=5499&ci=1&area_id=20 ( act=cate&action=index ) 
ERR: Db Error: Unknown column 'contract_1' in 'where clause'
SELECT COUNT(*) AS nc_count FROM `goods_common` WHERE ( gc_id_3 = '5499' ) AND ( areaid_1 = '20' ) AND ( contract_1 = '1' ) LIMIT 1  
[2020-07-14 10:35:21] /shop/index.php?controller=cate&action=index&cate_id=5499&ci=1&area_id=21 ( act=cate&action=index ) 
ERR: Db Error: Unknown column 'contract_1' in 'where clause'
SELECT COUNT(*) AS nc_count FROM `goods_common` WHERE ( gc_id_3 = '5499' ) AND ( areaid_1 = '21' ) AND ( contract_1 = '1' ) LIMIT 1  
[2020-07-14 10:49:27] /shop/index.php?action=index&area_id=31&cate_id=308&ci=1_4&controller=cate&key=3&new=1&order=2 ( act=cate&action=index ) 
ERR: Db Error: Unknown column 'contract_1' in 'where clause'
SELECT COUNT(*) AS nc_count FROM `goods_common` WHERE ( areaid_1 = '31' ) AND ( is_new_arrival = '1' ) AND ( contract_1 = '1' ) AND ( contract_4 = '1' ) LIMIT 1  
[2020-07-14 11:00:57] /shop/index.php?action=index&area_id=12&cate_id=256&ci=3_4&controller=cate&key=3&new=1&order=2 ( act=cate&action=index ) 
ERR: Db Error: Unknown column 'contract_3' in 'where clause'
SELECT COUNT(*) AS nc_count FROM `goods_common` WHERE ( areaid_1 = '12' ) AND ( is_new_arrival = '1' ) AND ( contract_3 = '1' ) AND ( contract_4 = '1' ) LIMIT 1  
[2020-07-14 11:13:58] /shop/index.php?action=index&area_id=33&cate_id=308&ci=1_4&controller=cate&key=2&new=1&order=2 ( act=cate&action=index ) 
ERR: Db Error: Unknown column 'contract_1' in 'where clause'
SELECT COUNT(*) AS nc_count FROM `goods_common` WHERE ( areaid_1 = '33' ) AND ( is_new_arrival = '1' ) AND ( contract_1 = '1' ) AND ( contract_4 = '1' ) LIMIT 1  
[2020-07-14 11:29:08] /shop/index.php?action=index&area_id=31&cate_id=308&ci=3_4&controller=cate&key=3&new=1&order=2 ( act=cate&action=index ) 
ERR: Db Error: Unknown column 'contract_3' in 'where clause'
SELECT COUNT(*) AS nc_count FROM `goods_common` WHERE ( areaid_1 = '31' ) AND ( is_new_arrival = '1' ) AND ( contract_3 = '1' ) AND ( contract_4 = '1' ) LIMIT 1  
[2020-07-14 11:48:58] /shop/index.php?action=index&area_id=10&cate_id=256&ci=3_2&controller=cate&key=2&order=2&type= ( act=cate&action=index ) 
ERR: Db Error: Unknown column 'contract_3' in 'where clause'
SELECT COUNT(*) AS nc_count FROM `goods_common` WHERE ( areaid_1 = '10' ) AND ( contract_3 = '1' ) AND ( contract_2 = '1' ) LIMIT 1  
[2020-07-14 11:53:47] /shop/index.php?controller=cate&action=index&cate_id=3181&key=&order=&area_id=8&yx=1&ci=4&type= ( act=cate&action=index ) 
ERR: Db Error: Unknown column 'contract_4' in 'where clause'
SELECT COUNT(*) AS nc_count FROM `goods_common` WHERE ( areaid_1 = '8' ) AND ( is_select = '1' ) AND ( contract_4 = '1' ) LIMIT 1  
[2020-07-14 12:02:58] /shop/index.php?action=index&area_id=26&cate_id=256&ci=4_2&controller=cate&key=2&new=1&order=2 ( act=cate&action=index ) 
ERR: Db Error: Unknown column 'contract_4' in 'where clause'
SELECT COUNT(*) AS nc_count FROM `goods_common` WHERE ( areaid_1 = '26' ) AND ( is_new_arrival = '1' ) AND ( contract_4 = '1' ) AND ( contract_2 = '1' ) LIMIT 1  
[2020-07-14 12:17:55] /shop/index.php?controller=cate&action=index&cate_id=4416&ci=1 ( act=cate&action=index ) 
ERR: Db Error: Unknown column 'contract_1' in 'where clause'
SELECT COUNT(*) AS nc_count FROM `goods_common` WHERE ( contract_1 = '1' ) LIMIT 1  
[2020-07-14 12:21:29] /shop/index.php?controller=cate&action=index&cate_id=3181&key=2&order=2&area_id=8&yx=1&ci=4&type= ( act=cate&action=index ) 
ERR: Db Error: Unknown column 'contract_4' in 'where clause'
SELECT COUNT(*) AS nc_count FROM `goods_common` WHERE ( areaid_1 = '8' ) AND ( is_select = '1' ) AND ( contract_4 = '1' ) LIMIT 1  
[2020-07-14 12:33:02] /shop/index.php?action=index&area_id=10&cate_id=256&ci=3_4&controller=cate&key=1&order=2&type= ( act=cate&action=index ) 
ERR: Db Error: Unknown column 'contract_3' in 'where clause'
SELECT COUNT(*) AS nc_count FROM `goods_common` WHERE ( areaid_1 = '10' ) AND ( contract_3 = '1' ) AND ( contract_4 = '1' ) LIMIT 1  
[2020-07-14 12:45:00] /shop/index.php?action=index&area_id=35&cate_id=256&ci=4_2&controller=cate&key=2&new=1&order=2 ( act=cate&action=index ) 
ERR: Db Error: Unknown column 'contract_4' in 'where clause'
SELECT COUNT(*) AS nc_count FROM `goods_common` WHERE ( areaid_1 = '35' ) AND ( is_new_arrival = '1' ) AND ( contract_4 = '1' ) AND ( contract_2 = '1' ) LIMIT 1  
[2020-07-14 12:45:10] /shop/index.php?action=index&area_id=9&cate_id=856&ci=4_2&controller=cate&key=&order=&type=1 ( act=cate&action=index ) 
ERR: Db Error: Unknown column 'contract_4' in 'where clause'
SELECT COUNT(*) AS nc_count FROM `goods_common` WHERE ( areaid_1 = '9' ) AND ( is_own_shop = '1' ) AND ( contract_4 = '1' ) AND ( contract_2 = '1' ) LIMIT 1  
[2020-07-14 13:08:49] /shop/index.php?controller=cate&action=index&cate_id=3181&key=2&order=1&area_id=8&yx=1&ci=4&type= ( act=cate&action=index ) 
ERR: Db Error: Unknown column 'contract_4' in 'where clause'
SELECT COUNT(*) AS nc_count FROM `goods_common` WHERE ( areaid_1 = '8' ) AND ( is_select = '1' ) AND ( contract_4 = '1' ) LIMIT 1  
[2020-07-14 13:16:30] /shop/index.php?action=index&area_id=16&cate_id=308&ci=2_1&controller=cate&key=1&new=1&order=2 ( act=cate&action=index ) 
ERR: Db Error: Unknown column 'contract_2' in 'where clause'
SELECT COUNT(*) AS nc_count FROM `goods_common` WHERE ( areaid_1 = '16' ) AND ( is_new_arrival = '1' ) AND ( contract_2 = '1' ) AND ( contract_1 = '1' ) LIMIT 1  
[2020-07-14 13:51:30] /shop/index.php?action=index&area_id=13&cate_id=308&ci=4_2&controller=cate&key=2&new=1&order=2 ( act=cate&action=index ) 
ERR: Db Error: Unknown column 'contract_4' in 'where clause'
SELECT COUNT(*) AS nc_count FROM `goods_common` WHERE ( areaid_1 = '13' ) AND ( is_new_arrival = '1' ) AND ( contract_4 = '1' ) AND ( contract_2 = '1' ) LIMIT 1  
[2020-07-14 13:51:45] /shop/index.php?controller=cate&action=index&cate_id=4416&ci=3 ( act=cate&action=index ) 
ERR: Db Error: Unknown column 'contract_3' in 'where clause'
SELECT COUNT(*) AS nc_count FROM `goods_common` WHERE ( contract_3 = '1' ) LIMIT 1  
[2020-07-14 14:17:50] /shop/index.php?action=index&area_id=17&cate_id=256&ci=1_4&controller=cate&key=2&new=1&order=2 ( act=cate&action=index ) 
ERR: Db Error: Unknown column 'contract_1' in 'where clause'
SELECT COUNT(*) AS nc_count FROM `goods_common` WHERE ( areaid_1 = '17' ) AND ( is_new_arrival = '1' ) AND ( contract_1 = '1' ) AND ( contract_4 = '1' ) LIMIT 1  
[2020-07-14 14:34:33] /shop/index.php?action=index&area_id=27&cate_id=256&ci=1_4&controller=cate&gift=&key=&order= ( act=cate&action=index ) 
ERR: Db Error: Unknown column 'contract_1' in 'where clause'
SELECT COUNT(*) AS nc_count FROM `goods_common` WHERE ( areaid_1 = '27' ) AND ( contract_1 = '1' ) AND ( contract_4 = '1' ) LIMIT 1  
[2020-07-14 15:19:11] /shop/index.php?action=index&area_id=1&cate_id=308&ci=4_1_2&controller=cate ( act=cate&action=index ) 
ERR: Db Error: Unknown column 'contract_4' in 'where clause'
SELECT COUNT(*) AS nc_count FROM `goods_common` WHERE ( areaid_1 = '1' ) AND ( contract_4 = '1' ) AND ( contract_1 = '1' ) AND ( contract_2 = '1' ) LIMIT 1  
[2020-07-14 16:09:02] /shop/index.php?action=index&area_id=20&cate_id=256&ci=1_4&controller=cate&key=1&new=1&order=2 ( act=cate&action=index ) 
ERR: Db Error: Unknown column 'contract_1' in 'where clause'
SELECT COUNT(*) AS nc_count FROM `goods_common` WHERE ( areaid_1 = '20' ) AND ( is_new_arrival = '1' ) AND ( contract_1 = '1' ) AND ( contract_4 = '1' ) LIMIT 1  
[2020-07-14 16:23:32] /shop/index.php?action=index&area_id=25&cate_id=308&ci=1_2&controller=cate&gift=&key=2&order=2 ( act=cate&action=index ) 
ERR: Db Error: Unknown column 'contract_1' in 'where clause'
SELECT COUNT(*) AS nc_count FROM `goods_common` WHERE ( areaid_1 = '25' ) AND ( contract_1 = '1' ) AND ( contract_2 = '1' ) LIMIT 1  
[2020-07-14 16:27:12] /shop/index.php?action=index&area_id=6&cate_id=256&ci=4&controller=cate&gift=1&key=&order=&yx=1 ( act=cate&action=index ) 
ERR: Db Error: Unknown column 'contract_4' in 'where clause'
SELECT COUNT(*) AS nc_count FROM `goods_common` WHERE ( areaid_1 = '6' ) AND ( is_select = '1' ) AND ( contract_4 = '1' ) LIMIT 1  
[2020-07-14 17:10:02] /shop/index.php?action=index&area_id=33&cate_id=256&ci=4_1&controller=cate&gift=&key=3&order=2 ( act=cate&action=index ) 
ERR: Db Error: Unknown column 'contract_4' in 'where clause'
SELECT COUNT(*) AS nc_count FROM `goods_common` WHERE ( areaid_1 = '33' ) AND ( contract_4 = '1' ) AND ( contract_1 = '1' ) LIMIT 1  
[2020-07-14 17:26:23] /shop/index.php?action=index&area_id=15&cate_id=256&ci=1_3&controller=cate&key=3&new=1&order=2 ( act=cate&action=index ) 
ERR: Db Error: Unknown column 'contract_1' in 'where clause'
SELECT COUNT(*) AS nc_count FROM `goods_common` WHERE ( areaid_1 = '15' ) AND ( is_new_arrival = '1' ) AND ( contract_1 = '1' ) AND ( contract_3 = '1' ) LIMIT 1  
[2020-07-14 17:43:23] /shop/index.php?controller=cate&action=index&cate_id=5189&ci=1 ( act=cate&action=index ) 
ERR: Db Error: Unknown column 'contract_1' in 'where clause'
SELECT COUNT(*) AS nc_count FROM `goods_common` WHERE ( contract_1 = '1' ) LIMIT 1  
[2020-07-14 17:45:32] /shop/index.php?action=index&area_id=8&cate_id=308&ci=3_2&controller=cate&gift=1&key=&order= ( act=cate&action=index ) 
ERR: Db Error: Unknown column 'contract_3' in 'where clause'
SELECT COUNT(*) AS nc_count FROM `goods_common` WHERE ( areaid_1 = '8' ) AND ( contract_3 = '1' ) AND ( contract_2 = '1' ) LIMIT 1  
[2020-07-14 17:56:03] /shop/index.php?action=index&area_id=11&cate_id=256&ci=4_3&controller=cate&key=3&new=1&order=2 ( act=cate&action=index ) 
ERR: Db Error: Unknown column 'contract_4' in 'where clause'
SELECT COUNT(*) AS nc_count FROM `goods_common` WHERE ( areaid_1 = '11' ) AND ( is_new_arrival = '1' ) AND ( contract_4 = '1' ) AND ( contract_3 = '1' ) LIMIT 1  
[2020-07-14 18:13:03] /shop/index.php?action=index&area_id=35&cate_id=256&ci=1_3&controller=cate&key=1&new=1&order=2 ( act=cate&action=index ) 
ERR: Db Error: Unknown column 'contract_1' in 'where clause'
SELECT COUNT(*) AS nc_count FROM `goods_common` WHERE ( areaid_1 = '35' ) AND ( is_new_arrival = '1' ) AND ( contract_1 = '1' ) AND ( contract_3 = '1' ) LIMIT 1  
[2020-07-14 18:21:13] /shop/index.php?controller=cate&action=index&cate_id=3968&key=3&order=1&area_id=4&new=1&ci=3&type=&gift=1&yx=1 ( act=cate&action=index ) 
ERR: Db Error: Unknown column 'contract_3' in 'where clause'
SELECT COUNT(*) AS nc_count FROM `goods_common` WHERE ( areaid_1 = '4' ) AND ( is_new_arrival = '1' ) AND ( is_select = '1' ) AND ( contract_3 = '1' ) LIMIT 1  
[2020-07-14 18:33:04] /shop/index.php?action=index&area_id=17&cate_id=256&ci=3_2&controller=cate&key=2&new=1&order=2 ( act=cate&action=index ) 
ERR: Db Error: Unknown column 'contract_3' in 'where clause'
SELECT COUNT(*) AS nc_count FROM `goods_common` WHERE ( areaid_1 = '17' ) AND ( is_new_arrival = '1' ) AND ( contract_3 = '1' ) AND ( contract_2 = '1' ) LIMIT 1  
[2020-07-14 18:43:04] /shop/index.php?action=index&area_id=27&cate_id=308&ci=2_1&controller=cate&key=3&new=1&order=2 ( act=cate&action=index ) 
ERR: Db Error: Unknown column 'contract_2' in 'where clause'
SELECT COUNT(*) AS nc_count FROM `goods_common` WHERE ( areaid_1 = '27' ) AND ( is_new_arrival = '1' ) AND ( contract_2 = '1' ) AND ( contract_1 = '1' ) LIMIT 1  
[2020-07-14 19:13:24] /shop/index.php?action=index&area_id=25&cate_id=256&ci=1_2&controller=cate&key=3&order=2&type= ( act=cate&action=index ) 
ERR: Db Error: Unknown column 'contract_1' in 'where clause'
SELECT COUNT(*) AS nc_count FROM `goods_common` WHERE ( areaid_1 = '25' ) AND ( contract_1 = '1' ) AND ( contract_2 = '1' ) LIMIT 1  
[2020-07-14 19:27:29] /shop/index.php?controller=cate&action=index&cate_id=3968&key=2&order=2&area_id=21&new=1&ci=3&type=&gift= ( act=cate&action=index ) 
ERR: Db Error: Unknown column 'contract_3' in 'where clause'
SELECT COUNT(*) AS nc_count FROM `goods_common` WHERE ( areaid_1 = '21' ) AND ( is_new_arrival = '1' ) AND ( contract_3 = '1' ) LIMIT 1  
[2020-07-14 19:32:04] /shop/index.php?action=index&area_id=9&cate_id=308&ci=3_4_1&controller=cate&key=2&order=2&yx=1 ( act=cate&action=index ) 
ERR: Db Error: Unknown column 'contract_3' in 'where clause'
SELECT COUNT(*) AS nc_count FROM `goods_common` WHERE ( areaid_1 = '9' ) AND ( is_select = '1' ) AND ( contract_3 = '1' ) AND ( contract_4 = '1' ) AND ( contract_1 = '1' ) LIMIT 1  
[2020-07-14 19:37:42] /shop/index.php?action=index&area_id=16&cate_id=327&ci=3_1_4&controller=cate ( act=cate&action=index ) 
ERR: Db Error: Unknown column 'contract_3' in 'where clause'
SELECT COUNT(*) AS nc_count FROM `goods_common` WHERE ( areaid_1 = '16' ) AND ( contract_3 = '1' ) AND ( contract_1 = '1' ) AND ( contract_4 = '1' ) LIMIT 1  
[2020-07-14 19:44:54] /shop/index.php?action=index&area_id=25&cate_id=308&ci=1_3&controller=cate&gift=&key=3&order=2 ( act=cate&action=index ) 
ERR: Db Error: Unknown column 'contract_1' in 'where clause'
SELECT COUNT(*) AS nc_count FROM `goods_common` WHERE ( areaid_1 = '25' ) AND ( contract_1 = '1' ) AND ( contract_3 = '1' ) LIMIT 1  
[2020-07-14 19:45:03] /shop/index.php?action=index&area_id=9&cate_id=5561&ci=4_3&controller=cate ( act=cate&action=index ) 
ERR: Db Error: Unknown column 'contract_4' in 'where clause'
SELECT COUNT(*) AS nc_count FROM `goods_common` WHERE ( gc_id_2 = '5561' ) AND ( areaid_1 = '9' ) AND ( contract_4 = '1' ) AND ( contract_3 = '1' ) LIMIT 1  
[2020-07-14 19:55:55] /shop/index.php?controller=cate&action=index&cate_id=2774&key=&order=&ci=2_3&type=&gift=&yx=1&new=1 ( act=cate&action=index ) 
ERR: Db Error: Unknown column 'contract_2' in 'where clause'
SELECT COUNT(*) AS nc_count FROM `goods_common` WHERE ( is_new_arrival = '1' ) AND ( is_select = '1' ) AND ( contract_2 = '1' ) AND ( contract_3 = '1' ) LIMIT 1  
[2020-07-14 20:01:34] /shop/index.php?action=index&area_id=25&cate_id=256&ci=3_2&controller=cate&key=2&order=2&type= ( act=cate&action=index ) 
ERR: Db Error: Unknown column 'contract_3' in 'where clause'
SELECT COUNT(*) AS nc_count FROM `goods_common` WHERE ( areaid_1 = '25' ) AND ( contract_3 = '1' ) AND ( contract_2 = '1' ) LIMIT 1  
[2020-07-14 20:17:35] /shop/index.php?action=index&area_id=33&cate_id=308&ci=1_4&controller=cate&key=1&new=1&order=2 ( act=cate&action=index ) 
ERR: Db Error: Unknown column 'contract_1' in 'where clause'
SELECT COUNT(*) AS nc_count FROM `goods_common` WHERE ( areaid_1 = '33' ) AND ( is_new_arrival = '1' ) AND ( contract_1 = '1' ) AND ( contract_4 = '1' ) LIMIT 1  
[2020-07-14 20:28:35] /shop/index.php?action=index&area_id=11&cate_id=308&ci=1_3_2&controller=cate&new=1 ( act=cate&action=index ) 
ERR: Db Error: Unknown column 'contract_1' in 'where clause'
SELECT COUNT(*) AS nc_count FROM `goods_common` WHERE ( areaid_1 = '11' ) AND ( is_new_arrival = '1' ) AND ( contract_1 = '1' ) AND ( contract_3 = '1' ) AND ( contract_2 = '1' ) LIMIT 1  
[2020-07-14 21:42:32] /shop/index.php?controller=cate&action=index&cate_id=4929&key=2&order=2&type=&new=1&ci=1 ( act=cate&action=index ) 
ERR: Db Error: Unknown column 'contract_1' in 'where clause'
SELECT COUNT(*) AS nc_count FROM `goods_common` WHERE ( is_new_arrival = '1' ) AND ( contract_1 = '1' ) LIMIT 1  
[2020-07-14 22:23:06] /shop/index.php?action=index&area_id=2&cate_id=256&ci=2_4&controller=cate&key=&order=&type=1 ( act=cate&action=index ) 
ERR: Db Error: Unknown column 'contract_2' in 'where clause'
SELECT COUNT(*) AS nc_count FROM `goods_common` WHERE ( areaid_1 = '2' ) AND ( is_own_shop = '1' ) AND ( contract_2 = '1' ) AND ( contract_4 = '1' ) LIMIT 1  
[2020-07-14 22:54:06] /shop/index.php?action=index&area_id=21&cate_id=308&ci=4_1&controller=cate&key=2&new=1&order=2 ( act=cate&action=index ) 
ERR: Db Error: Unknown column 'contract_4' in 'where clause'
SELECT COUNT(*) AS nc_count FROM `goods_common` WHERE ( areaid_1 = '21' ) AND ( is_new_arrival = '1' ) AND ( contract_4 = '1' ) AND ( contract_1 = '1' ) LIMIT 1  
[2020-07-14 23:08:06] /shop/index.php?action=index&area_id=17&cate_id=308&ci=1_3&controller=cate&key=3&order=2&type= ( act=cate&action=index ) 
ERR: Db Error: Unknown column 'contract_1' in 'where clause'
SELECT COUNT(*) AS nc_count FROM `goods_common` WHERE ( areaid_1 = '17' ) AND ( contract_1 = '1' ) AND ( contract_3 = '1' ) LIMIT 1  
[2020-07-14 23:41:06] /shop/index.php?action=index&area_id=4&cate_id=256&ci=2_4&controller=cate&key=&order=&type=1 ( act=cate&action=index ) 
ERR: Db Error: Unknown column 'contract_2' in 'where clause'
SELECT COUNT(*) AS nc_count FROM `goods_common` WHERE ( areaid_1 = '4' ) AND ( is_own_shop = '1' ) AND ( contract_2 = '1' ) AND ( contract_4 = '1' ) LIMIT 1  
