[2020-07-18 00:46:30] /shop/index.php?action=index&area_id=35&cate_id=308&ci=2_3&controller=cate&key=1&order=2&type= ( act=cate&action=index ) 
ERR: Db Error: Unknown column 'contract_2' in 'where clause'
SELECT COUNT(*) AS nc_count FROM `goods_common` WHERE ( areaid_1 = '35' ) AND ( contract_2 = '1' ) AND ( contract_3 = '1' ) LIMIT 1  
[2020-07-18 01:00:53] /shop/index.php?action=index&area_id=31&cate_id=5564&ci=3_4&controller=cate ( act=cate&action=index ) 
ERR: Db Error: Unknown column 'contract_3' in 'where clause'
SELECT COUNT(*) AS nc_count FROM `goods_common` WHERE ( gc_id_3 = '5564' ) AND ( areaid_1 = '31' ) AND ( contract_3 = '1' ) AND ( contract_4 = '1' ) LIMIT 1  
[2020-07-18 01:01:00] /shop/index.php?action=index&area_id=8&cate_id=308&ci=3_2&controller=cate&gift=1&key=1&order=2 ( act=cate&action=index ) 
ERR: Db Error: Unknown column 'contract_3' in 'where clause'
SELECT COUNT(*) AS nc_count FROM `goods_common` WHERE ( areaid_1 = '8' ) AND ( contract_3 = '1' ) AND ( contract_2 = '1' ) LIMIT 1  
[2020-07-18 01:01:13] /shop/index.php?action=index&area_id=33&cate_id=2&ci=4_1&controller=cate ( act=cate&action=index ) 
ERR: Db Error: Unknown column 'contract_4' in 'where clause'
SELECT COUNT(*) AS nc_count FROM `goods_common` WHERE ( areaid_1 = '33' ) AND ( contract_4 = '1' ) AND ( contract_1 = '1' ) LIMIT 1  
[2020-07-18 01:03:46] /shop/index.php?action=index&area_id=7&cate_id=596&ci=4_1_2_3&controller=cate ( act=cate&action=index ) 
ERR: Db Error: Unknown column 'contract_4' in 'where clause'
SELECT COUNT(*) AS nc_count FROM `goods_common` WHERE ( areaid_1 = '7' ) AND ( contract_4 = '1' ) AND ( contract_1 = '1' ) AND ( contract_2 = '1' ) AND ( contract_3 = '1' ) LIMIT 1  
[2020-07-18 01:19:31] /shop/index.php?action=index&area_id=34&cate_id=256&ci=3_2&controller=cate&key=2&new=1&order=2 ( act=cate&action=index ) 
ERR: Db Error: Unknown column 'contract_3' in 'where clause'
SELECT COUNT(*) AS nc_count FROM `goods_common` WHERE ( areaid_1 = '34' ) AND ( is_new_arrival = '1' ) AND ( contract_3 = '1' ) AND ( contract_2 = '1' ) LIMIT 1  
[2020-07-18 01:45:22] /shop/index.php?action=index&area_id=19&cate_id=256&ci=2_3&controller=cate&key=2&new=1&order=2 ( act=cate&action=index ) 
ERR: Db Error: Unknown column 'contract_2' in 'where clause'
SELECT COUNT(*) AS nc_count FROM `goods_common` WHERE ( areaid_1 = '19' ) AND ( is_new_arrival = '1' ) AND ( contract_2 = '1' ) AND ( contract_3 = '1' ) LIMIT 1  
[2020-07-18 02:04:21] /shop/index.php?action=index&area_id=9&cate_id=308&ci=4_1_3&controller=cate&key=1&order=2&yx=1 ( act=cate&action=index ) 
ERR: Db Error: Unknown column 'contract_4' in 'where clause'
SELECT COUNT(*) AS nc_count FROM `goods_common` WHERE ( areaid_1 = '9' ) AND ( is_select = '1' ) AND ( contract_4 = '1' ) AND ( contract_1 = '1' ) AND ( contract_3 = '1' ) LIMIT 1  
[2020-07-18 02:21:52] /shop/index.php?action=index&area_id=11&cate_id=5487&ci=2_3&controller=cate&key=2&order=2&yx=1 ( act=cate&action=index ) 
ERR: Db Error: Unknown column 'contract_2' in 'where clause'
SELECT COUNT(*) AS nc_count FROM `goods_common` WHERE ( gc_id_2 = '5487' ) AND ( areaid_1 = '11' ) AND ( is_select = '1' ) AND ( contract_2 = '1' ) AND ( contract_3 = '1' ) LIMIT 1  
[2020-07-18 02:48:22] /shop/index.php?action=index&area_id=11&cate_id=256&ci=3_4&controller=cate&key=1&new=1&order=2 ( act=cate&action=index ) 
ERR: Db Error: Unknown column 'contract_3' in 'where clause'
SELECT COUNT(*) AS nc_count FROM `goods_common` WHERE ( areaid_1 = '11' ) AND ( is_new_arrival = '1' ) AND ( contract_3 = '1' ) AND ( contract_4 = '1' ) LIMIT 1  
[2020-07-18 03:19:23] /shop/index.php?action=index&area_id=2&cate_id=308&ci=2_3&controller=cate&key=&order=&type=1 ( act=cate&action=index ) 
ERR: Db Error: Unknown column 'contract_2' in 'where clause'
SELECT COUNT(*) AS nc_count FROM `goods_common` WHERE ( areaid_1 = '2' ) AND ( is_own_shop = '1' ) AND ( contract_2 = '1' ) AND ( contract_3 = '1' ) LIMIT 1  
[2020-07-18 03:34:02] /shop/index.php?action=index&area_id=16&cate_id=308&ci=4_1&controller=cate&key=2&new=1&order=2 ( act=cate&action=index ) 
ERR: Db Error: Unknown column 'contract_4' in 'where clause'
SELECT COUNT(*) AS nc_count FROM `goods_common` WHERE ( areaid_1 = '16' ) AND ( is_new_arrival = '1' ) AND ( contract_4 = '1' ) AND ( contract_1 = '1' ) LIMIT 1  
[2020-07-18 03:51:25] /shop/index.php?action=index&area_id=2&cate_id=256&ci=2_3&controller=cate&gift=1&key=1&order=2 ( act=cate&action=index ) 
ERR: Db Error: Unknown column 'contract_2' in 'where clause'
SELECT COUNT(*) AS nc_count FROM `goods_common` WHERE ( areaid_1 = '2' ) AND ( contract_2 = '1' ) AND ( contract_3 = '1' ) LIMIT 1  
[2020-07-18 04:03:23] /shop/index.php?action=index&area_id=12&cate_id=308&ci=2_3&controller=cate&gift=&key=2&order=2 ( act=cate&action=index ) 
ERR: Db Error: Unknown column 'contract_2' in 'where clause'
SELECT COUNT(*) AS nc_count FROM `goods_common` WHERE ( areaid_1 = '12' ) AND ( contract_2 = '1' ) AND ( contract_3 = '1' ) LIMIT 1  
[2020-07-18 04:21:23] /shop/index.php?action=index&area_id=15&cate_id=256&ci=3_1&controller=cate&key=&new=1&order= ( act=cate&action=index ) 
ERR: Db Error: Unknown column 'contract_3' in 'where clause'
SELECT COUNT(*) AS nc_count FROM `goods_common` WHERE ( areaid_1 = '15' ) AND ( is_new_arrival = '1' ) AND ( contract_3 = '1' ) AND ( contract_1 = '1' ) LIMIT 1  
[2020-07-18 04:34:58] /shop/index.php?action=index&area_id=16&cate_id=256&ci=3_4&controller=cate&key=2&new=1&order=2 ( act=cate&action=index ) 
ERR: Db Error: Unknown column 'contract_3' in 'where clause'
SELECT COUNT(*) AS nc_count FROM `goods_common` WHERE ( areaid_1 = '16' ) AND ( is_new_arrival = '1' ) AND ( contract_3 = '1' ) AND ( contract_4 = '1' ) LIMIT 1  
[2020-07-18 04:50:03] /shop/index.php?action=index&area_id=6&cate_id=256&ci=3_2&controller=cate&gift=1&key=1&order=2 ( act=cate&action=index ) 
ERR: Db Error: Unknown column 'contract_3' in 'where clause'
SELECT COUNT(*) AS nc_count FROM `goods_common` WHERE ( areaid_1 = '6' ) AND ( contract_3 = '1' ) AND ( contract_2 = '1' ) LIMIT 1  
[2020-07-18 05:05:53] /shop/index.php?action=index&area_id=15&cate_id=5564&ci=3&controller=cate&gift=1&key=2&order=2 ( act=cate&action=index ) 
ERR: Db Error: Unknown column 'contract_3' in 'where clause'
SELECT COUNT(*) AS nc_count FROM `goods_common` WHERE ( gc_id_3 = '5564' ) AND ( areaid_1 = '15' ) AND ( contract_3 = '1' ) LIMIT 1  
[2020-07-18 05:37:28] /shop/index.php?action=index&area_id=1&cate_id=38&ci=1_4&controller=cate ( act=cate&action=index ) 
ERR: Db Error: Unknown column 'contract_1' in 'where clause'
SELECT COUNT(*) AS nc_count FROM `goods_common` WHERE ( areaid_1 = '1' ) AND ( contract_1 = '1' ) AND ( contract_4 = '1' ) LIMIT 1  
[2020-07-18 05:39:03] /shop/index.php?action=index&area_id=2&cate_id=308&ci=4_1_2&controller=cate&key=1&order=2&yx=1 ( act=cate&action=index ) 
ERR: Db Error: Unknown column 'contract_4' in 'where clause'
SELECT COUNT(*) AS nc_count FROM `goods_common` WHERE ( areaid_1 = '2' ) AND ( is_select = '1' ) AND ( contract_4 = '1' ) AND ( contract_1 = '1' ) AND ( contract_2 = '1' ) LIMIT 1  
[2020-07-18 05:39:11] /shop/index.php?action=index&area_id=9&cate_id=308&ci=1_2&controller=cate&gift=1&key=1&order=2 ( act=cate&action=index ) 
ERR: Db Error: Unknown column 'contract_1' in 'where clause'
SELECT COUNT(*) AS nc_count FROM `goods_common` WHERE ( areaid_1 = '9' ) AND ( contract_1 = '1' ) AND ( contract_2 = '1' ) LIMIT 1  
[2020-07-18 06:09:24] /shop/index.php?action=index&area_id=2&cate_id=308&ci=1_4&controller=cate&key=2&order=2&type=1 ( act=cate&action=index ) 
ERR: Db Error: Unknown column 'contract_1' in 'where clause'
SELECT COUNT(*) AS nc_count FROM `goods_common` WHERE ( areaid_1 = '2' ) AND ( is_own_shop = '1' ) AND ( contract_1 = '1' ) AND ( contract_4 = '1' ) LIMIT 1  
[2020-07-18 06:22:54] /shop/index.php?action=index&area_id=6&cate_id=256&ci=2_3&controller=cate&gift=1&key=&order= ( act=cate&action=index ) 
ERR: Db Error: Unknown column 'contract_2' in 'where clause'
SELECT COUNT(*) AS nc_count FROM `goods_common` WHERE ( areaid_1 = '6' ) AND ( contract_2 = '1' ) AND ( contract_3 = '1' ) LIMIT 1  
[2020-07-18 06:23:27] /shop/index.php?controller=cate&action=index&cate_id=2167&type=&key=3&order=1&ci=1&gift=&yx= ( act=cate&action=index ) 
ERR: Db Error: Unknown column 'contract_1' in 'where clause'
SELECT COUNT(*) AS nc_count FROM `goods_common` WHERE ( gc_id_3 = '2167' ) AND ( contract_1 = '1' ) LIMIT 1  
[2020-07-18 06:37:34] /shop/index.php?action=index&area_id=9&cate_id=256&ci=1_4&controller=cate&gift=1&key=3&order=2 ( act=cate&action=index ) 
ERR: Db Error: Unknown column 'contract_1' in 'where clause'
SELECT COUNT(*) AS nc_count FROM `goods_common` WHERE ( areaid_1 = '9' ) AND ( contract_1 = '1' ) AND ( contract_4 = '1' ) LIMIT 1  
[2020-07-18 06:51:52] /shop/index.php?controller=cate&action=index&cate_id=2167&type=1&key=3&order=1&ci=1&gift=&yx= ( act=cate&action=index ) 
ERR: Db Error: Unknown column 'contract_1' in 'where clause'
SELECT COUNT(*) AS nc_count FROM `goods_common` WHERE ( gc_id_3 = '2167' ) AND ( is_own_shop = '1' ) AND ( contract_1 = '1' ) LIMIT 1  
[2020-07-18 06:54:24] /shop/index.php?action=index&area_id=29&cate_id=256&ci=1_4&controller=cate&gift=&key=2&order=2 ( act=cate&action=index ) 
ERR: Db Error: Unknown column 'contract_1' in 'where clause'
SELECT COUNT(*) AS nc_count FROM `goods_common` WHERE ( areaid_1 = '29' ) AND ( contract_1 = '1' ) AND ( contract_4 = '1' ) LIMIT 1  
[2020-07-18 07:08:56] /shop/index.php?action=index&area_id=24&cate_id=256&ci=3_1&controller=cate&key=&order=&type= ( act=cate&action=index ) 
ERR: Db Error: Unknown column 'contract_3' in 'where clause'
SELECT COUNT(*) AS nc_count FROM `goods_common` WHERE ( areaid_1 = '24' ) AND ( contract_3 = '1' ) AND ( contract_1 = '1' ) LIMIT 1  
[2020-07-18 07:22:54] /shop/index.php?action=index&area_id=30&cate_id=256&ci=2_1&controller=cate&key=1&new=1&order=2 ( act=cate&action=index ) 
ERR: Db Error: Unknown column 'contract_2' in 'where clause'
SELECT COUNT(*) AS nc_count FROM `goods_common` WHERE ( areaid_1 = '30' ) AND ( is_new_arrival = '1' ) AND ( contract_2 = '1' ) AND ( contract_1 = '1' ) LIMIT 1  
[2020-07-18 07:38:24] /shop/index.php?action=index&area_id=24&cate_id=256&ci=3_4&controller=cate&key=1&new=1&order=2 ( act=cate&action=index ) 
ERR: Db Error: Unknown column 'contract_3' in 'where clause'
SELECT COUNT(*) AS nc_count FROM `goods_common` WHERE ( areaid_1 = '24' ) AND ( is_new_arrival = '1' ) AND ( contract_3 = '1' ) AND ( contract_4 = '1' ) LIMIT 1  
[2020-07-18 07:52:35] /shop/index.php?action=index&area_id=30&cate_id=256&ci=4_1&controller=cate&key=2&order=2&type= ( act=cate&action=index ) 
ERR: Db Error: Unknown column 'contract_4' in 'where clause'
SELECT COUNT(*) AS nc_count FROM `goods_common` WHERE ( areaid_1 = '30' ) AND ( contract_4 = '1' ) AND ( contract_1 = '1' ) LIMIT 1  
[2020-07-18 08:11:55] /shop/index.php?action=index&area_id=34&cate_id=308&ci=4_1&controller=cate&key=1&new=1&order=2 ( act=cate&action=index ) 
ERR: Db Error: Unknown column 'contract_4' in 'where clause'
SELECT COUNT(*) AS nc_count FROM `goods_common` WHERE ( areaid_1 = '34' ) AND ( is_new_arrival = '1' ) AND ( contract_4 = '1' ) AND ( contract_1 = '1' ) LIMIT 1  
[2020-07-18 08:57:25] /shop/index.php?action=index&area_id=4&cate_id=256&ci=1_2&controller=cate&gift=1&key=1&order=2 ( act=cate&action=index ) 
ERR: Db Error: Unknown column 'contract_1' in 'where clause'
SELECT COUNT(*) AS nc_count FROM `goods_common` WHERE ( areaid_1 = '4' ) AND ( contract_1 = '1' ) AND ( contract_2 = '1' ) LIMIT 1  
[2020-07-18 09:09:55] /shop/index.php?action=index&area_id=1&cate_id=308&ci=4_1_2&controller=cate&key=2&order=2&yx=1 ( act=cate&action=index ) 
ERR: Db Error: Unknown column 'contract_4' in 'where clause'
SELECT COUNT(*) AS nc_count FROM `goods_common` WHERE ( areaid_1 = '1' ) AND ( is_select = '1' ) AND ( contract_4 = '1' ) AND ( contract_1 = '1' ) AND ( contract_2 = '1' ) LIMIT 1  
[2020-07-18 09:14:23] /shop/index.php?controller=cate&action=index&cate_id=2352&ci=1_3&area_id=10&order=&key= ( act=cate&action=index ) 
ERR: Db Error: Unknown column 'contract_1' in 'where clause'
SELECT COUNT(*) AS nc_count FROM `goods_common` WHERE ( areaid_1 = '10' ) AND ( contract_1 = '1' ) AND ( contract_3 = '1' ) LIMIT 1  
[2020-07-18 09:26:56] /shop/index.php?action=index&area_id=25&cate_id=256&ci=3_2&controller=cate&key=3&order=2&type= ( act=cate&action=index ) 
ERR: Db Error: Unknown column 'contract_3' in 'where clause'
SELECT COUNT(*) AS nc_count FROM `goods_common` WHERE ( areaid_1 = '25' ) AND ( contract_3 = '1' ) AND ( contract_2 = '1' ) LIMIT 1  
[2020-07-18 09:40:57] /shop/index.php?action=index&area_id=35&cate_id=308&ci=4_3&controller=cate&gift=&key=1&order=2 ( act=cate&action=index ) 
ERR: Db Error: Unknown column 'contract_4' in 'where clause'
SELECT COUNT(*) AS nc_count FROM `goods_common` WHERE ( areaid_1 = '35' ) AND ( contract_4 = '1' ) AND ( contract_3 = '1' ) LIMIT 1  
[2020-07-18 09:56:25] /shop/index.php?action=index&area_id=31&cate_id=308&ci=1_4&controller=cate&key=1&new=1&order=2 ( act=cate&action=index ) 
ERR: Db Error: Unknown column 'contract_1' in 'where clause'
SELECT COUNT(*) AS nc_count FROM `goods_common` WHERE ( areaid_1 = '31' ) AND ( is_new_arrival = '1' ) AND ( contract_1 = '1' ) AND ( contract_4 = '1' ) LIMIT 1  
[2020-07-18 10:15:39] /shop/index.php?controller=cate&action=index&cate_id=5542 ( act=cate&action=index ) 
ERR: Db Error: Unknown column 'gc_id_' in 'where clause'
SELECT count(distinct CONCAT(goods_commonid,',',color_id)) AS nc_count FROM `goods` WHERE ( gc_id_ = '5542' ) AND ( goods_state = '1' ) AND ( goods_verify = '1' ) LIMIT 1  
[2020-07-18 10:15:39] /shop/index.php?controller=cate&action=index&cate_id=5542 ( act=cate&action=index ) 
ERR: Db Error: Unknown column 'gc_id_' in 'where clause'
SELECT COUNT(*) AS nc_count FROM `goods_common` WHERE ( gc_id_ = '5542' ) LIMIT 1  
[2020-07-18 10:15:39] /shop/index.php?controller=cate&action=index&cate_id=5542 ( act=cate&action=index ) 
ERR: Db Error: Unknown column 'gc_id_' in 'where clause'
SELECT * FROM `goods` WHERE ( gc_id_ = '5542' ) AND ( goods_state = '1' ) AND ( goods_verify = '1' ) ORDER BY goods_salenum desc LIMIT 5  
[2020-07-18 10:15:56] /shop/index.php?action=index&area_id=16&cate_id=256&ci=2_4&controller=cate&key=1&new=1&order=2 ( act=cate&action=index ) 
ERR: Db Error: Unknown column 'contract_2' in 'where clause'
SELECT COUNT(*) AS nc_count FROM `goods_common` WHERE ( areaid_1 = '16' ) AND ( is_new_arrival = '1' ) AND ( contract_2 = '1' ) AND ( contract_4 = '1' ) LIMIT 1  
[2020-07-18 10:21:26] /shop/index.php?action=index&area_id=25&cate_id=308&ci=4&controller=cate&key=2&new=1&order=2 ( act=cate&action=index ) 
ERR: Db Error: Unknown column 'contract_4' in 'where clause'
SELECT COUNT(*) AS nc_count FROM `goods_common` WHERE ( areaid_1 = '25' ) AND ( is_new_arrival = '1' ) AND ( contract_4 = '1' ) LIMIT 1  
[2020-07-18 10:21:30] /shop/index.php?action=index&area_id=5&cate_id=490&ci=2&controller=cate ( act=cate&action=index ) 
ERR: Db Error: Unknown column 'contract_2' in 'where clause'
SELECT COUNT(*) AS nc_count FROM `goods_common` WHERE ( areaid_1 = '5' ) AND ( contract_2 = '1' ) LIMIT 1  
[2020-07-18 10:26:56] /shop/index.php?action=index&area_id=9&cate_id=256&ci=4_2&controller=cate&gift=1&key=3&order=2 ( act=cate&action=index ) 
ERR: Db Error: Unknown column 'contract_4' in 'where clause'
SELECT COUNT(*) AS nc_count FROM `goods_common` WHERE ( areaid_1 = '9' ) AND ( contract_4 = '1' ) AND ( contract_2 = '1' ) LIMIT 1  
[2020-07-18 10:42:36] /shop/index.php?action=index&area_id=10&cate_id=256&ci=2_4&controller=cate&key=2&new=1&order=2 ( act=cate&action=index ) 
ERR: Db Error: Unknown column 'contract_2' in 'where clause'
SELECT COUNT(*) AS nc_count FROM `goods_common` WHERE ( areaid_1 = '10' ) AND ( is_new_arrival = '1' ) AND ( contract_2 = '1' ) AND ( contract_4 = '1' ) LIMIT 1  
[2020-07-18 10:58:57] /shop/index.php?action=index&area_id=16&cate_id=256&ci=3_4&controller=cate&key=1&new=1&order=2 ( act=cate&action=index ) 
ERR: Db Error: Unknown column 'contract_3' in 'where clause'
SELECT COUNT(*) AS nc_count FROM `goods_common` WHERE ( areaid_1 = '16' ) AND ( is_new_arrival = '1' ) AND ( contract_3 = '1' ) AND ( contract_4 = '1' ) LIMIT 1  
[2020-07-18 11:15:56] /shop/index.php?action=index&area_id=24&cate_id=308&ci=2_1&controller=cate&key=2&new=1&order=2 ( act=cate&action=index ) 
ERR: Db Error: Unknown column 'contract_2' in 'where clause'
SELECT COUNT(*) AS nc_count FROM `goods_common` WHERE ( areaid_1 = '24' ) AND ( is_new_arrival = '1' ) AND ( contract_2 = '1' ) AND ( contract_1 = '1' ) LIMIT 1  
[2020-07-18 11:21:03] /shop/index.php?controller=cate&action=index&cate_id=5490&area_id=1&ci=3 ( act=cate&action=index ) 
ERR: Db Error: Unknown column 'contract_3' in 'where clause'
SELECT COUNT(*) AS nc_count FROM `goods_common` WHERE ( gc_id_2 = '5490' ) AND ( areaid_1 = '1' ) AND ( contract_3 = '1' ) LIMIT 1  
[2020-07-18 11:23:40] /shop/index.php?controller=cate&action=index&cate_id=5490&area_id=10&ci=3 ( act=cate&action=index ) 
ERR: Db Error: Unknown column 'contract_3' in 'where clause'
SELECT COUNT(*) AS nc_count FROM `goods_common` WHERE ( gc_id_2 = '5490' ) AND ( areaid_1 = '10' ) AND ( contract_3 = '1' ) LIMIT 1  
[2020-07-18 11:26:22] /shop/index.php?controller=cate&action=index&cate_id=5490&area_id=12&ci=3 ( act=cate&action=index ) 
ERR: Db Error: Unknown column 'contract_3' in 'where clause'
SELECT COUNT(*) AS nc_count FROM `goods_common` WHERE ( gc_id_2 = '5490' ) AND ( areaid_1 = '12' ) AND ( contract_3 = '1' ) LIMIT 1  
[2020-07-18 11:26:25] /shop/index.php?controller=cate&action=index&cate_id=3968&key=3&order=2&area_id=4&new=&ci=2_3&gift=&yx=1&type=1 ( act=cate&action=index ) 
ERR: Db Error: Unknown column 'contract_2' in 'where clause'
SELECT COUNT(*) AS nc_count FROM `goods_common` WHERE ( areaid_1 = '4' ) AND ( is_own_shop = '1' ) AND ( is_select = '1' ) AND ( contract_2 = '1' ) AND ( contract_3 = '1' ) LIMIT 1  
[2020-07-18 11:29:04] /shop/index.php?controller=cate&action=index&cate_id=5490&area_id=13&ci=3 ( act=cate&action=index ) 
ERR: Db Error: Unknown column 'contract_3' in 'where clause'
SELECT COUNT(*) AS nc_count FROM `goods_common` WHERE ( gc_id_2 = '5490' ) AND ( areaid_1 = '13' ) AND ( contract_3 = '1' ) LIMIT 1  
[2020-07-18 11:29:27] /shop/index.php?action=index&area_id=18&cate_id=256&ci=3_1&controller=cate&key=&new=1&order= ( act=cate&action=index ) 
ERR: Db Error: Unknown column 'contract_3' in 'where clause'
SELECT COUNT(*) AS nc_count FROM `goods_common` WHERE ( areaid_1 = '18' ) AND ( is_new_arrival = '1' ) AND ( contract_3 = '1' ) AND ( contract_1 = '1' ) LIMIT 1  
[2020-07-18 11:31:47] /shop/index.php?controller=cate&action=index&cate_id=5490&area_id=16&ci=3 ( act=cate&action=index ) 
ERR: Db Error: Unknown column 'contract_3' in 'where clause'
SELECT COUNT(*) AS nc_count FROM `goods_common` WHERE ( gc_id_2 = '5490' ) AND ( areaid_1 = '16' ) AND ( contract_3 = '1' ) LIMIT 1  
[2020-07-18 11:34:22] /shop/index.php?controller=cate&action=index&cate_id=5490&area_id=19&ci=3 ( act=cate&action=index ) 
ERR: Db Error: Unknown column 'contract_3' in 'where clause'
SELECT COUNT(*) AS nc_count FROM `goods_common` WHERE ( gc_id_2 = '5490' ) AND ( areaid_1 = '19' ) AND ( contract_3 = '1' ) LIMIT 1  
[2020-07-18 11:37:02] /shop/index.php?controller=cate&action=index&cate_id=5490&area_id=2&ci=3 ( act=cate&action=index ) 
ERR: Db Error: Unknown column 'contract_3' in 'where clause'
SELECT COUNT(*) AS nc_count FROM `goods_common` WHERE ( gc_id_2 = '5490' ) AND ( areaid_1 = '2' ) AND ( contract_3 = '1' ) LIMIT 1  
[2020-07-18 11:39:48] /shop/index.php?controller=cate&action=index&cate_id=5490&area_id=21&ci=3 ( act=cate&action=index ) 
ERR: Db Error: Unknown column 'contract_3' in 'where clause'
SELECT COUNT(*) AS nc_count FROM `goods_common` WHERE ( gc_id_2 = '5490' ) AND ( areaid_1 = '21' ) AND ( contract_3 = '1' ) LIMIT 1  
[2020-07-18 11:41:08] /shop/index.php?controller=cate&action=index&cate_id=5490&area_id=22&ci=3 ( act=cate&action=index ) 
ERR: Db Error: Unknown column 'contract_3' in 'where clause'
SELECT COUNT(*) AS nc_count FROM `goods_common` WHERE ( gc_id_2 = '5490' ) AND ( areaid_1 = '22' ) AND ( contract_3 = '1' ) LIMIT 1  
[2020-07-18 11:42:28] /shop/index.php?controller=cate&action=index&cate_id=5490&area_id=27&ci=3 ( act=cate&action=index ) 
ERR: Db Error: Unknown column 'contract_3' in 'where clause'
SELECT COUNT(*) AS nc_count FROM `goods_common` WHERE ( gc_id_2 = '5490' ) AND ( areaid_1 = '27' ) AND ( contract_3 = '1' ) LIMIT 1  
[2020-07-18 11:43:47] /shop/index.php?controller=cate&action=index&cate_id=5490&area_id=32&ci=3 ( act=cate&action=index ) 
ERR: Db Error: Unknown column 'contract_3' in 'where clause'
SELECT COUNT(*) AS nc_count FROM `goods_common` WHERE ( gc_id_2 = '5490' ) AND ( areaid_1 = '32' ) AND ( contract_3 = '1' ) LIMIT 1  
[2020-07-18 11:45:11] /shop/index.php?controller=cate&action=index&cate_id=5490&area_id=33&ci=3 ( act=cate&action=index ) 
ERR: Db Error: Unknown column 'contract_3' in 'where clause'
SELECT COUNT(*) AS nc_count FROM `goods_common` WHERE ( gc_id_2 = '5490' ) AND ( areaid_1 = '33' ) AND ( contract_3 = '1' ) LIMIT 1  
[2020-07-18 11:45:33] /shop/index.php?action=index&area_id=27&cate_id=308&ci=1_4&controller=cate&key=3&new=1&order=2 ( act=cate&action=index ) 
ERR: Db Error: Unknown column 'contract_1' in 'where clause'
SELECT COUNT(*) AS nc_count FROM `goods_common` WHERE ( areaid_1 = '27' ) AND ( is_new_arrival = '1' ) AND ( contract_1 = '1' ) AND ( contract_4 = '1' ) LIMIT 1  
[2020-07-18 12:01:27] /shop/index.php?action=index&area_id=20&cate_id=256&ci=4_3&controller=cate&key=2&new=1&order=2 ( act=cate&action=index ) 
ERR: Db Error: Unknown column 'contract_4' in 'where clause'
SELECT COUNT(*) AS nc_count FROM `goods_common` WHERE ( areaid_1 = '20' ) AND ( is_new_arrival = '1' ) AND ( contract_4 = '1' ) AND ( contract_3 = '1' ) LIMIT 1  
[2020-07-18 12:20:28] /shop/index.php?action=index&area_id=24&cate_id=256&ci=3_4&controller=cate&key=3&new=1&order=2 ( act=cate&action=index ) 
ERR: Db Error: Unknown column 'contract_3' in 'where clause'
SELECT COUNT(*) AS nc_count FROM `goods_common` WHERE ( areaid_1 = '24' ) AND ( is_new_arrival = '1' ) AND ( contract_3 = '1' ) AND ( contract_4 = '1' ) LIMIT 1  
[2020-07-18 12:24:35] /shop/index.php?controller=cate&action=index&cate_id=5490&area_id=34&ci=3 ( act=cate&action=index ) 
ERR: Db Error: Unknown column 'contract_3' in 'where clause'
SELECT COUNT(*) AS nc_count FROM `goods_common` WHERE ( gc_id_2 = '5490' ) AND ( areaid_1 = '34' ) AND ( contract_3 = '1' ) LIMIT 1  
[2020-07-18 12:27:15] /shop/index.php?controller=cate&action=index&cate_id=5490&area_id=35&ci=3 ( act=cate&action=index ) 
ERR: Db Error: Unknown column 'contract_3' in 'where clause'
SELECT COUNT(*) AS nc_count FROM `goods_common` WHERE ( gc_id_2 = '5490' ) AND ( areaid_1 = '35' ) AND ( contract_3 = '1' ) LIMIT 1  
[2020-07-18 12:28:40] /shop/index.php?controller=cate&action=index&cate_id=5490&area_id=4&ci=3 ( act=cate&action=index ) 
ERR: Db Error: Unknown column 'contract_3' in 'where clause'
SELECT COUNT(*) AS nc_count FROM `goods_common` WHERE ( gc_id_2 = '5490' ) AND ( areaid_1 = '4' ) AND ( contract_3 = '1' ) LIMIT 1  
[2020-07-18 12:29:56] /shop/index.php?controller=cate&action=index&cate_id=5490&area_id=5&ci=3 ( act=cate&action=index ) 
ERR: Db Error: Unknown column 'contract_3' in 'where clause'
SELECT COUNT(*) AS nc_count FROM `goods_common` WHERE ( gc_id_2 = '5490' ) AND ( areaid_1 = '5' ) AND ( contract_3 = '1' ) LIMIT 1  
[2020-07-18 12:31:12] /shop/index.php?controller=cate&action=index&cate_id=5490&area_id=6&ci=3 ( act=cate&action=index ) 
ERR: Db Error: Unknown column 'contract_3' in 'where clause'
SELECT COUNT(*) AS nc_count FROM `goods_common` WHERE ( gc_id_2 = '5490' ) AND ( areaid_1 = '6' ) AND ( contract_3 = '1' ) LIMIT 1  
[2020-07-18 12:31:27] /shop/index.php?action=index&area_id=21&cate_id=308&ci=2_3&controller=cate&key=2&new=1&order=2 ( act=cate&action=index ) 
ERR: Db Error: Unknown column 'contract_2' in 'where clause'
SELECT COUNT(*) AS nc_count FROM `goods_common` WHERE ( areaid_1 = '21' ) AND ( is_new_arrival = '1' ) AND ( contract_2 = '1' ) AND ( contract_3 = '1' ) LIMIT 1  
[2020-07-18 12:33:49] /shop/index.php?controller=cate&action=index&cate_id=5490&area_id=7&ci=3 ( act=cate&action=index ) 
ERR: Db Error: Unknown column 'contract_3' in 'where clause'
SELECT COUNT(*) AS nc_count FROM `goods_common` WHERE ( gc_id_2 = '5490' ) AND ( areaid_1 = '7' ) AND ( contract_3 = '1' ) LIMIT 1  
[2020-07-18 12:35:09] /shop/index.php?controller=cate&action=index&cate_id=5490&area_id=8&ci=3 ( act=cate&action=index ) 
ERR: Db Error: Unknown column 'contract_3' in 'where clause'
SELECT COUNT(*) AS nc_count FROM `goods_common` WHERE ( gc_id_2 = '5490' ) AND ( areaid_1 = '8' ) AND ( contract_3 = '1' ) LIMIT 1  
[2020-07-18 12:36:28] /shop/index.php?controller=cate&action=index&cate_id=5490&area_id=9&ci=3 ( act=cate&action=index ) 
ERR: Db Error: Unknown column 'contract_3' in 'where clause'
SELECT COUNT(*) AS nc_count FROM `goods_common` WHERE ( gc_id_2 = '5490' ) AND ( areaid_1 = '9' ) AND ( contract_3 = '1' ) LIMIT 1  
[2020-07-18 12:59:57] /shop/index.php?action=index&area_id=6&cate_id=256&ci=3_4_2&controller=cate&key=1&order=2&yx=1 ( act=cate&action=index ) 
ERR: Db Error: Unknown column 'contract_3' in 'where clause'
SELECT COUNT(*) AS nc_count FROM `goods_common` WHERE ( areaid_1 = '6' ) AND ( is_select = '1' ) AND ( contract_3 = '1' ) AND ( contract_4 = '1' ) AND ( contract_2 = '1' ) LIMIT 1  
[2020-07-18 13:18:28] /shop/index.php?action=index&area_id=29&cate_id=308&ci=3_4&controller=cate&key=3&order=2&type= ( act=cate&action=index ) 
ERR: Db Error: Unknown column 'contract_3' in 'where clause'
SELECT COUNT(*) AS nc_count FROM `goods_common` WHERE ( areaid_1 = '29' ) AND ( contract_3 = '1' ) AND ( contract_4 = '1' ) LIMIT 1  
[2020-07-18 13:32:27] /shop/index.php?action=index&area_id=22&cate_id=256&ci=3_2&controller=cate&gift=&key=&order= ( act=cate&action=index ) 
ERR: Db Error: Unknown column 'contract_3' in 'where clause'
SELECT COUNT(*) AS nc_count FROM `goods_common` WHERE ( areaid_1 = '22' ) AND ( contract_3 = '1' ) AND ( contract_2 = '1' ) LIMIT 1  
[2020-07-18 13:49:27] /shop/index.php?action=index&area_id=14&cate_id=256&ci=4_1&controller=cate&gift=&key=3&order=2 ( act=cate&action=index ) 
ERR: Db Error: Unknown column 'contract_4' in 'where clause'
SELECT COUNT(*) AS nc_count FROM `goods_common` WHERE ( areaid_1 = '14' ) AND ( contract_4 = '1' ) AND ( contract_1 = '1' ) LIMIT 1  
[2020-07-18 14:04:38] /shop/index.php?action=index&area_id=5&cate_id=256&ci=2_3&controller=cate&gift=1&key=&order= ( act=cate&action=index ) 
ERR: Db Error: Unknown column 'contract_2' in 'where clause'
SELECT COUNT(*) AS nc_count FROM `goods_common` WHERE ( areaid_1 = '5' ) AND ( contract_2 = '1' ) AND ( contract_3 = '1' ) LIMIT 1  
[2020-07-18 14:15:59] /shop/index.php?action=index&area_id=4&cate_id=308&ci=4_1&controller=cate&key=1&order=2&type=1 ( act=cate&action=index ) 
ERR: Db Error: Unknown column 'contract_4' in 'where clause'
SELECT COUNT(*) AS nc_count FROM `goods_common` WHERE ( areaid_1 = '4' ) AND ( is_own_shop = '1' ) AND ( contract_4 = '1' ) AND ( contract_1 = '1' ) LIMIT 1  
[2020-07-18 14:34:08] /shop/index.php?action=index&area_id=19&cate_id=308&ci=2_1&controller=cate&key=1&new=1&order=2 ( act=cate&action=index ) 
ERR: Db Error: Unknown column 'contract_2' in 'where clause'
SELECT COUNT(*) AS nc_count FROM `goods_common` WHERE ( areaid_1 = '19' ) AND ( is_new_arrival = '1' ) AND ( contract_2 = '1' ) AND ( contract_1 = '1' ) LIMIT 1  
[2020-07-18 14:37:58] /shop/index.php?action=index&area_id=21&cate_id=308&ci=1_3&controller=cate&key=3&new=1&order=2 ( act=cate&action=index ) 
ERR: Db Error: Unknown column 'contract_1' in 'where clause'
SELECT COUNT(*) AS nc_count FROM `goods_common` WHERE ( areaid_1 = '21' ) AND ( is_new_arrival = '1' ) AND ( contract_1 = '1' ) AND ( contract_3 = '1' ) LIMIT 1  
[2020-07-18 14:43:28] /member/index.php?controller=help&action=show_list&ac_id=100 ( act=help&action=show_list ) 
ERR: Db Error: Unknown column 'Array' in 'where clause'
SELECT * FROM `newhelp` as `newhelp`  WHERE  newhelp.ac_id in(Array) order by article_sort asc,article_id desc
[2020-07-18 14:46:15] /member/index.php?controller=help&action=show_list&ac_id=91 ( act=help&action=show_list ) 
ERR: Db Error: Unknown column 'Array' in 'where clause'
SELECT * FROM `newhelp` as `newhelp`  WHERE  newhelp.ac_id in(Array) order by article_sort asc,article_id desc
[2020-07-18 14:46:58] /shop/index.php?action=index&area_id=14&cate_id=308&ci=3_1&controller=cate&key=1&order=2&type= ( act=cate&action=index ) 
ERR: Db Error: Unknown column 'contract_3' in 'where clause'
SELECT COUNT(*) AS nc_count FROM `goods_common` WHERE ( areaid_1 = '14' ) AND ( contract_3 = '1' ) AND ( contract_1 = '1' ) LIMIT 1  
[2020-07-18 14:47:06] /shop/index.php?action=index&area_id=28&cate_id=5506&ci=1_3_2&controller=cate ( act=cate&action=index ) 
ERR: Db Error: Unknown column 'contract_1' in 'where clause'
SELECT COUNT(*) AS nc_count FROM `goods_common` WHERE ( gc_id_1 = '5506' ) AND ( areaid_1 = '28' ) AND ( contract_1 = '1' ) AND ( contract_3 = '1' ) AND ( contract_2 = '1' ) LIMIT 1  
[2020-07-18 14:52:58] /member/index.php?controller=help&action=show_list&ac_id=93 ( act=help&action=show_list ) 
ERR: Db Error: Unknown column 'Array' in 'where clause'
SELECT * FROM `newhelp` as `newhelp`  WHERE  newhelp.ac_id in(Array) order by article_sort asc,article_id desc
[2020-07-18 14:54:16] /member/index.php?controller=help&action=show_list&ac_id=101 ( act=help&action=show_list ) 
ERR: Db Error: Unknown column 'Array' in 'where clause'
SELECT * FROM `newhelp` as `newhelp`  WHERE  newhelp.ac_id in(Array) order by article_sort asc,article_id desc
[2020-07-18 14:56:52] /shop/index.php?action=index&area_id=7&cate_id=5565&ci=2_3&controller=cate ( act=cate&action=index ) 
ERR: Db Error: Unknown column 'contract_2' in 'where clause'
SELECT COUNT(*) AS nc_count FROM `goods_common` WHERE ( gc_id_3 = '5565' ) AND ( areaid_1 = '7' ) AND ( contract_2 = '1' ) AND ( contract_3 = '1' ) LIMIT 1  
[2020-07-18 14:58:17] /member/index.php?controller=help&action=show_list&ac_id=94 ( act=help&action=show_list ) 
ERR: Db Error: Unknown column 'Array' in 'where clause'
SELECT * FROM `newhelp` as `newhelp`  WHERE  newhelp.ac_id in(Array) order by article_sort asc,article_id desc
[2020-07-18 15:04:01] /shop/index.php?action=index&area_id=33&cate_id=308&ci=4_3&controller=cate&key=3&order=2&type= ( act=cate&action=index ) 
ERR: Db Error: Unknown column 'contract_4' in 'where clause'
SELECT COUNT(*) AS nc_count FROM `goods_common` WHERE ( areaid_1 = '33' ) AND ( contract_4 = '1' ) AND ( contract_3 = '1' ) LIMIT 1  
[2020-07-18 15:14:22] /member/index.php?controller=help&action=show_list&ac_id=83 ( act=help&action=show_list ) 
ERR: Db Error: Unknown column 'Array' in 'where clause'
SELECT * FROM `newhelp` as `newhelp`  WHERE  newhelp.ac_id in(Array) order by article_sort asc,article_id desc
[2020-07-18 15:17:58] /shop/index.php?action=index&area_id=21&cate_id=308&ci=2_3&controller=cate&key=2&order=2&type= ( act=cate&action=index ) 
ERR: Db Error: Unknown column 'contract_2' in 'where clause'
SELECT COUNT(*) AS nc_count FROM `goods_common` WHERE ( areaid_1 = '21' ) AND ( contract_2 = '1' ) AND ( contract_3 = '1' ) LIMIT 1  
[2020-07-18 15:36:31] /shop/index.php?action=index&area_id=9&cate_id=256&ci=2_4_1&controller=cate&key=3&order=2&yx=1 ( act=cate&action=index ) 
ERR: Db Error: Unknown column 'contract_2' in 'where clause'
SELECT COUNT(*) AS nc_count FROM `goods_common` WHERE ( areaid_1 = '9' ) AND ( is_select = '1' ) AND ( contract_2 = '1' ) AND ( contract_4 = '1' ) AND ( contract_1 = '1' ) LIMIT 1  
[2020-07-18 15:49:28] /shop/index.php?action=index&area_id=32&cate_id=308&ci=1_4&controller=cate&gift=&key=1&order=2 ( act=cate&action=index ) 
ERR: Db Error: Unknown column 'contract_1' in 'where clause'
SELECT COUNT(*) AS nc_count FROM `goods_common` WHERE ( areaid_1 = '32' ) AND ( contract_1 = '1' ) AND ( contract_4 = '1' ) LIMIT 1  
[2020-07-18 16:06:59] /shop/index.php?action=index&area_id=22&cate_id=256&ci=4_2&controller=cate&key=1&new=1&order=2 ( act=cate&action=index ) 
ERR: Db Error: Unknown column 'contract_4' in 'where clause'
SELECT COUNT(*) AS nc_count FROM `goods_common` WHERE ( areaid_1 = '22' ) AND ( is_new_arrival = '1' ) AND ( contract_4 = '1' ) AND ( contract_2 = '1' ) LIMIT 1  
[2020-07-18 16:20:59] /shop/index.php?action=index&area_id=9&cate_id=856&ci=4_2&controller=cate&key=3&order=2&type=1 ( act=cate&action=index ) 
ERR: Db Error: Unknown column 'contract_4' in 'where clause'
SELECT COUNT(*) AS nc_count FROM `goods_common` WHERE ( areaid_1 = '9' ) AND ( is_own_shop = '1' ) AND ( contract_4 = '1' ) AND ( contract_2 = '1' ) LIMIT 1  
[2020-07-18 16:35:29] /shop/index.php?action=index&area_id=5&cate_id=16&ci=1_3_4&controller=cate&key=1&new=1&order=2 ( act=cate&action=index ) 
ERR: Db Error: Unknown column 'contract_1' in 'where clause'
SELECT COUNT(*) AS nc_count FROM `goods_common` WHERE ( areaid_1 = '5' ) AND ( is_new_arrival = '1' ) AND ( contract_1 = '1' ) AND ( contract_3 = '1' ) AND ( contract_4 = '1' ) LIMIT 1  
[2020-07-18 16:38:05] /member/index.php?controller=help&action=show_list&ac_id=98 ( act=help&action=show_list ) 
ERR: Db Error: Unknown column 'Array' in 'where clause'
SELECT * FROM `newhelp` as `newhelp`  WHERE  newhelp.ac_id in(Array) order by article_sort asc,article_id desc
[2020-07-18 16:55:30] /shop/index.php?action=index&area_id=23&cate_id=256&ci=3_2&controller=cate&gift=&key=&order= ( act=cate&action=index ) 
ERR: Db Error: Unknown column 'contract_3' in 'where clause'
SELECT COUNT(*) AS nc_count FROM `goods_common` WHERE ( areaid_1 = '23' ) AND ( contract_3 = '1' ) AND ( contract_2 = '1' ) LIMIT 1  
[2020-07-18 16:55:51] /member/index.php?controller=help&action=show_list&ac_id=95 ( act=help&action=show_list ) 
ERR: Db Error: Unknown column 'Array' in 'where clause'
SELECT * FROM `newhelp` as `newhelp`  WHERE  newhelp.ac_id in(Array) order by article_sort asc,article_id desc
[2020-07-18 17:03:20] /member/index.php?controller=help&action=show_list&ac_id=96 ( act=help&action=show_list ) 
ERR: Db Error: Unknown column 'Array' in 'where clause'
SELECT * FROM `newhelp` as `newhelp`  WHERE  newhelp.ac_id in(Array) order by article_sort asc,article_id desc
[2020-07-18 17:10:29] /shop/index.php?action=index&area_id=18&cate_id=308&ci=1_4&controller=cate&gift=&key=2&order=2 ( act=cate&action=index ) 
ERR: Db Error: Unknown column 'contract_1' in 'where clause'
SELECT COUNT(*) AS nc_count FROM `goods_common` WHERE ( areaid_1 = '18' ) AND ( contract_1 = '1' ) AND ( contract_4 = '1' ) LIMIT 1  
[2020-07-18 17:21:10] /shop/index.php?controller=cate&action=index&cate_id=5203&ci=1 ( act=cate&action=index ) 
ERR: Db Error: Unknown column 'contract_1' in 'where clause'
SELECT COUNT(*) AS nc_count FROM `goods_common` WHERE ( contract_1 = '1' ) LIMIT 1  
[2020-07-18 17:21:53] /shop/index.php?controller=cate&action=index&cate_id=5489&ci=2&area_id=10 ( act=cate&action=index ) 
ERR: Db Error: Unknown column 'contract_2' in 'where clause'
SELECT COUNT(*) AS nc_count FROM `goods_common` WHERE ( gc_id_2 = '5489' ) AND ( areaid_1 = '10' ) AND ( contract_2 = '1' ) LIMIT 1  
[2020-07-18 17:23:08] /shop/index.php?controller=cate&action=index&cate_id=5489&ci=2&area_id=1 ( act=cate&action=index ) 
ERR: Db Error: Unknown column 'contract_2' in 'where clause'
SELECT COUNT(*) AS nc_count FROM `goods_common` WHERE ( gc_id_2 = '5489' ) AND ( areaid_1 = '1' ) AND ( contract_2 = '1' ) LIMIT 1  
[2020-07-18 17:24:22] /shop/index.php?controller=cate&action=index&cate_id=5489&ci=2&area_id=11 ( act=cate&action=index ) 
ERR: Db Error: Unknown column 'contract_2' in 'where clause'
SELECT COUNT(*) AS nc_count FROM `goods_common` WHERE ( gc_id_2 = '5489' ) AND ( areaid_1 = '11' ) AND ( contract_2 = '1' ) LIMIT 1  
[2020-07-18 17:25:00] /shop/index.php?action=index&area_id=29&cate_id=256&ci=3_4&controller=cate&key=2&order=2&type= ( act=cate&action=index ) 
ERR: Db Error: Unknown column 'contract_3' in 'where clause'
SELECT COUNT(*) AS nc_count FROM `goods_common` WHERE ( areaid_1 = '29' ) AND ( contract_3 = '1' ) AND ( contract_4 = '1' ) LIMIT 1  
[2020-07-18 17:25:36] /shop/index.php?controller=cate&action=index&cate_id=5489&ci=2&area_id=12 ( act=cate&action=index ) 
ERR: Db Error: Unknown column 'contract_2' in 'where clause'
SELECT COUNT(*) AS nc_count FROM `goods_common` WHERE ( gc_id_2 = '5489' ) AND ( areaid_1 = '12' ) AND ( contract_2 = '1' ) LIMIT 1  
[2020-07-18 17:26:50] /shop/index.php?controller=cate&action=index&cate_id=5489&ci=2&area_id=13 ( act=cate&action=index ) 
ERR: Db Error: Unknown column 'contract_2' in 'where clause'
SELECT COUNT(*) AS nc_count FROM `goods_common` WHERE ( gc_id_2 = '5489' ) AND ( areaid_1 = '13' ) AND ( contract_2 = '1' ) LIMIT 1  
[2020-07-18 17:28:03] /shop/index.php?controller=cate&action=index&cate_id=5489&ci=2&area_id=14 ( act=cate&action=index ) 
ERR: Db Error: Unknown column 'contract_2' in 'where clause'
SELECT COUNT(*) AS nc_count FROM `goods_common` WHERE ( gc_id_2 = '5489' ) AND ( areaid_1 = '14' ) AND ( contract_2 = '1' ) LIMIT 1  
[2020-07-18 17:29:16] /shop/index.php?controller=cate&action=index&cate_id=5489&ci=2&area_id=15 ( act=cate&action=index ) 
ERR: Db Error: Unknown column 'contract_2' in 'where clause'
SELECT COUNT(*) AS nc_count FROM `goods_common` WHERE ( gc_id_2 = '5489' ) AND ( areaid_1 = '15' ) AND ( contract_2 = '1' ) LIMIT 1  
[2020-07-18 17:30:33] /shop/index.php?controller=cate&action=index&cate_id=5489&ci=2&area_id=16 ( act=cate&action=index ) 
ERR: Db Error: Unknown column 'contract_2' in 'where clause'
SELECT COUNT(*) AS nc_count FROM `goods_common` WHERE ( gc_id_2 = '5489' ) AND ( areaid_1 = '16' ) AND ( contract_2 = '1' ) LIMIT 1  
[2020-07-18 17:33:01] /shop/index.php?controller=cate&action=index&cate_id=5489&ci=2&area_id=17 ( act=cate&action=index ) 
ERR: Db Error: Unknown column 'contract_2' in 'where clause'
SELECT COUNT(*) AS nc_count FROM `goods_common` WHERE ( gc_id_2 = '5489' ) AND ( areaid_1 = '17' ) AND ( contract_2 = '1' ) LIMIT 1  
[2020-07-18 17:35:39] /shop/index.php?controller=cate&action=index&cate_id=5489&ci=2&area_id=18 ( act=cate&action=index ) 
ERR: Db Error: Unknown column 'contract_2' in 'where clause'
SELECT COUNT(*) AS nc_count FROM `goods_common` WHERE ( gc_id_2 = '5489' ) AND ( areaid_1 = '18' ) AND ( contract_2 = '1' ) LIMIT 1  
[2020-07-18 17:38:09] /shop/index.php?controller=cate&action=index&cate_id=5489&ci=2&area_id=19 ( act=cate&action=index ) 
ERR: Db Error: Unknown column 'contract_2' in 'where clause'
SELECT COUNT(*) AS nc_count FROM `goods_common` WHERE ( gc_id_2 = '5489' ) AND ( areaid_1 = '19' ) AND ( contract_2 = '1' ) LIMIT 1  
[2020-07-18 17:40:44] /shop/index.php?controller=cate&action=index&cate_id=5489&ci=2&area_id=2 ( act=cate&action=index ) 
ERR: Db Error: Unknown column 'contract_2' in 'where clause'
SELECT COUNT(*) AS nc_count FROM `goods_common` WHERE ( gc_id_2 = '5489' ) AND ( areaid_1 = '2' ) AND ( contract_2 = '1' ) LIMIT 1  
[2020-07-18 18:07:13] /shop/index.php?action=index&area_id=35&cate_id=256&ci=1_2&controller=cate&key=2&order=2&type= ( act=cate&action=index ) 
ERR: Db Error: Unknown column 'contract_1' in 'where clause'
SELECT COUNT(*) AS nc_count FROM `goods_common` WHERE ( areaid_1 = '35' ) AND ( contract_1 = '1' ) AND ( contract_2 = '1' ) LIMIT 1  
[2020-07-18 18:32:27] /shop/index.php?controller=cate&action=index&cate_id=3968&key=3&order=2&area_id=4&new=1&ci=2_3&gift=&yx=1 ( act=cate&action=index ) 
ERR: Db Error: Unknown column 'contract_2' in 'where clause'
SELECT COUNT(*) AS nc_count FROM `goods_common` WHERE ( areaid_1 = '4' ) AND ( is_new_arrival = '1' ) AND ( is_select = '1' ) AND ( contract_2 = '1' ) AND ( contract_3 = '1' ) LIMIT 1  
[2020-07-18 18:39:30] /shop/index.php?action=index&area_id=15&cate_id=308&ci=4_2&controller=cate&key=3&order=2&type= ( act=cate&action=index ) 
ERR: Db Error: Unknown column 'contract_4' in 'where clause'
SELECT COUNT(*) AS nc_count FROM `goods_common` WHERE ( areaid_1 = '15' ) AND ( contract_4 = '1' ) AND ( contract_2 = '1' ) LIMIT 1  
[2020-07-18 18:53:02] /shop/index.php?action=index&area_id=25&cate_id=308&ci=3_4&controller=cate&key=1&order=2&type= ( act=cate&action=index ) 
ERR: Db Error: Unknown column 'contract_3' in 'where clause'
SELECT COUNT(*) AS nc_count FROM `goods_common` WHERE ( areaid_1 = '25' ) AND ( contract_3 = '1' ) AND ( contract_4 = '1' ) LIMIT 1  
[2020-07-18 19:08:00] /shop/index.php?action=index&area_id=4&cate_id=308&ci=2_4&controller=cate&gift=1&key=2&order=2 ( act=cate&action=index ) 
ERR: Db Error: Unknown column 'contract_2' in 'where clause'
SELECT COUNT(*) AS nc_count FROM `goods_common` WHERE ( areaid_1 = '4' ) AND ( contract_2 = '1' ) AND ( contract_4 = '1' ) LIMIT 1  
[2020-07-18 19:10:19] /shop/index.php?controller=cate&action=index&cate_id=3968&key=3&order=1&area_id=4&new=1&ci=2_3&gift=&yx=1 ( act=cate&action=index ) 
ERR: Db Error: Unknown column 'contract_2' in 'where clause'
SELECT COUNT(*) AS nc_count FROM `goods_common` WHERE ( areaid_1 = '4' ) AND ( is_new_arrival = '1' ) AND ( is_select = '1' ) AND ( contract_2 = '1' ) AND ( contract_3 = '1' ) LIMIT 1  
[2020-07-18 19:19:46] /shop/index.php?controller=cate&action=index&cate_id=3968&key=3&order=1&area_id=4&new=1&ci=2_3&gift=&yx= ( act=cate&action=index ) 
ERR: Db Error: Unknown column 'contract_2' in 'where clause'
SELECT COUNT(*) AS nc_count FROM `goods_common` WHERE ( areaid_1 = '4' ) AND ( is_new_arrival = '1' ) AND ( contract_2 = '1' ) AND ( contract_3 = '1' ) LIMIT 1  
[2020-07-18 19:21:34] /shop/index.php?action=index&area_id=11&cate_id=308&ci=3_2&controller=cate ( act=cate&action=index ) 
ERR: Db Error: Unknown column 'contract_3' in 'where clause'
SELECT COUNT(*) AS nc_count FROM `goods_common` WHERE ( areaid_1 = '11' ) AND ( contract_3 = '1' ) AND ( contract_2 = '1' ) LIMIT 1  
[2020-07-18 19:29:00] /shop/index.php?action=index&area_id=24&cate_id=308&ci=3_4&controller=cate&key=3&new=1&order=2 ( act=cate&action=index ) 
ERR: Db Error: Unknown column 'contract_3' in 'where clause'
SELECT COUNT(*) AS nc_count FROM `goods_common` WHERE ( areaid_1 = '24' ) AND ( is_new_arrival = '1' ) AND ( contract_3 = '1' ) AND ( contract_4 = '1' ) LIMIT 1  
[2020-07-18 19:29:15] /shop/index.php?controller=cate&action=index&cate_id=3968&key=3&order=1&area_id=4&new=1&ci=2_3&gift=1&yx= ( act=cate&action=index ) 
ERR: Db Error: Unknown column 'contract_2' in 'where clause'
SELECT COUNT(*) AS nc_count FROM `goods_common` WHERE ( areaid_1 = '4' ) AND ( is_new_arrival = '1' ) AND ( contract_2 = '1' ) AND ( contract_3 = '1' ) LIMIT 1  
[2020-07-18 19:37:01] /shop/index.php?action=index&area_id=8&cate_id=5587&ci=3_1&controller=cate ( act=cate&action=index ) 
ERR: Db Error: Unknown column 'contract_3' in 'where clause'
SELECT COUNT(*) AS nc_count FROM `goods_common` WHERE ( gc_id_2 = '5587' ) AND ( areaid_1 = '8' ) AND ( contract_3 = '1' ) AND ( contract_1 = '1' ) LIMIT 1  
[2020-07-18 19:37:09] /shop/index.php?action=index&area_id=31&cate_id=256&ci=4_3&controller=cate&gift=&key=3&order=2 ( act=cate&action=index ) 
ERR: Db Error: Unknown column 'contract_4' in 'where clause'
SELECT COUNT(*) AS nc_count FROM `goods_common` WHERE ( areaid_1 = '31' ) AND ( contract_4 = '1' ) AND ( contract_3 = '1' ) LIMIT 1  
[2020-07-18 19:41:32] /shop/index.php?action=index&area_id=5&cate_id=256&ci=1_2&controller=cate&key=1&order=2&type=1 ( act=cate&action=index ) 
ERR: Db Error: Unknown column 'contract_1' in 'where clause'
SELECT COUNT(*) AS nc_count FROM `goods_common` WHERE ( areaid_1 = '5' ) AND ( is_own_shop = '1' ) AND ( contract_1 = '1' ) AND ( contract_2 = '1' ) LIMIT 1  
[2020-07-18 19:48:11] /shop/index.php?controller=cate&action=index&cate_id=3968&key=3&order=1&area_id=4&new=&ci=2_3&gift=1&yx= ( act=cate&action=index ) 
ERR: Db Error: Unknown column 'contract_2' in 'where clause'
SELECT COUNT(*) AS nc_count FROM `goods_common` WHERE ( areaid_1 = '4' ) AND ( contract_2 = '1' ) AND ( contract_3 = '1' ) LIMIT 1  
[2020-07-18 19:54:01] /shop/index.php?action=index&area_id=23&cate_id=256&ci=3_2&controller=cate&gift=&key=2&order=2 ( act=cate&action=index ) 
ERR: Db Error: Unknown column 'contract_3' in 'where clause'
SELECT COUNT(*) AS nc_count FROM `goods_common` WHERE ( areaid_1 = '23' ) AND ( contract_3 = '1' ) AND ( contract_2 = '1' ) LIMIT 1  
[2020-07-18 20:12:31] /shop/index.php?action=index&area_id=30&cate_id=256&ci=1_3&controller=cate&key=&order=&type= ( act=cate&action=index ) 
ERR: Db Error: Unknown column 'contract_1' in 'where clause'
SELECT COUNT(*) AS nc_count FROM `goods_common` WHERE ( areaid_1 = '30' ) AND ( contract_1 = '1' ) AND ( contract_3 = '1' ) LIMIT 1  
[2020-07-18 20:41:02] /shop/index.php?action=index&area_id=21&cate_id=256&ci=1_2&controller=cate&key=3&new=1&order=2 ( act=cate&action=index ) 
ERR: Db Error: Unknown column 'contract_1' in 'where clause'
SELECT COUNT(*) AS nc_count FROM `goods_common` WHERE ( areaid_1 = '21' ) AND ( is_new_arrival = '1' ) AND ( contract_1 = '1' ) AND ( contract_2 = '1' ) LIMIT 1  
[2020-07-18 20:55:31] /shop/index.php?action=index&area_id=2&cate_id=256&ci=3_2_1&controller=cate&key=2&order=2&yx=1 ( act=cate&action=index ) 
ERR: Db Error: Unknown column 'contract_3' in 'where clause'
SELECT COUNT(*) AS nc_count FROM `goods_common` WHERE ( areaid_1 = '2' ) AND ( is_select = '1' ) AND ( contract_3 = '1' ) AND ( contract_2 = '1' ) AND ( contract_1 = '1' ) LIMIT 1  
[2020-07-18 21:15:31] /shop/index.php?action=index&area_id=24&cate_id=308&ci=1_4&controller=cate&key=3&new=1&order=2 ( act=cate&action=index ) 
ERR: Db Error: Unknown column 'contract_1' in 'where clause'
SELECT COUNT(*) AS nc_count FROM `goods_common` WHERE ( areaid_1 = '24' ) AND ( is_new_arrival = '1' ) AND ( contract_1 = '1' ) AND ( contract_4 = '1' ) LIMIT 1  
[2020-07-18 21:19:35] /shop/index.php?controller=cate&action=index&cate_id=312&key=1&order=2&area_id=24&ci=4 ( act=cate&action=index ) 
ERR: Db Error: Unknown column 'contract_4' in 'where clause'
SELECT COUNT(*) AS nc_count FROM `goods_common` WHERE ( areaid_1 = '24' ) AND ( contract_4 = '1' ) LIMIT 1  
[2020-07-18 21:28:31] /shop/index.php?action=index&area_id=32&cate_id=308&ci=3_4&controller=cate&key=1&order=2&type= ( act=cate&action=index ) 
ERR: Db Error: Unknown column 'contract_3' in 'where clause'
SELECT COUNT(*) AS nc_count FROM `goods_common` WHERE ( areaid_1 = '32' ) AND ( contract_3 = '1' ) AND ( contract_4 = '1' ) LIMIT 1  
[2020-07-18 21:31:18] /shop/index.php?controller=cate&action=index&cate_id=5489&ci=2&area_id=31 ( act=cate&action=index ) 
ERR: Db Error: Unknown column 'contract_2' in 'where clause'
SELECT COUNT(*) AS nc_count FROM `goods_common` WHERE ( gc_id_2 = '5489' ) AND ( areaid_1 = '31' ) AND ( contract_2 = '1' ) LIMIT 1  
[2020-07-18 21:32:34] /shop/index.php?controller=cate&action=index&cate_id=5489&ci=2&area_id=20 ( act=cate&action=index ) 
ERR: Db Error: Unknown column 'contract_2' in 'where clause'
SELECT COUNT(*) AS nc_count FROM `goods_common` WHERE ( gc_id_2 = '5489' ) AND ( areaid_1 = '20' ) AND ( contract_2 = '1' ) LIMIT 1  
[2020-07-18 21:33:49] /shop/index.php?controller=cate&action=index&cate_id=5489&ci=2&area_id=21 ( act=cate&action=index ) 
ERR: Db Error: Unknown column 'contract_2' in 'where clause'
SELECT COUNT(*) AS nc_count FROM `goods_common` WHERE ( gc_id_2 = '5489' ) AND ( areaid_1 = '21' ) AND ( contract_2 = '1' ) LIMIT 1  
[2020-07-18 21:35:09] /shop/index.php?controller=cate&action=index&cate_id=5489&ci=2&area_id=22 ( act=cate&action=index ) 
ERR: Db Error: Unknown column 'contract_2' in 'where clause'
SELECT COUNT(*) AS nc_count FROM `goods_common` WHERE ( gc_id_2 = '5489' ) AND ( areaid_1 = '22' ) AND ( contract_2 = '1' ) LIMIT 1  
[2020-07-18 21:36:19] /shop/index.php?controller=cate&action=index&cate_id=5489&ci=2&area_id=23 ( act=cate&action=index ) 
ERR: Db Error: Unknown column 'contract_2' in 'where clause'
SELECT COUNT(*) AS nc_count FROM `goods_common` WHERE ( gc_id_2 = '5489' ) AND ( areaid_1 = '23' ) AND ( contract_2 = '1' ) LIMIT 1  
[2020-07-18 21:37:33] /shop/index.php?controller=cate&action=index&cate_id=5489&ci=2&area_id=24 ( act=cate&action=index ) 
ERR: Db Error: Unknown column 'contract_2' in 'where clause'
SELECT COUNT(*) AS nc_count FROM `goods_common` WHERE ( gc_id_2 = '5489' ) AND ( areaid_1 = '24' ) AND ( contract_2 = '1' ) LIMIT 1  
[2020-07-18 21:38:52] /shop/index.php?controller=cate&action=index&cate_id=5489&ci=2&area_id=25 ( act=cate&action=index ) 
ERR: Db Error: Unknown column 'contract_2' in 'where clause'
SELECT COUNT(*) AS nc_count FROM `goods_common` WHERE ( gc_id_2 = '5489' ) AND ( areaid_1 = '25' ) AND ( contract_2 = '1' ) LIMIT 1  
[2020-07-18 21:39:42] /shop/index.php?action=index&area_id=21&cate_id=308&ci=2_3&controller=cate&key=3&order=2&type= ( act=cate&action=index ) 
ERR: Db Error: Unknown column 'contract_2' in 'where clause'
SELECT COUNT(*) AS nc_count FROM `goods_common` WHERE ( areaid_1 = '21' ) AND ( contract_2 = '1' ) AND ( contract_3 = '1' ) LIMIT 1  
[2020-07-18 21:40:11] /shop/index.php?controller=cate&action=index&cate_id=5489&ci=2&area_id=26 ( act=cate&action=index ) 
ERR: Db Error: Unknown column 'contract_2' in 'where clause'
SELECT COUNT(*) AS nc_count FROM `goods_common` WHERE ( gc_id_2 = '5489' ) AND ( areaid_1 = '26' ) AND ( contract_2 = '1' ) LIMIT 1  
[2020-07-18 21:41:29] /shop/index.php?controller=cate&action=index&cate_id=5489&ci=2&area_id=27 ( act=cate&action=index ) 
ERR: Db Error: Unknown column 'contract_2' in 'where clause'
SELECT COUNT(*) AS nc_count FROM `goods_common` WHERE ( gc_id_2 = '5489' ) AND ( areaid_1 = '27' ) AND ( contract_2 = '1' ) LIMIT 1  
[2020-07-18 21:42:52] /shop/index.php?controller=cate&action=index&cate_id=5489&ci=2&area_id=28 ( act=cate&action=index ) 
ERR: Db Error: Unknown column 'contract_2' in 'where clause'
SELECT COUNT(*) AS nc_count FROM `goods_common` WHERE ( gc_id_2 = '5489' ) AND ( areaid_1 = '28' ) AND ( contract_2 = '1' ) LIMIT 1  
[2020-07-18 21:45:27] /shop/index.php?controller=cate&action=index&cate_id=5489&ci=2&area_id=33 ( act=cate&action=index ) 
ERR: Db Error: Unknown column 'contract_2' in 'where clause'
SELECT COUNT(*) AS nc_count FROM `goods_common` WHERE ( gc_id_2 = '5489' ) AND ( areaid_1 = '33' ) AND ( contract_2 = '1' ) LIMIT 1  
[2020-07-18 21:48:04] /shop/index.php?controller=cate&action=index&cate_id=5489&ci=2&area_id=34 ( act=cate&action=index ) 
ERR: Db Error: Unknown column 'contract_2' in 'where clause'
SELECT COUNT(*) AS nc_count FROM `goods_common` WHERE ( gc_id_2 = '5489' ) AND ( areaid_1 = '34' ) AND ( contract_2 = '1' ) LIMIT 1  
[2020-07-18 21:50:36] /shop/index.php?controller=cate&action=index&cate_id=5489&ci=2&area_id=35 ( act=cate&action=index ) 
ERR: Db Error: Unknown column 'contract_2' in 'where clause'
SELECT COUNT(*) AS nc_count FROM `goods_common` WHERE ( gc_id_2 = '5489' ) AND ( areaid_1 = '35' ) AND ( contract_2 = '1' ) LIMIT 1  
[2020-07-18 21:55:47] /shop/index.php?controller=cate&action=index&cate_id=5489&ci=2&area_id=3 ( act=cate&action=index ) 
ERR: Db Error: Unknown column 'contract_2' in 'where clause'
SELECT COUNT(*) AS nc_count FROM `goods_common` WHERE ( gc_id_2 = '5489' ) AND ( areaid_1 = '3' ) AND ( contract_2 = '1' ) LIMIT 1  
[2020-07-18 21:57:32] /shop/index.php?action=index&area_id=15&cate_id=256&ci=4_2&controller=cate&key=&order=&type= ( act=cate&action=index ) 
ERR: Db Error: Unknown column 'contract_4' in 'where clause'
SELECT COUNT(*) AS nc_count FROM `goods_common` WHERE ( areaid_1 = '15' ) AND ( contract_4 = '1' ) AND ( contract_2 = '1' ) LIMIT 1  
[2020-07-18 22:00:52] /shop/index.php?controller=cate&action=index&cate_id=5489&ci=2&area_id=6 ( act=cate&action=index ) 
ERR: Db Error: Unknown column 'contract_2' in 'where clause'
SELECT COUNT(*) AS nc_count FROM `goods_common` WHERE ( gc_id_2 = '5489' ) AND ( areaid_1 = '6' ) AND ( contract_2 = '1' ) LIMIT 1  
[2020-07-18 22:06:17] /shop/index.php?controller=cate&action=index&cate_id=5489&ci=2&area_id=7 ( act=cate&action=index ) 
ERR: Db Error: Unknown column 'contract_2' in 'where clause'
SELECT COUNT(*) AS nc_count FROM `goods_common` WHERE ( gc_id_2 = '5489' ) AND ( areaid_1 = '7' ) AND ( contract_2 = '1' ) LIMIT 1  
[2020-07-18 22:11:33] /shop/index.php?controller=cate&action=index&cate_id=5489&ci=2&area_id=8 ( act=cate&action=index ) 
ERR: Db Error: Unknown column 'contract_2' in 'where clause'
SELECT COUNT(*) AS nc_count FROM `goods_common` WHERE ( gc_id_2 = '5489' ) AND ( areaid_1 = '8' ) AND ( contract_2 = '1' ) LIMIT 1  
[2020-07-18 22:13:32] /shop/index.php?action=index&area_id=11&cate_id=308&ci=3_4&controller=cate&gift=&key=&order= ( act=cate&action=index ) 
ERR: Db Error: Unknown column 'contract_3' in 'where clause'
SELECT COUNT(*) AS nc_count FROM `goods_common` WHERE ( areaid_1 = '11' ) AND ( contract_3 = '1' ) AND ( contract_4 = '1' ) LIMIT 1  
[2020-07-18 22:16:47] /shop/index.php?controller=cate&action=index&cate_id=5489&ci=2&area_id=9 ( act=cate&action=index ) 
ERR: Db Error: Unknown column 'contract_2' in 'where clause'
SELECT COUNT(*) AS nc_count FROM `goods_common` WHERE ( gc_id_2 = '5489' ) AND ( areaid_1 = '9' ) AND ( contract_2 = '1' ) LIMIT 1  
[2020-07-18 22:28:32] /shop/index.php?action=index&area_id=17&cate_id=256&ci=3_4&controller=cate&key=2&order=2&type= ( act=cate&action=index ) 
ERR: Db Error: Unknown column 'contract_3' in 'where clause'
SELECT COUNT(*) AS nc_count FROM `goods_common` WHERE ( areaid_1 = '17' ) AND ( contract_3 = '1' ) AND ( contract_4 = '1' ) LIMIT 1  
[2020-07-18 22:44:34] /shop/index.php?action=index&area_id=10&cate_id=308&ci=1_4&controller=cate&key=3&new=1&order=2 ( act=cate&action=index ) 
ERR: Db Error: Unknown column 'contract_1' in 'where clause'
SELECT COUNT(*) AS nc_count FROM `goods_common` WHERE ( areaid_1 = '10' ) AND ( is_new_arrival = '1' ) AND ( contract_1 = '1' ) AND ( contract_4 = '1' ) LIMIT 1  
[2020-07-18 23:01:14] /shop/index.php?action=index&area_id=8&cate_id=256&ci=2_3&controller=cate&key=1&order=2&type=1 ( act=cate&action=index ) 
ERR: Db Error: Unknown column 'contract_2' in 'where clause'
SELECT COUNT(*) AS nc_count FROM `goods_common` WHERE ( areaid_1 = '8' ) AND ( is_own_shop = '1' ) AND ( contract_2 = '1' ) AND ( contract_3 = '1' ) LIMIT 1  
[2020-07-18 23:27:32] /shop/index.php?action=index&area_id=34&cate_id=308&ci=2_1&controller=cate&key=2&order=2&type= ( act=cate&action=index ) 
ERR: Db Error: Unknown column 'contract_2' in 'where clause'
SELECT COUNT(*) AS nc_count FROM `goods_common` WHERE ( areaid_1 = '34' ) AND ( contract_2 = '1' ) AND ( contract_1 = '1' ) LIMIT 1  
