[2020-07-27 01:00:18] /shop/index.php?action=index&area_id=1&cate_id=308&ci=2_4&controller=cate&key=&order=&type=1 ( act=cate&action=index ) 
ERR: Db Error: Unknown column 'contract_2' in 'where clause'
SELECT COUNT(*) AS nc_count FROM `goods_common` WHERE ( areaid_1 = '1' ) AND ( is_own_shop = '1' ) AND ( contract_2 = '1' ) AND ( contract_4 = '1' ) LIMIT 1  
[2020-07-27 01:17:48] /shop/index.php?action=index&area_id=24&cate_id=5490&ci=4_3&controller=cate ( act=cate&action=index ) 
ERR: Db Error: Unknown column 'contract_4' in 'where clause'
SELECT COUNT(*) AS nc_count FROM `goods_common` WHERE ( gc_id_2 = '5490' ) AND ( areaid_1 = '24' ) AND ( contract_4 = '1' ) AND ( contract_3 = '1' ) LIMIT 1  
[2020-07-27 01:29:19] /shop/index.php?action=index&area_id=2&cate_id=256&ci=3_2_1&controller=cate&key=3&order=2&yx=1 ( act=cate&action=index ) 
ERR: Db Error: Unknown column 'contract_3' in 'where clause'
SELECT COUNT(*) AS nc_count FROM `goods_common` WHERE ( areaid_1 = '2' ) AND ( is_select = '1' ) AND ( contract_3 = '1' ) AND ( contract_2 = '1' ) AND ( contract_1 = '1' ) LIMIT 1  
[2020-07-27 01:34:18] /shop/index.php?action=index&area_id=20&cate_id=256&ci=3&controller=cate&gift=1&key=&order= ( act=cate&action=index ) 
ERR: Db Error: Unknown column 'contract_3' in 'where clause'
SELECT COUNT(*) AS nc_count FROM `goods_common` WHERE ( areaid_1 = '20' ) AND ( contract_3 = '1' ) LIMIT 1  
[2020-07-27 01:37:48] /shop/index.php?action=index&area_id=24&cate_id=5561&ci=4&controller=cate ( act=cate&action=index ) 
ERR: Db Error: Unknown column 'contract_4' in 'where clause'
SELECT COUNT(*) AS nc_count FROM `goods_common` WHERE ( gc_id_2 = '5561' ) AND ( areaid_1 = '24' ) AND ( contract_4 = '1' ) LIMIT 1  
[2020-07-27 01:58:48] /shop/index.php?action=index&area_id=15&cate_id=256&ci=3_1&controller=cate&key=1&order=2 ( act=cate&action=index ) 
ERR: Db Error: Unknown column 'contract_3' in 'where clause'
SELECT COUNT(*) AS nc_count FROM `goods_common` WHERE ( areaid_1 = '15' ) AND ( contract_3 = '1' ) AND ( contract_1 = '1' ) LIMIT 1  
[2020-07-27 02:24:49] /shop/index.php?action=index&area_id=25&cate_id=256&ci=1_2&controller=cate&key=1&new=1&order=2 ( act=cate&action=index ) 
ERR: Db Error: Unknown column 'contract_1' in 'where clause'
SELECT COUNT(*) AS nc_count FROM `goods_common` WHERE ( areaid_1 = '25' ) AND ( is_new_arrival = '1' ) AND ( contract_1 = '1' ) AND ( contract_2 = '1' ) LIMIT 1  
[2020-07-27 02:52:50] /shop/index.php?action=index&area_id=30&cate_id=308&ci=3_1&controller=cate&key=1&new=1&order=2 ( act=cate&action=index ) 
ERR: Db Error: Unknown column 'contract_3' in 'where clause'
SELECT COUNT(*) AS nc_count FROM `goods_common` WHERE ( areaid_1 = '30' ) AND ( is_new_arrival = '1' ) AND ( contract_3 = '1' ) AND ( contract_1 = '1' ) LIMIT 1  
[2020-07-27 03:23:21] /shop/index.php?action=index&area_id=11&cate_id=308&ci=1_4&controller=cate&key=&new=1&order= ( act=cate&action=index ) 
ERR: Db Error: Unknown column 'contract_1' in 'where clause'
SELECT COUNT(*) AS nc_count FROM `goods_common` WHERE ( areaid_1 = '11' ) AND ( is_new_arrival = '1' ) AND ( contract_1 = '1' ) AND ( contract_4 = '1' ) LIMIT 1  
[2020-07-27 03:35:33] /shop/index.php?controller=cate&action=index&cate_id=2160&ci=3&type=1&key=3&order=1&gift=&yx=1 ( act=cate&action=index ) 
ERR: Db Error: Unknown column 'contract_3' in 'where clause'
SELECT COUNT(*) AS nc_count FROM `goods_common` WHERE ( gc_id_2 = '2160' ) AND ( is_own_shop = '1' ) AND ( is_select = '1' ) AND ( contract_3 = '1' ) LIMIT 1  
[2020-07-27 03:49:21] /shop/index.php?action=index&area_id=17&cate_id=256&ci=1_3_2_4&controller=cate&key=3&order=2 ( act=cate&action=index ) 
ERR: Db Error: Unknown column 'contract_1' in 'where clause'
SELECT COUNT(*) AS nc_count FROM `goods_common` WHERE ( areaid_1 = '17' ) AND ( contract_1 = '1' ) AND ( contract_3 = '1' ) AND ( contract_2 = '1' ) AND ( contract_4 = '1' ) LIMIT 1  
[2020-07-27 04:17:51] /shop/index.php?action=index&area_id=26&cate_id=256&ci=1_2_3&controller=cate&key=2&order=2 ( act=cate&action=index ) 
ERR: Db Error: Unknown column 'contract_1' in 'where clause'
SELECT COUNT(*) AS nc_count FROM `goods_common` WHERE ( areaid_1 = '26' ) AND ( contract_1 = '1' ) AND ( contract_2 = '1' ) AND ( contract_3 = '1' ) LIMIT 1  
[2020-07-27 04:41:49] /shop/index.php?controller=cate&action=index&cate_id=4483&key=1&order=2&gift=1&ci=2_1_3&area_id=23&new=&yx=1&type=1 ( act=cate&action=index ) 
ERR: Db Error: Unknown column 'contract_2' in 'where clause'
SELECT COUNT(*) AS nc_count FROM `goods_common` WHERE ( areaid_1 = '23' ) AND ( is_own_shop = '1' ) AND ( is_select = '1' ) AND ( contract_2 = '1' ) AND ( contract_1 = '1' ) AND ( contract_3 = '1' ) LIMIT 1  
[2020-07-27 04:41:52] /shop/index.php?action=index&area_id=23&cate_id=256&ci=2_4&controller=cate&key=1&order=2&type=1 ( act=cate&action=index ) 
ERR: Db Error: Unknown column 'contract_2' in 'where clause'
SELECT COUNT(*) AS nc_count FROM `goods_common` WHERE ( areaid_1 = '23' ) AND ( is_own_shop = '1' ) AND ( contract_2 = '1' ) AND ( contract_4 = '1' ) LIMIT 1  
[2020-07-27 05:11:52] /shop/index.php?action=index&area_id=14&cate_id=308&ci=1_3&controller=cate&key=2&new=1&order=2 ( act=cate&action=index ) 
ERR: Db Error: Unknown column 'contract_1' in 'where clause'
SELECT COUNT(*) AS nc_count FROM `goods_common` WHERE ( areaid_1 = '14' ) AND ( is_new_arrival = '1' ) AND ( contract_1 = '1' ) AND ( contract_3 = '1' ) LIMIT 1  
[2020-07-27 05:41:51] /shop/index.php?action=index&area_id=1&cate_id=256&ci=2_1&controller=cate&key=3&new=1&order=2 ( act=cate&action=index ) 
ERR: Db Error: Unknown column 'contract_2' in 'where clause'
SELECT COUNT(*) AS nc_count FROM `goods_common` WHERE ( areaid_1 = '1' ) AND ( is_new_arrival = '1' ) AND ( contract_2 = '1' ) AND ( contract_1 = '1' ) LIMIT 1  
[2020-07-27 06:12:22] /shop/index.php?action=index&area_id=30&cate_id=256&ci=3_4&controller=cate&key=&new=1&order=&type=1 ( act=cate&action=index ) 
ERR: Db Error: Unknown column 'contract_3' in 'where clause'
SELECT COUNT(*) AS nc_count FROM `goods_common` WHERE ( areaid_1 = '30' ) AND ( is_own_shop = '1' ) AND ( is_new_arrival = '1' ) AND ( contract_3 = '1' ) AND ( contract_4 = '1' ) LIMIT 1  
[2020-07-27 06:36:22] /shop/index.php?action=index&area_id=7&cate_id=256&ci=4_1&controller=cate&key=2&order=2&type=1 ( act=cate&action=index ) 
ERR: Db Error: Unknown column 'contract_4' in 'where clause'
SELECT COUNT(*) AS nc_count FROM `goods_common` WHERE ( areaid_1 = '7' ) AND ( is_own_shop = '1' ) AND ( contract_4 = '1' ) AND ( contract_1 = '1' ) LIMIT 1  
[2020-07-27 06:54:21] /shop/index.php?controller=cate&action=index&cate_id=3968&key=2&order=2&area_id=4&new=1&ci=3&type=1&gift=1&yx=1 ( act=cate&action=index ) 
ERR: Db Error: Unknown column 'contract_3' in 'where clause'
SELECT COUNT(*) AS nc_count FROM `goods_common` WHERE ( areaid_1 = '4' ) AND ( is_own_shop = '1' ) AND ( is_new_arrival = '1' ) AND ( is_select = '1' ) AND ( contract_3 = '1' ) LIMIT 1  
[2020-07-27 07:05:53] /shop/index.php?action=index&area_id=16&cate_id=256&ci=2&controller=cate&gift=1&key=&order= ( act=cate&action=index ) 
ERR: Db Error: Unknown column 'contract_2' in 'where clause'
SELECT COUNT(*) AS nc_count FROM `goods_common` WHERE ( areaid_1 = '16' ) AND ( contract_2 = '1' ) LIMIT 1  
[2020-07-27 07:32:42] /shop/index.php?action=index&area_id=27&cate_id=256&ci=1&controller=cate&gift=&key=3&order=2 ( act=cate&action=index ) 
ERR: Db Error: Unknown column 'contract_1' in 'where clause'
SELECT COUNT(*) AS nc_count FROM `goods_common` WHERE ( areaid_1 = '27' ) AND ( contract_1 = '1' ) LIMIT 1  
[2020-07-27 08:00:14] /shop/index.php?action=index&area_id=18&cate_id=256&ci=3_1_4&controller=cate&key=1&order=2 ( act=cate&action=index ) 
ERR: Db Error: Unknown column 'contract_3' in 'where clause'
SELECT COUNT(*) AS nc_count FROM `goods_common` WHERE ( areaid_1 = '18' ) AND ( contract_3 = '1' ) AND ( contract_1 = '1' ) AND ( contract_4 = '1' ) LIMIT 1  
[2020-07-27 08:36:44] /shop/index.php?action=index&area_id=26&cate_id=308&ci=2_4&controller=cate&key=3&new=1&order=2 ( act=cate&action=index ) 
ERR: Db Error: Unknown column 'contract_2' in 'where clause'
SELECT COUNT(*) AS nc_count FROM `goods_common` WHERE ( areaid_1 = '26' ) AND ( is_new_arrival = '1' ) AND ( contract_2 = '1' ) AND ( contract_4 = '1' ) LIMIT 1  
[2020-07-27 08:56:17] /shop/index.php?action=index&area_id=32&cate_id=256&ci=2_4_3&controller=cate&key=3&order=2 ( act=cate&action=index ) 
ERR: Db Error: Unknown column 'contract_2' in 'where clause'
SELECT COUNT(*) AS nc_count FROM `goods_common` WHERE ( areaid_1 = '32' ) AND ( contract_2 = '1' ) AND ( contract_4 = '1' ) AND ( contract_3 = '1' ) LIMIT 1  
[2020-07-27 09:06:13] /shop/index.php?action=index&area_id=34&cate_id=5529&ci=2&controller=cate ( act=cate&action=index ) 
ERR: Db Error: Unknown column 'contract_2' in 'where clause'
SELECT COUNT(*) AS nc_count FROM `goods_common` WHERE ( gc_id_2 = '5529' ) AND ( areaid_1 = '34' ) AND ( contract_2 = '1' ) LIMIT 1  
[2020-07-27 09:06:21] /shop/index.php?action=index&area_id=9&cate_id=256&ci=2_3&controller=cate&key=3&new=1&order=2 ( act=cate&action=index ) 
ERR: Db Error: Unknown column 'contract_2' in 'where clause'
SELECT COUNT(*) AS nc_count FROM `goods_common` WHERE ( areaid_1 = '9' ) AND ( is_new_arrival = '1' ) AND ( contract_2 = '1' ) AND ( contract_3 = '1' ) LIMIT 1  
[2020-07-27 09:06:29] /shop/index.php?action=index&area_id=17&cate_id=5482&ci=4_3&controller=cate ( act=cate&action=index ) 
ERR: Db Error: Unknown column 'contract_4' in 'where clause'
SELECT COUNT(*) AS nc_count FROM `goods_common` WHERE ( gc_id_2 = '5482' ) AND ( areaid_1 = '17' ) AND ( contract_4 = '1' ) AND ( contract_3 = '1' ) LIMIT 1  
[2020-07-27 09:27:53] /shop/index.php?action=index&area_id=26&cate_id=256&ci=3_1_4&controller=cate&key=2&order=2 ( act=cate&action=index ) 
ERR: Db Error: Unknown column 'contract_3' in 'where clause'
SELECT COUNT(*) AS nc_count FROM `goods_common` WHERE ( areaid_1 = '26' ) AND ( contract_3 = '1' ) AND ( contract_1 = '1' ) AND ( contract_4 = '1' ) LIMIT 1  
[2020-07-27 09:52:13] /shop/index.php?action=index&area_id=16&cate_id=308&ci=1&controller=cate&key=2&new=1&order=2 ( act=cate&action=index ) 
ERR: Db Error: Unknown column 'contract_1' in 'where clause'
SELECT COUNT(*) AS nc_count FROM `goods_common` WHERE ( areaid_1 = '16' ) AND ( is_new_arrival = '1' ) AND ( contract_1 = '1' ) LIMIT 1  
[2020-07-27 10:17:17] /shop/index.php?controller=cate&action=index&cate_id=5484&area_id=32&ci=2 ( act=cate&action=index ) 
ERR: Db Error: Unknown column 'contract_2' in 'where clause'
SELECT COUNT(*) AS nc_count FROM `goods_common` WHERE ( gc_id_2 = '5484' ) AND ( areaid_1 = '32' ) AND ( contract_2 = '1' ) LIMIT 1  
[2020-07-27 10:18:15] /shop/index.php?controller=cate&action=index&cate_id=5499&area_id=&ci=2 ( act=cate&action=index ) 
ERR: Db Error: Unknown column 'contract_2' in 'where clause'
SELECT COUNT(*) AS nc_count FROM `goods_common` WHERE ( gc_id_3 = '5499' ) AND ( contract_2 = '1' ) LIMIT 1  
[2020-07-27 10:20:13] /shop/index.php?controller=cate&action=index&cate_id=5499&area_id=10&ci=2 ( act=cate&action=index ) 
ERR: Db Error: Unknown column 'contract_2' in 'where clause'
SELECT COUNT(*) AS nc_count FROM `goods_common` WHERE ( gc_id_3 = '5499' ) AND ( areaid_1 = '10' ) AND ( contract_2 = '1' ) LIMIT 1  
[2020-07-27 10:22:04] /shop/index.php?action=index&area_id=15&cate_id=308&ci=4_1_2&controller=cate&key=2&order=2 ( act=cate&action=index ) 
ERR: Db Error: Unknown column 'contract_4' in 'where clause'
SELECT COUNT(*) AS nc_count FROM `goods_common` WHERE ( areaid_1 = '15' ) AND ( contract_4 = '1' ) AND ( contract_1 = '1' ) AND ( contract_2 = '1' ) LIMIT 1  
[2020-07-27 10:24:14] /shop/index.php?controller=cate&action=index&cate_id=5499&area_id=13&ci=2 ( act=cate&action=index ) 
ERR: Db Error: Unknown column 'contract_2' in 'where clause'
SELECT COUNT(*) AS nc_count FROM `goods_common` WHERE ( gc_id_3 = '5499' ) AND ( areaid_1 = '13' ) AND ( contract_2 = '1' ) LIMIT 1  
[2020-07-27 10:26:09] /shop/index.php?controller=cate&action=index&cate_id=5484&area_id=&ci=2 ( act=cate&action=index ) 
ERR: Db Error: Unknown column 'contract_2' in 'where clause'
SELECT COUNT(*) AS nc_count FROM `goods_common` WHERE ( gc_id_2 = '5484' ) AND ( contract_2 = '1' ) LIMIT 1  
[2020-07-27 10:27:08] /shop/index.php?controller=cate&action=index&cate_id=5499&area_id=14&ci=2 ( act=cate&action=index ) 
ERR: Db Error: Unknown column 'contract_2' in 'where clause'
SELECT COUNT(*) AS nc_count FROM `goods_common` WHERE ( gc_id_3 = '5499' ) AND ( areaid_1 = '14' ) AND ( contract_2 = '1' ) LIMIT 1  
[2020-07-27 10:28:04] /shop/index.php?controller=cate&action=index&cate_id=5484&area_id=1&ci=2 ( act=cate&action=index ) 
ERR: Db Error: Unknown column 'contract_2' in 'where clause'
SELECT COUNT(*) AS nc_count FROM `goods_common` WHERE ( gc_id_2 = '5484' ) AND ( areaid_1 = '1' ) AND ( contract_2 = '1' ) LIMIT 1  
[2020-07-27 10:29:04] /shop/index.php?controller=cate&action=index&cate_id=5499&area_id=16&ci=2 ( act=cate&action=index ) 
ERR: Db Error: Unknown column 'contract_2' in 'where clause'
SELECT COUNT(*) AS nc_count FROM `goods_common` WHERE ( gc_id_3 = '5499' ) AND ( areaid_1 = '16' ) AND ( contract_2 = '1' ) LIMIT 1  
[2020-07-27 10:30:58] /shop/index.php?controller=cate&action=index&cate_id=5499&area_id=18&ci=2 ( act=cate&action=index ) 
ERR: Db Error: Unknown column 'contract_2' in 'where clause'
SELECT COUNT(*) AS nc_count FROM `goods_common` WHERE ( gc_id_3 = '5499' ) AND ( areaid_1 = '18' ) AND ( contract_2 = '1' ) LIMIT 1  
[2020-07-27 10:31:56] /shop/index.php?controller=cate&action=index&cate_id=5484&area_id=11&ci=2 ( act=cate&action=index ) 
ERR: Db Error: Unknown column 'contract_2' in 'where clause'
SELECT COUNT(*) AS nc_count FROM `goods_common` WHERE ( gc_id_2 = '5484' ) AND ( areaid_1 = '11' ) AND ( contract_2 = '1' ) LIMIT 1  
[2020-07-27 10:34:54] /shop/index.php?controller=cate&action=index&cate_id=5484&area_id=13&ci=2 ( act=cate&action=index ) 
ERR: Db Error: Unknown column 'contract_2' in 'where clause'
SELECT COUNT(*) AS nc_count FROM `goods_common` WHERE ( gc_id_2 = '5484' ) AND ( areaid_1 = '13' ) AND ( contract_2 = '1' ) LIMIT 1  
[2020-07-27 10:35:48] /shop/index.php?controller=cate&action=index&cate_id=5499&area_id=19&ci=2 ( act=cate&action=index ) 
ERR: Db Error: Unknown column 'contract_2' in 'where clause'
SELECT COUNT(*) AS nc_count FROM `goods_common` WHERE ( gc_id_3 = '5499' ) AND ( areaid_1 = '19' ) AND ( contract_2 = '1' ) LIMIT 1  
[2020-07-27 10:37:43] /shop/index.php?controller=cate&action=index&cate_id=5484&area_id=17&ci=2 ( act=cate&action=index ) 
ERR: Db Error: Unknown column 'contract_2' in 'where clause'
SELECT COUNT(*) AS nc_count FROM `goods_common` WHERE ( gc_id_2 = '5484' ) AND ( areaid_1 = '17' ) AND ( contract_2 = '1' ) LIMIT 1  
[2020-07-27 10:39:40] /shop/index.php?controller=cate&action=index&cate_id=5484&area_id=18&ci=2 ( act=cate&action=index ) 
ERR: Db Error: Unknown column 'contract_2' in 'where clause'
SELECT COUNT(*) AS nc_count FROM `goods_common` WHERE ( gc_id_2 = '5484' ) AND ( areaid_1 = '18' ) AND ( contract_2 = '1' ) LIMIT 1  
[2020-07-27 10:40:39] /shop/index.php?controller=cate&action=index&cate_id=5484&area_id=2&ci=2 ( act=cate&action=index ) 
ERR: Db Error: Unknown column 'contract_2' in 'where clause'
SELECT COUNT(*) AS nc_count FROM `goods_common` WHERE ( gc_id_2 = '5484' ) AND ( areaid_1 = '2' ) AND ( contract_2 = '1' ) LIMIT 1  
[2020-07-27 10:41:38] /shop/index.php?controller=cate&action=index&cate_id=5484&area_id=20&ci=2 ( act=cate&action=index ) 
ERR: Db Error: Unknown column 'contract_2' in 'where clause'
SELECT COUNT(*) AS nc_count FROM `goods_common` WHERE ( gc_id_2 = '5484' ) AND ( areaid_1 = '20' ) AND ( contract_2 = '1' ) LIMIT 1  
[2020-07-27 10:42:33] /shop/index.php?controller=cate&action=index&cate_id=5484&area_id=21&ci=2 ( act=cate&action=index ) 
ERR: Db Error: Unknown column 'contract_2' in 'where clause'
SELECT COUNT(*) AS nc_count FROM `goods_common` WHERE ( gc_id_2 = '5484' ) AND ( areaid_1 = '21' ) AND ( contract_2 = '1' ) LIMIT 1  
[2020-07-27 10:43:36] /shop/index.php?controller=cate&action=index&cate_id=5484&area_id=22&ci=2 ( act=cate&action=index ) 
ERR: Db Error: Unknown column 'contract_2' in 'where clause'
SELECT COUNT(*) AS nc_count FROM `goods_common` WHERE ( gc_id_2 = '5484' ) AND ( areaid_1 = '22' ) AND ( contract_2 = '1' ) LIMIT 1  
[2020-07-27 10:44:35] /shop/index.php?controller=cate&action=index&cate_id=5484&area_id=24&ci=2 ( act=cate&action=index ) 
ERR: Db Error: Unknown column 'contract_2' in 'where clause'
SELECT COUNT(*) AS nc_count FROM `goods_common` WHERE ( gc_id_2 = '5484' ) AND ( areaid_1 = '24' ) AND ( contract_2 = '1' ) LIMIT 1  
[2020-07-27 10:45:34] /shop/index.php?controller=cate&action=index&cate_id=5484&area_id=27&ci=2 ( act=cate&action=index ) 
ERR: Db Error: Unknown column 'contract_2' in 'where clause'
SELECT COUNT(*) AS nc_count FROM `goods_common` WHERE ( gc_id_2 = '5484' ) AND ( areaid_1 = '27' ) AND ( contract_2 = '1' ) LIMIT 1  
[2020-07-27 10:46:32] /shop/index.php?controller=cate&action=index&cate_id=5484&area_id=28&ci=2 ( act=cate&action=index ) 
ERR: Db Error: Unknown column 'contract_2' in 'where clause'
SELECT COUNT(*) AS nc_count FROM `goods_common` WHERE ( gc_id_2 = '5484' ) AND ( areaid_1 = '28' ) AND ( contract_2 = '1' ) LIMIT 1  
[2020-07-27 10:47:34] /shop/index.php?controller=cate&action=index&cate_id=5484&area_id=29&ci=2 ( act=cate&action=index ) 
ERR: Db Error: Unknown column 'contract_2' in 'where clause'
SELECT COUNT(*) AS nc_count FROM `goods_common` WHERE ( gc_id_2 = '5484' ) AND ( areaid_1 = '29' ) AND ( contract_2 = '1' ) LIMIT 1  
[2020-07-27 10:48:34] /shop/index.php?controller=cate&action=index&cate_id=5484&area_id=31&ci=2 ( act=cate&action=index ) 
ERR: Db Error: Unknown column 'contract_2' in 'where clause'
SELECT COUNT(*) AS nc_count FROM `goods_common` WHERE ( gc_id_2 = '5484' ) AND ( areaid_1 = '31' ) AND ( contract_2 = '1' ) LIMIT 1  
[2020-07-27 10:50:35] /shop/index.php?controller=cate&action=index&cate_id=5484&area_id=33&ci=2 ( act=cate&action=index ) 
ERR: Db Error: Unknown column 'contract_2' in 'where clause'
SELECT COUNT(*) AS nc_count FROM `goods_common` WHERE ( gc_id_2 = '5484' ) AND ( areaid_1 = '33' ) AND ( contract_2 = '1' ) LIMIT 1  
[2020-07-27 10:51:39] /shop/index.php?controller=cate&action=index&cate_id=5484&area_id=34&ci=2 ( act=cate&action=index ) 
ERR: Db Error: Unknown column 'contract_2' in 'where clause'
SELECT COUNT(*) AS nc_count FROM `goods_common` WHERE ( gc_id_2 = '5484' ) AND ( areaid_1 = '34' ) AND ( contract_2 = '1' ) LIMIT 1  
[2020-07-27 10:51:46] /shop/index.php?action=index&area_id=34&cate_id=256&ci=4_2&controller=cate&key=2&new=1&order=2 ( act=cate&action=index ) 
ERR: Db Error: Unknown column 'contract_4' in 'where clause'
SELECT COUNT(*) AS nc_count FROM `goods_common` WHERE ( areaid_1 = '34' ) AND ( is_new_arrival = '1' ) AND ( contract_4 = '1' ) AND ( contract_2 = '1' ) LIMIT 1  
[2020-07-27 10:53:34] /shop/index.php?controller=cate&action=index&cate_id=5484&area_id=4&ci=2 ( act=cate&action=index ) 
ERR: Db Error: Unknown column 'contract_2' in 'where clause'
SELECT COUNT(*) AS nc_count FROM `goods_common` WHERE ( gc_id_2 = '5484' ) AND ( areaid_1 = '4' ) AND ( contract_2 = '1' ) LIMIT 1  
[2020-07-27 10:54:36] /shop/index.php?controller=cate&action=index&cate_id=5484&area_id=5&ci=2 ( act=cate&action=index ) 
ERR: Db Error: Unknown column 'contract_2' in 'where clause'
SELECT COUNT(*) AS nc_count FROM `goods_common` WHERE ( gc_id_2 = '5484' ) AND ( areaid_1 = '5' ) AND ( contract_2 = '1' ) LIMIT 1  
[2020-07-27 10:56:33] /shop/index.php?controller=cate&action=index&cate_id=5484&area_id=7&ci=2 ( act=cate&action=index ) 
ERR: Db Error: Unknown column 'contract_2' in 'where clause'
SELECT COUNT(*) AS nc_count FROM `goods_common` WHERE ( gc_id_2 = '5484' ) AND ( areaid_1 = '7' ) AND ( contract_2 = '1' ) LIMIT 1  
[2020-07-27 10:57:33] /shop/index.php?controller=cate&action=index&cate_id=5484&area_id=9&ci=2 ( act=cate&action=index ) 
ERR: Db Error: Unknown column 'contract_2' in 'where clause'
SELECT COUNT(*) AS nc_count FROM `goods_common` WHERE ( gc_id_2 = '5484' ) AND ( areaid_1 = '9' ) AND ( contract_2 = '1' ) LIMIT 1  
[2020-07-27 11:20:54] /shop/index.php?action=index&area_id=14&cate_id=256&ci=2_3&controller=cate&key=1&order=2&yx=1 ( act=cate&action=index ) 
ERR: Db Error: Unknown column 'contract_2' in 'where clause'
SELECT COUNT(*) AS nc_count FROM `goods_common` WHERE ( areaid_1 = '14' ) AND ( is_select = '1' ) AND ( contract_2 = '1' ) AND ( contract_3 = '1' ) LIMIT 1  
[2020-07-27 11:47:45] /shop/index.php?action=index&area_id=12&cate_id=256&ci=2_4&controller=cate&key=3&new=1&order=2 ( act=cate&action=index ) 
ERR: Db Error: Unknown column 'contract_2' in 'where clause'
SELECT COUNT(*) AS nc_count FROM `goods_common` WHERE ( areaid_1 = '12' ) AND ( is_new_arrival = '1' ) AND ( contract_2 = '1' ) AND ( contract_4 = '1' ) LIMIT 1  
[2020-07-27 12:16:15] /shop/index.php?action=index&area_id=24&cate_id=308&ci=3&controller=cate&gift=&key=3&order=2 ( act=cate&action=index ) 
ERR: Db Error: Unknown column 'contract_3' in 'where clause'
SELECT COUNT(*) AS nc_count FROM `goods_common` WHERE ( areaid_1 = '24' ) AND ( contract_3 = '1' ) LIMIT 1  
[2020-07-27 12:18:02] /shop/index.php?controller=cate&action=index&cate_id=5484&area_id=35&ci=2 ( act=cate&action=index ) 
ERR: Db Error: Unknown column 'contract_2' in 'where clause'
SELECT COUNT(*) AS nc_count FROM `goods_common` WHERE ( gc_id_2 = '5484' ) AND ( areaid_1 = '35' ) AND ( contract_2 = '1' ) LIMIT 1  
[2020-07-27 12:20:12] /shop/index.php?controller=cate&action=index&cate_id=5484&area_id=12&ci=2 ( act=cate&action=index ) 
ERR: Db Error: Unknown column 'contract_2' in 'where clause'
SELECT COUNT(*) AS nc_count FROM `goods_common` WHERE ( gc_id_2 = '5484' ) AND ( areaid_1 = '12' ) AND ( contract_2 = '1' ) LIMIT 1  
[2020-07-27 12:22:18] /shop/index.php?controller=cate&action=index&cate_id=5484&area_id=14&ci=2 ( act=cate&action=index ) 
ERR: Db Error: Unknown column 'contract_2' in 'where clause'
SELECT COUNT(*) AS nc_count FROM `goods_common` WHERE ( gc_id_2 = '5484' ) AND ( areaid_1 = '14' ) AND ( contract_2 = '1' ) LIMIT 1  
[2020-07-27 12:24:29] /shop/index.php?controller=cate&action=index&cate_id=5484&area_id=15&ci=2 ( act=cate&action=index ) 
ERR: Db Error: Unknown column 'contract_2' in 'where clause'
SELECT COUNT(*) AS nc_count FROM `goods_common` WHERE ( gc_id_2 = '5484' ) AND ( areaid_1 = '15' ) AND ( contract_2 = '1' ) LIMIT 1  
[2020-07-27 12:25:35] /shop/index.php?controller=cate&action=index&cate_id=5484&area_id=16&ci=2 ( act=cate&action=index ) 
ERR: Db Error: Unknown column 'contract_2' in 'where clause'
SELECT COUNT(*) AS nc_count FROM `goods_common` WHERE ( gc_id_2 = '5484' ) AND ( areaid_1 = '16' ) AND ( contract_2 = '1' ) LIMIT 1  
[2020-07-27 12:26:41] /shop/index.php?controller=cate&action=index&cate_id=5484&area_id=19&ci=2 ( act=cate&action=index ) 
ERR: Db Error: Unknown column 'contract_2' in 'where clause'
SELECT COUNT(*) AS nc_count FROM `goods_common` WHERE ( gc_id_2 = '5484' ) AND ( areaid_1 = '19' ) AND ( contract_2 = '1' ) LIMIT 1  
[2020-07-27 12:27:44] /shop/index.php?controller=cate&action=index&cate_id=5484&area_id=23&ci=2 ( act=cate&action=index ) 
ERR: Db Error: Unknown column 'contract_2' in 'where clause'
SELECT COUNT(*) AS nc_count FROM `goods_common` WHERE ( gc_id_2 = '5484' ) AND ( areaid_1 = '23' ) AND ( contract_2 = '1' ) LIMIT 1  
[2020-07-27 12:28:48] /shop/index.php?controller=cate&action=index&cate_id=5484&area_id=26&ci=2 ( act=cate&action=index ) 
ERR: Db Error: Unknown column 'contract_2' in 'where clause'
SELECT COUNT(*) AS nc_count FROM `goods_common` WHERE ( gc_id_2 = '5484' ) AND ( areaid_1 = '26' ) AND ( contract_2 = '1' ) LIMIT 1  
[2020-07-27 12:29:52] /shop/index.php?controller=cate&action=index&cate_id=5484&area_id=3&ci=2 ( act=cate&action=index ) 
ERR: Db Error: Unknown column 'contract_2' in 'where clause'
SELECT COUNT(*) AS nc_count FROM `goods_common` WHERE ( gc_id_2 = '5484' ) AND ( areaid_1 = '3' ) AND ( contract_2 = '1' ) LIMIT 1  
[2020-07-27 12:30:58] /shop/index.php?controller=cate&action=index&cate_id=5484&area_id=30&ci=2 ( act=cate&action=index ) 
ERR: Db Error: Unknown column 'contract_2' in 'where clause'
SELECT COUNT(*) AS nc_count FROM `goods_common` WHERE ( gc_id_2 = '5484' ) AND ( areaid_1 = '30' ) AND ( contract_2 = '1' ) LIMIT 1  
[2020-07-27 12:32:04] /shop/index.php?controller=cate&action=index&cate_id=5484&area_id=8&ci=2 ( act=cate&action=index ) 
ERR: Db Error: Unknown column 'contract_2' in 'where clause'
SELECT COUNT(*) AS nc_count FROM `goods_common` WHERE ( gc_id_2 = '5484' ) AND ( areaid_1 = '8' ) AND ( contract_2 = '1' ) LIMIT 1  
[2020-07-27 13:09:50] /shop/index.php?action=index&area_id=18&cate_id=256&ci=3_4_1&controller=cate&gift=1&key=&order= ( act=cate&action=index ) 
ERR: Db Error: Unknown column 'contract_3' in 'where clause'
SELECT COUNT(*) AS nc_count FROM `goods_common` WHERE ( areaid_1 = '18' ) AND ( contract_3 = '1' ) AND ( contract_4 = '1' ) AND ( contract_1 = '1' ) LIMIT 1  
[2020-07-27 13:43:45] /shop/index.php?action=index&area_id=31&cate_id=256&ci=4_2_1&controller=cate&key=&order=&yx=1 ( act=cate&action=index ) 
ERR: Db Error: Unknown column 'contract_4' in 'where clause'
SELECT COUNT(*) AS nc_count FROM `goods_common` WHERE ( areaid_1 = '31' ) AND ( is_select = '1' ) AND ( contract_4 = '1' ) AND ( contract_2 = '1' ) AND ( contract_1 = '1' ) LIMIT 1  
[2020-07-27 14:33:57] /shop/index.php?action=index&area_id=29&cate_id=256&ci=3_1_2&controller=cate&key=2&order=2 ( act=cate&action=index ) 
ERR: Db Error: Unknown column 'contract_3' in 'where clause'
SELECT COUNT(*) AS nc_count FROM `goods_common` WHERE ( areaid_1 = '29' ) AND ( contract_3 = '1' ) AND ( contract_1 = '1' ) AND ( contract_2 = '1' ) LIMIT 1  
[2020-07-27 15:04:46] /shop/index.php?action=index&area_id=29&cate_id=256&ci=3_4_1&controller=cate&key=3&order=2 ( act=cate&action=index ) 
ERR: Db Error: Unknown column 'contract_3' in 'where clause'
SELECT COUNT(*) AS nc_count FROM `goods_common` WHERE ( areaid_1 = '29' ) AND ( contract_3 = '1' ) AND ( contract_4 = '1' ) AND ( contract_1 = '1' ) LIMIT 1  
[2020-07-27 16:00:49] /shop/index.php?action=index&area_id=14&cate_id=308&ci=2&controller=cate&key=&new=1&order= ( act=cate&action=index ) 
ERR: Db Error: Unknown column 'contract_2' in 'where clause'
SELECT COUNT(*) AS nc_count FROM `goods_common` WHERE ( areaid_1 = '14' ) AND ( is_new_arrival = '1' ) AND ( contract_2 = '1' ) LIMIT 1  
[2020-07-27 16:33:10] /shop/index.php?controller=cate&action=index&cate_id=2160&ci=3&type=1&key=3&order=1&gift=1&yx=1 ( act=cate&action=index ) 
ERR: Db Error: Unknown column 'contract_3' in 'where clause'
SELECT COUNT(*) AS nc_count FROM `goods_common` WHERE ( gc_id_2 = '2160' ) AND ( is_own_shop = '1' ) AND ( is_select = '1' ) AND ( contract_3 = '1' ) LIMIT 1  
[2020-07-27 16:34:17] /shop/index.php?action=index&area_id=23&cate_id=5487&ci=2_1&controller=cate ( act=cate&action=index ) 
ERR: Db Error: Unknown column 'contract_2' in 'where clause'
SELECT COUNT(*) AS nc_count FROM `goods_common` WHERE ( gc_id_2 = '5487' ) AND ( areaid_1 = '23' ) AND ( contract_2 = '1' ) AND ( contract_1 = '1' ) LIMIT 1  
[2020-07-27 16:56:47] /shop/index.php?action=index&area_id=18&cate_id=5519&ci=2_3&controller=cate ( act=cate&action=index ) 
ERR: Db Error: Unknown column 'contract_2' in 'where clause'
SELECT COUNT(*) AS nc_count FROM `goods_common` WHERE ( gc_id_3 = '5519' ) AND ( areaid_1 = '18' ) AND ( contract_2 = '1' ) AND ( contract_3 = '1' ) LIMIT 1  
[2020-07-27 16:56:55] /shop/index.php?action=index&area_id=25&cate_id=256&ci=3_4_1&controller=cate&key=2&order=2 ( act=cate&action=index ) 
ERR: Db Error: Unknown column 'contract_3' in 'where clause'
SELECT COUNT(*) AS nc_count FROM `goods_common` WHERE ( areaid_1 = '25' ) AND ( contract_3 = '1' ) AND ( contract_4 = '1' ) AND ( contract_1 = '1' ) LIMIT 1  
[2020-07-27 17:27:47] /shop/index.php?action=index&area_id=34&cate_id=256&ci=3_2&controller=cate&key=&order=&yx=1 ( act=cate&action=index ) 
ERR: Db Error: Unknown column 'contract_3' in 'where clause'
SELECT COUNT(*) AS nc_count FROM `goods_common` WHERE ( areaid_1 = '34' ) AND ( is_select = '1' ) AND ( contract_3 = '1' ) AND ( contract_2 = '1' ) LIMIT 1  
[2020-07-27 17:54:18] /shop/index.php?action=index&area_id=23&cate_id=308&ci=2_1&controller=cate&key=&order=&yx=1 ( act=cate&action=index ) 
ERR: Db Error: Unknown column 'contract_2' in 'where clause'
SELECT COUNT(*) AS nc_count FROM `goods_common` WHERE ( areaid_1 = '23' ) AND ( is_select = '1' ) AND ( contract_2 = '1' ) AND ( contract_1 = '1' ) LIMIT 1  
[2020-07-27 18:21:35] /shop/index.php?controller=cate&action=index&cate_id=3968&key=2&order=1&area_id=4&new=1&ci=3&type=1&gift=1&yx=1 ( act=cate&action=index ) 
ERR: Db Error: Unknown column 'contract_3' in 'where clause'
SELECT COUNT(*) AS nc_count FROM `goods_common` WHERE ( areaid_1 = '4' ) AND ( is_own_shop = '1' ) AND ( is_new_arrival = '1' ) AND ( is_select = '1' ) AND ( contract_3 = '1' ) LIMIT 1  
[2020-07-27 18:22:18] /shop/index.php?action=index&area_id=25&cate_id=256&ci=2&controller=cate&key=3&order=2&type= ( act=cate&action=index ) 
ERR: Db Error: Unknown column 'contract_2' in 'where clause'
SELECT COUNT(*) AS nc_count FROM `goods_common` WHERE ( areaid_1 = '25' ) AND ( contract_2 = '1' ) LIMIT 1  
[2020-07-27 18:46:28] /shop/index.php?action=index&area_id=32&cate_id=256&ci=3_4&controller=cate&key=1&new=1&order=2 ( act=cate&action=index ) 
ERR: Db Error: Unknown column 'contract_3' in 'where clause'
SELECT COUNT(*) AS nc_count FROM `goods_common` WHERE ( areaid_1 = '32' ) AND ( is_new_arrival = '1' ) AND ( contract_3 = '1' ) AND ( contract_4 = '1' ) LIMIT 1  
[2020-07-27 18:56:47] /member/index.php?controller=help&action=show_list&ac_id=92 ( act=help&action=show_list ) 
ERR: Db Error: Unknown column 'Array' in 'where clause'
SELECT * FROM `newhelp` as `newhelp`  WHERE  newhelp.ac_id in(Array) order by article_sort asc,article_id desc
[2020-07-27 19:05:42] /shop/index.php?action=index&area_id=29&cate_id=5526&ci=3_4&controller=cate ( act=cate&action=index ) 
ERR: Db Error: Unknown column 'contract_3' in 'where clause'
SELECT COUNT(*) AS nc_count FROM `goods_common` WHERE ( gc_id_2 = '5526' ) AND ( areaid_1 = '29' ) AND ( contract_3 = '1' ) AND ( contract_4 = '1' ) LIMIT 1  
[2020-07-27 19:20:19] /shop/index.php?action=index&area_id=28&cate_id=308&ci=4_3&controller=cate&key=1&order=2&type= ( act=cate&action=index ) 
ERR: Db Error: Unknown column 'contract_4' in 'where clause'
SELECT COUNT(*) AS nc_count FROM `goods_common` WHERE ( areaid_1 = '28' ) AND ( contract_4 = '1' ) AND ( contract_3 = '1' ) LIMIT 1  
[2020-07-27 19:34:47] /shop/index.php?controller=cate&action=index&cate_id=2170&ci=3 ( act=cate&action=index ) 
ERR: Db Error: Unknown column 'contract_3' in 'where clause'
SELECT COUNT(*) AS nc_count FROM `goods_common` WHERE ( gc_id_3 = '2170' ) AND ( contract_3 = '1' ) LIMIT 1  
[2020-07-27 19:49:18] /shop/index.php?action=index&area_id=35&cate_id=308&ci=1_4&controller=cate&key=&order=&type=1 ( act=cate&action=index ) 
ERR: Db Error: Unknown column 'contract_1' in 'where clause'
SELECT COUNT(*) AS nc_count FROM `goods_common` WHERE ( areaid_1 = '35' ) AND ( is_own_shop = '1' ) AND ( contract_1 = '1' ) AND ( contract_4 = '1' ) LIMIT 1  
[2020-07-27 20:17:19] /shop/index.php?action=index&area_id=31&cate_id=256&ci=3_4&controller=cate&gift=1&key=&order= ( act=cate&action=index ) 
ERR: Db Error: Unknown column 'contract_3' in 'where clause'
SELECT COUNT(*) AS nc_count FROM `goods_common` WHERE ( areaid_1 = '31' ) AND ( contract_3 = '1' ) AND ( contract_4 = '1' ) LIMIT 1  
[2020-07-27 20:40:49] /shop/index.php?action=index&area_id=11&cate_id=256&ci=3_4_2&controller=cate&key=1&order=2 ( act=cate&action=index ) 
ERR: Db Error: Unknown column 'contract_3' in 'where clause'
SELECT COUNT(*) AS nc_count FROM `goods_common` WHERE ( areaid_1 = '11' ) AND ( contract_3 = '1' ) AND ( contract_4 = '1' ) AND ( contract_2 = '1' ) LIMIT 1  
[2020-07-27 21:09:21] /shop/index.php?action=index&area_id=12&cate_id=308&ci=4_1_3&controller=cate&key=2&order=2 ( act=cate&action=index ) 
ERR: Db Error: Unknown column 'contract_4' in 'where clause'
SELECT COUNT(*) AS nc_count FROM `goods_common` WHERE ( areaid_1 = '12' ) AND ( contract_4 = '1' ) AND ( contract_1 = '1' ) AND ( contract_3 = '1' ) LIMIT 1  
[2020-07-27 21:16:00] /shop/index.php?controller=cate&action=index&cate_id=4483&key=3&order=2&gift=1&ci=2_1_3&area_id=23&new=&yx=1&type=1 ( act=cate&action=index ) 
ERR: Db Error: Unknown column 'contract_2' in 'where clause'
SELECT COUNT(*) AS nc_count FROM `goods_common` WHERE ( areaid_1 = '23' ) AND ( is_own_shop = '1' ) AND ( is_select = '1' ) AND ( contract_2 = '1' ) AND ( contract_1 = '1' ) AND ( contract_3 = '1' ) LIMIT 1  
[2020-07-27 21:27:32] /shop/index.php?controller=cate&action=index&cate_id=5484&area_id=25&ci=2 ( act=cate&action=index ) 
ERR: Db Error: Unknown column 'contract_2' in 'where clause'
SELECT COUNT(*) AS nc_count FROM `goods_common` WHERE ( gc_id_2 = '5484' ) AND ( areaid_1 = '25' ) AND ( contract_2 = '1' ) LIMIT 1  
[2020-07-27 21:28:31] /shop/index.php?controller=cate&action=index&cate_id=5484&area_id=6&ci=2 ( act=cate&action=index ) 
ERR: Db Error: Unknown column 'contract_2' in 'where clause'
SELECT COUNT(*) AS nc_count FROM `goods_common` WHERE ( gc_id_2 = '5484' ) AND ( areaid_1 = '6' ) AND ( contract_2 = '1' ) LIMIT 1  
[2020-07-27 21:33:36] /shop/index.php?controller=cate&action=index&cate_id=5499&area_id=1&ci=2 ( act=cate&action=index ) 
ERR: Db Error: Unknown column 'contract_2' in 'where clause'
SELECT COUNT(*) AS nc_count FROM `goods_common` WHERE ( gc_id_3 = '5499' ) AND ( areaid_1 = '1' ) AND ( contract_2 = '1' ) LIMIT 1  
[2020-07-27 21:35:32] /shop/index.php?controller=cate&action=index&cate_id=5499&area_id=11&ci=2 ( act=cate&action=index ) 
ERR: Db Error: Unknown column 'contract_2' in 'where clause'
SELECT COUNT(*) AS nc_count FROM `goods_common` WHERE ( gc_id_3 = '5499' ) AND ( areaid_1 = '11' ) AND ( contract_2 = '1' ) LIMIT 1  
[2020-07-27 21:39:30] /shop/index.php?controller=cate&action=index&cate_id=5529&ci=1 ( act=cate&action=index ) 
ERR: Db Error: Unknown column 'contract_1' in 'where clause'
SELECT COUNT(*) AS nc_count FROM `goods_common` WHERE ( gc_id_2 = '5529' ) AND ( contract_1 = '1' ) LIMIT 1  
[2020-07-27 21:40:20] /shop/index.php?action=index&area_id=15&cate_id=308&ci=4_1_3&controller=cate&key=3&order=2 ( act=cate&action=index ) 
ERR: Db Error: Unknown column 'contract_4' in 'where clause'
SELECT COUNT(*) AS nc_count FROM `goods_common` WHERE ( areaid_1 = '15' ) AND ( contract_4 = '1' ) AND ( contract_1 = '1' ) AND ( contract_3 = '1' ) LIMIT 1  
[2020-07-27 21:42:31] /shop/index.php?controller=cate&action=index&cate_id=5529&ci=2 ( act=cate&action=index ) 
ERR: Db Error: Unknown column 'contract_2' in 'where clause'
SELECT COUNT(*) AS nc_count FROM `goods_common` WHERE ( gc_id_2 = '5529' ) AND ( contract_2 = '1' ) LIMIT 1  
[2020-07-27 21:43:33] /shop/index.php?controller=cate&action=index&cate_id=5529&ci=3 ( act=cate&action=index ) 
ERR: Db Error: Unknown column 'contract_3' in 'where clause'
SELECT COUNT(*) AS nc_count FROM `goods_common` WHERE ( gc_id_2 = '5529' ) AND ( contract_3 = '1' ) LIMIT 1  
[2020-07-27 21:44:34] /shop/index.php?controller=cate&action=index&cate_id=5499&area_id=15&ci=2 ( act=cate&action=index ) 
ERR: Db Error: Unknown column 'contract_2' in 'where clause'
SELECT COUNT(*) AS nc_count FROM `goods_common` WHERE ( gc_id_3 = '5499' ) AND ( areaid_1 = '15' ) AND ( contract_2 = '1' ) LIMIT 1  
[2020-07-27 21:47:40] /shop/index.php?controller=cate&action=index&cate_id=5499&area_id=17&ci=2 ( act=cate&action=index ) 
ERR: Db Error: Unknown column 'contract_2' in 'where clause'
SELECT COUNT(*) AS nc_count FROM `goods_common` WHERE ( gc_id_3 = '5499' ) AND ( areaid_1 = '17' ) AND ( contract_2 = '1' ) LIMIT 1  
[2020-07-27 21:54:57] /shop/index.php?controller=cate&action=index&cate_id=5499&area_id=20&ci=2 ( act=cate&action=index ) 
ERR: Db Error: Unknown column 'contract_2' in 'where clause'
SELECT COUNT(*) AS nc_count FROM `goods_common` WHERE ( gc_id_3 = '5499' ) AND ( areaid_1 = '20' ) AND ( contract_2 = '1' ) LIMIT 1  
[2020-07-27 22:01:48] /shop/index.php?controller=cate&action=index&cate_id=5499&area_id=22&ci=2 ( act=cate&action=index ) 
ERR: Db Error: Unknown column 'contract_2' in 'where clause'
SELECT COUNT(*) AS nc_count FROM `goods_common` WHERE ( gc_id_3 = '5499' ) AND ( areaid_1 = '22' ) AND ( contract_2 = '1' ) LIMIT 1  
[2020-07-27 22:15:54] /shop/index.php?controller=cate&action=index&cate_id=5499&area_id=23&ci=2 ( act=cate&action=index ) 
ERR: Db Error: Unknown column 'contract_2' in 'where clause'
SELECT COUNT(*) AS nc_count FROM `goods_common` WHERE ( gc_id_3 = '5499' ) AND ( areaid_1 = '23' ) AND ( contract_2 = '1' ) LIMIT 1  
[2020-07-27 22:23:52] /shop/index.php?controller=cate&action=index&cate_id=5499&area_id=24&ci=2 ( act=cate&action=index ) 
ERR: Db Error: Unknown column 'contract_2' in 'where clause'
SELECT COUNT(*) AS nc_count FROM `goods_common` WHERE ( gc_id_3 = '5499' ) AND ( areaid_1 = '24' ) AND ( contract_2 = '1' ) LIMIT 1  
[2020-07-27 22:30:20] /shop/index.php?controller=cate&action=index&cate_id=5499&area_id=25&ci=2 ( act=cate&action=index ) 
ERR: Db Error: Unknown column 'contract_2' in 'where clause'
SELECT COUNT(*) AS nc_count FROM `goods_common` WHERE ( gc_id_3 = '5499' ) AND ( areaid_1 = '25' ) AND ( contract_2 = '1' ) LIMIT 1  
[2020-07-27 22:33:36] /shop/index.php?controller=cate&action=index&cate_id=5499&area_id=27&ci=2 ( act=cate&action=index ) 
ERR: Db Error: Unknown column 'contract_2' in 'where clause'
SELECT COUNT(*) AS nc_count FROM `goods_common` WHERE ( gc_id_3 = '5499' ) AND ( areaid_1 = '27' ) AND ( contract_2 = '1' ) LIMIT 1  
[2020-07-27 22:36:30] /shop/index.php?action=index&area_id=26&cate_id=256&ci=2&controller=cate&key=3&order=2&type= ( act=cate&action=index ) 
ERR: Db Error: Unknown column 'contract_2' in 'where clause'
SELECT COUNT(*) AS nc_count FROM `goods_common` WHERE ( areaid_1 = '26' ) AND ( contract_2 = '1' ) LIMIT 1  
[2020-07-27 22:37:01] /shop/index.php?controller=cate&action=index&cate_id=5499&area_id=28&ci=2 ( act=cate&action=index ) 
ERR: Db Error: Unknown column 'contract_2' in 'where clause'
SELECT COUNT(*) AS nc_count FROM `goods_common` WHERE ( gc_id_3 = '5499' ) AND ( areaid_1 = '28' ) AND ( contract_2 = '1' ) LIMIT 1  
[2020-07-27 22:40:17] /shop/index.php?controller=cate&action=index&cate_id=5499&area_id=29&ci=2 ( act=cate&action=index ) 
ERR: Db Error: Unknown column 'contract_2' in 'where clause'
SELECT COUNT(*) AS nc_count FROM `goods_common` WHERE ( gc_id_3 = '5499' ) AND ( areaid_1 = '29' ) AND ( contract_2 = '1' ) LIMIT 1  
[2020-07-27 22:43:39] /shop/index.php?controller=cate&action=index&cate_id=5499&area_id=3&ci=2 ( act=cate&action=index ) 
ERR: Db Error: Unknown column 'contract_2' in 'where clause'
SELECT COUNT(*) AS nc_count FROM `goods_common` WHERE ( gc_id_3 = '5499' ) AND ( areaid_1 = '3' ) AND ( contract_2 = '1' ) LIMIT 1  
[2020-07-27 22:45:47] /shop/index.php?controller=cate&action=index&cate_id=5499&area_id=30&ci=2 ( act=cate&action=index ) 
ERR: Db Error: Unknown column 'contract_2' in 'where clause'
SELECT COUNT(*) AS nc_count FROM `goods_common` WHERE ( gc_id_3 = '5499' ) AND ( areaid_1 = '30' ) AND ( contract_2 = '1' ) LIMIT 1  
[2020-07-27 22:46:55] /shop/index.php?controller=cate&action=index&cate_id=5499&area_id=31&ci=2 ( act=cate&action=index ) 
ERR: Db Error: Unknown column 'contract_2' in 'where clause'
SELECT COUNT(*) AS nc_count FROM `goods_common` WHERE ( gc_id_3 = '5499' ) AND ( areaid_1 = '31' ) AND ( contract_2 = '1' ) LIMIT 1  
[2020-07-27 22:51:09] /shop/index.php?controller=cate&action=index&cate_id=5499&area_id=33&ci=2 ( act=cate&action=index ) 
ERR: Db Error: Unknown column 'contract_2' in 'where clause'
SELECT COUNT(*) AS nc_count FROM `goods_common` WHERE ( gc_id_3 = '5499' ) AND ( areaid_1 = '33' ) AND ( contract_2 = '1' ) LIMIT 1  
[2020-07-27 22:55:31] /shop/index.php?controller=cate&action=index&cate_id=5499&area_id=35&ci=2 ( act=cate&action=index ) 
ERR: Db Error: Unknown column 'contract_2' in 'where clause'
SELECT COUNT(*) AS nc_count FROM `goods_common` WHERE ( gc_id_3 = '5499' ) AND ( areaid_1 = '35' ) AND ( contract_2 = '1' ) LIMIT 1  
[2020-07-27 22:59:57] /shop/index.php?controller=cate&action=index&cate_id=5499&area_id=5&ci=2 ( act=cate&action=index ) 
ERR: Db Error: Unknown column 'contract_2' in 'where clause'
SELECT COUNT(*) AS nc_count FROM `goods_common` WHERE ( gc_id_3 = '5499' ) AND ( areaid_1 = '5' ) AND ( contract_2 = '1' ) LIMIT 1  
[2020-07-27 23:02:11] /shop/index.php?controller=cate&action=index&cate_id=5499&area_id=6&ci=2 ( act=cate&action=index ) 
ERR: Db Error: Unknown column 'contract_2' in 'where clause'
SELECT COUNT(*) AS nc_count FROM `goods_common` WHERE ( gc_id_3 = '5499' ) AND ( areaid_1 = '6' ) AND ( contract_2 = '1' ) LIMIT 1  
[2020-07-27 23:04:17] /shop/index.php?controller=cate&action=index&cate_id=5499&area_id=7&ci=2 ( act=cate&action=index ) 
ERR: Db Error: Unknown column 'contract_2' in 'where clause'
SELECT COUNT(*) AS nc_count FROM `goods_common` WHERE ( gc_id_3 = '5499' ) AND ( areaid_1 = '7' ) AND ( contract_2 = '1' ) LIMIT 1  
[2020-07-27 23:05:30] /shop/index.php?controller=cate&action=index&cate_id=5499&area_id=8&ci=2 ( act=cate&action=index ) 
ERR: Db Error: Unknown column 'contract_2' in 'where clause'
SELECT COUNT(*) AS nc_count FROM `goods_common` WHERE ( gc_id_3 = '5499' ) AND ( areaid_1 = '8' ) AND ( contract_2 = '1' ) LIMIT 1  
[2020-07-27 23:23:37] /shop/index.php?controller=cate&action=index&cate_id=5499&area_id=12&ci=2 ( act=cate&action=index ) 
ERR: Db Error: Unknown column 'contract_2' in 'where clause'
SELECT COUNT(*) AS nc_count FROM `goods_common` WHERE ( gc_id_3 = '5499' ) AND ( areaid_1 = '12' ) AND ( contract_2 = '1' ) LIMIT 1  
[2020-07-27 23:32:21] /shop/index.php?action=index&area_id=25&cate_id=308&ci=2_1_4&controller=cate&key=1&order=2 ( act=cate&action=index ) 
ERR: Db Error: Unknown column 'contract_2' in 'where clause'
SELECT COUNT(*) AS nc_count FROM `goods_common` WHERE ( areaid_1 = '25' ) AND ( contract_2 = '1' ) AND ( contract_1 = '1' ) AND ( contract_4 = '1' ) LIMIT 1  
