[2020-07-17 00:05:47] /shop/index.php?controller=cate&action=index&cate_id=4483&key=3&order=1&gift=&ci=2_1_3&area_id=23&new=&yx=1&type= ( act=cate&action=index ) 
ERR: Db Error: Unknown column 'contract_2' in 'where clause'
SELECT COUNT(*) AS nc_count FROM `goods_common` WHERE ( areaid_1 = '23' ) AND ( is_select = '1' ) AND ( contract_2 = '1' ) AND ( contract_1 = '1' ) AND ( contract_3 = '1' ) LIMIT 1  
[2020-07-17 00:15:15] /shop/index.php?controller=cate&action=index&cate_id=4483&key=3&order=1&gift=1&ci=2_1_3&area_id=23&new=&yx=1&type= ( act=cate&action=index ) 
ERR: Db Error: Unknown column 'contract_2' in 'where clause'
SELECT COUNT(*) AS nc_count FROM `goods_common` WHERE ( areaid_1 = '23' ) AND ( is_select = '1' ) AND ( contract_2 = '1' ) AND ( contract_1 = '1' ) AND ( contract_3 = '1' ) LIMIT 1  
[2020-07-17 00:54:05] /shop/index.php?action=index&area_id=17&cate_id=256&ci=4&controller=cate&new=1&type=1 ( act=cate&action=index ) 
ERR: Db Error: Unknown column 'contract_4' in 'where clause'
SELECT COUNT(*) AS nc_count FROM `goods_common` WHERE ( areaid_1 = '17' ) AND ( is_own_shop = '1' ) AND ( is_new_arrival = '1' ) AND ( contract_4 = '1' ) LIMIT 1  
[2020-07-17 01:10:15] /shop/index.php?action=index&area_id=27&cate_id=5482&ci=4_3&controller=cate ( act=cate&action=index ) 
ERR: Db Error: Unknown column 'contract_4' in 'where clause'
SELECT COUNT(*) AS nc_count FROM `goods_common` WHERE ( gc_id_2 = '5482' ) AND ( areaid_1 = '27' ) AND ( contract_4 = '1' ) AND ( contract_3 = '1' ) LIMIT 1  
[2020-07-17 01:41:46] /shop/index.php?action=index&area_id=13&cate_id=256&ci=4_2&controller=cate&gift=&key=&order= ( act=cate&action=index ) 
ERR: Db Error: Unknown column 'contract_4' in 'where clause'
SELECT COUNT(*) AS nc_count FROM `goods_common` WHERE ( areaid_1 = '13' ) AND ( contract_4 = '1' ) AND ( contract_2 = '1' ) LIMIT 1  
[2020-07-17 01:59:47] /shop/index.php?action=index&area_id=28&cate_id=256&ci=1_4&controller=cate&key=2&new=1&order=2 ( act=cate&action=index ) 
ERR: Db Error: Unknown column 'contract_1' in 'where clause'
SELECT COUNT(*) AS nc_count FROM `goods_common` WHERE ( areaid_1 = '28' ) AND ( is_new_arrival = '1' ) AND ( contract_1 = '1' ) AND ( contract_4 = '1' ) LIMIT 1  
[2020-07-17 02:17:17] /shop/index.php?action=index&area_id=16&cate_id=256&ci=1_3&controller=cate&key=&new=1&order= ( act=cate&action=index ) 
ERR: Db Error: Unknown column 'contract_1' in 'where clause'
SELECT COUNT(*) AS nc_count FROM `goods_common` WHERE ( areaid_1 = '16' ) AND ( is_new_arrival = '1' ) AND ( contract_1 = '1' ) AND ( contract_3 = '1' ) LIMIT 1  
[2020-07-17 02:45:48] /shop/index.php?action=index&area_id=32&cate_id=256&ci=3_1&controller=cate&key=2&order=2&type= ( act=cate&action=index ) 
ERR: Db Error: Unknown column 'contract_3' in 'where clause'
SELECT COUNT(*) AS nc_count FROM `goods_common` WHERE ( areaid_1 = '32' ) AND ( contract_3 = '1' ) AND ( contract_1 = '1' ) LIMIT 1  
[2020-07-17 03:04:18] /shop/index.php?action=index&area_id=24&cate_id=308&ci=1_4&controller=cate&gift=&key=3&order=2 ( act=cate&action=index ) 
ERR: Db Error: Unknown column 'contract_1' in 'where clause'
SELECT COUNT(*) AS nc_count FROM `goods_common` WHERE ( areaid_1 = '24' ) AND ( contract_1 = '1' ) AND ( contract_4 = '1' ) LIMIT 1  
[2020-07-17 03:16:18] /shop/index.php?action=index&area_id=10&cate_id=256&ci=3_4&controller=cate&key=3&new=1&order=2 ( act=cate&action=index ) 
ERR: Db Error: Unknown column 'contract_3' in 'where clause'
SELECT COUNT(*) AS nc_count FROM `goods_common` WHERE ( areaid_1 = '10' ) AND ( is_new_arrival = '1' ) AND ( contract_3 = '1' ) AND ( contract_4 = '1' ) LIMIT 1  
[2020-07-17 03:24:33] /shop/index.php?controller=cate&action=index&cate_id=4483&key=1&order=2&gift=1&ci=2_1_3&area_id=23&new=&yx=1&type= ( act=cate&action=index ) 
ERR: Db Error: Unknown column 'contract_2' in 'where clause'
SELECT COUNT(*) AS nc_count FROM `goods_common` WHERE ( areaid_1 = '23' ) AND ( is_select = '1' ) AND ( contract_2 = '1' ) AND ( contract_1 = '1' ) AND ( contract_3 = '1' ) LIMIT 1  
[2020-07-17 03:34:18] /shop/index.php?action=index&area_id=5&cate_id=308&ci=2_1&controller=cate&gift=1&key=&order= ( act=cate&action=index ) 
ERR: Db Error: Unknown column 'contract_2' in 'where clause'
SELECT COUNT(*) AS nc_count FROM `goods_common` WHERE ( areaid_1 = '5' ) AND ( contract_2 = '1' ) AND ( contract_1 = '1' ) LIMIT 1  
[2020-07-17 03:50:19] /shop/index.php?action=index&area_id=16&cate_id=256&ci=3_2&controller=cate&key=2&new=1&order=2 ( act=cate&action=index ) 
ERR: Db Error: Unknown column 'contract_3' in 'where clause'
SELECT COUNT(*) AS nc_count FROM `goods_common` WHERE ( areaid_1 = '16' ) AND ( is_new_arrival = '1' ) AND ( contract_3 = '1' ) AND ( contract_2 = '1' ) LIMIT 1  
[2020-07-17 03:57:30] /shop/index.php?controller=cate&action=index&cate_id=4840&area_id=11&ci=2 ( act=cate&action=index ) 
ERR: Db Error: Unknown column 'contract_2' in 'where clause'
SELECT COUNT(*) AS nc_count FROM `goods_common` WHERE ( areaid_1 = '11' ) AND ( contract_2 = '1' ) LIMIT 1  
[2020-07-17 04:33:48] /shop/index.php?action=index&area_id=10&cate_id=308&ci=2_3&controller=cate&gift=&key=2&order=2 ( act=cate&action=index ) 
ERR: Db Error: Unknown column 'contract_2' in 'where clause'
SELECT COUNT(*) AS nc_count FROM `goods_common` WHERE ( areaid_1 = '10' ) AND ( contract_2 = '1' ) AND ( contract_3 = '1' ) LIMIT 1  
[2020-07-17 04:48:58] /shop/index.php?action=index&area_id=23&cate_id=256&ci=2_3&controller=cate&gift=&key=&order= ( act=cate&action=index ) 
ERR: Db Error: Unknown column 'contract_2' in 'where clause'
SELECT COUNT(*) AS nc_count FROM `goods_common` WHERE ( areaid_1 = '23' ) AND ( contract_2 = '1' ) AND ( contract_3 = '1' ) LIMIT 1  
[2020-07-17 05:04:19] /shop/index.php?action=index&area_id=35&cate_id=308&ci=3_4&controller=cate&key=&order=&type= ( act=cate&action=index ) 
ERR: Db Error: Unknown column 'contract_3' in 'where clause'
SELECT COUNT(*) AS nc_count FROM `goods_common` WHERE ( areaid_1 = '35' ) AND ( contract_3 = '1' ) AND ( contract_4 = '1' ) LIMIT 1  
[2020-07-17 05:37:19] /shop/index.php?action=index&area_id=25&cate_id=256&ci=4_3&controller=cate&key=2&order=2&type= ( act=cate&action=index ) 
ERR: Db Error: Unknown column 'contract_4' in 'where clause'
SELECT COUNT(*) AS nc_count FROM `goods_common` WHERE ( areaid_1 = '25' ) AND ( contract_4 = '1' ) AND ( contract_3 = '1' ) LIMIT 1  
[2020-07-17 05:52:19] /shop/index.php?action=index&area_id=6&cate_id=256&ci=2_3&controller=cate&key=2&order=2&type=1 ( act=cate&action=index ) 
ERR: Db Error: Unknown column 'contract_2' in 'where clause'
SELECT COUNT(*) AS nc_count FROM `goods_common` WHERE ( areaid_1 = '6' ) AND ( is_own_shop = '1' ) AND ( contract_2 = '1' ) AND ( contract_3 = '1' ) LIMIT 1  
[2020-07-17 05:56:01] /shop/index.php?controller=cate&action=index&cate_id=2774&key=1&order=2&ci=2_3&type=&gift=&yx=&new=1 ( act=cate&action=index ) 
ERR: Db Error: Unknown column 'contract_2' in 'where clause'
SELECT COUNT(*) AS nc_count FROM `goods_common` WHERE ( is_new_arrival = '1' ) AND ( contract_2 = '1' ) AND ( contract_3 = '1' ) LIMIT 1  
[2020-07-17 06:19:49] /shop/index.php?action=index&area_id=34&cate_id=256&ci=4_1&controller=cate&gift=&key=2&order=2 ( act=cate&action=index ) 
ERR: Db Error: Unknown column 'contract_4' in 'where clause'
SELECT COUNT(*) AS nc_count FROM `goods_common` WHERE ( areaid_1 = '34' ) AND ( contract_4 = '1' ) AND ( contract_1 = '1' ) LIMIT 1  
[2020-07-17 06:33:53] /shop/index.php?controller=cate&action=index&cate_id=2774&key=&order=&ci=2_3&type=&gift=&new=1 ( act=cate&action=index ) 
ERR: Db Error: Unknown column 'contract_2' in 'where clause'
SELECT COUNT(*) AS nc_count FROM `goods_common` WHERE ( is_new_arrival = '1' ) AND ( contract_2 = '1' ) AND ( contract_3 = '1' ) LIMIT 1  
[2020-07-17 06:51:20] /shop/index.php?action=index&area_id=33&cate_id=308&ci=2_1&controller=cate&gift=&key=3&order=2 ( act=cate&action=index ) 
ERR: Db Error: Unknown column 'contract_2' in 'where clause'
SELECT COUNT(*) AS nc_count FROM `goods_common` WHERE ( areaid_1 = '33' ) AND ( contract_2 = '1' ) AND ( contract_1 = '1' ) LIMIT 1  
[2020-07-17 07:06:50] /shop/index.php?action=index&area_id=3&cate_id=327&ci=3_1&controller=cate&key=2&order=2&type=1 ( act=cate&action=index ) 
ERR: Db Error: Unknown column 'contract_3' in 'where clause'
SELECT COUNT(*) AS nc_count FROM `goods_common` WHERE ( areaid_1 = '3' ) AND ( is_own_shop = '1' ) AND ( contract_3 = '1' ) AND ( contract_1 = '1' ) LIMIT 1  
[2020-07-17 07:22:50] /shop/index.php?action=index&area_id=4&cate_id=308&ci=4_1_3&controller=cate&key=1&order=2&yx=1 ( act=cate&action=index ) 
ERR: Db Error: Unknown column 'contract_4' in 'where clause'
SELECT COUNT(*) AS nc_count FROM `goods_common` WHERE ( areaid_1 = '4' ) AND ( is_select = '1' ) AND ( contract_4 = '1' ) AND ( contract_1 = '1' ) AND ( contract_3 = '1' ) LIMIT 1  
[2020-07-17 07:54:51] /shop/index.php?action=index&area_id=12&cate_id=256&ci=4_3&controller=cate&key=1&new=1&order=2 ( act=cate&action=index ) 
ERR: Db Error: Unknown column 'contract_4' in 'where clause'
SELECT COUNT(*) AS nc_count FROM `goods_common` WHERE ( areaid_1 = '12' ) AND ( is_new_arrival = '1' ) AND ( contract_4 = '1' ) AND ( contract_3 = '1' ) LIMIT 1  
[2020-07-17 08:59:21] /shop/index.php?action=index&area_id=24&cate_id=256&ci=2_3&controller=cate&key=2&new=1&order=2 ( act=cate&action=index ) 
ERR: Db Error: Unknown column 'contract_2' in 'where clause'
SELECT COUNT(*) AS nc_count FROM `goods_common` WHERE ( areaid_1 = '24' ) AND ( is_new_arrival = '1' ) AND ( contract_2 = '1' ) AND ( contract_3 = '1' ) LIMIT 1  
[2020-07-17 09:10:51] /shop/index.php?action=index&area_id=26&cate_id=308&ci=3_4&controller=cate&key=2&order=2&type= ( act=cate&action=index ) 
ERR: Db Error: Unknown column 'contract_3' in 'where clause'
SELECT COUNT(*) AS nc_count FROM `goods_common` WHERE ( areaid_1 = '26' ) AND ( contract_3 = '1' ) AND ( contract_4 = '1' ) LIMIT 1  
[2020-07-17 09:31:52] /shop/index.php?action=index&area_id=32&cate_id=5571&ci=2&controller=cate&gift=1&key=1&order=2 ( act=cate&action=index ) 
ERR: Db Error: Unknown column 'contract_2' in 'where clause'
SELECT COUNT(*) AS nc_count FROM `goods_common` WHERE ( gc_id_2 = '5571' ) AND ( areaid_1 = '32' ) AND ( contract_2 = '1' ) LIMIT 1  
[2020-07-17 09:45:51] /shop/index.php?action=index&area_id=29&cate_id=308&ci=1_3&controller=cate&gift=&key=3&order=2 ( act=cate&action=index ) 
ERR: Db Error: Unknown column 'contract_1' in 'where clause'
SELECT COUNT(*) AS nc_count FROM `goods_common` WHERE ( areaid_1 = '29' ) AND ( contract_1 = '1' ) AND ( contract_3 = '1' ) LIMIT 1  
[2020-07-17 09:54:02] /shop/index.php?controller=cate&action=index&cate_id=2412&ci=2&area_id=10&type=1 ( act=cate&action=index ) 
ERR: Db Error: Unknown column 'contract_2' in 'where clause'
SELECT COUNT(*) AS nc_count FROM `goods_common` WHERE ( areaid_1 = '10' ) AND ( is_own_shop = '1' ) AND ( contract_2 = '1' ) LIMIT 1  
[2020-07-17 10:00:52] /shop/index.php?action=index&area_id=9&cate_id=5487&ci=2_3&controller=cate&key=3&new=1&order=2 ( act=cate&action=index ) 
ERR: Db Error: Unknown column 'contract_2' in 'where clause'
SELECT COUNT(*) AS nc_count FROM `goods_common` WHERE ( gc_id_2 = '5487' ) AND ( areaid_1 = '9' ) AND ( is_new_arrival = '1' ) AND ( contract_2 = '1' ) AND ( contract_3 = '1' ) LIMIT 1  
[2020-07-17 10:05:23] /shop/index.php?action=index&area_id=15&cate_id=5561&ci=4&controller=cate ( act=cate&action=index ) 
ERR: Db Error: Unknown column 'contract_4' in 'where clause'
SELECT COUNT(*) AS nc_count FROM `goods_common` WHERE ( gc_id_2 = '5561' ) AND ( areaid_1 = '15' ) AND ( contract_4 = '1' ) LIMIT 1  
[2020-07-17 10:05:30] /shop/index.php?action=index&area_id=4&cate_id=5523&ci=4&controller=cate ( act=cate&action=index ) 
ERR: Db Error: Unknown column 'contract_4' in 'where clause'
SELECT COUNT(*) AS nc_count FROM `goods_common` WHERE ( gc_id_3 = '5523' ) AND ( areaid_1 = '4' ) AND ( contract_4 = '1' ) LIMIT 1  
[2020-07-17 10:14:23] /shop/index.php?action=index&area_id=30&cate_id=256&ci=2_4&controller=cate&key=&order=&type= ( act=cate&action=index ) 
ERR: Db Error: Unknown column 'contract_2' in 'where clause'
SELECT COUNT(*) AS nc_count FROM `goods_common` WHERE ( areaid_1 = '30' ) AND ( contract_2 = '1' ) AND ( contract_4 = '1' ) LIMIT 1  
[2020-07-17 10:47:25] /shop/index.php?action=index&area_id=27&cate_id=308&ci=1_2&controller=cate&key=1&order=2&type= ( act=cate&action=index ) 
ERR: Db Error: Unknown column 'contract_1' in 'where clause'
SELECT COUNT(*) AS nc_count FROM `goods_common` WHERE ( areaid_1 = '27' ) AND ( contract_1 = '1' ) AND ( contract_2 = '1' ) LIMIT 1  
[2020-07-17 11:00:22] /shop/index.php?action=index&area_id=25&cate_id=308&ci=2_1&controller=cate&key=&order=&type= ( act=cate&action=index ) 
ERR: Db Error: Unknown column 'contract_2' in 'where clause'
SELECT COUNT(*) AS nc_count FROM `goods_common` WHERE ( areaid_1 = '25' ) AND ( contract_2 = '1' ) AND ( contract_1 = '1' ) LIMIT 1  
[2020-07-17 11:19:52] /shop/index.php?action=index&area_id=21&cate_id=308&ci=1_2&controller=cate&key=2&new=1&order=2 ( act=cate&action=index ) 
ERR: Db Error: Unknown column 'contract_1' in 'where clause'
SELECT COUNT(*) AS nc_count FROM `goods_common` WHERE ( areaid_1 = '21' ) AND ( is_new_arrival = '1' ) AND ( contract_1 = '1' ) AND ( contract_2 = '1' ) LIMIT 1  
[2020-07-17 11:27:24] /shop/index.php?controller=cate&action=index&cate_id=3968&key=3&order=2&area_id=4&new=&ci=2_3&gift=&yx=1 ( act=cate&action=index ) 
ERR: Db Error: Unknown column 'contract_2' in 'where clause'
SELECT COUNT(*) AS nc_count FROM `goods_common` WHERE ( areaid_1 = '4' ) AND ( is_select = '1' ) AND ( contract_2 = '1' ) AND ( contract_3 = '1' ) LIMIT 1  
[2020-07-17 11:36:51] /shop/index.php?controller=cate&action=index&cate_id=3968&key=3&order=1&area_id=4&new=&ci=2_3&gift=&yx=1 ( act=cate&action=index ) 
ERR: Db Error: Unknown column 'contract_2' in 'where clause'
SELECT COUNT(*) AS nc_count FROM `goods_common` WHERE ( areaid_1 = '4' ) AND ( is_select = '1' ) AND ( contract_2 = '1' ) AND ( contract_3 = '1' ) LIMIT 1  
[2020-07-17 12:05:22] /shop/index.php?action=index&area_id=31&cate_id=308&ci=4_1&controller=cate&gift=&key=3&order=2 ( act=cate&action=index ) 
ERR: Db Error: Unknown column 'contract_4' in 'where clause'
SELECT COUNT(*) AS nc_count FROM `goods_common` WHERE ( areaid_1 = '31' ) AND ( contract_4 = '1' ) AND ( contract_1 = '1' ) LIMIT 1  
[2020-07-17 12:17:54] /shop/index.php?action=index&area_id=17&cate_id=5571&ci=2&controller=cate&gift=1&key=3&order=2 ( act=cate&action=index ) 
ERR: Db Error: Unknown column 'contract_2' in 'where clause'
SELECT COUNT(*) AS nc_count FROM `goods_common` WHERE ( gc_id_2 = '5571' ) AND ( areaid_1 = '17' ) AND ( contract_2 = '1' ) LIMIT 1  
[2020-07-17 12:36:26] /shop/index.php?action=index&area_id=28&cate_id=308&ci=4_1&controller=cate&key=3&order=2&type= ( act=cate&action=index ) 
ERR: Db Error: Unknown column 'contract_4' in 'where clause'
SELECT COUNT(*) AS nc_count FROM `goods_common` WHERE ( areaid_1 = '28' ) AND ( contract_4 = '1' ) AND ( contract_1 = '1' ) LIMIT 1  
[2020-07-17 12:49:53] /shop/index.php?action=index&area_id=32&cate_id=256&ci=1_4&controller=cate&key=3&new=1&order=2 ( act=cate&action=index ) 
ERR: Db Error: Unknown column 'contract_1' in 'where clause'
SELECT COUNT(*) AS nc_count FROM `goods_common` WHERE ( areaid_1 = '32' ) AND ( is_new_arrival = '1' ) AND ( contract_1 = '1' ) AND ( contract_4 = '1' ) LIMIT 1  
[2020-07-17 13:03:54] /shop/index.php?action=index&area_id=22&cate_id=256&ci=3_2&controller=cate&key=2&order=2&type= ( act=cate&action=index ) 
ERR: Db Error: Unknown column 'contract_3' in 'where clause'
SELECT COUNT(*) AS nc_count FROM `goods_common` WHERE ( areaid_1 = '22' ) AND ( contract_3 = '1' ) AND ( contract_2 = '1' ) LIMIT 1  
[2020-07-17 13:20:53] /shop/index.php?action=index&area_id=29&cate_id=308&ci=2_1&controller=cate&gift=&key=1&order=2 ( act=cate&action=index ) 
ERR: Db Error: Unknown column 'contract_2' in 'where clause'
SELECT COUNT(*) AS nc_count FROM `goods_common` WHERE ( areaid_1 = '29' ) AND ( contract_2 = '1' ) AND ( contract_1 = '1' ) LIMIT 1  
[2020-07-17 13:38:23] /shop/index.php?action=index&area_id=8&cate_id=5519&ci=4_2&controller=cate&key=2&new=1&order=2 ( act=cate&action=index ) 
ERR: Db Error: Unknown column 'contract_4' in 'where clause'
SELECT COUNT(*) AS nc_count FROM `goods_common` WHERE ( gc_id_3 = '5519' ) AND ( areaid_1 = '8' ) AND ( is_new_arrival = '1' ) AND ( contract_4 = '1' ) AND ( contract_2 = '1' ) LIMIT 1  
[2020-07-17 14:03:10] /member/index.php?controller=member_message&action=setting&inajax=1 ( act=member_message&action=setting ) 
ERR: Db Error: You have an error in your SQL syntax; check the manual that corresponds to your MySQL server version for the right syntax to use near '(mmt_code,member_id,is_receive) VALUES ('order_payment_success','10020','0'),('o' at line 1
INSERT INTO  (mmt_code,member_id,is_receive) VALUES ('order_payment_success','10020','0'),('order_deliver_success','10020','0'),('order_book_end_pay','10020','0'),('predeposit_change','10020','0'),('refund_return_notice','10020','0'),('arrival_notice','10020','0'),('consult_goods_reply','10020','0'),('consult_mall_reply','10020','0')
[2020-07-17 14:06:04] /shop/index.php?action=index&area_id=8&cate_id=308&ci=1_3&controller=cate&gift=1&key=&order= ( act=cate&action=index ) 
ERR: Db Error: Unknown column 'contract_1' in 'where clause'
SELECT COUNT(*) AS nc_count FROM `goods_common` WHERE ( areaid_1 = '8' ) AND ( contract_1 = '1' ) AND ( contract_3 = '1' ) LIMIT 1  
[2020-07-17 14:21:54] /shop/index.php?action=index&area_id=10&cate_id=308&ci=2_1&controller=cate&gift=&key=1&order=2 ( act=cate&action=index ) 
ERR: Db Error: Unknown column 'contract_2' in 'where clause'
SELECT COUNT(*) AS nc_count FROM `goods_common` WHERE ( areaid_1 = '10' ) AND ( contract_2 = '1' ) AND ( contract_1 = '1' ) LIMIT 1  
[2020-07-17 14:36:45] /shop/index.php?controller=cate&action=index&cate_id=4483&key=1&order=2&gift=&ci=2_1_3&area_id=23&new=1&yx=&type= ( act=cate&action=index ) 
ERR: Db Error: Unknown column 'contract_2' in 'where clause'
SELECT COUNT(*) AS nc_count FROM `goods_common` WHERE ( areaid_1 = '23' ) AND ( is_new_arrival = '1' ) AND ( contract_2 = '1' ) AND ( contract_1 = '1' ) AND ( contract_3 = '1' ) LIMIT 1  
[2020-07-17 14:37:24] /shop/index.php?action=index&area_id=29&cate_id=256&ci=3_4&controller=cate&gift=&key=3&order=2 ( act=cate&action=index ) 
ERR: Db Error: Unknown column 'contract_3' in 'where clause'
SELECT COUNT(*) AS nc_count FROM `goods_common` WHERE ( areaid_1 = '29' ) AND ( contract_3 = '1' ) AND ( contract_4 = '1' ) LIMIT 1  
[2020-07-17 14:46:24] /shop/index.php?action=index&area_id=33&cate_id=5550&ci=2_1_3&controller=cate ( act=cate&action=index ) 
ERR: Db Error: Unknown column 'contract_2' in 'where clause'
SELECT COUNT(*) AS nc_count FROM `goods_common` WHERE ( gc_id_3 = '5550' ) AND ( areaid_1 = '33' ) AND ( contract_2 = '1' ) AND ( contract_1 = '1' ) AND ( contract_3 = '1' ) LIMIT 1  
[2020-07-17 14:48:02] /shop/index.php?action=index&area_id=8&cate_id=38&ci=1_4&controller=cate ( act=cate&action=index ) 
ERR: Db Error: Unknown column 'contract_1' in 'where clause'
SELECT COUNT(*) AS nc_count FROM `goods_common` WHERE ( areaid_1 = '8' ) AND ( contract_1 = '1' ) AND ( contract_4 = '1' ) LIMIT 1  
[2020-07-17 14:50:24] /shop/index.php?action=index&area_id=33&cate_id=256&ci=1&controller=cate&gift=1&key=3&order=2&type=1 ( act=cate&action=index ) 
ERR: Db Error: Unknown column 'contract_1' in 'where clause'
SELECT COUNT(*) AS nc_count FROM `goods_common` WHERE ( areaid_1 = '33' ) AND ( is_own_shop = '1' ) AND ( contract_1 = '1' ) LIMIT 1  
[2020-07-17 14:54:25] /shop/index.php?action=index&area_id=12&cate_id=256&ci=3_2&controller=cate&key=3&order=2&type= ( act=cate&action=index ) 
ERR: Db Error: Unknown column 'contract_3' in 'where clause'
SELECT COUNT(*) AS nc_count FROM `goods_common` WHERE ( areaid_1 = '12' ) AND ( contract_3 = '1' ) AND ( contract_2 = '1' ) LIMIT 1  
[2020-07-17 15:26:54] /shop/index.php?action=index&area_id=10&cate_id=256&ci=1_3&controller=cate&gift=&key=3&order=2 ( act=cate&action=index ) 
ERR: Db Error: Unknown column 'contract_1' in 'where clause'
SELECT COUNT(*) AS nc_count FROM `goods_common` WHERE ( areaid_1 = '10' ) AND ( contract_1 = '1' ) AND ( contract_3 = '1' ) LIMIT 1  
[2020-07-17 15:38:24] /shop/index.php?action=index&area_id=28&cate_id=256&ci=3_2&controller=cate&key=1&new=1&order=2 ( act=cate&action=index ) 
ERR: Db Error: Unknown column 'contract_3' in 'where clause'
SELECT COUNT(*) AS nc_count FROM `goods_common` WHERE ( areaid_1 = '28' ) AND ( is_new_arrival = '1' ) AND ( contract_3 = '1' ) AND ( contract_2 = '1' ) LIMIT 1  
[2020-07-17 15:56:25] /shop/index.php?action=index&area_id=15&cate_id=256&ci=1_4&controller=cate&key=3&new=1&order=2 ( act=cate&action=index ) 
ERR: Db Error: Unknown column 'contract_1' in 'where clause'
SELECT COUNT(*) AS nc_count FROM `goods_common` WHERE ( areaid_1 = '15' ) AND ( is_new_arrival = '1' ) AND ( contract_1 = '1' ) AND ( contract_4 = '1' ) LIMIT 1  
[2020-07-17 16:09:09] /shop/index.php?controller=cate&action=index&cate_id=2168&new=&key=3&order=2&gift=1&type=1&area_id=14&ci=1 ( act=cate&action=index ) 
ERR: Db Error: Unknown column 'contract_1' in 'where clause'
SELECT COUNT(*) AS nc_count FROM `goods_common` WHERE ( gc_id_3 = '2168' ) AND ( areaid_1 = '14' ) AND ( is_own_shop = '1' ) AND ( contract_1 = '1' ) LIMIT 1  
[2020-07-17 16:09:26] /shop/index.php?action=index&area_id=4&cate_id=308&ci=2_4&controller=cate&gift=1&key=3&order=2 ( act=cate&action=index ) 
ERR: Db Error: Unknown column 'contract_2' in 'where clause'
SELECT COUNT(*) AS nc_count FROM `goods_common` WHERE ( areaid_1 = '4' ) AND ( contract_2 = '1' ) AND ( contract_4 = '1' ) LIMIT 1  
[2020-07-17 16:25:56] /shop/index.php?action=index&area_id=3&cate_id=308&ci=4_1&controller=cate&gift=1&key=1&order=2 ( act=cate&action=index ) 
ERR: Db Error: Unknown column 'contract_4' in 'where clause'
SELECT COUNT(*) AS nc_count FROM `goods_common` WHERE ( areaid_1 = '3' ) AND ( contract_4 = '1' ) AND ( contract_1 = '1' ) LIMIT 1  
[2020-07-17 17:12:26] /shop/index.php?action=index&area_id=33&cate_id=256&ci=2_4&controller=cate&gift=&key=2&order=2 ( act=cate&action=index ) 
ERR: Db Error: Unknown column 'contract_2' in 'where clause'
SELECT COUNT(*) AS nc_count FROM `goods_common` WHERE ( areaid_1 = '33' ) AND ( contract_2 = '1' ) AND ( contract_4 = '1' ) LIMIT 1  
[2020-07-17 17:27:57] /shop/index.php?action=index&area_id=17&cate_id=256&ci=3_4&controller=cate&key=&order=&type= ( act=cate&action=index ) 
ERR: Db Error: Unknown column 'contract_3' in 'where clause'
SELECT COUNT(*) AS nc_count FROM `goods_common` WHERE ( areaid_1 = '17' ) AND ( contract_3 = '1' ) AND ( contract_4 = '1' ) LIMIT 1  
[2020-07-17 17:31:04] /shop/index.php?controller=cate&action=index&cate_id=627&key=&order=&type=1&ci=2 ( act=cate&action=index ) 
ERR: Db Error: Unknown column 'contract_2' in 'where clause'
SELECT COUNT(*) AS nc_count FROM `goods_common` WHERE ( is_own_shop = '1' ) AND ( contract_2 = '1' ) LIMIT 1  
[2020-07-17 17:41:06] /shop/index.php?action=index&area_id=33&cate_id=256&ci=4_2&controller=cate&gift=&key=3&order=2 ( act=cate&action=index ) 
ERR: Db Error: Unknown column 'contract_4' in 'where clause'
SELECT COUNT(*) AS nc_count FROM `goods_common` WHERE ( areaid_1 = '33' ) AND ( contract_4 = '1' ) AND ( contract_2 = '1' ) LIMIT 1  
[2020-07-17 18:17:56] /shop/index.php?action=index&area_id=18&cate_id=256&ci=4_2&controller=cate&key=1&new=1&order=2 ( act=cate&action=index ) 
ERR: Db Error: Unknown column 'contract_4' in 'where clause'
SELECT COUNT(*) AS nc_count FROM `goods_common` WHERE ( areaid_1 = '18' ) AND ( is_new_arrival = '1' ) AND ( contract_4 = '1' ) AND ( contract_2 = '1' ) LIMIT 1  
[2020-07-17 18:31:56] /shop/index.php?action=index&area_id=13&cate_id=308&ci=2_4&controller=cate&key=3&new=1&order=2 ( act=cate&action=index ) 
ERR: Db Error: Unknown column 'contract_2' in 'where clause'
SELECT COUNT(*) AS nc_count FROM `goods_common` WHERE ( areaid_1 = '13' ) AND ( is_new_arrival = '1' ) AND ( contract_2 = '1' ) AND ( contract_4 = '1' ) LIMIT 1  
[2020-07-17 18:48:56] /shop/index.php?action=index&area_id=2&cate_id=256&ci=3_2&controller=cate&gift=1&key=1&order=2 ( act=cate&action=index ) 
ERR: Db Error: Unknown column 'contract_3' in 'where clause'
SELECT COUNT(*) AS nc_count FROM `goods_common` WHERE ( areaid_1 = '2' ) AND ( contract_3 = '1' ) AND ( contract_2 = '1' ) LIMIT 1  
[2020-07-17 19:18:10] /shop/index.php?action=index&area_id=12&cate_id=5571&ci=2&controller=cate&key=1&order=2&type=1 ( act=cate&action=index ) 
ERR: Db Error: Unknown column 'contract_2' in 'where clause'
SELECT COUNT(*) AS nc_count FROM `goods_common` WHERE ( gc_id_2 = '5571' ) AND ( areaid_1 = '12' ) AND ( is_own_shop = '1' ) AND ( contract_2 = '1' ) LIMIT 1  
[2020-07-17 19:29:57] /shop/index.php?action=index&area_id=24&cate_id=5529&ci=2_1&controller=cate ( act=cate&action=index ) 
ERR: Db Error: Unknown column 'contract_2' in 'where clause'
SELECT COUNT(*) AS nc_count FROM `goods_common` WHERE ( gc_id_2 = '5529' ) AND ( areaid_1 = '24' ) AND ( contract_2 = '1' ) AND ( contract_1 = '1' ) LIMIT 1  
[2020-07-17 19:30:06] /shop/index.php?action=index&area_id=30&cate_id=256&ci=1_4_3&controller=cate&key=1&order=2 ( act=cate&action=index ) 
ERR: Db Error: Unknown column 'contract_1' in 'where clause'
SELECT COUNT(*) AS nc_count FROM `goods_common` WHERE ( areaid_1 = '30' ) AND ( contract_1 = '1' ) AND ( contract_4 = '1' ) AND ( contract_3 = '1' ) LIMIT 1  
[2020-07-17 19:30:13] /shop/index.php?action=index&area_id=10&cate_id=308&ci=4_2&controller=cate&key=1&new=1&order=2 ( act=cate&action=index ) 
ERR: Db Error: Unknown column 'contract_4' in 'where clause'
SELECT COUNT(*) AS nc_count FROM `goods_common` WHERE ( areaid_1 = '10' ) AND ( is_new_arrival = '1' ) AND ( contract_4 = '1' ) AND ( contract_2 = '1' ) LIMIT 1  
[2020-07-17 19:49:48] /shop/index.php?action=index&area_id=21&cate_id=256&ci=1_2&controller=cate&key=2&order=2&type= ( act=cate&action=index ) 
ERR: Db Error: Unknown column 'contract_1' in 'where clause'
SELECT COUNT(*) AS nc_count FROM `goods_common` WHERE ( areaid_1 = '21' ) AND ( contract_1 = '1' ) AND ( contract_2 = '1' ) LIMIT 1  
[2020-07-17 20:03:58] /shop/index.php?action=index&area_id=11&cate_id=308&ci=4_1&controller=cate&gift=&key=2&order=2 ( act=cate&action=index ) 
ERR: Db Error: Unknown column 'contract_4' in 'where clause'
SELECT COUNT(*) AS nc_count FROM `goods_common` WHERE ( areaid_1 = '11' ) AND ( contract_4 = '1' ) AND ( contract_1 = '1' ) LIMIT 1  
[2020-07-17 20:34:18] /shop/index.php?action=index&area_id=30&cate_id=308&ci=4_2&controller=cate&key=2&new=1&order=2 ( act=cate&action=index ) 
ERR: Db Error: Unknown column 'contract_4' in 'where clause'
SELECT COUNT(*) AS nc_count FROM `goods_common` WHERE ( areaid_1 = '30' ) AND ( is_new_arrival = '1' ) AND ( contract_4 = '1' ) AND ( contract_2 = '1' ) LIMIT 1  
[2020-07-17 20:51:18] /shop/index.php?action=index&area_id=25&cate_id=256&ci=4_1&controller=cate&key=&order=&type= ( act=cate&action=index ) 
ERR: Db Error: Unknown column 'contract_4' in 'where clause'
SELECT COUNT(*) AS nc_count FROM `goods_common` WHERE ( areaid_1 = '25' ) AND ( contract_4 = '1' ) AND ( contract_1 = '1' ) LIMIT 1  
[2020-07-17 21:07:18] /shop/index.php?action=index&area_id=18&cate_id=308&ci=1_3&controller=cate&key=1&new=1&order=2 ( act=cate&action=index ) 
ERR: Db Error: Unknown column 'contract_1' in 'where clause'
SELECT COUNT(*) AS nc_count FROM `goods_common` WHERE ( areaid_1 = '18' ) AND ( is_new_arrival = '1' ) AND ( contract_1 = '1' ) AND ( contract_3 = '1' ) LIMIT 1  
[2020-07-17 21:22:28] /shop/index.php?action=index&area_id=29&cate_id=256&ci=1_3&controller=cate&key=3&order=2&type= ( act=cate&action=index ) 
ERR: Db Error: Unknown column 'contract_1' in 'where clause'
SELECT COUNT(*) AS nc_count FROM `goods_common` WHERE ( areaid_1 = '29' ) AND ( contract_1 = '1' ) AND ( contract_3 = '1' ) LIMIT 1  
[2020-07-17 21:33:56] /shop/index.php?controller=cate&action=index&cate_id=3968&key=3&order=1&area_id=4&new=&ci=3&type=&gift=&yx= ( act=cate&action=index ) 
ERR: Db Error: Unknown column 'contract_3' in 'where clause'
SELECT COUNT(*) AS nc_count FROM `goods_common` WHERE ( areaid_1 = '4' ) AND ( contract_3 = '1' ) LIMIT 1  
[2020-07-17 21:34:38] /shop/index.php?action=index&area_id=12&cate_id=308&ci=4_2&controller=cate&key=2&order=2&type= ( act=cate&action=index ) 
ERR: Db Error: Unknown column 'contract_4' in 'where clause'
SELECT COUNT(*) AS nc_count FROM `goods_common` WHERE ( areaid_1 = '12' ) AND ( contract_4 = '1' ) AND ( contract_2 = '1' ) LIMIT 1  
[2020-07-17 21:49:24] /shop/index.php?controller=cate&action=index&cate_id=4840&area_id=11&ci=3 ( act=cate&action=index ) 
ERR: Db Error: Unknown column 'contract_3' in 'where clause'
SELECT COUNT(*) AS nc_count FROM `goods_common` WHERE ( areaid_1 = '11' ) AND ( contract_3 = '1' ) LIMIT 1  
[2020-07-17 21:52:14] /shop/index.php?controller=cate&action=index&cate_id=3968&key=1&order=2&area_id=4&new=&ci=3&type=&gift=&yx= ( act=cate&action=index ) 
ERR: Db Error: Unknown column 'contract_3' in 'where clause'
SELECT COUNT(*) AS nc_count FROM `goods_common` WHERE ( areaid_1 = '4' ) AND ( contract_3 = '1' ) LIMIT 1  
[2020-07-17 21:55:19] /shop/index.php?action=index&area_id=2&cate_id=5519&ci=4_2&controller=cate&key=&new=1&order= ( act=cate&action=index ) 
ERR: Db Error: Unknown column 'contract_4' in 'where clause'
SELECT COUNT(*) AS nc_count FROM `goods_common` WHERE ( gc_id_3 = '5519' ) AND ( areaid_1 = '2' ) AND ( is_new_arrival = '1' ) AND ( contract_4 = '1' ) AND ( contract_2 = '1' ) LIMIT 1  
[2020-07-17 22:10:50] /shop/index.php?action=index&area_id=1&cate_id=308&ci=2_4&controller=cate&key=2&order=2&type=1 ( act=cate&action=index ) 
ERR: Db Error: Unknown column 'contract_2' in 'where clause'
SELECT COUNT(*) AS nc_count FROM `goods_common` WHERE ( areaid_1 = '1' ) AND ( is_own_shop = '1' ) AND ( contract_2 = '1' ) AND ( contract_4 = '1' ) LIMIT 1  
[2020-07-17 22:23:19] /shop/index.php?action=index&area_id=3&cate_id=256&ci=3_2_1&controller=cate&key=3&order=2&yx=1 ( act=cate&action=index ) 
ERR: Db Error: Unknown column 'contract_3' in 'where clause'
SELECT COUNT(*) AS nc_count FROM `goods_common` WHERE ( areaid_1 = '3' ) AND ( is_select = '1' ) AND ( contract_3 = '1' ) AND ( contract_2 = '1' ) AND ( contract_1 = '1' ) LIMIT 1  
[2020-07-17 22:36:29] /shop/index.php?action=index&area_id=3&cate_id=256&ci=2_1&controller=cate&key=2&order=2&type=1 ( act=cate&action=index ) 
ERR: Db Error: Unknown column 'contract_2' in 'where clause'
SELECT COUNT(*) AS nc_count FROM `goods_common` WHERE ( areaid_1 = '3' ) AND ( is_own_shop = '1' ) AND ( contract_2 = '1' ) AND ( contract_1 = '1' ) LIMIT 1  
[2020-07-17 22:53:19] /shop/index.php?action=index&area_id=12&cate_id=256&ci=3_1&controller=cate&gift=&key=1&order=2 ( act=cate&action=index ) 
ERR: Db Error: Unknown column 'contract_3' in 'where clause'
SELECT COUNT(*) AS nc_count FROM `goods_common` WHERE ( areaid_1 = '12' ) AND ( contract_3 = '1' ) AND ( contract_1 = '1' ) LIMIT 1  
[2020-07-17 23:11:19] /shop/index.php?action=index&area_id=5&cate_id=256&ci=4_2&controller=cate&key=3&order=2&type=1 ( act=cate&action=index ) 
ERR: Db Error: Unknown column 'contract_4' in 'where clause'
SELECT COUNT(*) AS nc_count FROM `goods_common` WHERE ( areaid_1 = '5' ) AND ( is_own_shop = '1' ) AND ( contract_4 = '1' ) AND ( contract_2 = '1' ) LIMIT 1  
