[2020-06-04 00:30:43] /shop/index.php?action=index&area_id=6&cate_id=202&ci=1&controller=cate&yx= ( act=cate&action=index ) 
ERR: Db Error: Unknown column 'contract_1' in 'where clause'
SELECT COUNT(*) AS nc_count FROM `goods_common` WHERE ( areaid_1 = '6' ) AND ( contract_1 = '1' ) LIMIT 1  
[2020-06-04 00:30:44] /shop/index.php?action=index&area_id=14&cate_id=856&ci=4_2&controller=cate&new=1 ( act=cate&action=index ) 
ERR: Db Error: Unknown column 'contract_4' in 'where clause'
SELECT COUNT(*) AS nc_count FROM `goods_common` WHERE ( areaid_1 = '14' ) AND ( is_new_arrival = '1' ) AND ( contract_4 = '1' ) AND ( contract_2 = '1' ) LIMIT 1  
[2020-06-04 00:34:45] /shop/index.php?action=index&area_id=33&cate_id=2&ci=4_2_1&controller=cate&yx=1 ( act=cate&action=index ) 
ERR: Db Error: Unknown column 'contract_4' in 'where clause'
SELECT COUNT(*) AS nc_count FROM `goods_common` WHERE ( areaid_1 = '33' ) AND ( is_select = '1' ) AND ( contract_4 = '1' ) AND ( contract_2 = '1' ) AND ( contract_1 = '1' ) LIMIT 1  
[2020-06-04 00:34:48] /shop/index.php?action=index&area_id=35&cate_id=667&ci=2_3&controller=cate ( act=cate&action=index ) 
ERR: Db Error: Unknown column 'contract_2' in 'where clause'
SELECT COUNT(*) AS nc_count FROM `goods_common` WHERE ( areaid_1 = '35' ) AND ( contract_2 = '1' ) AND ( contract_3 = '1' ) LIMIT 1  
[2020-06-04 00:41:27] /shop/index.php?action=index&area_id=1&cate_id=5482&ci=4_3&controller=cate&gift=1 ( act=cate&action=index ) 
ERR: Db Error: Unknown column 'contract_4' in 'where clause'
SELECT COUNT(*) AS nc_count FROM `goods_common` WHERE ( gc_id_2 = '5482' ) AND ( areaid_1 = '1' ) AND ( contract_4 = '1' ) AND ( contract_3 = '1' ) LIMIT 1  
[2020-06-04 00:51:48] /shop/index.php?controller=cate&action=index&cate_id=2338&ci=3_1_4_2&area_id=29&yx=1&type=1 ( act=cate&action=index ) 
ERR: Db Error: Unknown column 'contract_3' in 'where clause'
SELECT COUNT(*) AS nc_count FROM `goods_common` WHERE ( areaid_1 = '29' ) AND ( is_own_shop = '1' ) AND ( is_select = '1' ) AND ( contract_3 = '1' ) AND ( contract_1 = '1' ) AND ( contract_4 = '1' ) AND ( contract_2 = '1' ) LIMIT 1  
[2020-06-04 00:53:09] /shop/index.php?controller=cate&action=index&cate_id=2332&type=&key=1&order=1&area_id=27&gift=1&ci=2&yx= ( act=cate&action=index ) 
ERR: Db Error: Unknown column 'contract_2' in 'where clause'
SELECT COUNT(*) AS nc_count FROM `goods_common` WHERE ( areaid_1 = '27' ) AND ( contract_2 = '1' ) LIMIT 1  
[2020-06-04 00:53:44] /shop/index.php?action=index&area_id=20&cate_id=489&ci=3_2&controller=cate&key=&order= ( act=cate&action=index ) 
ERR: Db Error: Unknown column 'contract_3' in 'where clause'
SELECT COUNT(*) AS nc_count FROM `goods_common` WHERE ( areaid_1 = '20' ) AND ( contract_3 = '1' ) AND ( contract_2 = '1' ) LIMIT 1  
[2020-06-04 00:53:52] /shop/index.php?action=index&area_id=&cate_id=489&ci=3_2&controller=cate ( act=cate&action=index ) 
ERR: Db Error: Unknown column 'contract_3' in 'where clause'
SELECT COUNT(*) AS nc_count FROM `goods_common` WHERE ( contract_3 = '1' ) AND ( contract_2 = '1' ) LIMIT 1  
[2020-06-04 01:05:49] /shop/index.php?action=index&area_id=35&cate_id=857&ci=2_3&controller=cate&new=1 ( act=cate&action=index ) 
ERR: Db Error: Unknown column 'contract_2' in 'where clause'
SELECT COUNT(*) AS nc_count FROM `goods_common` WHERE ( areaid_1 = '35' ) AND ( is_new_arrival = '1' ) AND ( contract_2 = '1' ) AND ( contract_3 = '1' ) LIMIT 1  
[2020-06-04 01:21:16] /shop/index.php?action=index&area_id=31&cate_id=5526&ci=3_4&controller=cate&key=&order= ( act=cate&action=index ) 
ERR: Db Error: Unknown column 'contract_3' in 'where clause'
SELECT COUNT(*) AS nc_count FROM `goods_common` WHERE ( gc_id_2 = '5526' ) AND ( areaid_1 = '31' ) AND ( contract_3 = '1' ) AND ( contract_4 = '1' ) LIMIT 1  
[2020-06-04 01:26:18] /shop/index.php?action=index&area_id=26&cate_id=856&ci=3_2&controller=cate&key=1&order=2 ( act=cate&action=index ) 
ERR: Db Error: Unknown column 'contract_3' in 'where clause'
SELECT COUNT(*) AS nc_count FROM `goods_common` WHERE ( areaid_1 = '26' ) AND ( contract_3 = '1' ) AND ( contract_2 = '1' ) LIMIT 1  
[2020-06-04 01:26:22] /shop/index.php?action=index&area_id=22&cate_id=857&ci=2_3&controller=cate&key=2&order=2 ( act=cate&action=index ) 
ERR: Db Error: Unknown column 'contract_2' in 'where clause'
SELECT COUNT(*) AS nc_count FROM `goods_common` WHERE ( areaid_1 = '22' ) AND ( contract_2 = '1' ) AND ( contract_3 = '1' ) LIMIT 1  
[2020-06-04 01:27:48] /shop/index.php?controller=cate&action=index&cate_id=3837&ci=4_2&type=&new=&gift=1&key=3&order=1 ( act=cate&action=index ) 
ERR: Db Error: Unknown column 'contract_4' in 'where clause'
SELECT COUNT(*) AS nc_count FROM `goods_common` WHERE ( contract_4 = '1' ) AND ( contract_2 = '1' ) LIMIT 1  
[2020-06-04 01:30:45] /shop/index.php?action=index&area_id=26&cate_id=856&ci=3_2&controller=cate&key=2&order=2 ( act=cate&action=index ) 
ERR: Db Error: Unknown column 'contract_3' in 'where clause'
SELECT COUNT(*) AS nc_count FROM `goods_common` WHERE ( areaid_1 = '26' ) AND ( contract_3 = '1' ) AND ( contract_2 = '1' ) LIMIT 1  
[2020-06-04 01:36:15] /shop/index.php?action=index&area_id=31&cate_id=5552&ci=2&controller=cate ( act=cate&action=index ) 
ERR: Db Error: Unknown column 'contract_2' in 'where clause'
SELECT COUNT(*) AS nc_count FROM `goods_common` WHERE ( gc_id_3 = '5552' ) AND ( areaid_1 = '31' ) AND ( contract_2 = '1' ) LIMIT 1  
[2020-06-04 01:36:16] /shop/index.php?action=index&area_id=35&cate_id=857&ci=2_3&controller=cate&key=3&order=2 ( act=cate&action=index ) 
ERR: Db Error: Unknown column 'contract_2' in 'where clause'
SELECT COUNT(*) AS nc_count FROM `goods_common` WHERE ( areaid_1 = '35' ) AND ( contract_2 = '1' ) AND ( contract_3 = '1' ) LIMIT 1  
[2020-06-04 01:40:17] /shop/index.php?action=index&area_id=28&cate_id=856&ci=4_2&controller=cate&key=3&order=2 ( act=cate&action=index ) 
ERR: Db Error: Unknown column 'contract_4' in 'where clause'
SELECT COUNT(*) AS nc_count FROM `goods_common` WHERE ( areaid_1 = '28' ) AND ( contract_4 = '1' ) AND ( contract_2 = '1' ) LIMIT 1  
[2020-06-04 01:42:12] /shop/index.php?controller=cate&action=index&cate_id=4528&gift=1&new=1&key=3&order=2&ci=3&yx=1 ( act=cate&action=index ) 
ERR: Db Error: Unknown column 'contract_3' in 'where clause'
SELECT COUNT(*) AS nc_count FROM `goods_common` WHERE ( is_new_arrival = '1' ) AND ( is_select = '1' ) AND ( contract_3 = '1' ) LIMIT 1  
[2020-06-04 01:44:16] /shop/index.php?action=index&area_id=1&cate_id=5482&ci=4_3&controller=cate&key=2&order=2 ( act=cate&action=index ) 
ERR: Db Error: Unknown column 'contract_4' in 'where clause'
SELECT COUNT(*) AS nc_count FROM `goods_common` WHERE ( gc_id_2 = '5482' ) AND ( areaid_1 = '1' ) AND ( contract_4 = '1' ) AND ( contract_3 = '1' ) LIMIT 1  
[2020-06-04 01:49:17] /shop/index.php?action=index&area_id=14&cate_id=856&ci=4_2&controller=cate&key=2&order=2 ( act=cate&action=index ) 
ERR: Db Error: Unknown column 'contract_4' in 'where clause'
SELECT COUNT(*) AS nc_count FROM `goods_common` WHERE ( areaid_1 = '14' ) AND ( contract_4 = '1' ) AND ( contract_2 = '1' ) LIMIT 1  
[2020-06-04 01:49:20] /shop/index.php?action=index&area_id=30&cate_id=5560&ci=2&controller=cate ( act=cate&action=index ) 
ERR: Db Error: Unknown column 'contract_2' in 'where clause'
SELECT COUNT(*) AS nc_count FROM `goods_common` WHERE ( gc_id_2 = '5560' ) AND ( areaid_1 = '30' ) AND ( contract_2 = '1' ) LIMIT 1  
[2020-06-04 01:59:47] /shop/index.php?action=index&area_id=34&cate_id=5548&ci=1&controller=cate&key=&order= ( act=cate&action=index ) 
ERR: Db Error: Unknown column 'contract_1' in 'where clause'
SELECT COUNT(*) AS nc_count FROM `goods_common` WHERE ( gc_id_3 = '5548' ) AND ( areaid_1 = '34' ) AND ( contract_1 = '1' ) LIMIT 1  
[2020-06-04 02:03:48] /shop/index.php?controller=cate&action=index&cate_id=221&ci=4&area_id=3&new=1&key=&order=&yx=1&gift=1 ( act=cate&action=index ) 
ERR: Db Error: Unknown column 'contract_4' in 'where clause'
SELECT COUNT(*) AS nc_count FROM `goods_common` WHERE ( areaid_1 = '3' ) AND ( is_new_arrival = '1' ) AND ( is_select = '1' ) AND ( contract_4 = '1' ) LIMIT 1  
[2020-06-04 02:07:15] /shop/index.php?action=index&area_id=33&cate_id=5571&ci=2&controller=cate&type=&yx=1 ( act=cate&action=index ) 
ERR: Db Error: Unknown column 'contract_2' in 'where clause'
SELECT COUNT(*) AS nc_count FROM `goods_common` WHERE ( gc_id_2 = '5571' ) AND ( areaid_1 = '33' ) AND ( is_select = '1' ) AND ( contract_2 = '1' ) LIMIT 1  
[2020-06-04 02:11:16] /shop/index.php?action=index&area_id=10&cate_id=5497&ci=4&controller=cate ( act=cate&action=index ) 
ERR: Db Error: Unknown column 'contract_4' in 'where clause'
SELECT COUNT(*) AS nc_count FROM `goods_common` WHERE ( gc_id_3 = '5497' ) AND ( areaid_1 = '10' ) AND ( contract_4 = '1' ) LIMIT 1  
[2020-06-04 02:17:16] /shop/index.php?action=index&area_id=17&cate_id=856&ci=4_1&controller=cate ( act=cate&action=index ) 
ERR: Db Error: Unknown column 'contract_4' in 'where clause'
SELECT COUNT(*) AS nc_count FROM `goods_common` WHERE ( areaid_1 = '17' ) AND ( contract_4 = '1' ) AND ( contract_1 = '1' ) LIMIT 1  
[2020-06-04 02:17:18] /shop/index.php?action=index&area_id=6&cate_id=5526&ci=3_4&controller=cate ( act=cate&action=index ) 
ERR: Db Error: Unknown column 'contract_3' in 'where clause'
SELECT COUNT(*) AS nc_count FROM `goods_common` WHERE ( gc_id_2 = '5526' ) AND ( areaid_1 = '6' ) AND ( contract_3 = '1' ) AND ( contract_4 = '1' ) LIMIT 1  
[2020-06-04 02:18:12] /shop/index.php?controller=cate&action=index&cate_id=2171&type=&yx=&key=1&order=2&ci=3_2&gift= ( act=cate&action=index ) 
ERR: Db Error: Unknown column 'contract_3' in 'where clause'
SELECT COUNT(*) AS nc_count FROM `goods_common` WHERE ( contract_3 = '1' ) AND ( contract_2 = '1' ) LIMIT 1  
[2020-06-04 02:22:48] /shop/index.php?action=index&area_id=31&cate_id=5526&ci=4&controller=cate ( act=cate&action=index ) 
ERR: Db Error: Unknown column 'contract_4' in 'where clause'
SELECT COUNT(*) AS nc_count FROM `goods_common` WHERE ( gc_id_2 = '5526' ) AND ( areaid_1 = '31' ) AND ( contract_4 = '1' ) LIMIT 1  
[2020-06-04 02:26:17] /shop/index.php?action=index&area_id=7&cate_id=5526&ci=3_4&controller=cate ( act=cate&action=index ) 
ERR: Db Error: Unknown column 'contract_3' in 'where clause'
SELECT COUNT(*) AS nc_count FROM `goods_common` WHERE ( gc_id_2 = '5526' ) AND ( areaid_1 = '7' ) AND ( contract_3 = '1' ) AND ( contract_4 = '1' ) LIMIT 1  
[2020-06-04 02:31:17] /shop/index.php?action=index&area_id=6&cate_id=5519&ci=4_2&controller=cate&key=&order=&type=1 ( act=cate&action=index ) 
ERR: Db Error: Unknown column 'contract_4' in 'where clause'
SELECT COUNT(*) AS nc_count FROM `goods_common` WHERE ( gc_id_3 = '5519' ) AND ( areaid_1 = '6' ) AND ( is_own_shop = '1' ) AND ( contract_4 = '1' ) AND ( contract_2 = '1' ) LIMIT 1  
[2020-06-04 02:35:17] /shop/index.php?action=index&area_id=6&cate_id=5519&ci=4_2&controller=cate&key=&new=1&order= ( act=cate&action=index ) 
ERR: Db Error: Unknown column 'contract_4' in 'where clause'
SELECT COUNT(*) AS nc_count FROM `goods_common` WHERE ( gc_id_3 = '5519' ) AND ( areaid_1 = '6' ) AND ( is_new_arrival = '1' ) AND ( contract_4 = '1' ) AND ( contract_2 = '1' ) LIMIT 1  
[2020-06-04 02:35:19] /shop/index.php?action=index&area_id=6&cate_id=5519&ci=4_2&controller=cate&gift=1&key=&order= ( act=cate&action=index ) 
ERR: Db Error: Unknown column 'contract_4' in 'where clause'
SELECT COUNT(*) AS nc_count FROM `goods_common` WHERE ( gc_id_3 = '5519' ) AND ( areaid_1 = '6' ) AND ( contract_4 = '1' ) AND ( contract_2 = '1' ) LIMIT 1  
[2020-06-04 03:08:36] /shop/index.php?controller=cate&action=index&cate_id=2791&key=&order=&ci=3&area_id=12 ( act=cate&action=index ) 
ERR: Db Error: Unknown column 'contract_3' in 'where clause'
SELECT COUNT(*) AS nc_count FROM `goods_common` WHERE ( areaid_1 = '12' ) AND ( contract_3 = '1' ) LIMIT 1  
[2020-06-04 03:22:23] /shop/index.php?action=index&area_id=&cate_id=5566&ci=4_2&controller=cate ( act=cate&action=index ) 
ERR: Db Error: Unknown column 'contract_4' in 'where clause'
SELECT COUNT(*) AS nc_count FROM `goods_common` WHERE ( gc_id_3 = '5566' ) AND ( contract_4 = '1' ) AND ( contract_2 = '1' ) LIMIT 1  
[2020-06-04 03:27:11] /shop/index.php?action=index&area_id=21&cate_id=5495&ci=4_3&controller=cate ( act=cate&action=index ) 
ERR: Db Error: Unknown column 'contract_4' in 'where clause'
SELECT COUNT(*) AS nc_count FROM `goods_common` WHERE ( gc_id_2 = '5495' ) AND ( areaid_1 = '21' ) AND ( contract_4 = '1' ) AND ( contract_3 = '1' ) LIMIT 1  
[2020-06-04 03:46:44] /shop/index.php?action=index&area_id=32&cate_id=5510&ci=4&controller=cate ( act=cate&action=index ) 
ERR: Db Error: Unknown column 'contract_4' in 'where clause'
SELECT COUNT(*) AS nc_count FROM `goods_common` WHERE ( gc_id_1 = '5510' ) AND ( areaid_1 = '32' ) AND ( contract_4 = '1' ) LIMIT 1  
[2020-06-04 04:09:14] /shop/index.php?action=index&area_id=17&cate_id=5495&ci=4_3&controller=cate ( act=cate&action=index ) 
ERR: Db Error: Unknown column 'contract_4' in 'where clause'
SELECT COUNT(*) AS nc_count FROM `goods_common` WHERE ( gc_id_2 = '5495' ) AND ( areaid_1 = '17' ) AND ( contract_4 = '1' ) AND ( contract_3 = '1' ) LIMIT 1  
[2020-06-04 05:04:18] /shop/index.php?action=index&area_id=10&cate_id=2155&ci=4&controller=cate ( act=cate&action=index ) 
ERR: Db Error: Unknown column 'contract_4' in 'where clause'
SELECT COUNT(*) AS nc_count FROM `goods_common` WHERE ( gc_id_2 = '2155' ) AND ( areaid_1 = '10' ) AND ( contract_4 = '1' ) LIMIT 1  
[2020-06-04 05:11:00] /shop/index.php?controller=cate&action=index&cate_id=2298&type=1&new=&key=2&order=1&gift=1&ci=2 ( act=cate&action=index ) 
ERR: Db Error: Unknown column 'contract_2' in 'where clause'
SELECT COUNT(*) AS nc_count FROM `goods_common` WHERE ( is_own_shop = '1' ) AND ( contract_2 = '1' ) LIMIT 1  
[2020-06-04 05:21:49] /shop/index.php?action=index&area_id=7&cate_id=856&ci=3_1&controller=cate&type=1 ( act=cate&action=index ) 
ERR: Db Error: Unknown column 'contract_3' in 'where clause'
SELECT COUNT(*) AS nc_count FROM `goods_common` WHERE ( areaid_1 = '7' ) AND ( is_own_shop = '1' ) AND ( contract_3 = '1' ) AND ( contract_1 = '1' ) LIMIT 1  
[2020-06-04 05:27:19] /shop/index.php?action=index&area_id=29&cate_id=2&ci=4_2_1&controller=cate ( act=cate&action=index ) 
ERR: Db Error: Unknown column 'contract_4' in 'where clause'
SELECT COUNT(*) AS nc_count FROM `goods_common` WHERE ( areaid_1 = '29' ) AND ( contract_4 = '1' ) AND ( contract_2 = '1' ) AND ( contract_1 = '1' ) LIMIT 1  
[2020-06-04 05:27:20] /shop/index.php?action=index&area_id=13&cate_id=5548&ci=1&controller=cate&key=&order=&type=1 ( act=cate&action=index ) 
ERR: Db Error: Unknown column 'contract_1' in 'where clause'
SELECT COUNT(*) AS nc_count FROM `goods_common` WHERE ( gc_id_3 = '5548' ) AND ( areaid_1 = '13' ) AND ( is_own_shop = '1' ) AND ( contract_1 = '1' ) LIMIT 1  
[2020-06-04 05:35:19] /shop/index.php?action=index&area_id=3&cate_id=5548&ci=1&controller=cate&gift=1 ( act=cate&action=index ) 
ERR: Db Error: Unknown column 'contract_1' in 'where clause'
SELECT COUNT(*) AS nc_count FROM `goods_common` WHERE ( gc_id_3 = '5548' ) AND ( areaid_1 = '3' ) AND ( contract_1 = '1' ) LIMIT 1  
[2020-06-04 05:46:52] /shop/index.php?action=index&area_id=34&cate_id=5548&ci=1&controller=cate&gift=1&key=1&order=2 ( act=cate&action=index ) 
ERR: Db Error: Unknown column 'contract_1' in 'where clause'
SELECT COUNT(*) AS nc_count FROM `goods_common` WHERE ( gc_id_3 = '5548' ) AND ( areaid_1 = '34' ) AND ( contract_1 = '1' ) LIMIT 1  
[2020-06-04 05:51:10] /shop/index.php?action=index&area_id=34&cate_id=5548&ci=1&controller=cate&gift=1&key=3&order=2 ( act=cate&action=index ) 
ERR: Db Error: Unknown column 'contract_1' in 'where clause'
SELECT COUNT(*) AS nc_count FROM `goods_common` WHERE ( gc_id_3 = '5548' ) AND ( areaid_1 = '34' ) AND ( contract_1 = '1' ) LIMIT 1  
[2020-06-04 05:55:21] /shop/index.php?action=index&area_id=34&cate_id=5548&ci=1&controller=cate&gift=1&key=&order= ( act=cate&action=index ) 
ERR: Db Error: Unknown column 'contract_1' in 'where clause'
SELECT COUNT(*) AS nc_count FROM `goods_common` WHERE ( gc_id_3 = '5548' ) AND ( areaid_1 = '34' ) AND ( contract_1 = '1' ) LIMIT 1  
[2020-06-04 05:55:22] /shop/index.php?action=index&area_id=34&cate_id=5548&ci=1&controller=cate&gift=1&key=2&order=2 ( act=cate&action=index ) 
ERR: Db Error: Unknown column 'contract_1' in 'where clause'
SELECT COUNT(*) AS nc_count FROM `goods_common` WHERE ( gc_id_3 = '5548' ) AND ( areaid_1 = '34' ) AND ( contract_1 = '1' ) LIMIT 1  
[2020-06-04 06:00:51] /shop/index.php?action=index&area_id=3&cate_id=5548&ci=1&controller=cate&key=3&new=1&order=2 ( act=cate&action=index ) 
ERR: Db Error: Unknown column 'contract_1' in 'where clause'
SELECT COUNT(*) AS nc_count FROM `goods_common` WHERE ( gc_id_3 = '5548' ) AND ( areaid_1 = '3' ) AND ( is_new_arrival = '1' ) AND ( contract_1 = '1' ) LIMIT 1  
[2020-06-04 06:05:43] /shop/index.php?action=index&area_id=3&cate_id=5548&ci=1&controller=cate&key=2&new=1&order=2 ( act=cate&action=index ) 
ERR: Db Error: Unknown column 'contract_1' in 'where clause'
SELECT COUNT(*) AS nc_count FROM `goods_common` WHERE ( gc_id_3 = '5548' ) AND ( areaid_1 = '3' ) AND ( is_new_arrival = '1' ) AND ( contract_1 = '1' ) LIMIT 1  
[2020-06-04 06:10:12] /shop/index.php?action=index&area_id=3&cate_id=5548&ci=1&controller=cate&key=1&new=1&order=2 ( act=cate&action=index ) 
ERR: Db Error: Unknown column 'contract_1' in 'where clause'
SELECT COUNT(*) AS nc_count FROM `goods_common` WHERE ( gc_id_3 = '5548' ) AND ( areaid_1 = '3' ) AND ( is_new_arrival = '1' ) AND ( contract_1 = '1' ) LIMIT 1  
[2020-06-04 06:14:43] /shop/index.php?action=index&area_id=34&cate_id=5548&ci=1&controller=cate&key=1&order=2&yx=1 ( act=cate&action=index ) 
ERR: Db Error: Unknown column 'contract_1' in 'where clause'
SELECT COUNT(*) AS nc_count FROM `goods_common` WHERE ( gc_id_3 = '5548' ) AND ( areaid_1 = '34' ) AND ( is_select = '1' ) AND ( contract_1 = '1' ) LIMIT 1  
[2020-06-04 06:14:44] /shop/index.php?action=index&area_id=3&cate_id=5548&ci=1&controller=cate&key=&new=1&order= ( act=cate&action=index ) 
ERR: Db Error: Unknown column 'contract_1' in 'where clause'
SELECT COUNT(*) AS nc_count FROM `goods_common` WHERE ( gc_id_3 = '5548' ) AND ( areaid_1 = '3' ) AND ( is_new_arrival = '1' ) AND ( contract_1 = '1' ) LIMIT 1  
[2020-06-04 06:21:14] /shop/index.php?action=index&area_id=34&cate_id=5548&ci=1&controller=cate&key=2&order=2&yx=1 ( act=cate&action=index ) 
ERR: Db Error: Unknown column 'contract_1' in 'where clause'
SELECT COUNT(*) AS nc_count FROM `goods_common` WHERE ( gc_id_3 = '5548' ) AND ( areaid_1 = '34' ) AND ( is_select = '1' ) AND ( contract_1 = '1' ) LIMIT 1  
[2020-06-04 06:26:14] /shop/index.php?action=index&area_id=34&cate_id=5548&ci=1&controller=cate&key=&order=&yx=1 ( act=cate&action=index ) 
ERR: Db Error: Unknown column 'contract_1' in 'where clause'
SELECT COUNT(*) AS nc_count FROM `goods_common` WHERE ( gc_id_3 = '5548' ) AND ( areaid_1 = '34' ) AND ( is_select = '1' ) AND ( contract_1 = '1' ) LIMIT 1  
[2020-06-04 06:26:15] /shop/index.php?action=index&area_id=9&cate_id=5495&ci=4_3&controller=cate ( act=cate&action=index ) 
ERR: Db Error: Unknown column 'contract_4' in 'where clause'
SELECT COUNT(*) AS nc_count FROM `goods_common` WHERE ( gc_id_2 = '5495' ) AND ( areaid_1 = '9' ) AND ( contract_4 = '1' ) AND ( contract_3 = '1' ) LIMIT 1  
[2020-06-04 06:26:15] /shop/index.php?action=index&area_id=3&cate_id=5548&ci=1&controller=cate&key=2&order=2&yx=1 ( act=cate&action=index ) 
ERR: Db Error: Unknown column 'contract_1' in 'where clause'
SELECT COUNT(*) AS nc_count FROM `goods_common` WHERE ( gc_id_3 = '5548' ) AND ( areaid_1 = '3' ) AND ( is_select = '1' ) AND ( contract_1 = '1' ) LIMIT 1  
[2020-06-04 06:33:14] /shop/index.php?action=index&area_id=3&cate_id=5548&ci=1&controller=cate&key=1&order=2&yx=1 ( act=cate&action=index ) 
ERR: Db Error: Unknown column 'contract_1' in 'where clause'
SELECT COUNT(*) AS nc_count FROM `goods_common` WHERE ( gc_id_3 = '5548' ) AND ( areaid_1 = '3' ) AND ( is_select = '1' ) AND ( contract_1 = '1' ) LIMIT 1  
[2020-06-04 06:37:44] /shop/index.php?action=index&area_id=13&cate_id=5548&ci=1&controller=cate&key=1&order=2&yx=1 ( act=cate&action=index ) 
ERR: Db Error: Unknown column 'contract_1' in 'where clause'
SELECT COUNT(*) AS nc_count FROM `goods_common` WHERE ( gc_id_3 = '5548' ) AND ( areaid_1 = '13' ) AND ( is_select = '1' ) AND ( contract_1 = '1' ) LIMIT 1  
[2020-06-04 06:37:45] /shop/index.php?action=index&area_id=3&cate_id=5548&ci=1&controller=cate&key=3&order=2&yx=1 ( act=cate&action=index ) 
ERR: Db Error: Unknown column 'contract_1' in 'where clause'
SELECT COUNT(*) AS nc_count FROM `goods_common` WHERE ( gc_id_3 = '5548' ) AND ( areaid_1 = '3' ) AND ( is_select = '1' ) AND ( contract_1 = '1' ) LIMIT 1  
[2020-06-04 06:45:45] /shop/index.php?action=index&area_id=13&cate_id=5548&ci=1&controller=cate&key=&order=&yx=1 ( act=cate&action=index ) 
ERR: Db Error: Unknown column 'contract_1' in 'where clause'
SELECT COUNT(*) AS nc_count FROM `goods_common` WHERE ( gc_id_3 = '5548' ) AND ( areaid_1 = '13' ) AND ( is_select = '1' ) AND ( contract_1 = '1' ) LIMIT 1  
[2020-06-04 06:50:31] /shop/index.php?action=index&area_id=13&cate_id=5548&ci=1&controller=cate&key=2&order=2&yx=1 ( act=cate&action=index ) 
ERR: Db Error: Unknown column 'contract_1' in 'where clause'
SELECT COUNT(*) AS nc_count FROM `goods_common` WHERE ( gc_id_3 = '5548' ) AND ( areaid_1 = '13' ) AND ( is_select = '1' ) AND ( contract_1 = '1' ) LIMIT 1  
[2020-06-04 06:50:43] /shop/index.php?action=index&area_id=13&cate_id=5548&ci=1&controller=cate&key=3&order=2&yx=1 ( act=cate&action=index ) 
ERR: Db Error: Unknown column 'contract_1' in 'where clause'
SELECT COUNT(*) AS nc_count FROM `goods_common` WHERE ( gc_id_3 = '5548' ) AND ( areaid_1 = '13' ) AND ( is_select = '1' ) AND ( contract_1 = '1' ) LIMIT 1  
[2020-06-04 06:57:15] /shop/index.php?action=index&area_id=34&cate_id=5548&ci=1&controller=cate&key=3&order=2&yx=1 ( act=cate&action=index ) 
ERR: Db Error: Unknown column 'contract_1' in 'where clause'
SELECT COUNT(*) AS nc_count FROM `goods_common` WHERE ( gc_id_3 = '5548' ) AND ( areaid_1 = '34' ) AND ( is_select = '1' ) AND ( contract_1 = '1' ) LIMIT 1  
[2020-06-04 06:57:17] /shop/index.php?action=index&area_id=34&cate_id=5548&ci=1&controller=cate&gift=1&type=1 ( act=cate&action=index ) 
ERR: Db Error: Unknown column 'contract_1' in 'where clause'
SELECT COUNT(*) AS nc_count FROM `goods_common` WHERE ( gc_id_3 = '5548' ) AND ( areaid_1 = '34' ) AND ( is_own_shop = '1' ) AND ( contract_1 = '1' ) LIMIT 1  
[2020-06-04 07:08:45] /shop/index.php?action=index&area_id=13&cate_id=5548&ci=1&controller=cate&key=3&order=2 ( act=cate&action=index ) 
ERR: Db Error: Unknown column 'contract_1' in 'where clause'
SELECT COUNT(*) AS nc_count FROM `goods_common` WHERE ( gc_id_3 = '5548' ) AND ( areaid_1 = '13' ) AND ( contract_1 = '1' ) LIMIT 1  
[2020-06-04 07:08:47] /shop/index.php?action=index&area_id=13&cate_id=5548&ci=1&controller=cate&key=2&order=2 ( act=cate&action=index ) 
ERR: Db Error: Unknown column 'contract_1' in 'where clause'
SELECT COUNT(*) AS nc_count FROM `goods_common` WHERE ( gc_id_3 = '5548' ) AND ( areaid_1 = '13' ) AND ( contract_1 = '1' ) LIMIT 1  
[2020-06-04 07:15:45] /shop/index.php?action=index&area_id=13&cate_id=5548&ci=1&controller=cate&key=1&order=2 ( act=cate&action=index ) 
ERR: Db Error: Unknown column 'contract_1' in 'where clause'
SELECT COUNT(*) AS nc_count FROM `goods_common` WHERE ( gc_id_3 = '5548' ) AND ( areaid_1 = '13' ) AND ( contract_1 = '1' ) LIMIT 1  
[2020-06-04 07:19:15] /shop/index.php?action=index&area_id=17&cate_id=5495&ci=2_1&controller=cate ( act=cate&action=index ) 
ERR: Db Error: Unknown column 'contract_2' in 'where clause'
SELECT COUNT(*) AS nc_count FROM `goods_common` WHERE ( gc_id_2 = '5495' ) AND ( areaid_1 = '17' ) AND ( contract_2 = '1' ) AND ( contract_1 = '1' ) LIMIT 1  
[2020-06-04 07:19:16] /shop/index.php?action=index&area_id=34&cate_id=5548&ci=1&controller=cate&gift=1&new=1 ( act=cate&action=index ) 
ERR: Db Error: Unknown column 'contract_1' in 'where clause'
SELECT COUNT(*) AS nc_count FROM `goods_common` WHERE ( gc_id_3 = '5548' ) AND ( areaid_1 = '34' ) AND ( is_new_arrival = '1' ) AND ( contract_1 = '1' ) LIMIT 1  
[2020-06-04 07:23:15] /shop/index.php?action=index&area_id=34&cate_id=5548&ci=1_4&controller=cate&gift=1 ( act=cate&action=index ) 
ERR: Db Error: Unknown column 'contract_1' in 'where clause'
SELECT COUNT(*) AS nc_count FROM `goods_common` WHERE ( gc_id_3 = '5548' ) AND ( areaid_1 = '34' ) AND ( contract_1 = '1' ) AND ( contract_4 = '1' ) LIMIT 1  
[2020-06-04 07:28:45] /shop/index.php?action=index&area_id=34&cate_id=5548&ci=1_3&controller=cate&gift=1 ( act=cate&action=index ) 
ERR: Db Error: Unknown column 'contract_1' in 'where clause'
SELECT COUNT(*) AS nc_count FROM `goods_common` WHERE ( gc_id_3 = '5548' ) AND ( areaid_1 = '34' ) AND ( contract_1 = '1' ) AND ( contract_3 = '1' ) LIMIT 1  
[2020-06-04 07:28:53] /shop/index.php?action=index&area_id=34&cate_id=5548&ci=1_2&controller=cate&gift=1 ( act=cate&action=index ) 
ERR: Db Error: Unknown column 'contract_1' in 'where clause'
SELECT COUNT(*) AS nc_count FROM `goods_common` WHERE ( gc_id_3 = '5548' ) AND ( areaid_1 = '34' ) AND ( contract_1 = '1' ) AND ( contract_2 = '1' ) LIMIT 1  
[2020-06-04 07:34:45] /shop/index.php?action=index&area_id=21&cate_id=5548&ci=1&controller=cate&gift=1 ( act=cate&action=index ) 
ERR: Db Error: Unknown column 'contract_1' in 'where clause'
SELECT COUNT(*) AS nc_count FROM `goods_common` WHERE ( gc_id_3 = '5548' ) AND ( areaid_1 = '21' ) AND ( contract_1 = '1' ) LIMIT 1  
[2020-06-04 07:38:15] /shop/index.php?action=index&area_id=23&cate_id=5548&ci=1&controller=cate&gift=1 ( act=cate&action=index ) 
ERR: Db Error: Unknown column 'contract_1' in 'where clause'
SELECT COUNT(*) AS nc_count FROM `goods_common` WHERE ( gc_id_3 = '5548' ) AND ( areaid_1 = '23' ) AND ( contract_1 = '1' ) LIMIT 1  
[2020-06-04 07:44:45] /shop/index.php?action=index&area_id=30&cate_id=5532&ci=1&controller=cate ( act=cate&action=index ) 
ERR: Db Error: Unknown column 'contract_1' in 'where clause'
SELECT COUNT(*) AS nc_count FROM `goods_common` WHERE ( gc_id_2 = '5532' ) AND ( areaid_1 = '30' ) AND ( contract_1 = '1' ) LIMIT 1  
[2020-06-04 07:44:53] /shop/index.php?action=index&area_id=30&cate_id=5548&ci=1&controller=cate&gift=1 ( act=cate&action=index ) 
ERR: Db Error: Unknown column 'contract_1' in 'where clause'
SELECT COUNT(*) AS nc_count FROM `goods_common` WHERE ( gc_id_3 = '5548' ) AND ( areaid_1 = '30' ) AND ( contract_1 = '1' ) LIMIT 1  
[2020-06-04 07:45:01] /shop/index.php?action=index&area_id=11&cate_id=5548&ci=1&controller=cate&gift=1 ( act=cate&action=index ) 
ERR: Db Error: Unknown column 'contract_1' in 'where clause'
SELECT COUNT(*) AS nc_count FROM `goods_common` WHERE ( gc_id_3 = '5548' ) AND ( areaid_1 = '11' ) AND ( contract_1 = '1' ) LIMIT 1  
[2020-06-04 07:50:45] /shop/index.php?action=index&area_id=25&cate_id=5548&ci=1&controller=cate&gift=1 ( act=cate&action=index ) 
ERR: Db Error: Unknown column 'contract_1' in 'where clause'
SELECT COUNT(*) AS nc_count FROM `goods_common` WHERE ( gc_id_3 = '5548' ) AND ( areaid_1 = '25' ) AND ( contract_1 = '1' ) LIMIT 1  
[2020-06-04 07:55:16] /shop/index.php?action=index&area_id=28&cate_id=5548&ci=1&controller=cate&gift=1 ( act=cate&action=index ) 
ERR: Db Error: Unknown column 'contract_1' in 'where clause'
SELECT COUNT(*) AS nc_count FROM `goods_common` WHERE ( gc_id_3 = '5548' ) AND ( areaid_1 = '28' ) AND ( contract_1 = '1' ) LIMIT 1  
[2020-06-04 07:59:46] /shop/index.php?action=index&area_id=25&cate_id=762&ci=3_1_4&controller=cate&type= ( act=cate&action=index ) 
ERR: Db Error: Unknown column 'contract_3' in 'where clause'
SELECT COUNT(*) AS nc_count FROM `goods_common` WHERE ( areaid_1 = '25' ) AND ( contract_3 = '1' ) AND ( contract_1 = '1' ) AND ( contract_4 = '1' ) LIMIT 1  
[2020-06-04 07:59:47] /shop/index.php?action=index&area_id=35&cate_id=5548&ci=1&controller=cate&gift=1 ( act=cate&action=index ) 
ERR: Db Error: Unknown column 'contract_1' in 'where clause'
SELECT COUNT(*) AS nc_count FROM `goods_common` WHERE ( gc_id_3 = '5548' ) AND ( areaid_1 = '35' ) AND ( contract_1 = '1' ) LIMIT 1  
[2020-06-04 08:03:47] /shop/index.php?action=index&area_id=12&cate_id=5548&ci=1&controller=cate&gift=1 ( act=cate&action=index ) 
ERR: Db Error: Unknown column 'contract_1' in 'where clause'
SELECT COUNT(*) AS nc_count FROM `goods_common` WHERE ( gc_id_3 = '5548' ) AND ( areaid_1 = '12' ) AND ( contract_1 = '1' ) LIMIT 1  
[2020-06-04 08:03:47] /shop/index.php?action=index&area_id=26&cate_id=5548&ci=1&controller=cate&gift=1 ( act=cate&action=index ) 
ERR: Db Error: Unknown column 'contract_1' in 'where clause'
SELECT COUNT(*) AS nc_count FROM `goods_common` WHERE ( gc_id_3 = '5548' ) AND ( areaid_1 = '26' ) AND ( contract_1 = '1' ) LIMIT 1  
[2020-06-04 08:11:17] /shop/index.php?action=index&area_id=16&cate_id=5548&ci=1&controller=cate&gift=1 ( act=cate&action=index ) 
ERR: Db Error: Unknown column 'contract_1' in 'where clause'
SELECT COUNT(*) AS nc_count FROM `goods_common` WHERE ( gc_id_3 = '5548' ) AND ( areaid_1 = '16' ) AND ( contract_1 = '1' ) LIMIT 1  
[2020-06-04 08:11:18] /shop/index.php?action=index&area_id=33&cate_id=5548&ci=1&controller=cate&gift=1 ( act=cate&action=index ) 
ERR: Db Error: Unknown column 'contract_1' in 'where clause'
SELECT COUNT(*) AS nc_count FROM `goods_common` WHERE ( gc_id_3 = '5548' ) AND ( areaid_1 = '33' ) AND ( contract_1 = '1' ) LIMIT 1  
[2020-06-04 08:18:46] /shop/index.php?action=index&area_id=31&cate_id=5548&ci=1&controller=cate&gift=1 ( act=cate&action=index ) 
ERR: Db Error: Unknown column 'contract_1' in 'where clause'
SELECT COUNT(*) AS nc_count FROM `goods_common` WHERE ( gc_id_3 = '5548' ) AND ( areaid_1 = '31' ) AND ( contract_1 = '1' ) LIMIT 1  
[2020-06-04 08:22:47] /shop/index.php?action=index&area_id=18&cate_id=5548&ci=1&controller=cate&gift=1 ( act=cate&action=index ) 
ERR: Db Error: Unknown column 'contract_1' in 'where clause'
SELECT COUNT(*) AS nc_count FROM `goods_common` WHERE ( gc_id_3 = '5548' ) AND ( areaid_1 = '18' ) AND ( contract_1 = '1' ) LIMIT 1  
[2020-06-04 08:26:47] /shop/index.php?action=index&area_id=6&cate_id=5548&ci=1&controller=cate&gift=1 ( act=cate&action=index ) 
ERR: Db Error: Unknown column 'contract_1' in 'where clause'
SELECT COUNT(*) AS nc_count FROM `goods_common` WHERE ( gc_id_3 = '5548' ) AND ( areaid_1 = '6' ) AND ( contract_1 = '1' ) LIMIT 1  
[2020-06-04 08:26:50] /shop/index.php?action=index&area_id=9&cate_id=5548&ci=1&controller=cate&gift=1 ( act=cate&action=index ) 
ERR: Db Error: Unknown column 'contract_1' in 'where clause'
SELECT COUNT(*) AS nc_count FROM `goods_common` WHERE ( gc_id_3 = '5548' ) AND ( areaid_1 = '9' ) AND ( contract_1 = '1' ) LIMIT 1  
[2020-06-04 08:35:17] /shop/index.php?action=index&area_id=1&cate_id=5548&ci=1&controller=cate&gift=1 ( act=cate&action=index ) 
ERR: Db Error: Unknown column 'contract_1' in 'where clause'
SELECT COUNT(*) AS nc_count FROM `goods_common` WHERE ( gc_id_3 = '5548' ) AND ( areaid_1 = '1' ) AND ( contract_1 = '1' ) LIMIT 1  
[2020-06-04 08:35:25] /shop/index.php?action=index&area_id=34&cate_id=5548&ci=1&controller=cate&gift= ( act=cate&action=index ) 
ERR: Db Error: Unknown column 'contract_1' in 'where clause'
SELECT COUNT(*) AS nc_count FROM `goods_common` WHERE ( gc_id_3 = '5548' ) AND ( areaid_1 = '34' ) AND ( contract_1 = '1' ) LIMIT 1  
[2020-06-04 08:42:17] /shop/index.php?action=index&area_id=5&cate_id=5548&ci=1&controller=cate&gift=1 ( act=cate&action=index ) 
ERR: Db Error: Unknown column 'contract_1' in 'where clause'
SELECT COUNT(*) AS nc_count FROM `goods_common` WHERE ( gc_id_3 = '5548' ) AND ( areaid_1 = '5' ) AND ( contract_1 = '1' ) LIMIT 1  
[2020-06-04 08:45:47] /shop/index.php?action=index&area_id=29&cate_id=5548&ci=1&controller=cate&gift=1 ( act=cate&action=index ) 
ERR: Db Error: Unknown column 'contract_1' in 'where clause'
SELECT COUNT(*) AS nc_count FROM `goods_common` WHERE ( gc_id_3 = '5548' ) AND ( areaid_1 = '29' ) AND ( contract_1 = '1' ) LIMIT 1  
[2020-06-04 08:46:35] /shop/index.php?controller=cate&action=index&cate_id=1003&new=1&area_id=23&ci=1 ( act=cate&action=index ) 
ERR: Db Error: Unknown column 'contract_1' in 'where clause'
SELECT COUNT(*) AS nc_count FROM `goods_common` WHERE ( areaid_1 = '23' ) AND ( is_new_arrival = '1' ) AND ( contract_1 = '1' ) LIMIT 1  
[2020-06-04 08:47:20] /shop/index.php?action=index&area_id=11&cate_id=856&ci=4_3&controller=cate ( act=cate&action=index ) 
ERR: Db Error: Unknown column 'contract_4' in 'where clause'
SELECT COUNT(*) AS nc_count FROM `goods_common` WHERE ( areaid_1 = '11' ) AND ( contract_4 = '1' ) AND ( contract_3 = '1' ) LIMIT 1  
[2020-06-04 08:51:17] /shop/index.php?action=index&area_id=24&cate_id=5548&ci=1&controller=cate&gift=1 ( act=cate&action=index ) 
ERR: Db Error: Unknown column 'contract_1' in 'where clause'
SELECT COUNT(*) AS nc_count FROM `goods_common` WHERE ( gc_id_3 = '5548' ) AND ( areaid_1 = '24' ) AND ( contract_1 = '1' ) LIMIT 1  
[2020-06-04 08:51:19] /shop/index.php?action=index&area_id=20&cate_id=5548&ci=1&controller=cate&gift=1 ( act=cate&action=index ) 
ERR: Db Error: Unknown column 'contract_1' in 'where clause'
SELECT COUNT(*) AS nc_count FROM `goods_common` WHERE ( gc_id_3 = '5548' ) AND ( areaid_1 = '20' ) AND ( contract_1 = '1' ) LIMIT 1  
[2020-06-04 08:56:47] /shop/index.php?action=index&area_id=13&cate_id=5548&ci=1&controller=cate&gift=1 ( act=cate&action=index ) 
ERR: Db Error: Unknown column 'contract_1' in 'where clause'
SELECT COUNT(*) AS nc_count FROM `goods_common` WHERE ( gc_id_3 = '5548' ) AND ( areaid_1 = '13' ) AND ( contract_1 = '1' ) LIMIT 1  
[2020-06-04 09:05:46] /shop/index.php?action=index&area_id=4&cate_id=5548&ci=1&controller=cate&gift=1 ( act=cate&action=index ) 
ERR: Db Error: Unknown column 'contract_1' in 'where clause'
SELECT COUNT(*) AS nc_count FROM `goods_common` WHERE ( gc_id_3 = '5548' ) AND ( areaid_1 = '4' ) AND ( contract_1 = '1' ) LIMIT 1  
[2020-06-04 09:09:48] /shop/index.php?action=index&area_id=19&cate_id=5548&ci=1&controller=cate&gift=1 ( act=cate&action=index ) 
ERR: Db Error: Unknown column 'contract_1' in 'where clause'
SELECT COUNT(*) AS nc_count FROM `goods_common` WHERE ( gc_id_3 = '5548' ) AND ( areaid_1 = '19' ) AND ( contract_1 = '1' ) LIMIT 1  
[2020-06-04 09:14:47] /shop/index.php?action=index&area_id=2&cate_id=5548&ci=1&controller=cate&gift=1 ( act=cate&action=index ) 
ERR: Db Error: Unknown column 'contract_1' in 'where clause'
SELECT COUNT(*) AS nc_count FROM `goods_common` WHERE ( gc_id_3 = '5548' ) AND ( areaid_1 = '2' ) AND ( contract_1 = '1' ) LIMIT 1  
[2020-06-04 09:14:50] /shop/index.php?action=index&area_id=7&cate_id=5548&ci=1&controller=cate&gift=1 ( act=cate&action=index ) 
ERR: Db Error: Unknown column 'contract_1' in 'where clause'
SELECT COUNT(*) AS nc_count FROM `goods_common` WHERE ( gc_id_3 = '5548' ) AND ( areaid_1 = '7' ) AND ( contract_1 = '1' ) LIMIT 1  
[2020-06-04 09:21:47] /shop/index.php?action=index&area_id=17&cate_id=5548&ci=1&controller=cate&gift=1 ( act=cate&action=index ) 
ERR: Db Error: Unknown column 'contract_1' in 'where clause'
SELECT COUNT(*) AS nc_count FROM `goods_common` WHERE ( gc_id_3 = '5548' ) AND ( areaid_1 = '17' ) AND ( contract_1 = '1' ) LIMIT 1  
[2020-06-04 09:28:18] /shop/index.php?action=index&area_id=15&cate_id=5548&ci=1&controller=cate&gift=1 ( act=cate&action=index ) 
ERR: Db Error: Unknown column 'contract_1' in 'where clause'
SELECT COUNT(*) AS nc_count FROM `goods_common` WHERE ( gc_id_3 = '5548' ) AND ( areaid_1 = '15' ) AND ( contract_1 = '1' ) LIMIT 1  
[2020-06-04 09:31:47] /shop/index.php?action=index&area_id=10&cate_id=5548&ci=1&controller=cate&gift=1 ( act=cate&action=index ) 
ERR: Db Error: Unknown column 'contract_1' in 'where clause'
SELECT COUNT(*) AS nc_count FROM `goods_common` WHERE ( gc_id_3 = '5548' ) AND ( areaid_1 = '10' ) AND ( contract_1 = '1' ) LIMIT 1  
[2020-06-04 09:36:47] /shop/index.php?action=index&area_id=32&cate_id=5548&ci=1&controller=cate&gift=1 ( act=cate&action=index ) 
ERR: Db Error: Unknown column 'contract_1' in 'where clause'
SELECT COUNT(*) AS nc_count FROM `goods_common` WHERE ( gc_id_3 = '5548' ) AND ( areaid_1 = '32' ) AND ( contract_1 = '1' ) LIMIT 1  
[2020-06-04 09:37:24] /shop/index.php?controller=cate&action=index&cate_id=5048&key=2&order=1&area_id=24&type=&ci=2&yx=1&new=1 ( act=cate&action=index ) 
ERR: Db Error: Unknown column 'contract_2' in 'where clause'
SELECT COUNT(*) AS nc_count FROM `goods_common` WHERE ( areaid_1 = '24' ) AND ( is_new_arrival = '1' ) AND ( is_select = '1' ) AND ( contract_2 = '1' ) LIMIT 1  
[2020-06-04 09:40:18] /shop/index.php?action=index&area_id=27&cate_id=5548&ci=1&controller=cate&gift=1 ( act=cate&action=index ) 
ERR: Db Error: Unknown column 'contract_1' in 'where clause'
SELECT COUNT(*) AS nc_count FROM `goods_common` WHERE ( gc_id_3 = '5548' ) AND ( areaid_1 = '27' ) AND ( contract_1 = '1' ) LIMIT 1  
[2020-06-04 09:43:47] /shop/index.php?action=index&area_id=14&cate_id=5548&ci=1&controller=cate&gift=1 ( act=cate&action=index ) 
ERR: Db Error: Unknown column 'contract_1' in 'where clause'
SELECT COUNT(*) AS nc_count FROM `goods_common` WHERE ( gc_id_3 = '5548' ) AND ( areaid_1 = '14' ) AND ( contract_1 = '1' ) LIMIT 1  
[2020-06-04 09:44:36] /shop/index.php?controller=cate&action=index&cate_id=571&ci=4_1&area_id=29&key=3&order=1&gift=1&new=1 ( act=cate&action=index ) 
ERR: Db Error: Unknown column 'contract_4' in 'where clause'
SELECT COUNT(*) AS nc_count FROM `goods_common` WHERE ( areaid_1 = '29' ) AND ( is_new_arrival = '1' ) AND ( contract_4 = '1' ) AND ( contract_1 = '1' ) LIMIT 1  
[2020-06-04 09:48:48] /shop/index.php?action=index&area_id=8&cate_id=5548&ci=1&controller=cate&gift=1 ( act=cate&action=index ) 
ERR: Db Error: Unknown column 'contract_1' in 'where clause'
SELECT COUNT(*) AS nc_count FROM `goods_common` WHERE ( gc_id_3 = '5548' ) AND ( areaid_1 = '8' ) AND ( contract_1 = '1' ) LIMIT 1  
[2020-06-04 09:53:50] /shop/index.php?action=index&area_id=31&cate_id=5577&ci=4&controller=cate&key=&order= ( act=cate&action=index ) 
ERR: Db Error: Unknown column 'contract_4' in 'where clause'
SELECT COUNT(*) AS nc_count FROM `goods_common` WHERE ( gc_id_2 = '5577' ) AND ( areaid_1 = '31' ) AND ( contract_4 = '1' ) LIMIT 1  
[2020-06-04 09:53:52] /shop/index.php?action=index&area_id=&cate_id=5548&ci=1&controller=cate&gift=1 ( act=cate&action=index ) 
ERR: Db Error: Unknown column 'contract_1' in 'where clause'
SELECT COUNT(*) AS nc_count FROM `goods_common` WHERE ( gc_id_3 = '5548' ) AND ( contract_1 = '1' ) LIMIT 1  
[2020-06-04 10:00:48] /shop/index.php?action=index&area_id=20&cate_id=5482&ci=2&controller=cate&key=&order= ( act=cate&action=index ) 
ERR: Db Error: Unknown column 'contract_2' in 'where clause'
SELECT COUNT(*) AS nc_count FROM `goods_common` WHERE ( gc_id_2 = '5482' ) AND ( areaid_1 = '20' ) AND ( contract_2 = '1' ) LIMIT 1  
[2020-06-04 10:00:50] /shop/index.php?action=index&area_id=30&cate_id=5482&ci=2&controller=cate&key=&order= ( act=cate&action=index ) 
ERR: Db Error: Unknown column 'contract_2' in 'where clause'
SELECT COUNT(*) AS nc_count FROM `goods_common` WHERE ( gc_id_2 = '5482' ) AND ( areaid_1 = '30' ) AND ( contract_2 = '1' ) LIMIT 1  
[2020-06-04 10:07:48] /shop/index.php?action=index&area_id=32&cate_id=5482&ci=2&controller=cate&key=&order= ( act=cate&action=index ) 
ERR: Db Error: Unknown column 'contract_2' in 'where clause'
SELECT COUNT(*) AS nc_count FROM `goods_common` WHERE ( gc_id_2 = '5482' ) AND ( areaid_1 = '32' ) AND ( contract_2 = '1' ) LIMIT 1  
[2020-06-04 10:11:49] /shop/index.php?action=index&area_id=10&cate_id=2&ci=4_2_1&controller=cate&key=&order= ( act=cate&action=index ) 
ERR: Db Error: Unknown column 'contract_4' in 'where clause'
SELECT COUNT(*) AS nc_count FROM `goods_common` WHERE ( areaid_1 = '10' ) AND ( contract_4 = '1' ) AND ( contract_2 = '1' ) AND ( contract_1 = '1' ) LIMIT 1  
[2020-06-04 10:13:24] /shop/index.php?controller=cate&action=index&cate_id=5444&yx=1&gift=1&ci=4_1&key=3&order=2&new=1&type=1 ( act=cate&action=index ) 
ERR: Db Error: Unknown column 'contract_4' in 'where clause'
SELECT COUNT(*) AS nc_count FROM `goods_common` WHERE ( is_own_shop = '1' ) AND ( is_new_arrival = '1' ) AND ( is_select = '1' ) AND ( contract_4 = '1' ) AND ( contract_1 = '1' ) LIMIT 1  
[2020-06-04 10:15:18] /shop/index.php?action=index&area_id=30&cate_id=2&ci=4_2_1&controller=cate&key=&order= ( act=cate&action=index ) 
ERR: Db Error: Unknown column 'contract_4' in 'where clause'
SELECT COUNT(*) AS nc_count FROM `goods_common` WHERE ( areaid_1 = '30' ) AND ( contract_4 = '1' ) AND ( contract_2 = '1' ) AND ( contract_1 = '1' ) LIMIT 1  
[2020-06-04 10:19:18] /shop/index.php?action=index&area_id=25&cate_id=5482&ci=2&controller=cate&key=&order= ( act=cate&action=index ) 
ERR: Db Error: Unknown column 'contract_2' in 'where clause'
SELECT COUNT(*) AS nc_count FROM `goods_common` WHERE ( gc_id_2 = '5482' ) AND ( areaid_1 = '25' ) AND ( contract_2 = '1' ) LIMIT 1  
[2020-06-04 10:23:48] /shop/index.php?action=index&area_id=29&cate_id=5482&ci=2&controller=cate&key=&order= ( act=cate&action=index ) 
ERR: Db Error: Unknown column 'contract_2' in 'where clause'
SELECT COUNT(*) AS nc_count FROM `goods_common` WHERE ( gc_id_2 = '5482' ) AND ( areaid_1 = '29' ) AND ( contract_2 = '1' ) LIMIT 1  
[2020-06-04 10:23:50] /shop/index.php?action=index&area_id=2&cate_id=5571&ci=2_4&controller=cate ( act=cate&action=index ) 
ERR: Db Error: Unknown column 'contract_2' in 'where clause'
SELECT COUNT(*) AS nc_count FROM `goods_common` WHERE ( gc_id_2 = '5571' ) AND ( areaid_1 = '2' ) AND ( contract_2 = '1' ) AND ( contract_4 = '1' ) LIMIT 1  
[2020-06-04 10:27:48] /shop/index.php?action=index&area_id=19&cate_id=5482&ci=2&controller=cate ( act=cate&action=index ) 
ERR: Db Error: Unknown column 'contract_2' in 'where clause'
SELECT COUNT(*) AS nc_count FROM `goods_common` WHERE ( gc_id_2 = '5482' ) AND ( areaid_1 = '19' ) AND ( contract_2 = '1' ) LIMIT 1  
[2020-06-04 10:27:48] /shop/index.php?controller=cate&action=index&cate_id=442&key=1&order=1&area_id=25&yx=&gift=&ci=3&new= ( act=cate&action=index ) 
ERR: Db Error: Unknown column 'contract_3' in 'where clause'
SELECT COUNT(*) AS nc_count FROM `goods_common` WHERE ( areaid_1 = '25' ) AND ( contract_3 = '1' ) LIMIT 1  
[2020-06-04 10:32:48] /shop/index.php?action=index&area_id=16&cate_id=5482&ci=2&controller=cate&key=&order= ( act=cate&action=index ) 
ERR: Db Error: Unknown column 'contract_2' in 'where clause'
SELECT COUNT(*) AS nc_count FROM `goods_common` WHERE ( gc_id_2 = '5482' ) AND ( areaid_1 = '16' ) AND ( contract_2 = '1' ) LIMIT 1  
[2020-06-04 10:32:49] /shop/index.php?action=index&area_id=14&cate_id=5482&ci=2&controller=cate&key=&order= ( act=cate&action=index ) 
ERR: Db Error: Unknown column 'contract_2' in 'where clause'
SELECT COUNT(*) AS nc_count FROM `goods_common` WHERE ( gc_id_2 = '5482' ) AND ( areaid_1 = '14' ) AND ( contract_2 = '1' ) LIMIT 1  
[2020-06-04 10:43:18] /shop/index.php?action=index&area_id=31&cate_id=5482&ci=2&controller=cate&key=&order= ( act=cate&action=index ) 
ERR: Db Error: Unknown column 'contract_2' in 'where clause'
SELECT COUNT(*) AS nc_count FROM `goods_common` WHERE ( gc_id_2 = '5482' ) AND ( areaid_1 = '31' ) AND ( contract_2 = '1' ) LIMIT 1  
[2020-06-04 10:43:20] /shop/index.php?action=index&area_id=15&cate_id=5482&ci=2&controller=cate&key=&order= ( act=cate&action=index ) 
ERR: Db Error: Unknown column 'contract_2' in 'where clause'
SELECT COUNT(*) AS nc_count FROM `goods_common` WHERE ( gc_id_2 = '5482' ) AND ( areaid_1 = '15' ) AND ( contract_2 = '1' ) LIMIT 1  
[2020-06-04 10:52:19] /shop/index.php?action=index&area_id=27&cate_id=857&ci=2_3&controller=cate&key=&order= ( act=cate&action=index ) 
ERR: Db Error: Unknown column 'contract_2' in 'where clause'
SELECT COUNT(*) AS nc_count FROM `goods_common` WHERE ( areaid_1 = '27' ) AND ( contract_2 = '1' ) AND ( contract_3 = '1' ) LIMIT 1  
[2020-06-04 10:58:49] /shop/index.php?action=index&area_id=29&cate_id=5532&ci=4&controller=cate&key=&order= ( act=cate&action=index ) 
ERR: Db Error: Unknown column 'contract_4' in 'where clause'
SELECT COUNT(*) AS nc_count FROM `goods_common` WHERE ( gc_id_2 = '5532' ) AND ( areaid_1 = '29' ) AND ( contract_4 = '1' ) LIMIT 1  
[2020-06-04 11:03:19] /shop/index.php?action=index&area_id=24&cate_id=5482&ci=2&controller=cate&key=&order= ( act=cate&action=index ) 
ERR: Db Error: Unknown column 'contract_2' in 'where clause'
SELECT COUNT(*) AS nc_count FROM `goods_common` WHERE ( gc_id_2 = '5482' ) AND ( areaid_1 = '24' ) AND ( contract_2 = '1' ) LIMIT 1  
[2020-06-04 11:03:48] /shop/index.php?controller=cate&action=index&cate_id=5070&key=1&order=2&area_id=8&ci=1 ( act=cate&action=index ) 
ERR: Db Error: Unknown column 'contract_1' in 'where clause'
SELECT COUNT(*) AS nc_count FROM `goods_common` WHERE ( areaid_1 = '8' ) AND ( contract_1 = '1' ) LIMIT 1  
[2020-06-04 11:07:52] /shop/index.php?action=index&area_id=8&cate_id=5548&ci=1&controller=cate ( act=cate&action=index ) 
ERR: Db Error: Unknown column 'contract_1' in 'where clause'
SELECT COUNT(*) AS nc_count FROM `goods_common` WHERE ( gc_id_3 = '5548' ) AND ( areaid_1 = '8' ) AND ( contract_1 = '1' ) LIMIT 1  
[2020-06-04 11:07:52] /shop/index.php?action=index&area_id=&cate_id=5550&ci=2&controller=cate ( act=cate&action=index ) 
ERR: Db Error: Unknown column 'contract_2' in 'where clause'
SELECT COUNT(*) AS nc_count FROM `goods_common` WHERE ( gc_id_3 = '5550' ) AND ( contract_2 = '1' ) LIMIT 1  
[2020-06-04 11:13:20] /shop/index.php?action=index&area_id=9&cate_id=5548&ci=1&controller=cate ( act=cate&action=index ) 
ERR: Db Error: Unknown column 'contract_1' in 'where clause'
SELECT COUNT(*) AS nc_count FROM `goods_common` WHERE ( gc_id_3 = '5548' ) AND ( areaid_1 = '9' ) AND ( contract_1 = '1' ) LIMIT 1  
[2020-06-04 11:17:19] /shop/index.php?action=index&area_id=34&cate_id=5548&ci=1&controller=cate&gift=1&yx=1 ( act=cate&action=index ) 
ERR: Db Error: Unknown column 'contract_1' in 'where clause'
SELECT COUNT(*) AS nc_count FROM `goods_common` WHERE ( gc_id_3 = '5548' ) AND ( areaid_1 = '34' ) AND ( is_select = '1' ) AND ( contract_1 = '1' ) LIMIT 1  
[2020-06-04 11:22:50] /shop/index.php?action=index&area_id=31&cate_id=5577&ci=4&controller=cate&key=1&order=2 ( act=cate&action=index ) 
ERR: Db Error: Unknown column 'contract_4' in 'where clause'
SELECT COUNT(*) AS nc_count FROM `goods_common` WHERE ( gc_id_2 = '5577' ) AND ( areaid_1 = '31' ) AND ( contract_4 = '1' ) LIMIT 1  
[2020-06-04 11:26:20] /shop/index.php?action=index&area_id=31&cate_id=5577&ci=4&controller=cate&key=3&order=2 ( act=cate&action=index ) 
ERR: Db Error: Unknown column 'contract_4' in 'where clause'
SELECT COUNT(*) AS nc_count FROM `goods_common` WHERE ( gc_id_2 = '5577' ) AND ( areaid_1 = '31' ) AND ( contract_4 = '1' ) LIMIT 1  
[2020-06-04 11:30:20] /shop/index.php?action=index&area_id=31&cate_id=5577&ci=4&controller=cate&key=2&order=2 ( act=cate&action=index ) 
ERR: Db Error: Unknown column 'contract_4' in 'where clause'
SELECT COUNT(*) AS nc_count FROM `goods_common` WHERE ( gc_id_2 = '5577' ) AND ( areaid_1 = '31' ) AND ( contract_4 = '1' ) LIMIT 1  
[2020-06-04 11:33:52] /shop/index.php?action=index&area_id=20&cate_id=5482&ci=2&controller=cate&key=2&order=2 ( act=cate&action=index ) 
ERR: Db Error: Unknown column 'contract_2' in 'where clause'
SELECT COUNT(*) AS nc_count FROM `goods_common` WHERE ( gc_id_2 = '5482' ) AND ( areaid_1 = '20' ) AND ( contract_2 = '1' ) LIMIT 1  
[2020-06-04 11:38:41] /shop/index.php?action=index&area_id=20&cate_id=5482&ci=2&controller=cate&key=3&order=2 ( act=cate&action=index ) 
ERR: Db Error: Unknown column 'contract_2' in 'where clause'
SELECT COUNT(*) AS nc_count FROM `goods_common` WHERE ( gc_id_2 = '5482' ) AND ( areaid_1 = '20' ) AND ( contract_2 = '1' ) LIMIT 1  
[2020-06-04 11:39:48] /shop/index.php?controller=cate&action=index&cate_id=4005&area_id=4&ci=1&key=1&order=2&type=1&new=&yx=1&gift=1 ( act=cate&action=index ) 
ERR: Db Error: Unknown column 'contract_1' in 'where clause'
SELECT COUNT(*) AS nc_count FROM `goods_common` WHERE ( areaid_1 = '4' ) AND ( is_own_shop = '1' ) AND ( is_select = '1' ) AND ( contract_1 = '1' ) LIMIT 1  
[2020-06-04 11:42:52] /shop/index.php?action=index&area_id=12&cate_id=5577&ci=4&controller=cate&key=&order= ( act=cate&action=index ) 
ERR: Db Error: Unknown column 'contract_4' in 'where clause'
SELECT COUNT(*) AS nc_count FROM `goods_common` WHERE ( gc_id_2 = '5577' ) AND ( areaid_1 = '12' ) AND ( contract_4 = '1' ) LIMIT 1  
[2020-06-04 11:42:53] /shop/index.php?action=index&area_id=20&cate_id=5482&ci=2&controller=cate&key=1&order=2 ( act=cate&action=index ) 
ERR: Db Error: Unknown column 'contract_2' in 'where clause'
SELECT COUNT(*) AS nc_count FROM `goods_common` WHERE ( gc_id_2 = '5482' ) AND ( areaid_1 = '20' ) AND ( contract_2 = '1' ) LIMIT 1  
[2020-06-04 11:49:11] /shop/index.php?action=index&area_id=30&cate_id=5482&ci=2&controller=cate&key=3&order=2 ( act=cate&action=index ) 
ERR: Db Error: Unknown column 'contract_2' in 'where clause'
SELECT COUNT(*) AS nc_count FROM `goods_common` WHERE ( gc_id_2 = '5482' ) AND ( areaid_1 = '30' ) AND ( contract_2 = '1' ) LIMIT 1  
[2020-06-04 11:53:14] /shop/index.php?action=index&area_id=30&cate_id=5482&ci=2&controller=cate&key=1&order=2 ( act=cate&action=index ) 
ERR: Db Error: Unknown column 'contract_2' in 'where clause'
SELECT COUNT(*) AS nc_count FROM `goods_common` WHERE ( gc_id_2 = '5482' ) AND ( areaid_1 = '30' ) AND ( contract_2 = '1' ) LIMIT 1  
[2020-06-04 11:54:12] /shop/index.php?controller=cate&action=index&cate_id=3786&order=&key=&new=&ci=2&type=1&gift=1&yx=1 ( act=cate&action=index ) 
ERR: Db Error: Unknown column 'contract_2' in 'where clause'
SELECT COUNT(*) AS nc_count FROM `goods_common` WHERE ( is_own_shop = '1' ) AND ( is_select = '1' ) AND ( contract_2 = '1' ) LIMIT 1  
[2020-06-04 11:57:12] /shop/index.php?action=index&area_id=30&cate_id=5482&ci=2&controller=cate&key=2&order=2 ( act=cate&action=index ) 
ERR: Db Error: Unknown column 'contract_2' in 'where clause'
SELECT COUNT(*) AS nc_count FROM `goods_common` WHERE ( gc_id_2 = '5482' ) AND ( areaid_1 = '30' ) AND ( contract_2 = '1' ) LIMIT 1  
[2020-06-04 12:01:24] /shop/index.php?controller=cate&action=index&cate_id=5048&key=2&order=1&area_id=24&type=&ci=2&yx=1&gift=1 ( act=cate&action=index ) 
ERR: Db Error: Unknown column 'contract_2' in 'where clause'
SELECT COUNT(*) AS nc_count FROM `goods_common` WHERE ( areaid_1 = '24' ) AND ( is_select = '1' ) AND ( contract_2 = '1' ) LIMIT 1  
[2020-06-04 12:02:25] /shop/index.php?action=index&area_id=32&cate_id=5482&ci=2&controller=cate&key=3&order=2 ( act=cate&action=index ) 
ERR: Db Error: Unknown column 'contract_2' in 'where clause'
SELECT COUNT(*) AS nc_count FROM `goods_common` WHERE ( gc_id_2 = '5482' ) AND ( areaid_1 = '32' ) AND ( contract_2 = '1' ) LIMIT 1  
[2020-06-04 12:08:36] /shop/index.php?controller=cate&action=index&cate_id=131&gift=&key=1&order=1&ci=3&type=1&new=1 ( act=cate&action=index ) 
ERR: Db Error: Unknown column 'contract_3' in 'where clause'
SELECT COUNT(*) AS nc_count FROM `goods_common` WHERE ( is_own_shop = '1' ) AND ( is_new_arrival = '1' ) AND ( contract_3 = '1' ) LIMIT 1  
[2020-06-04 12:17:19] /shop/index.php?action=index&area_id=8&cate_id=2&ci=4_2_1&controller=cate&key=&order= ( act=cate&action=index ) 
ERR: Db Error: Unknown column 'contract_4' in 'where clause'
SELECT COUNT(*) AS nc_count FROM `goods_common` WHERE ( areaid_1 = '8' ) AND ( contract_4 = '1' ) AND ( contract_2 = '1' ) AND ( contract_1 = '1' ) LIMIT 1  
[2020-06-04 12:20:36] /shop/index.php?action=index&area_id=11&cate_id=2&ci=4_2_1&controller=cate&key=&order= ( act=cate&action=index ) 
ERR: Db Error: Unknown column 'contract_4' in 'where clause'
SELECT COUNT(*) AS nc_count FROM `goods_common` WHERE ( areaid_1 = '11' ) AND ( contract_4 = '1' ) AND ( contract_2 = '1' ) AND ( contract_1 = '1' ) LIMIT 1  
[2020-06-04 12:25:45] /shop/index.php?action=index&area_id=15&cate_id=2&ci=4_2_1&controller=cate&key=&order= ( act=cate&action=index ) 
ERR: Db Error: Unknown column 'contract_4' in 'where clause'
SELECT COUNT(*) AS nc_count FROM `goods_common` WHERE ( areaid_1 = '15' ) AND ( contract_4 = '1' ) AND ( contract_2 = '1' ) AND ( contract_1 = '1' ) LIMIT 1  
[2020-06-04 12:25:46] /shop/index.php?action=index&area_id=20&cate_id=2&ci=4_2_1&controller=cate&key=&order= ( act=cate&action=index ) 
ERR: Db Error: Unknown column 'contract_4' in 'where clause'
SELECT COUNT(*) AS nc_count FROM `goods_common` WHERE ( areaid_1 = '20' ) AND ( contract_4 = '1' ) AND ( contract_2 = '1' ) AND ( contract_1 = '1' ) LIMIT 1  
[2020-06-04 12:31:45] /shop/index.php?action=index&area_id=2&cate_id=2&ci=4_2_1&controller=cate&key=&order= ( act=cate&action=index ) 
ERR: Db Error: Unknown column 'contract_4' in 'where clause'
SELECT COUNT(*) AS nc_count FROM `goods_common` WHERE ( areaid_1 = '2' ) AND ( contract_4 = '1' ) AND ( contract_2 = '1' ) AND ( contract_1 = '1' ) LIMIT 1  
[2020-06-04 12:31:45] /shop/index.php?action=index&area_id=12&cate_id=5495&ci=2&controller=cate&gift=1 ( act=cate&action=index ) 
ERR: Db Error: Unknown column 'contract_2' in 'where clause'
SELECT COUNT(*) AS nc_count FROM `goods_common` WHERE ( gc_id_2 = '5495' ) AND ( areaid_1 = '12' ) AND ( contract_2 = '1' ) LIMIT 1  
[2020-06-04 12:37:15] /shop/index.php?action=index&area_id=32&cate_id=5482&ci=2&controller=cate&key=2&order=2 ( act=cate&action=index ) 
ERR: Db Error: Unknown column 'contract_2' in 'where clause'
SELECT COUNT(*) AS nc_count FROM `goods_common` WHERE ( gc_id_2 = '5482' ) AND ( areaid_1 = '32' ) AND ( contract_2 = '1' ) LIMIT 1  
[2020-06-04 12:41:19] /shop/index.php?action=index&area_id=32&cate_id=5482&ci=2&controller=cate&key=1&order=2 ( act=cate&action=index ) 
ERR: Db Error: Unknown column 'contract_2' in 'where clause'
SELECT COUNT(*) AS nc_count FROM `goods_common` WHERE ( gc_id_2 = '5482' ) AND ( areaid_1 = '32' ) AND ( contract_2 = '1' ) LIMIT 1  
[2020-06-04 12:45:16] /shop/index.php?action=index&area_id=25&cate_id=5482&ci=2&controller=cate&key=1&order=2 ( act=cate&action=index ) 
ERR: Db Error: Unknown column 'contract_2' in 'where clause'
SELECT COUNT(*) AS nc_count FROM `goods_common` WHERE ( gc_id_2 = '5482' ) AND ( areaid_1 = '25' ) AND ( contract_2 = '1' ) LIMIT 1  
[2020-06-04 12:49:16] /shop/index.php?action=index&area_id=25&cate_id=5482&ci=2&controller=cate&key=2&order=2 ( act=cate&action=index ) 
ERR: Db Error: Unknown column 'contract_2' in 'where clause'
SELECT COUNT(*) AS nc_count FROM `goods_common` WHERE ( gc_id_2 = '5482' ) AND ( areaid_1 = '25' ) AND ( contract_2 = '1' ) LIMIT 1  
[2020-06-04 12:59:47] /shop/index.php?action=index&area_id=25&cate_id=5482&ci=2&controller=cate&key=3&order=2 ( act=cate&action=index ) 
ERR: Db Error: Unknown column 'contract_2' in 'where clause'
SELECT COUNT(*) AS nc_count FROM `goods_common` WHERE ( gc_id_2 = '5482' ) AND ( areaid_1 = '25' ) AND ( contract_2 = '1' ) LIMIT 1  
[2020-06-04 13:04:47] /shop/index.php?action=index&area_id=14&cate_id=5482&ci=2&controller=cate&key=2&order=2 ( act=cate&action=index ) 
ERR: Db Error: Unknown column 'contract_2' in 'where clause'
SELECT COUNT(*) AS nc_count FROM `goods_common` WHERE ( gc_id_2 = '5482' ) AND ( areaid_1 = '14' ) AND ( contract_2 = '1' ) LIMIT 1  
[2020-06-04 13:08:48] /shop/index.php?action=index&area_id=14&cate_id=5482&ci=2&controller=cate&key=3&order=2 ( act=cate&action=index ) 
ERR: Db Error: Unknown column 'contract_2' in 'where clause'
SELECT COUNT(*) AS nc_count FROM `goods_common` WHERE ( gc_id_2 = '5482' ) AND ( areaid_1 = '14' ) AND ( contract_2 = '1' ) LIMIT 1  
[2020-06-04 13:13:24] /shop/index.php?controller=cate&action=index&cate_id=4005&area_id=4&ci=1&key=2&order=2&type=1&new=&yx=&gift= ( act=cate&action=index ) 
ERR: Db Error: Unknown column 'contract_1' in 'where clause'
SELECT COUNT(*) AS nc_count FROM `goods_common` WHERE ( areaid_1 = '4' ) AND ( is_own_shop = '1' ) AND ( contract_1 = '1' ) LIMIT 1  
[2020-06-04 13:31:30] /shop/index.php?action=index&area_id=33&cate_id=5495&ci=4&controller=cate&yx=1 ( act=cate&action=index ) 
ERR: Db Error: Unknown column 'contract_4' in 'where clause'
SELECT COUNT(*) AS nc_count FROM `goods_common` WHERE ( gc_id_2 = '5495' ) AND ( areaid_1 = '33' ) AND ( is_select = '1' ) AND ( contract_4 = '1' ) LIMIT 1  
[2020-06-04 13:44:21] /shop/index.php?action=index&area_id=9&cate_id=856&ci=4_3&controller=cate ( act=cate&action=index ) 
ERR: Db Error: Unknown column 'contract_4' in 'where clause'
SELECT COUNT(*) AS nc_count FROM `goods_common` WHERE ( areaid_1 = '9' ) AND ( contract_4 = '1' ) AND ( contract_3 = '1' ) LIMIT 1  
[2020-06-04 13:49:24] /shop/index.php?controller=cate&action=index&cate_id=221&ci=4&area_id=3&new=1&key=2&order=2&yx=1&gift= ( act=cate&action=index ) 
ERR: Db Error: Unknown column 'contract_4' in 'where clause'
SELECT COUNT(*) AS nc_count FROM `goods_common` WHERE ( areaid_1 = '3' ) AND ( is_new_arrival = '1' ) AND ( is_select = '1' ) AND ( contract_4 = '1' ) LIMIT 1  
[2020-06-04 13:56:36] /shop/index.php?controller=cate&action=index&cate_id=1035&key=1&order=1&new=1&ci=2&gift=1&type=1 ( act=cate&action=index ) 
ERR: Db Error: Unknown column 'contract_2' in 'where clause'
SELECT COUNT(*) AS nc_count FROM `goods_common` WHERE ( is_own_shop = '1' ) AND ( is_new_arrival = '1' ) AND ( contract_2 = '1' ) LIMIT 1  
[2020-06-04 14:07:55] /shop/index.php?action=index&cate_id=5495&ci=2_1&controller=cate&key=3&order=2 ( act=cate&action=index ) 
ERR: Db Error: Unknown column 'contract_2' in 'where clause'
SELECT COUNT(*) AS nc_count FROM `goods_common` WHERE ( gc_id_2 = '5495' ) AND ( contract_2 = '1' ) AND ( contract_1 = '1' ) LIMIT 1  
[2020-06-04 14:11:00] /shop/index.php?controller=cate&action=index&cate_id=221&ci=4&area_id=3&new=1&key=2&order=2&yx=&gift=1 ( act=cate&action=index ) 
ERR: Db Error: Unknown column 'contract_4' in 'where clause'
SELECT COUNT(*) AS nc_count FROM `goods_common` WHERE ( areaid_1 = '3' ) AND ( is_new_arrival = '1' ) AND ( contract_4 = '1' ) LIMIT 1  
[2020-06-04 14:18:13] /shop/index.php?controller=cate&action=index&cate_id=1035&key=1&order=1&new=1&ci=2&gift=1&type= ( act=cate&action=index ) 
ERR: Db Error: Unknown column 'contract_2' in 'where clause'
SELECT COUNT(*) AS nc_count FROM `goods_common` WHERE ( is_new_arrival = '1' ) AND ( contract_2 = '1' ) LIMIT 1  
[2020-06-04 15:15:48] /shop/index.php?controller=cate&action=index&cate_id=221&ci=4&area_id=3&new=1&key=3&order=2&yx=1&gift=1 ( act=cate&action=index ) 
ERR: Db Error: Unknown column 'contract_4' in 'where clause'
SELECT COUNT(*) AS nc_count FROM `goods_common` WHERE ( areaid_1 = '3' ) AND ( is_new_arrival = '1' ) AND ( is_select = '1' ) AND ( contract_4 = '1' ) LIMIT 1  
[2020-06-04 15:25:45] /shop/index.php?action=index&area_id=9&cate_id=2151&ci=4&controller=cate ( act=cate&action=index ) 
ERR: Db Error: Unknown column 'contract_4' in 'where clause'
SELECT COUNT(*) AS nc_count FROM `goods_common` WHERE ( gc_id_2 = '2151' ) AND ( areaid_1 = '9' ) AND ( contract_4 = '1' ) LIMIT 1  
[2020-06-04 15:29:45] /shop/index.php?action=index&area_id=10&cate_id=857&ci=2_3&controller=cate&key=&order= ( act=cate&action=index ) 
ERR: Db Error: Unknown column 'contract_2' in 'where clause'
SELECT COUNT(*) AS nc_count FROM `goods_common` WHERE ( areaid_1 = '10' ) AND ( contract_2 = '1' ) AND ( contract_3 = '1' ) LIMIT 1  
[2020-06-04 15:48:15] /shop/index.php?action=index&area_id=14&cate_id=5506&ci=4_1&controller=cate ( act=cate&action=index ) 
ERR: Db Error: Unknown column 'contract_4' in 'where clause'
SELECT COUNT(*) AS nc_count FROM `goods_common` WHERE ( gc_id_1 = '5506' ) AND ( areaid_1 = '14' ) AND ( contract_4 = '1' ) AND ( contract_1 = '1' ) LIMIT 1  
[2020-06-04 16:11:46] /shop/index.php?action=index&area_id=16&cate_id=5550&ci=2&controller=cate&gift=1&key=&order= ( act=cate&action=index ) 
ERR: Db Error: Unknown column 'contract_2' in 'where clause'
SELECT COUNT(*) AS nc_count FROM `goods_common` WHERE ( gc_id_3 = '5550' ) AND ( areaid_1 = '16' ) AND ( contract_2 = '1' ) LIMIT 1  
[2020-06-04 16:13:24] /shop/index.php?controller=cate&action=index&cate_id=221&ci=4&area_id=3&new=&key=2&order=2&yx=1&gift=1 ( act=cate&action=index ) 
ERR: Db Error: Unknown column 'contract_4' in 'where clause'
SELECT COUNT(*) AS nc_count FROM `goods_common` WHERE ( areaid_1 = '3' ) AND ( is_select = '1' ) AND ( contract_4 = '1' ) LIMIT 1  
[2020-06-04 16:16:16] /shop/index.php?action=index&area_id=16&cate_id=5550&ci=2&controller=cate&gift=1&key=3&order=2 ( act=cate&action=index ) 
ERR: Db Error: Unknown column 'contract_2' in 'where clause'
SELECT COUNT(*) AS nc_count FROM `goods_common` WHERE ( gc_id_3 = '5550' ) AND ( areaid_1 = '16' ) AND ( contract_2 = '1' ) LIMIT 1  
[2020-06-04 16:16:22] /shop/index.php?action=index&area_id=16&cate_id=5550&ci=2&controller=cate&gift=1&key=2&order=2 ( act=cate&action=index ) 
ERR: Db Error: Unknown column 'contract_2' in 'where clause'
SELECT COUNT(*) AS nc_count FROM `goods_common` WHERE ( gc_id_3 = '5550' ) AND ( areaid_1 = '16' ) AND ( contract_2 = '1' ) LIMIT 1  
[2020-06-04 16:23:17] /shop/index.php?action=index&area_id=16&cate_id=5550&ci=2&controller=cate&gift=1&key=1&order=2 ( act=cate&action=index ) 
ERR: Db Error: Unknown column 'contract_2' in 'where clause'
SELECT COUNT(*) AS nc_count FROM `goods_common` WHERE ( gc_id_3 = '5550' ) AND ( areaid_1 = '16' ) AND ( contract_2 = '1' ) LIMIT 1  
[2020-06-04 16:28:15] /shop/index.php?action=index&area_id=16&cate_id=5550&ci=2&controller=cate&gift=1&new=1 ( act=cate&action=index ) 
ERR: Db Error: Unknown column 'contract_2' in 'where clause'
SELECT COUNT(*) AS nc_count FROM `goods_common` WHERE ( gc_id_3 = '5550' ) AND ( areaid_1 = '16' ) AND ( is_new_arrival = '1' ) AND ( contract_2 = '1' ) LIMIT 1  
[2020-06-04 16:28:20] /shop/index.php?action=index&area_id=16&cate_id=5550&ci=2&controller=cate&gift=1&yx=1 ( act=cate&action=index ) 
ERR: Db Error: Unknown column 'contract_2' in 'where clause'
SELECT COUNT(*) AS nc_count FROM `goods_common` WHERE ( gc_id_3 = '5550' ) AND ( areaid_1 = '16' ) AND ( is_select = '1' ) AND ( contract_2 = '1' ) LIMIT 1  
[2020-06-04 16:42:46] /shop/index.php?action=index&area_id=11&cate_id=596&ci=1_2&controller=cate&key=&order= ( act=cate&action=index ) 
ERR: Db Error: Unknown column 'contract_1' in 'where clause'
SELECT COUNT(*) AS nc_count FROM `goods_common` WHERE ( areaid_1 = '11' ) AND ( contract_1 = '1' ) AND ( contract_2 = '1' ) LIMIT 1  
[2020-06-04 16:42:47] /shop/index.php?action=index&area_id=21&cate_id=5495&ci=2&controller=cate&key=&order= ( act=cate&action=index ) 
ERR: Db Error: Unknown column 'contract_2' in 'where clause'
SELECT COUNT(*) AS nc_count FROM `goods_common` WHERE ( gc_id_2 = '5495' ) AND ( areaid_1 = '21' ) AND ( contract_2 = '1' ) LIMIT 1  
[2020-06-04 16:49:24] /shop/index.php?controller=cate&action=index&cate_id=382&key=2&order=2&gift=1&area_id=14&ci=4 ( act=cate&action=index ) 
ERR: Db Error: Unknown column 'contract_4' in 'where clause'
SELECT COUNT(*) AS nc_count FROM `goods_common` WHERE ( areaid_1 = '14' ) AND ( contract_4 = '1' ) LIMIT 1  
[2020-06-04 16:58:18] /shop/index.php?action=index&area_id=14&cate_id=5523&ci=4_3&controller=cate ( act=cate&action=index ) 
ERR: Db Error: Unknown column 'contract_4' in 'where clause'
SELECT COUNT(*) AS nc_count FROM `goods_common` WHERE ( gc_id_3 = '5523' ) AND ( areaid_1 = '14' ) AND ( contract_4 = '1' ) AND ( contract_3 = '1' ) LIMIT 1  
[2020-06-04 17:02:47] /shop/index.php?action=index&area_id=16&cate_id=5495&ci=3&controller=cate&key=2&order=2 ( act=cate&action=index ) 
ERR: Db Error: Unknown column 'contract_3' in 'where clause'
SELECT COUNT(*) AS nc_count FROM `goods_common` WHERE ( gc_id_2 = '5495' ) AND ( areaid_1 = '16' ) AND ( contract_3 = '1' ) LIMIT 1  
[2020-06-04 17:03:48] /shop/index.php?controller=cate&action=index&cate_id=571&ci=4_1&area_id=29&key=3&order=2&gift=1&new=1 ( act=cate&action=index ) 
ERR: Db Error: Unknown column 'contract_4' in 'where clause'
SELECT COUNT(*) AS nc_count FROM `goods_common` WHERE ( areaid_1 = '29' ) AND ( is_new_arrival = '1' ) AND ( contract_4 = '1' ) AND ( contract_1 = '1' ) LIMIT 1  
[2020-06-04 17:11:00] /shop/index.php?controller=cate&action=index&cate_id=5123&key=&order=&ci=3_2&gift=1&new=1 ( act=cate&action=index ) 
ERR: Db Error: Unknown column 'contract_3' in 'where clause'
SELECT COUNT(*) AS nc_count FROM `goods_common` WHERE ( is_new_arrival = '1' ) AND ( contract_3 = '1' ) AND ( contract_2 = '1' ) LIMIT 1  
[2020-06-04 17:47:00] /shop/index.php?controller=cate&action=index&cate_id=327&gift=&key=3&order=2&new=&yx=&ci=4&type=1 ( act=cate&action=index ) 
ERR: Db Error: Unknown column 'contract_4' in 'where clause'
SELECT COUNT(*) AS nc_count FROM `goods_common` WHERE ( is_own_shop = '1' ) AND ( contract_4 = '1' ) LIMIT 1  
[2020-06-04 18:08:36] /shop/index.php?controller=cate&action=index&cate_id=248&area_id=4&gift=&ci=4&yx=1&type=1&key=3&order=2 ( act=cate&action=index ) 
ERR: Db Error: Unknown column 'contract_4' in 'where clause'
SELECT COUNT(*) AS nc_count FROM `goods_common` WHERE ( areaid_1 = '4' ) AND ( is_own_shop = '1' ) AND ( is_select = '1' ) AND ( contract_4 = '1' ) LIMIT 1  
[2020-06-04 18:15:48] /shop/index.php?controller=cate&action=index&cate_id=248&area_id=4&gift=&ci=4&yx=1&type=1&key=3&order=1 ( act=cate&action=index ) 
ERR: Db Error: Unknown column 'contract_4' in 'where clause'
SELECT COUNT(*) AS nc_count FROM `goods_common` WHERE ( areaid_1 = '4' ) AND ( is_own_shop = '1' ) AND ( is_select = '1' ) AND ( contract_4 = '1' ) LIMIT 1  
[2020-06-04 18:37:24] /shop/index.php?controller=cate&action=index&cate_id=248&area_id=4&gift=&ci=4&yx=1&type=1&key=3&order=1&new=1 ( act=cate&action=index ) 
ERR: Db Error: Unknown column 'contract_4' in 'where clause'
SELECT COUNT(*) AS nc_count FROM `goods_common` WHERE ( areaid_1 = '4' ) AND ( is_own_shop = '1' ) AND ( is_new_arrival = '1' ) AND ( is_select = '1' ) AND ( contract_4 = '1' ) LIMIT 1  
[2020-06-04 18:45:58] /shop/index.php?action=index&area_id=20&cate_id=856&ci=4_1&controller=cate ( act=cate&action=index ) 
ERR: Db Error: Unknown column 'contract_4' in 'where clause'
SELECT COUNT(*) AS nc_count FROM `goods_common` WHERE ( areaid_1 = '20' ) AND ( contract_4 = '1' ) AND ( contract_1 = '1' ) LIMIT 1  
[2020-06-04 18:56:15] /shop/index.php?action=index&area_id=9&cate_id=856&ci=4_2&controller=cate&gift=1&key=3&order=2 ( act=cate&action=index ) 
ERR: Db Error: Unknown column 'contract_4' in 'where clause'
SELECT COUNT(*) AS nc_count FROM `goods_common` WHERE ( areaid_1 = '9' ) AND ( contract_4 = '1' ) AND ( contract_2 = '1' ) LIMIT 1  
[2020-06-04 19:00:48] /shop/index.php?action=index&area_id=9&cate_id=856&ci=4_2&controller=cate&gift=1&key=1&order=2 ( act=cate&action=index ) 
ERR: Db Error: Unknown column 'contract_4' in 'where clause'
SELECT COUNT(*) AS nc_count FROM `goods_common` WHERE ( areaid_1 = '9' ) AND ( contract_4 = '1' ) AND ( contract_2 = '1' ) LIMIT 1  
[2020-06-04 19:00:49] /shop/index.php?action=index&area_id=9&cate_id=856&ci=4_2&controller=cate&gift=1&key=&order= ( act=cate&action=index ) 
ERR: Db Error: Unknown column 'contract_4' in 'where clause'
SELECT COUNT(*) AS nc_count FROM `goods_common` WHERE ( areaid_1 = '9' ) AND ( contract_4 = '1' ) AND ( contract_2 = '1' ) LIMIT 1  
[2020-06-04 19:07:15] /shop/index.php?action=index&area_id=9&cate_id=856&ci=4_2&controller=cate&gift=1&key=2&order=2 ( act=cate&action=index ) 
ERR: Db Error: Unknown column 'contract_4' in 'where clause'
SELECT COUNT(*) AS nc_count FROM `goods_common` WHERE ( areaid_1 = '9' ) AND ( contract_4 = '1' ) AND ( contract_2 = '1' ) LIMIT 1  
[2020-06-04 19:10:45] /shop/index.php?action=index&area_id=9&cate_id=856&ci=4_2&controller=cate&gift=1&new=1 ( act=cate&action=index ) 
ERR: Db Error: Unknown column 'contract_4' in 'where clause'
SELECT COUNT(*) AS nc_count FROM `goods_common` WHERE ( areaid_1 = '9' ) AND ( is_new_arrival = '1' ) AND ( contract_4 = '1' ) AND ( contract_2 = '1' ) LIMIT 1  
[2020-06-04 19:16:15] /shop/index.php?action=index&area_id=9&cate_id=856&ci=4_2&controller=cate&gift=1&yx=1 ( act=cate&action=index ) 
ERR: Db Error: Unknown column 'contract_4' in 'where clause'
SELECT COUNT(*) AS nc_count FROM `goods_common` WHERE ( areaid_1 = '9' ) AND ( is_select = '1' ) AND ( contract_4 = '1' ) AND ( contract_2 = '1' ) LIMIT 1  
[2020-06-04 19:16:17] /shop/index.php?action=index&area_id=11&cate_id=5482&ci=2&controller=cate&key=2&order=2&yx=1 ( act=cate&action=index ) 
ERR: Db Error: Unknown column 'contract_2' in 'where clause'
SELECT COUNT(*) AS nc_count FROM `goods_common` WHERE ( gc_id_2 = '5482' ) AND ( areaid_1 = '11' ) AND ( is_select = '1' ) AND ( contract_2 = '1' ) LIMIT 1  
[2020-06-04 19:22:17] /shop/index.php?action=index&area_id=11&cate_id=5482&ci=2&controller=cate&key=1&order=2&yx=1 ( act=cate&action=index ) 
ERR: Db Error: Unknown column 'contract_2' in 'where clause'
SELECT COUNT(*) AS nc_count FROM `goods_common` WHERE ( gc_id_2 = '5482' ) AND ( areaid_1 = '11' ) AND ( is_select = '1' ) AND ( contract_2 = '1' ) LIMIT 1  
[2020-06-04 19:27:18] /shop/index.php?action=index&area_id=11&cate_id=5482&ci=2&controller=cate&key=3&order=2&yx=1 ( act=cate&action=index ) 
ERR: Db Error: Unknown column 'contract_2' in 'where clause'
SELECT COUNT(*) AS nc_count FROM `goods_common` WHERE ( gc_id_2 = '5482' ) AND ( areaid_1 = '11' ) AND ( is_select = '1' ) AND ( contract_2 = '1' ) LIMIT 1  
[2020-06-04 19:27:48] /shop/index.php?controller=cate&action=index&cate_id=3213&key=1&order=1&ci=2&type=1 ( act=cate&action=index ) 
ERR: Db Error: Unknown column 'contract_2' in 'where clause'
SELECT COUNT(*) AS nc_count FROM `goods_common` WHERE ( is_own_shop = '1' ) AND ( contract_2 = '1' ) LIMIT 1  
[2020-06-04 19:31:48] /shop/index.php?action=index&area_id=11&cate_id=5482&ci=2&controller=cate&key=&order=&yx=1 ( act=cate&action=index ) 
ERR: Db Error: Unknown column 'contract_2' in 'where clause'
SELECT COUNT(*) AS nc_count FROM `goods_common` WHERE ( gc_id_2 = '5482' ) AND ( areaid_1 = '11' ) AND ( is_select = '1' ) AND ( contract_2 = '1' ) LIMIT 1  
[2020-06-04 19:42:12] /shop/index.php?controller=cate&action=index&cate_id=3213&key=2&order=2&ci=2&type=1 ( act=cate&action=index ) 
ERR: Db Error: Unknown column 'contract_2' in 'where clause'
SELECT COUNT(*) AS nc_count FROM `goods_common` WHERE ( is_own_shop = '1' ) AND ( contract_2 = '1' ) LIMIT 1  
[2020-06-04 20:11:00] /shop/index.php?controller=cate&action=index&cate_id=4741&new=&ci=4_2&key=2&order=1&gift=1 ( act=cate&action=index ) 
ERR: Db Error: Unknown column 'contract_4' in 'where clause'
SELECT COUNT(*) AS nc_count FROM `goods_common` WHERE ( contract_4 = '1' ) AND ( contract_2 = '1' ) LIMIT 1  
[2020-06-04 20:11:17] /shop/index.php?action=index&area_id=35&cate_id=667&ci=2_3&controller=cate&key=&order= ( act=cate&action=index ) 
ERR: Db Error: Unknown column 'contract_2' in 'where clause'
SELECT COUNT(*) AS nc_count FROM `goods_common` WHERE ( areaid_1 = '35' ) AND ( contract_2 = '1' ) AND ( contract_3 = '1' ) LIMIT 1  
[2020-06-04 20:15:50] /shop/index.php?action=index&area_id=3&cate_id=856&ci=3_1&controller=cate ( act=cate&action=index ) 
ERR: Db Error: Unknown column 'contract_3' in 'where clause'
SELECT COUNT(*) AS nc_count FROM `goods_common` WHERE ( areaid_1 = '3' ) AND ( contract_3 = '1' ) AND ( contract_1 = '1' ) LIMIT 1  
[2020-06-04 20:26:47] /shop/index.php?action=index&area_id=14&cate_id=856&ci=4_2&controller=cate&key=&new=1&order= ( act=cate&action=index ) 
ERR: Db Error: Unknown column 'contract_4' in 'where clause'
SELECT COUNT(*) AS nc_count FROM `goods_common` WHERE ( areaid_1 = '14' ) AND ( is_new_arrival = '1' ) AND ( contract_4 = '1' ) AND ( contract_2 = '1' ) LIMIT 1  
[2020-06-04 20:26:48] /shop/index.php?action=index&area_id=14&cate_id=856&ci=4_2&controller=cate&new=1&yx=1 ( act=cate&action=index ) 
ERR: Db Error: Unknown column 'contract_4' in 'where clause'
SELECT COUNT(*) AS nc_count FROM `goods_common` WHERE ( areaid_1 = '14' ) AND ( is_new_arrival = '1' ) AND ( is_select = '1' ) AND ( contract_4 = '1' ) AND ( contract_2 = '1' ) LIMIT 1  
[2020-06-04 20:33:47] /shop/index.php?action=index&area_id=14&cate_id=856&ci=4_2&controller=cate&key=2&new=1&order=2 ( act=cate&action=index ) 
ERR: Db Error: Unknown column 'contract_4' in 'where clause'
SELECT COUNT(*) AS nc_count FROM `goods_common` WHERE ( areaid_1 = '14' ) AND ( is_new_arrival = '1' ) AND ( contract_4 = '1' ) AND ( contract_2 = '1' ) LIMIT 1  
[2020-06-04 20:38:19] /shop/index.php?action=index&area_id=14&cate_id=856&ci=4_2&controller=cate&key=3&new=1&order=2 ( act=cate&action=index ) 
ERR: Db Error: Unknown column 'contract_4' in 'where clause'
SELECT COUNT(*) AS nc_count FROM `goods_common` WHERE ( areaid_1 = '14' ) AND ( is_new_arrival = '1' ) AND ( contract_4 = '1' ) AND ( contract_2 = '1' ) LIMIT 1  
[2020-06-04 20:38:20] /shop/index.php?action=index&area_id=14&cate_id=856&ci=4_2&controller=cate&key=1&new=1&order=2 ( act=cate&action=index ) 
ERR: Db Error: Unknown column 'contract_4' in 'where clause'
SELECT COUNT(*) AS nc_count FROM `goods_common` WHERE ( areaid_1 = '14' ) AND ( is_new_arrival = '1' ) AND ( contract_4 = '1' ) AND ( contract_2 = '1' ) LIMIT 1  
[2020-06-04 20:54:18] /shop/index.php?action=index&area_id=35&cate_id=857&ci=2_3&controller=cate&key=&new=1&order= ( act=cate&action=index ) 
ERR: Db Error: Unknown column 'contract_2' in 'where clause'
SELECT COUNT(*) AS nc_count FROM `goods_common` WHERE ( areaid_1 = '35' ) AND ( is_new_arrival = '1' ) AND ( contract_2 = '1' ) AND ( contract_3 = '1' ) LIMIT 1  
[2020-06-04 20:57:48] /shop/index.php?action=index&area_id=35&cate_id=857&ci=2_3&controller=cate&key=3&new=1&order=2 ( act=cate&action=index ) 
ERR: Db Error: Unknown column 'contract_2' in 'where clause'
SELECT COUNT(*) AS nc_count FROM `goods_common` WHERE ( areaid_1 = '35' ) AND ( is_new_arrival = '1' ) AND ( contract_2 = '1' ) AND ( contract_3 = '1' ) LIMIT 1  
[2020-06-04 21:01:18] /shop/index.php?action=index&area_id=35&cate_id=857&ci=2_3&controller=cate&key=2&new=1&order=2 ( act=cate&action=index ) 
ERR: Db Error: Unknown column 'contract_2' in 'where clause'
SELECT COUNT(*) AS nc_count FROM `goods_common` WHERE ( areaid_1 = '35' ) AND ( is_new_arrival = '1' ) AND ( contract_2 = '1' ) AND ( contract_3 = '1' ) LIMIT 1  
[2020-06-04 21:16:49] /shop/index.php?action=index&area_id=35&cate_id=857&ci=2_3&controller=cate&key=1&new=1&order=2 ( act=cate&action=index ) 
ERR: Db Error: Unknown column 'contract_2' in 'where clause'
SELECT COUNT(*) AS nc_count FROM `goods_common` WHERE ( areaid_1 = '35' ) AND ( is_new_arrival = '1' ) AND ( contract_2 = '1' ) AND ( contract_3 = '1' ) LIMIT 1  
[2020-06-04 21:23:00] /shop/index.php?controller=cate&action=index&cate_id=192&key=1&order=2&ci=4&new=&type=1 ( act=cate&action=index ) 
ERR: Db Error: Unknown column 'contract_4' in 'where clause'
SELECT COUNT(*) AS nc_count FROM `goods_common` WHERE ( is_own_shop = '1' ) AND ( contract_4 = '1' ) LIMIT 1  
[2020-06-04 21:24:43] /shop/index.php?action=index&area_id=35&cate_id=857&ci=2_3&controller=cate&new=1&yx=1 ( act=cate&action=index ) 
ERR: Db Error: Unknown column 'contract_2' in 'where clause'
SELECT COUNT(*) AS nc_count FROM `goods_common` WHERE ( areaid_1 = '35' ) AND ( is_new_arrival = '1' ) AND ( is_select = '1' ) AND ( contract_2 = '1' ) AND ( contract_3 = '1' ) LIMIT 1  
[2020-06-04 21:37:24] /shop/index.php?controller=cate&action=index&cate_id=2347&gift=&new=&ci=2&yx=&key=1&order=1&type= ( act=cate&action=index ) 
ERR: Db Error: Unknown column 'contract_2' in 'where clause'
SELECT COUNT(*) AS nc_count FROM `goods_common` WHERE ( contract_2 = '1' ) LIMIT 1  
[2020-06-04 21:38:21] /shop/index.php?action=index&area_id=29&cate_id=5579&ci=4&controller=cate ( act=cate&action=index ) 
ERR: Db Error: Unknown column 'contract_4' in 'where clause'
SELECT COUNT(*) AS nc_count FROM `goods_common` WHERE ( gc_id_2 = '5579' ) AND ( areaid_1 = '29' ) AND ( contract_4 = '1' ) LIMIT 1  
[2020-06-04 21:43:22] /shop/index.php?action=index&area_id=34&cate_id=5548&ci=1&controller=cate&key=&order=&type=1 ( act=cate&action=index ) 
ERR: Db Error: Unknown column 'contract_1' in 'where clause'
SELECT COUNT(*) AS nc_count FROM `goods_common` WHERE ( gc_id_3 = '5548' ) AND ( areaid_1 = '34' ) AND ( is_own_shop = '1' ) AND ( contract_1 = '1' ) LIMIT 1  
[2020-06-04 21:49:52] /shop/index.php?action=index&area_id=11&cate_id=856&ci=3_1&controller=cate ( act=cate&action=index ) 
ERR: Db Error: Unknown column 'contract_3' in 'where clause'
SELECT COUNT(*) AS nc_count FROM `goods_common` WHERE ( areaid_1 = '11' ) AND ( contract_3 = '1' ) AND ( contract_1 = '1' ) LIMIT 1  
[2020-06-04 22:00:22] /shop/index.php?action=index&area_id=17&cate_id=856&ci=4_1&controller=cate&key=&order= ( act=cate&action=index ) 
ERR: Db Error: Unknown column 'contract_4' in 'where clause'
SELECT COUNT(*) AS nc_count FROM `goods_common` WHERE ( areaid_1 = '17' ) AND ( contract_4 = '1' ) AND ( contract_1 = '1' ) LIMIT 1  
[2020-06-04 22:07:23] /shop/index.php?action=index&area_id=22&cate_id=959&ci=1_2&controller=cate&key=&order= ( act=cate&action=index ) 
ERR: Db Error: Unknown column 'contract_1' in 'where clause'
SELECT COUNT(*) AS nc_count FROM `goods_common` WHERE ( areaid_1 = '22' ) AND ( contract_1 = '1' ) AND ( contract_2 = '1' ) LIMIT 1  
[2020-06-04 22:13:25] /shop/index.php?controller=cate&action=index&cate_id=2796&ci=1_2&gift=&key=2&order=1&area_id=6&new=1 ( act=cate&action=index ) 
ERR: Db Error: Unknown column 'contract_1' in 'where clause'
SELECT COUNT(*) AS nc_count FROM `goods_common` WHERE ( areaid_1 = '6' ) AND ( is_new_arrival = '1' ) AND ( contract_1 = '1' ) AND ( contract_2 = '1' ) LIMIT 1  
[2020-06-04 22:16:22] /shop/index.php?action=index&area_id=9&cate_id=762&ci=3_1&controller=cate&new=1 ( act=cate&action=index ) 
ERR: Db Error: Unknown column 'contract_3' in 'where clause'
SELECT COUNT(*) AS nc_count FROM `goods_common` WHERE ( areaid_1 = '9' ) AND ( is_new_arrival = '1' ) AND ( contract_3 = '1' ) AND ( contract_1 = '1' ) LIMIT 1  
[2020-06-04 22:20:36] /shop/index.php?controller=cate&action=index&cate_id=845&ci=2_3_4&key=2&order=2&new=1&gift=1 ( act=cate&action=index ) 
ERR: Db Error: Unknown column 'contract_2' in 'where clause'
SELECT COUNT(*) AS nc_count FROM `goods_common` WHERE ( is_new_arrival = '1' ) AND ( contract_2 = '1' ) AND ( contract_3 = '1' ) AND ( contract_4 = '1' ) LIMIT 1  
[2020-06-04 22:27:49] /shop/index.php?controller=cate&action=index&cate_id=382&key=2&order=2&gift=1&area_id=14&ci=4&yx=1 ( act=cate&action=index ) 
ERR: Db Error: Unknown column 'contract_4' in 'where clause'
SELECT COUNT(*) AS nc_count FROM `goods_common` WHERE ( areaid_1 = '14' ) AND ( is_select = '1' ) AND ( contract_4 = '1' ) LIMIT 1  
[2020-06-04 22:30:25] /shop/index.php?action=index&area_id=3&cate_id=5546&ci=1_2&controller=cate ( act=cate&action=index ) 
ERR: Db Error: Unknown column 'contract_1' in 'where clause'
SELECT COUNT(*) AS nc_count FROM `goods_common` WHERE ( gc_id_2 = '5546' ) AND ( areaid_1 = '3' ) AND ( contract_1 = '1' ) AND ( contract_2 = '1' ) LIMIT 1  
[2020-06-04 22:45:12] /shop/index.php?action=index&area_id=3&cate_id=5566&ci=2&controller=cate ( act=cate&action=index ) 
ERR: Db Error: Unknown column 'contract_2' in 'where clause'
SELECT COUNT(*) AS nc_count FROM `goods_common` WHERE ( gc_id_3 = '5566' ) AND ( areaid_1 = '3' ) AND ( contract_2 = '1' ) LIMIT 1  
[2020-06-04 22:49:25] /shop/index.php?controller=cate&action=index&cate_id=13&area_id=26&new=&key=1&order=2&ci=4 ( act=cate&action=index ) 
ERR: Db Error: Unknown column 'contract_4' in 'where clause'
SELECT COUNT(*) AS nc_count FROM `goods_common` WHERE ( areaid_1 = '26' ) AND ( contract_4 = '1' ) LIMIT 1  
[2020-06-04 22:51:24] /shop/index.php?action=index&area_id=13&cate_id=5506&ci=2_4&controller=cate ( act=cate&action=index ) 
ERR: Db Error: Unknown column 'contract_2' in 'where clause'
SELECT COUNT(*) AS nc_count FROM `goods_common` WHERE ( gc_id_1 = '5506' ) AND ( areaid_1 = '13' ) AND ( contract_2 = '1' ) AND ( contract_4 = '1' ) LIMIT 1  
[2020-06-04 23:11:01] /shop/index.php?controller=cate&action=index&cate_id=2788&type=1&ci=1_3&yx=1&new=&gift=1 ( act=cate&action=index ) 
ERR: Db Error: Unknown column 'contract_1' in 'where clause'
SELECT COUNT(*) AS nc_count FROM `goods_common` WHERE ( is_own_shop = '1' ) AND ( is_select = '1' ) AND ( contract_1 = '1' ) AND ( contract_3 = '1' ) LIMIT 1  
[2020-06-04 23:25:26] /shop/index.php?controller=cate&action=index&cate_id=4005&area_id=4&ci=1&key=2&order=2&type=1&new=&yx=1&gift= ( act=cate&action=index ) 
ERR: Db Error: Unknown column 'contract_1' in 'where clause'
SELECT COUNT(*) AS nc_count FROM `goods_common` WHERE ( areaid_1 = '4' ) AND ( is_own_shop = '1' ) AND ( is_select = '1' ) AND ( contract_1 = '1' ) LIMIT 1  
[2020-06-04 23:32:37] /shop/index.php?controller=cate&action=index&cate_id=2414&ci=2&yx=1&key=&order=&area_id=7&type=&new=1 ( act=cate&action=index ) 
ERR: Db Error: Unknown column 'contract_2' in 'where clause'
SELECT COUNT(*) AS nc_count FROM `goods_common` WHERE ( areaid_1 = '7' ) AND ( is_new_arrival = '1' ) AND ( is_select = '1' ) AND ( contract_2 = '1' ) LIMIT 1  
[2020-06-04 23:39:49] /shop/index.php?controller=cate&action=index&cate_id=2879&type=1&ci=4_1&key=3&order=1&area_id=23&gift=1 ( act=cate&action=index ) 
ERR: Db Error: Unknown column 'contract_4' in 'where clause'
SELECT COUNT(*) AS nc_count FROM `goods_common` WHERE ( areaid_1 = '23' ) AND ( is_own_shop = '1' ) AND ( contract_4 = '1' ) AND ( contract_1 = '1' ) LIMIT 1  
