[2020-02-12 00:02:02] /shop/index.php?controller=cate&action=index&cate_id=1068&area_id=9&new=1&ci=3_4_1&yx=1&key=3&order=1&type=1&gift= ( act=cate&action=index ) 
ERR: Db Error: Unknown column 'contract_3' in 'where clause'
SELECT COUNT(*) AS nc_count FROM `goods_common` WHERE ( gc_id_1 = '1068' ) AND ( areaid_1 = '9' ) AND ( is_own_shop = '1' ) AND ( is_new_arrival = '1' ) AND ( is_select = '1' ) AND ( contract_3 = '1' ) AND ( contract_4 = '1' ) AND ( contract_1 = '1' ) LIMIT 1  
[2020-02-12 00:03:10] /shop/index.php?controller=cate&action=index&cate_id=1068&area_id=17&new=&ci=4_1_3&yx=&key=&order=&gift=&type=1 ( act=cate&action=index ) 
ERR: Db Error: Unknown column 'contract_4' in 'where clause'
SELECT COUNT(*) AS nc_count FROM `goods_common` WHERE ( gc_id_1 = '1068' ) AND ( areaid_1 = '17' ) AND ( is_own_shop = '1' ) AND ( contract_4 = '1' ) AND ( contract_1 = '1' ) AND ( contract_3 = '1' ) LIMIT 1  
[2020-02-12 00:04:36] /shop/index.php?controller=cate&action=index&cate_id=1068&area_id=9&new=1&ci=2_1_3&yx=1&key=3&order=1&type=1&gift= ( act=cate&action=index ) 
ERR: Db Error: Unknown column 'contract_2' in 'where clause'
SELECT COUNT(*) AS nc_count FROM `goods_common` WHERE ( gc_id_1 = '1068' ) AND ( areaid_1 = '9' ) AND ( is_own_shop = '1' ) AND ( is_new_arrival = '1' ) AND ( is_select = '1' ) AND ( contract_2 = '1' ) AND ( contract_1 = '1' ) AND ( contract_3 = '1' ) LIMIT 1  
[2020-02-12 00:04:37] /shop/index.php?controller=cate&action=index&cate_id=1068&area_id=34&new=&ci=3_4&yx=1&key=1&order=1&gift=1&type=1 ( act=cate&action=index ) 
ERR: Db Error: Unknown column 'contract_3' in 'where clause'
SELECT COUNT(*) AS nc_count FROM `goods_common` WHERE ( gc_id_1 = '1068' ) AND ( areaid_1 = '34' ) AND ( is_own_shop = '1' ) AND ( is_select = '1' ) AND ( contract_3 = '1' ) AND ( contract_4 = '1' ) LIMIT 1  
[2020-02-12 00:06:11] /shop/index.php?controller=cate&action=index&cate_id=1068&area_id=34&new=&ci=2_1_4&yx=1&key=1&order=2&type=1&gift= ( act=cate&action=index ) 
ERR: Db Error: Unknown column 'contract_2' in 'where clause'
SELECT COUNT(*) AS nc_count FROM `goods_common` WHERE ( gc_id_1 = '1068' ) AND ( areaid_1 = '34' ) AND ( is_own_shop = '1' ) AND ( is_select = '1' ) AND ( contract_2 = '1' ) AND ( contract_1 = '1' ) AND ( contract_4 = '1' ) LIMIT 1  
[2020-02-12 00:06:37] /shop/index.php?controller=cate&action=index&cate_id=1068&area_id=19&new=1&ci=4_3_1&yx=&key=3&order=1&gift=&type=1 ( act=cate&action=index ) 
ERR: Db Error: Unknown column 'contract_4' in 'where clause'
SELECT COUNT(*) AS nc_count FROM `goods_common` WHERE ( gc_id_1 = '1068' ) AND ( areaid_1 = '19' ) AND ( is_own_shop = '1' ) AND ( is_new_arrival = '1' ) AND ( contract_4 = '1' ) AND ( contract_3 = '1' ) AND ( contract_1 = '1' ) LIMIT 1  
[2020-02-12 00:06:37] /shop/index.php?controller=cate&action=index&cate_id=1068&area_id=28&new=&ci=1_3_4&yx=&key=1&order=1&type=&gift= ( act=cate&action=index ) 
ERR: Db Error: Unknown column 'contract_1' in 'where clause'
SELECT COUNT(*) AS nc_count FROM `goods_common` WHERE ( gc_id_1 = '1068' ) AND ( areaid_1 = '28' ) AND ( contract_1 = '1' ) AND ( contract_3 = '1' ) AND ( contract_4 = '1' ) LIMIT 1  
[2020-02-12 00:07:42] /shop/index.php?controller=cate&action=index&cate_id=1068&area_id=10&new=1&ci=3_2_4_1&yx=1&key=&order=&gift=&type=1 ( act=cate&action=index ) 
ERR: Db Error: Unknown column 'contract_3' in 'where clause'
SELECT COUNT(*) AS nc_count FROM `goods_common` WHERE ( gc_id_1 = '1068' ) AND ( areaid_1 = '10' ) AND ( is_own_shop = '1' ) AND ( is_new_arrival = '1' ) AND ( is_select = '1' ) AND ( contract_3 = '1' ) AND ( contract_2 = '1' ) AND ( contract_4 = '1' ) AND ( contract_1 = '1' ) LIMIT 1  
[2020-02-12 00:08:01] /shop/index.php?controller=cate&action=index&cate_id=1068&area_id=32&new=1&ci=2_3_1&yx=&key=1&order=1&type=&gift=1 ( act=cate&action=index ) 
ERR: Db Error: Unknown column 'contract_2' in 'where clause'
SELECT COUNT(*) AS nc_count FROM `goods_common` WHERE ( gc_id_1 = '1068' ) AND ( areaid_1 = '32' ) AND ( is_new_arrival = '1' ) AND ( contract_2 = '1' ) AND ( contract_3 = '1' ) AND ( contract_1 = '1' ) LIMIT 1  
[2020-02-12 00:10:29] /shop/index.php?controller=cate&action=index&cate_id=1068&area_id=21&new=1&ci=1_3_4&yx=1&key=2&order=2&type=1&gift=1 ( act=cate&action=index ) 
ERR: Db Error: Unknown column 'contract_1' in 'where clause'
SELECT COUNT(*) AS nc_count FROM `goods_common` WHERE ( gc_id_1 = '1068' ) AND ( areaid_1 = '21' ) AND ( is_own_shop = '1' ) AND ( is_new_arrival = '1' ) AND ( is_select = '1' ) AND ( contract_1 = '1' ) AND ( contract_3 = '1' ) AND ( contract_4 = '1' ) LIMIT 1  
[2020-02-12 00:10:39] /shop/index.php?controller=cate&action=index&cate_id=1068&area_id=27&new=1&ci=1_3_4&yx=1&key=1&order=2&type=1&gift=1 ( act=cate&action=index ) 
ERR: Db Error: Unknown column 'contract_1' in 'where clause'
SELECT COUNT(*) AS nc_count FROM `goods_common` WHERE ( gc_id_1 = '1068' ) AND ( areaid_1 = '27' ) AND ( is_own_shop = '1' ) AND ( is_new_arrival = '1' ) AND ( is_select = '1' ) AND ( contract_1 = '1' ) AND ( contract_3 = '1' ) AND ( contract_4 = '1' ) LIMIT 1  
[2020-02-12 00:10:46] /shop/index.php?controller=cate&action=index&cate_id=1068&area_id=14&new=&ci=4_1_3_2&yx=&key=2&order=2&gift=1&type= ( act=cate&action=index ) 
ERR: Db Error: Unknown column 'contract_4' in 'where clause'
SELECT COUNT(*) AS nc_count FROM `goods_common` WHERE ( gc_id_1 = '1068' ) AND ( areaid_1 = '14' ) AND ( contract_4 = '1' ) AND ( contract_1 = '1' ) AND ( contract_3 = '1' ) AND ( contract_2 = '1' ) LIMIT 1  
[2020-02-12 00:11:33] /shop/index.php?controller=cate&action=index&cate_id=1068&area_id=11&new=&ci=2_4_1_3&yx=1&key=1&order=1&gift=&type=1 ( act=cate&action=index ) 
ERR: Db Error: Unknown column 'contract_2' in 'where clause'
SELECT COUNT(*) AS nc_count FROM `goods_common` WHERE ( gc_id_1 = '1068' ) AND ( areaid_1 = '11' ) AND ( is_own_shop = '1' ) AND ( is_select = '1' ) AND ( contract_2 = '1' ) AND ( contract_4 = '1' ) AND ( contract_1 = '1' ) AND ( contract_3 = '1' ) LIMIT 1  
[2020-02-12 00:11:42] /shop/index.php?controller=cate&action=index&cate_id=1068&area_id=8&new=&ci=2_1_3&yx=1&key=1&order=2&type=&gift= ( act=cate&action=index ) 
ERR: Db Error: Unknown column 'contract_2' in 'where clause'
SELECT COUNT(*) AS nc_count FROM `goods_common` WHERE ( gc_id_1 = '1068' ) AND ( areaid_1 = '8' ) AND ( is_select = '1' ) AND ( contract_2 = '1' ) AND ( contract_1 = '1' ) AND ( contract_3 = '1' ) LIMIT 1  
[2020-02-12 00:11:46] /shop/index.php?controller=cate&action=index&cate_id=1068&area_id=25&new=&ci=3_2_1&yx=1&key=&order=&gift=1&type=1 ( act=cate&action=index ) 
ERR: Db Error: Unknown column 'contract_3' in 'where clause'
SELECT COUNT(*) AS nc_count FROM `goods_common` WHERE ( gc_id_1 = '1068' ) AND ( areaid_1 = '25' ) AND ( is_own_shop = '1' ) AND ( is_select = '1' ) AND ( contract_3 = '1' ) AND ( contract_2 = '1' ) AND ( contract_1 = '1' ) LIMIT 1  
[2020-02-12 00:12:08] /shop/index.php?controller=cate&action=index&cate_id=1068&area_id=16&new=1&ci=2_1_3&yx=1&key=3&order=1&type=1&gift= ( act=cate&action=index ) 
ERR: Db Error: Unknown column 'contract_2' in 'where clause'
SELECT COUNT(*) AS nc_count FROM `goods_common` WHERE ( gc_id_1 = '1068' ) AND ( areaid_1 = '16' ) AND ( is_own_shop = '1' ) AND ( is_new_arrival = '1' ) AND ( is_select = '1' ) AND ( contract_2 = '1' ) AND ( contract_1 = '1' ) AND ( contract_3 = '1' ) LIMIT 1  
[2020-02-12 00:12:34] /shop/index.php?controller=cate&action=index&cate_id=1068&area_id=4&new=&ci=2_3&yx=&key=1&order=1&gift=&type= ( act=cate&action=index ) 
ERR: Db Error: Unknown column 'contract_2' in 'where clause'
SELECT COUNT(*) AS nc_count FROM `goods_common` WHERE ( gc_id_1 = '1068' ) AND ( areaid_1 = '4' ) AND ( contract_2 = '1' ) AND ( contract_3 = '1' ) LIMIT 1  
[2020-02-12 00:12:48] /shop/index.php?controller=cate&action=index&cate_id=1068&area_id=18&new=&ci=2_1_4&yx=1&key=1&order=1&type=1&gift=1 ( act=cate&action=index ) 
ERR: Db Error: Unknown column 'contract_2' in 'where clause'
SELECT COUNT(*) AS nc_count FROM `goods_common` WHERE ( gc_id_1 = '1068' ) AND ( areaid_1 = '18' ) AND ( is_own_shop = '1' ) AND ( is_select = '1' ) AND ( contract_2 = '1' ) AND ( contract_1 = '1' ) AND ( contract_4 = '1' ) LIMIT 1  
[2020-02-12 00:13:18] /shop/index.php?controller=cate&action=index&cate_id=1068&area_id=8&new=1&ci=1_3_4&yx=1&key=2&order=1&type=1&gift=1 ( act=cate&action=index ) 
ERR: Db Error: Unknown column 'contract_1' in 'where clause'
SELECT COUNT(*) AS nc_count FROM `goods_common` WHERE ( gc_id_1 = '1068' ) AND ( areaid_1 = '8' ) AND ( is_own_shop = '1' ) AND ( is_new_arrival = '1' ) AND ( is_select = '1' ) AND ( contract_1 = '1' ) AND ( contract_3 = '1' ) AND ( contract_4 = '1' ) LIMIT 1  
[2020-02-12 00:13:49] /shop/index.php?controller=cate&action=index&cate_id=1068&area_id=8&new=1&ci=3_2_4_1&yx=&key=1&order=2&gift=&type=1 ( act=cate&action=index ) 
ERR: Db Error: Unknown column 'contract_3' in 'where clause'
SELECT COUNT(*) AS nc_count FROM `goods_common` WHERE ( gc_id_1 = '1068' ) AND ( areaid_1 = '8' ) AND ( is_own_shop = '1' ) AND ( is_new_arrival = '1' ) AND ( contract_3 = '1' ) AND ( contract_2 = '1' ) AND ( contract_4 = '1' ) AND ( contract_1 = '1' ) LIMIT 1  
[2020-02-12 00:15:15] /shop/index.php?controller=cate&action=index&cate_id=1068&area_id=24&new=&ci=2_1_3&yx=&key=&order=&gift=&type=1 ( act=cate&action=index ) 
ERR: Db Error: Unknown column 'contract_2' in 'where clause'
SELECT COUNT(*) AS nc_count FROM `goods_common` WHERE ( gc_id_1 = '1068' ) AND ( areaid_1 = '24' ) AND ( is_own_shop = '1' ) AND ( contract_2 = '1' ) AND ( contract_1 = '1' ) AND ( contract_3 = '1' ) LIMIT 1  
[2020-02-12 00:18:14] /shop/index.php?controller=cate&action=index&cate_id=1068&area_id=33&new=1&ci=2_4_1_3&yx=&key=2&order=2&gift=&type=1 ( act=cate&action=index ) 
ERR: Db Error: Unknown column 'contract_2' in 'where clause'
SELECT COUNT(*) AS nc_count FROM `goods_common` WHERE ( gc_id_1 = '1068' ) AND ( areaid_1 = '33' ) AND ( is_own_shop = '1' ) AND ( is_new_arrival = '1' ) AND ( contract_2 = '1' ) AND ( contract_4 = '1' ) AND ( contract_1 = '1' ) AND ( contract_3 = '1' ) LIMIT 1  
[2020-02-12 00:19:27] /shop/index.php?controller=cate&action=index&cate_id=1068&area_id=12&new=1&ci=3_4_1&yx=1&key=1&order=1&type=1&gift= ( act=cate&action=index ) 
ERR: Db Error: Unknown column 'contract_3' in 'where clause'
SELECT COUNT(*) AS nc_count FROM `goods_common` WHERE ( gc_id_1 = '1068' ) AND ( areaid_1 = '12' ) AND ( is_own_shop = '1' ) AND ( is_new_arrival = '1' ) AND ( is_select = '1' ) AND ( contract_3 = '1' ) AND ( contract_4 = '1' ) AND ( contract_1 = '1' ) LIMIT 1  
[2020-02-12 00:20:03] /shop/index.php?controller=cate&action=index&cate_id=1068&area_id=34&new=&ci=1_4&yx=1&key=3&order=1&type=1&gift= ( act=cate&action=index ) 
ERR: Db Error: Unknown column 'contract_1' in 'where clause'
SELECT COUNT(*) AS nc_count FROM `goods_common` WHERE ( gc_id_1 = '1068' ) AND ( areaid_1 = '34' ) AND ( is_own_shop = '1' ) AND ( is_select = '1' ) AND ( contract_1 = '1' ) AND ( contract_4 = '1' ) LIMIT 1  
[2020-02-12 00:20:18] /shop/index.php?controller=cate&action=index&cate_id=1068&area_id=27&new=1&ci=2_3_1&yx=&key=1&order=1&gift=&type= ( act=cate&action=index ) 
ERR: Db Error: Unknown column 'contract_2' in 'where clause'
SELECT COUNT(*) AS nc_count FROM `goods_common` WHERE ( gc_id_1 = '1068' ) AND ( areaid_1 = '27' ) AND ( is_new_arrival = '1' ) AND ( contract_2 = '1' ) AND ( contract_3 = '1' ) AND ( contract_1 = '1' ) LIMIT 1  
[2020-02-12 00:20:29] /shop/index.php?controller=cate&action=index&cate_id=1068&area_id=19&new=&ci=3_4_1&yx=&key=2&order=2&type=1&gift= ( act=cate&action=index ) 
ERR: Db Error: Unknown column 'contract_3' in 'where clause'
SELECT COUNT(*) AS nc_count FROM `goods_common` WHERE ( gc_id_1 = '1068' ) AND ( areaid_1 = '19' ) AND ( is_own_shop = '1' ) AND ( contract_3 = '1' ) AND ( contract_4 = '1' ) AND ( contract_1 = '1' ) LIMIT 1  
[2020-02-12 00:22:07] /shop/index.php?controller=cate&action=index&cate_id=1068&area_id=18&new=1&ci=3_4_1&yx=&key=2&order=2&type=&gift= ( act=cate&action=index ) 
ERR: Db Error: Unknown column 'contract_3' in 'where clause'
SELECT COUNT(*) AS nc_count FROM `goods_common` WHERE ( gc_id_1 = '1068' ) AND ( areaid_1 = '18' ) AND ( is_new_arrival = '1' ) AND ( contract_3 = '1' ) AND ( contract_4 = '1' ) AND ( contract_1 = '1' ) LIMIT 1  
[2020-02-12 00:23:47] /shop/index.php?controller=cate&action=index&cate_id=1068&area_id=24&new=1&ci=4_1_3_2&yx=&key=3&order=2&gift=1&type= ( act=cate&action=index ) 
ERR: Db Error: Unknown column 'contract_4' in 'where clause'
SELECT COUNT(*) AS nc_count FROM `goods_common` WHERE ( gc_id_1 = '1068' ) AND ( areaid_1 = '24' ) AND ( is_new_arrival = '1' ) AND ( contract_4 = '1' ) AND ( contract_1 = '1' ) AND ( contract_3 = '1' ) AND ( contract_2 = '1' ) LIMIT 1  
[2020-02-12 00:24:03] /shop/index.php?controller=cate&action=index&cate_id=1068&area_id=10&new=&ci=2_4_1_3&yx=1&key=2&order=2&gift=&type=1 ( act=cate&action=index ) 
ERR: Db Error: Unknown column 'contract_2' in 'where clause'
SELECT COUNT(*) AS nc_count FROM `goods_common` WHERE ( gc_id_1 = '1068' ) AND ( areaid_1 = '10' ) AND ( is_own_shop = '1' ) AND ( is_select = '1' ) AND ( contract_2 = '1' ) AND ( contract_4 = '1' ) AND ( contract_1 = '1' ) AND ( contract_3 = '1' ) LIMIT 1  
[2020-02-12 00:25:05] /shop/index.php?controller=cate&action=index&cate_id=1068&area_id=20&new=1&ci=3_4_1&yx=&key=2&order=2&type=1&gift= ( act=cate&action=index ) 
ERR: Db Error: Unknown column 'contract_3' in 'where clause'
SELECT COUNT(*) AS nc_count FROM `goods_common` WHERE ( gc_id_1 = '1068' ) AND ( areaid_1 = '20' ) AND ( is_own_shop = '1' ) AND ( is_new_arrival = '1' ) AND ( contract_3 = '1' ) AND ( contract_4 = '1' ) AND ( contract_1 = '1' ) LIMIT 1  
[2020-02-12 00:26:31] /shop/index.php?controller=cate&action=index&cate_id=1068&area_id=2&new=&ci=1_4_2&yx=&key=1&order=1&type=1&gift= ( act=cate&action=index ) 
ERR: Db Error: Unknown column 'contract_1' in 'where clause'
SELECT COUNT(*) AS nc_count FROM `goods_common` WHERE ( gc_id_1 = '1068' ) AND ( areaid_1 = '2' ) AND ( is_own_shop = '1' ) AND ( contract_1 = '1' ) AND ( contract_4 = '1' ) AND ( contract_2 = '1' ) LIMIT 1  
[2020-02-12 00:28:12] /shop/index.php?controller=cate&action=index&cate_id=1068&area_id=35&new=1&ci=3_4_1&yx=&key=2&order=2&type=&gift= ( act=cate&action=index ) 
ERR: Db Error: Unknown column 'contract_3' in 'where clause'
SELECT COUNT(*) AS nc_count FROM `goods_common` WHERE ( gc_id_1 = '1068' ) AND ( areaid_1 = '35' ) AND ( is_new_arrival = '1' ) AND ( contract_3 = '1' ) AND ( contract_4 = '1' ) AND ( contract_1 = '1' ) LIMIT 1  
[2020-02-12 00:28:27] /shop/index.php?controller=cate&action=index&cate_id=1068&area_id=8&new=&ci=2_4_3&yx=1&key=&order=&gift=1&type=1 ( act=cate&action=index ) 
ERR: Db Error: Unknown column 'contract_2' in 'where clause'
SELECT COUNT(*) AS nc_count FROM `goods_common` WHERE ( gc_id_1 = '1068' ) AND ( areaid_1 = '8' ) AND ( is_own_shop = '1' ) AND ( is_select = '1' ) AND ( contract_2 = '1' ) AND ( contract_4 = '1' ) AND ( contract_3 = '1' ) LIMIT 1  
[2020-02-12 00:28:37] /shop/index.php?action=index&area_id=8&cate_id=411&ci=4_1&controller=cate&type=1 ( act=cate&action=index ) 
ERR: Db Error: Unknown column 'contract_4' in 'where clause'
SELECT COUNT(*) AS nc_count FROM `goods_common` WHERE ( areaid_1 = '8' ) AND ( is_own_shop = '1' ) AND ( contract_4 = '1' ) AND ( contract_1 = '1' ) LIMIT 1  
[2020-02-12 00:29:20] /shop/index.php?controller=cate&action=index&cate_id=1068&area_id=7&new=1&ci=3_2&yx=1&key=1&order=1&type=&gift=1 ( act=cate&action=index ) 
ERR: Db Error: Unknown column 'contract_3' in 'where clause'
SELECT COUNT(*) AS nc_count FROM `goods_common` WHERE ( gc_id_1 = '1068' ) AND ( areaid_1 = '7' ) AND ( is_new_arrival = '1' ) AND ( is_select = '1' ) AND ( contract_3 = '1' ) AND ( contract_2 = '1' ) LIMIT 1  
[2020-02-12 00:29:29] /shop/index.php?controller=cate&action=index&cate_id=1068&area_id=7&new=1&ci=3_1&yx=&key=1&order=1&gift=1&type= ( act=cate&action=index ) 
ERR: Db Error: Unknown column 'contract_3' in 'where clause'
SELECT COUNT(*) AS nc_count FROM `goods_common` WHERE ( gc_id_1 = '1068' ) AND ( areaid_1 = '7' ) AND ( is_new_arrival = '1' ) AND ( contract_3 = '1' ) AND ( contract_1 = '1' ) LIMIT 1  
[2020-02-12 00:31:15] /shop/index.php?controller=cate&action=index&cate_id=1068&area_id=23&new=&ci=2_4_3&yx=&key=1&order=2&gift=1&type=1 ( act=cate&action=index ) 
ERR: Db Error: Unknown column 'contract_2' in 'where clause'
SELECT COUNT(*) AS nc_count FROM `goods_common` WHERE ( gc_id_1 = '1068' ) AND ( areaid_1 = '23' ) AND ( is_own_shop = '1' ) AND ( contract_2 = '1' ) AND ( contract_4 = '1' ) AND ( contract_3 = '1' ) LIMIT 1  
[2020-02-12 00:31:41] /shop/index.php?controller=cate&action=index&cate_id=1068&area_id=32&new=&ci=4_1_2_3&yx=&key=2&order=2&type=&gift= ( act=cate&action=index ) 
ERR: Db Error: Unknown column 'contract_4' in 'where clause'
SELECT COUNT(*) AS nc_count FROM `goods_common` WHERE ( gc_id_1 = '1068' ) AND ( areaid_1 = '32' ) AND ( contract_4 = '1' ) AND ( contract_1 = '1' ) AND ( contract_2 = '1' ) AND ( contract_3 = '1' ) LIMIT 1  
[2020-02-12 00:34:11] /shop/index.php?controller=cate&action=index&cate_id=1068&area_id=13&new=1&ci=2_4_3_1&yx=1&key=1&order=2&gift=1&type= ( act=cate&action=index ) 
ERR: Db Error: Unknown column 'contract_2' in 'where clause'
SELECT COUNT(*) AS nc_count FROM `goods_common` WHERE ( gc_id_1 = '1068' ) AND ( areaid_1 = '13' ) AND ( is_new_arrival = '1' ) AND ( is_select = '1' ) AND ( contract_2 = '1' ) AND ( contract_4 = '1' ) AND ( contract_3 = '1' ) AND ( contract_1 = '1' ) LIMIT 1  
[2020-02-12 00:34:12] /shop/index.php?controller=cate&action=index&cate_id=1068&area_id=&new=1&ci=4_1_2_3&yx=&key=2&order=1&type=&gift= ( act=cate&action=index ) 
ERR: Db Error: Unknown column 'contract_4' in 'where clause'
SELECT COUNT(*) AS nc_count FROM `goods_common` WHERE ( gc_id_1 = '1068' ) AND ( is_new_arrival = '1' ) AND ( contract_4 = '1' ) AND ( contract_1 = '1' ) AND ( contract_2 = '1' ) AND ( contract_3 = '1' ) LIMIT 1  
[2020-02-12 00:36:18] /shop/index.php?controller=cate&action=index&cate_id=1068&area_id=22&new=1&ci=2_3&yx=1&key=1&order=1&type=1&gift=1 ( act=cate&action=index ) 
ERR: Db Error: Unknown column 'contract_2' in 'where clause'
SELECT COUNT(*) AS nc_count FROM `goods_common` WHERE ( gc_id_1 = '1068' ) AND ( areaid_1 = '22' ) AND ( is_own_shop = '1' ) AND ( is_new_arrival = '1' ) AND ( is_select = '1' ) AND ( contract_2 = '1' ) AND ( contract_3 = '1' ) LIMIT 1  
[2020-02-12 00:36:40] /shop/index.php?controller=cate&action=index&cate_id=1068&area_id=&new=&ci=2_1_4&yx=&key=2&order=2&gift=&type=1 ( act=cate&action=index ) 
ERR: Db Error: Unknown column 'contract_2' in 'where clause'
SELECT COUNT(*) AS nc_count FROM `goods_common` WHERE ( gc_id_1 = '1068' ) AND ( is_own_shop = '1' ) AND ( contract_2 = '1' ) AND ( contract_1 = '1' ) AND ( contract_4 = '1' ) LIMIT 1  
[2020-02-12 00:37:57] /shop/index.php?controller=cate&action=index&cate_id=1068&area_id=19&new=&ci=2_4_1_3&yx=&key=3&order=2&gift=&type= ( act=cate&action=index ) 
ERR: Db Error: Unknown column 'contract_2' in 'where clause'
SELECT COUNT(*) AS nc_count FROM `goods_common` WHERE ( gc_id_1 = '1068' ) AND ( areaid_1 = '19' ) AND ( contract_2 = '1' ) AND ( contract_4 = '1' ) AND ( contract_1 = '1' ) AND ( contract_3 = '1' ) LIMIT 1  
[2020-02-12 00:38:31] /shop/index.php?controller=cate&action=index&cate_id=1068&area_id=32&new=&ci=1_3_4&yx=&key=&order=&type=1&gift=1 ( act=cate&action=index ) 
ERR: Db Error: Unknown column 'contract_1' in 'where clause'
SELECT COUNT(*) AS nc_count FROM `goods_common` WHERE ( gc_id_1 = '1068' ) AND ( areaid_1 = '32' ) AND ( is_own_shop = '1' ) AND ( contract_1 = '1' ) AND ( contract_3 = '1' ) AND ( contract_4 = '1' ) LIMIT 1  
[2020-02-12 00:38:41] /shop/index.php?controller=cate&action=index&cate_id=1068&area_id=32&new=&ci=2_4_3&yx=1&key=1&order=1&gift=1&type=1 ( act=cate&action=index ) 
ERR: Db Error: Unknown column 'contract_2' in 'where clause'
SELECT COUNT(*) AS nc_count FROM `goods_common` WHERE ( gc_id_1 = '1068' ) AND ( areaid_1 = '32' ) AND ( is_own_shop = '1' ) AND ( is_select = '1' ) AND ( contract_2 = '1' ) AND ( contract_4 = '1' ) AND ( contract_3 = '1' ) LIMIT 1  
[2020-02-12 00:40:39] /shop/index.php?controller=cate&action=index&cate_id=1068&area_id=28&new=1&ci=1_4_2&yx=1&key=1&order=1&type=1&gift=1 ( act=cate&action=index ) 
ERR: Db Error: Unknown column 'contract_1' in 'where clause'
SELECT COUNT(*) AS nc_count FROM `goods_common` WHERE ( gc_id_1 = '1068' ) AND ( areaid_1 = '28' ) AND ( is_own_shop = '1' ) AND ( is_new_arrival = '1' ) AND ( is_select = '1' ) AND ( contract_1 = '1' ) AND ( contract_4 = '1' ) AND ( contract_2 = '1' ) LIMIT 1  
[2020-02-12 00:41:02] /shop/index.php?controller=cate&action=index&cate_id=1068&area_id=5&new=1&ci=3_4&yx=1&key=2&order=1&type=1&gift= ( act=cate&action=index ) 
ERR: Db Error: Unknown column 'contract_3' in 'where clause'
SELECT COUNT(*) AS nc_count FROM `goods_common` WHERE ( gc_id_1 = '1068' ) AND ( areaid_1 = '5' ) AND ( is_own_shop = '1' ) AND ( is_new_arrival = '1' ) AND ( is_select = '1' ) AND ( contract_3 = '1' ) AND ( contract_4 = '1' ) LIMIT 1  
[2020-02-12 00:41:10] /shop/index.php?controller=cate&action=index&cate_id=2151&ci=2 ( act=cate&action=index ) 
ERR: Db Error: Unknown column 'contract_2' in 'where clause'
SELECT COUNT(*) AS nc_count FROM `goods_common` WHERE ( gc_id_2 = '2151' ) AND ( contract_2 = '1' ) LIMIT 1  
[2020-02-12 00:41:18] /shop/index.php?controller=cate&action=index&cate_id=1068&area_id=9&new=1&ci=2_3_4_1&yx=&key=2&order=1&type=1&gift= ( act=cate&action=index ) 
ERR: Db Error: Unknown column 'contract_2' in 'where clause'
SELECT COUNT(*) AS nc_count FROM `goods_common` WHERE ( gc_id_1 = '1068' ) AND ( areaid_1 = '9' ) AND ( is_own_shop = '1' ) AND ( is_new_arrival = '1' ) AND ( contract_2 = '1' ) AND ( contract_3 = '1' ) AND ( contract_4 = '1' ) AND ( contract_1 = '1' ) LIMIT 1  
[2020-02-12 00:41:58] /shop/index.php?controller=cate&action=index&cate_id=1068&area_id=6&new=&ci=3_2_4_1&yx=&key=&order=&gift=&type=1 ( act=cate&action=index ) 
ERR: Db Error: Unknown column 'contract_3' in 'where clause'
SELECT COUNT(*) AS nc_count FROM `goods_common` WHERE ( gc_id_1 = '1068' ) AND ( areaid_1 = '6' ) AND ( is_own_shop = '1' ) AND ( contract_3 = '1' ) AND ( contract_2 = '1' ) AND ( contract_4 = '1' ) AND ( contract_1 = '1' ) LIMIT 1  
[2020-02-12 00:42:36] /shop/index.php?controller=cate&action=index&cate_id=1068&area_id=11&new=&ci=1_2_4&yx=1&key=1&order=1&type=&gift= ( act=cate&action=index ) 
ERR: Db Error: Unknown column 'contract_1' in 'where clause'
SELECT COUNT(*) AS nc_count FROM `goods_common` WHERE ( gc_id_1 = '1068' ) AND ( areaid_1 = '11' ) AND ( is_select = '1' ) AND ( contract_1 = '1' ) AND ( contract_2 = '1' ) AND ( contract_4 = '1' ) LIMIT 1  
[2020-02-12 00:43:24] /shop/index.php?controller=cate&action=index&cate_id=1068&area_id=32&new=1&ci=2_1_4&yx=1&key=2&order=2&type=1&gift= ( act=cate&action=index ) 
ERR: Db Error: Unknown column 'contract_2' in 'where clause'
SELECT COUNT(*) AS nc_count FROM `goods_common` WHERE ( gc_id_1 = '1068' ) AND ( areaid_1 = '32' ) AND ( is_own_shop = '1' ) AND ( is_new_arrival = '1' ) AND ( is_select = '1' ) AND ( contract_2 = '1' ) AND ( contract_1 = '1' ) AND ( contract_4 = '1' ) LIMIT 1  
[2020-02-12 00:45:03] /shop/index.php?controller=cate&action=index&cate_id=1068&area_id=28&new=&ci=1_3_4&yx=&key=3&order=1&type=1&gift= ( act=cate&action=index ) 
ERR: Db Error: Unknown column 'contract_1' in 'where clause'
SELECT COUNT(*) AS nc_count FROM `goods_common` WHERE ( gc_id_1 = '1068' ) AND ( areaid_1 = '28' ) AND ( is_own_shop = '1' ) AND ( contract_1 = '1' ) AND ( contract_3 = '1' ) AND ( contract_4 = '1' ) LIMIT 1  
[2020-02-12 00:45:19] /shop/index.php?controller=cate&action=index&cate_id=1068&area_id=16&new=&ci=1_2_4&yx=1&key=1&order=2&type=&gift= ( act=cate&action=index ) 
ERR: Db Error: Unknown column 'contract_1' in 'where clause'
SELECT COUNT(*) AS nc_count FROM `goods_common` WHERE ( gc_id_1 = '1068' ) AND ( areaid_1 = '16' ) AND ( is_select = '1' ) AND ( contract_1 = '1' ) AND ( contract_2 = '1' ) AND ( contract_4 = '1' ) LIMIT 1  
[2020-02-12 00:45:34] /shop/index.php?controller=cate&action=index&cate_id=1068&area_id=9&new=&ci=2_1_3&yx=&key=2&order=2&gift=&type=1 ( act=cate&action=index ) 
ERR: Db Error: Unknown column 'contract_2' in 'where clause'
SELECT COUNT(*) AS nc_count FROM `goods_common` WHERE ( gc_id_1 = '1068' ) AND ( areaid_1 = '9' ) AND ( is_own_shop = '1' ) AND ( contract_2 = '1' ) AND ( contract_1 = '1' ) AND ( contract_3 = '1' ) LIMIT 1  
[2020-02-12 00:45:39] /shop/index.php?controller=cate&action=index&cate_id=1068&area_id=28&new=1&ci=3_2_4&yx=&key=3&order=1&gift=1&type=1 ( act=cate&action=index ) 
ERR: Db Error: Unknown column 'contract_3' in 'where clause'
SELECT COUNT(*) AS nc_count FROM `goods_common` WHERE ( gc_id_1 = '1068' ) AND ( areaid_1 = '28' ) AND ( is_own_shop = '1' ) AND ( is_new_arrival = '1' ) AND ( contract_3 = '1' ) AND ( contract_2 = '1' ) AND ( contract_4 = '1' ) LIMIT 1  
[2020-02-12 00:47:01] /shop/index.php?controller=cate&action=index&cate_id=1068&area_id=8&new=1&ci=4_1_3_2&yx=&key=2&order=2&gift=1&type= ( act=cate&action=index ) 
ERR: Db Error: Unknown column 'contract_4' in 'where clause'
SELECT COUNT(*) AS nc_count FROM `goods_common` WHERE ( gc_id_1 = '1068' ) AND ( areaid_1 = '8' ) AND ( is_new_arrival = '1' ) AND ( contract_4 = '1' ) AND ( contract_1 = '1' ) AND ( contract_3 = '1' ) AND ( contract_2 = '1' ) LIMIT 1  
[2020-02-12 00:47:28] /shop/index.php?controller=cate&action=index&cate_id=1068&area_id=30&new=&ci=3_4_1&yx=1&key=2&order=2&type=&gift= ( act=cate&action=index ) 
ERR: Db Error: Unknown column 'contract_3' in 'where clause'
SELECT COUNT(*) AS nc_count FROM `goods_common` WHERE ( gc_id_1 = '1068' ) AND ( areaid_1 = '30' ) AND ( is_select = '1' ) AND ( contract_3 = '1' ) AND ( contract_4 = '1' ) AND ( contract_1 = '1' ) LIMIT 1  
[2020-02-12 00:48:11] /shop/index.php?controller=cate&action=index&cate_id=1068&area_id=17&new=&ci=1_4_3&yx=1&key=2&order=2&type=&gift= ( act=cate&action=index ) 
ERR: Db Error: Unknown column 'contract_1' in 'where clause'
SELECT COUNT(*) AS nc_count FROM `goods_common` WHERE ( gc_id_1 = '1068' ) AND ( areaid_1 = '17' ) AND ( is_select = '1' ) AND ( contract_1 = '1' ) AND ( contract_4 = '1' ) AND ( contract_3 = '1' ) LIMIT 1  
[2020-02-12 00:49:18] /shop/index.php?controller=cate&action=index&cate_id=1068&area_id=26&new=&ci=1_2&yx=&key=1&order=1&type=1&gift=1 ( act=cate&action=index ) 
ERR: Db Error: Unknown column 'contract_1' in 'where clause'
SELECT COUNT(*) AS nc_count FROM `goods_common` WHERE ( gc_id_1 = '1068' ) AND ( areaid_1 = '26' ) AND ( is_own_shop = '1' ) AND ( contract_1 = '1' ) AND ( contract_2 = '1' ) LIMIT 1  
[2020-02-12 00:49:35] /shop/index.php?controller=cate&action=index&cate_id=1068&area_id=8&new=1&ci=3_4_1&yx=&key=2&order=2&type=1&gift= ( act=cate&action=index ) 
ERR: Db Error: Unknown column 'contract_3' in 'where clause'
SELECT COUNT(*) AS nc_count FROM `goods_common` WHERE ( gc_id_1 = '1068' ) AND ( areaid_1 = '8' ) AND ( is_own_shop = '1' ) AND ( is_new_arrival = '1' ) AND ( contract_3 = '1' ) AND ( contract_4 = '1' ) AND ( contract_1 = '1' ) LIMIT 1  
[2020-02-12 00:49:47] /shop/index.php?controller=cate&action=index&cate_id=1068&area_id=27&new=1&ci=2_1_4&yx=1&key=2&order=2&type=1&gift= ( act=cate&action=index ) 
ERR: Db Error: Unknown column 'contract_2' in 'where clause'
SELECT COUNT(*) AS nc_count FROM `goods_common` WHERE ( gc_id_1 = '1068' ) AND ( areaid_1 = '27' ) AND ( is_own_shop = '1' ) AND ( is_new_arrival = '1' ) AND ( is_select = '1' ) AND ( contract_2 = '1' ) AND ( contract_1 = '1' ) AND ( contract_4 = '1' ) LIMIT 1  
[2020-02-12 00:51:20] /shop/index.php?controller=cate&action=index&cate_id=1068&area_id=4&new=&ci=1_4_2&yx=1&key=1&order=1&type=&gift=1 ( act=cate&action=index ) 
ERR: Db Error: Unknown column 'contract_1' in 'where clause'
SELECT COUNT(*) AS nc_count FROM `goods_common` WHERE ( gc_id_1 = '1068' ) AND ( areaid_1 = '4' ) AND ( is_select = '1' ) AND ( contract_1 = '1' ) AND ( contract_4 = '1' ) AND ( contract_2 = '1' ) LIMIT 1  
[2020-02-12 00:53:04] /shop/index.php?controller=cate&action=index&cate_id=1068&area_id=13&new=1&ci=4_2_3_1&yx=1&key=3&order=1&gift=&type=1 ( act=cate&action=index ) 
ERR: Db Error: Unknown column 'contract_4' in 'where clause'
SELECT COUNT(*) AS nc_count FROM `goods_common` WHERE ( gc_id_1 = '1068' ) AND ( areaid_1 = '13' ) AND ( is_own_shop = '1' ) AND ( is_new_arrival = '1' ) AND ( is_select = '1' ) AND ( contract_4 = '1' ) AND ( contract_2 = '1' ) AND ( contract_3 = '1' ) AND ( contract_1 = '1' ) LIMIT 1  
[2020-02-12 00:53:35] /shop/index.php?controller=cate&action=index&cate_id=1068&area_id=8&new=&ci=2_4_1_3&yx=&key=1&order=1&gift=1&type= ( act=cate&action=index ) 
ERR: Db Error: Unknown column 'contract_2' in 'where clause'
SELECT COUNT(*) AS nc_count FROM `goods_common` WHERE ( gc_id_1 = '1068' ) AND ( areaid_1 = '8' ) AND ( contract_2 = '1' ) AND ( contract_4 = '1' ) AND ( contract_1 = '1' ) AND ( contract_3 = '1' ) LIMIT 1  
[2020-02-12 00:53:46] /shop/index.php?controller=cate&action=index&cate_id=1068&area_id=20&new=1&ci=3_1&yx=&key=1&order=1&type=1&gift=1 ( act=cate&action=index ) 
ERR: Db Error: Unknown column 'contract_3' in 'where clause'
SELECT COUNT(*) AS nc_count FROM `goods_common` WHERE ( gc_id_1 = '1068' ) AND ( areaid_1 = '20' ) AND ( is_own_shop = '1' ) AND ( is_new_arrival = '1' ) AND ( contract_3 = '1' ) AND ( contract_1 = '1' ) LIMIT 1  
[2020-02-12 00:54:21] /shop/index.php?controller=cate&action=index&cate_id=1068&area_id=9&new=1&ci=4_2_1_3&yx=1&key=2&order=2&type=1&gift= ( act=cate&action=index ) 
ERR: Db Error: Unknown column 'contract_4' in 'where clause'
SELECT COUNT(*) AS nc_count FROM `goods_common` WHERE ( gc_id_1 = '1068' ) AND ( areaid_1 = '9' ) AND ( is_own_shop = '1' ) AND ( is_new_arrival = '1' ) AND ( is_select = '1' ) AND ( contract_4 = '1' ) AND ( contract_2 = '1' ) AND ( contract_1 = '1' ) AND ( contract_3 = '1' ) LIMIT 1  
[2020-02-12 00:55:08] /shop/index.php?controller=cate&action=index&cate_id=1068&area_id=4&new=&ci=3_2&yx=1&key=2&order=1&type=&gift= ( act=cate&action=index ) 
ERR: Db Error: Unknown column 'contract_3' in 'where clause'
SELECT COUNT(*) AS nc_count FROM `goods_common` WHERE ( gc_id_1 = '1068' ) AND ( areaid_1 = '4' ) AND ( is_select = '1' ) AND ( contract_3 = '1' ) AND ( contract_2 = '1' ) LIMIT 1  
[2020-02-12 00:55:45] /shop/index.php?action=index&area_id=34&cate_id=5567&ci=1&controller=cate&new= ( act=cate&action=index ) 
ERR: Db Error: Unknown column 'contract_1' in 'where clause'
SELECT COUNT(*) AS nc_count FROM `goods_common` WHERE ( gc_id_3 = '5567' ) AND ( areaid_1 = '34' ) AND ( contract_1 = '1' ) LIMIT 1  
[2020-02-12 00:56:02] /shop/index.php?controller=cate&action=index&cate_id=1068&area_id=2&new=&ci=4_1&yx=&key=2&order=1&type=&gift= ( act=cate&action=index ) 
ERR: Db Error: Unknown column 'contract_4' in 'where clause'
SELECT COUNT(*) AS nc_count FROM `goods_common` WHERE ( gc_id_1 = '1068' ) AND ( areaid_1 = '2' ) AND ( contract_4 = '1' ) AND ( contract_1 = '1' ) LIMIT 1  
[2020-02-12 00:57:10] /shop/index.php?controller=cate&action=index&cate_id=1068&area_id=3&new=1&ci=3_2_1&yx=&key=1&order=2&gift=1&type=1 ( act=cate&action=index ) 
ERR: Db Error: Unknown column 'contract_3' in 'where clause'
SELECT COUNT(*) AS nc_count FROM `goods_common` WHERE ( gc_id_1 = '1068' ) AND ( areaid_1 = '3' ) AND ( is_own_shop = '1' ) AND ( is_new_arrival = '1' ) AND ( contract_3 = '1' ) AND ( contract_2 = '1' ) AND ( contract_1 = '1' ) LIMIT 1  
[2020-02-12 00:58:20] /shop/index.php?controller=cate&action=index&cate_id=1068&area_id=30&new=1&ci=1_2&yx=1&key=1&order=1&gift=&type= ( act=cate&action=index ) 
ERR: Db Error: Unknown column 'contract_1' in 'where clause'
SELECT COUNT(*) AS nc_count FROM `goods_common` WHERE ( gc_id_1 = '1068' ) AND ( areaid_1 = '30' ) AND ( is_new_arrival = '1' ) AND ( is_select = '1' ) AND ( contract_1 = '1' ) AND ( contract_2 = '1' ) LIMIT 1  
[2020-02-12 01:00:08] /shop/index.php?controller=cate&action=index&cate_id=1068&area_id=16&new=&ci=1_3_2&yx=&key=3&order=2&type=1&gift=1 ( act=cate&action=index ) 
ERR: Db Error: Unknown column 'contract_1' in 'where clause'
SELECT COUNT(*) AS nc_count FROM `goods_common` WHERE ( gc_id_1 = '1068' ) AND ( areaid_1 = '16' ) AND ( is_own_shop = '1' ) AND ( contract_1 = '1' ) AND ( contract_3 = '1' ) AND ( contract_2 = '1' ) LIMIT 1  
[2020-02-12 01:00:21] /shop/index.php?controller=cate&action=index&cate_id=1068&area_id=8&new=1&ci=4_2_1&yx=1&key=3&order=2&gift=1&type=1 ( act=cate&action=index ) 
ERR: Db Error: Unknown column 'contract_4' in 'where clause'
SELECT COUNT(*) AS nc_count FROM `goods_common` WHERE ( gc_id_1 = '1068' ) AND ( areaid_1 = '8' ) AND ( is_own_shop = '1' ) AND ( is_new_arrival = '1' ) AND ( is_select = '1' ) AND ( contract_4 = '1' ) AND ( contract_2 = '1' ) AND ( contract_1 = '1' ) LIMIT 1  
[2020-02-12 01:01:19] /shop/index.php?controller=cate&action=index&cate_id=1068&area_id=9&new=&ci=1_4&yx=1&key=3&order=1&type=1&gift= ( act=cate&action=index ) 
ERR: Db Error: Unknown column 'contract_1' in 'where clause'
SELECT COUNT(*) AS nc_count FROM `goods_common` WHERE ( gc_id_1 = '1068' ) AND ( areaid_1 = '9' ) AND ( is_own_shop = '1' ) AND ( is_select = '1' ) AND ( contract_1 = '1' ) AND ( contract_4 = '1' ) LIMIT 1  
[2020-02-12 01:01:26] /shop/index.php?controller=cate&action=index&cate_id=1068&area_id=7&new=1&ci=1_4_3&yx=1&key=1&order=2&type=1&gift= ( act=cate&action=index ) 
ERR: Db Error: Unknown column 'contract_1' in 'where clause'
SELECT COUNT(*) AS nc_count FROM `goods_common` WHERE ( gc_id_1 = '1068' ) AND ( areaid_1 = '7' ) AND ( is_own_shop = '1' ) AND ( is_new_arrival = '1' ) AND ( is_select = '1' ) AND ( contract_1 = '1' ) AND ( contract_4 = '1' ) AND ( contract_3 = '1' ) LIMIT 1  
[2020-02-12 01:01:31] /shop/index.php?controller=cate&action=index&cate_id=1068&area_id=21&new=&ci=2_4_3&yx=1&key=1&order=1&gift=1&type=1 ( act=cate&action=index ) 
ERR: Db Error: Unknown column 'contract_2' in 'where clause'
SELECT COUNT(*) AS nc_count FROM `goods_common` WHERE ( gc_id_1 = '1068' ) AND ( areaid_1 = '21' ) AND ( is_own_shop = '1' ) AND ( is_select = '1' ) AND ( contract_2 = '1' ) AND ( contract_4 = '1' ) AND ( contract_3 = '1' ) LIMIT 1  
[2020-02-12 01:01:53] /shop/index.php?controller=cate&action=index&cate_id=1068&area_id=15&new=1&ci=2_1_3&yx=1&key=1&order=2&type=1&gift= ( act=cate&action=index ) 
ERR: Db Error: Unknown column 'contract_2' in 'where clause'
SELECT COUNT(*) AS nc_count FROM `goods_common` WHERE ( gc_id_1 = '1068' ) AND ( areaid_1 = '15' ) AND ( is_own_shop = '1' ) AND ( is_new_arrival = '1' ) AND ( is_select = '1' ) AND ( contract_2 = '1' ) AND ( contract_1 = '1' ) AND ( contract_3 = '1' ) LIMIT 1  
[2020-02-12 01:02:56] /shop/index.php?controller=cate&action=index&cate_id=1068&area_id=9&new=&ci=1_2_4&yx=1&key=3&order=2&type=&gift= ( act=cate&action=index ) 
ERR: Db Error: Unknown column 'contract_1' in 'where clause'
SELECT COUNT(*) AS nc_count FROM `goods_common` WHERE ( gc_id_1 = '1068' ) AND ( areaid_1 = '9' ) AND ( is_select = '1' ) AND ( contract_1 = '1' ) AND ( contract_2 = '1' ) AND ( contract_4 = '1' ) LIMIT 1  
[2020-02-12 01:04:14] /shop/index.php?controller=cate&action=index&cate_id=1068&area_id=35&new=&ci=4_1&yx=&key=2&order=1&type=1&gift= ( act=cate&action=index ) 
ERR: Db Error: Unknown column 'contract_4' in 'where clause'
SELECT COUNT(*) AS nc_count FROM `goods_common` WHERE ( gc_id_1 = '1068' ) AND ( areaid_1 = '35' ) AND ( is_own_shop = '1' ) AND ( contract_4 = '1' ) AND ( contract_1 = '1' ) LIMIT 1  
[2020-02-12 01:05:42] /shop/index.php?controller=cate&action=index&cate_id=1068&area_id=18&new=1&ci=1&yx=1&key=1&order=1&type=1&gift=1 ( act=cate&action=index ) 
ERR: Db Error: Unknown column 'contract_1' in 'where clause'
SELECT COUNT(*) AS nc_count FROM `goods_common` WHERE ( gc_id_1 = '1068' ) AND ( areaid_1 = '18' ) AND ( is_own_shop = '1' ) AND ( is_new_arrival = '1' ) AND ( is_select = '1' ) AND ( contract_1 = '1' ) LIMIT 1  
[2020-02-12 01:05:58] /shop/index.php?controller=cate&action=index&cate_id=1068&area_id=9&new=&ci=1_4_2&yx=1&key=1&order=1&type=1&gift= ( act=cate&action=index ) 
ERR: Db Error: Unknown column 'contract_1' in 'where clause'
SELECT COUNT(*) AS nc_count FROM `goods_common` WHERE ( gc_id_1 = '1068' ) AND ( areaid_1 = '9' ) AND ( is_own_shop = '1' ) AND ( is_select = '1' ) AND ( contract_1 = '1' ) AND ( contract_4 = '1' ) AND ( contract_2 = '1' ) LIMIT 1  
[2020-02-12 01:06:17] /shop/index.php?controller=cate&action=index&cate_id=1068&area_id=9&new=&ci=1_3_4&yx=&key=3&order=2&type=&gift=1 ( act=cate&action=index ) 
ERR: Db Error: Unknown column 'contract_1' in 'where clause'
SELECT COUNT(*) AS nc_count FROM `goods_common` WHERE ( gc_id_1 = '1068' ) AND ( areaid_1 = '9' ) AND ( contract_1 = '1' ) AND ( contract_3 = '1' ) AND ( contract_4 = '1' ) LIMIT 1  
[2020-02-12 01:06:41] /shop/index.php?controller=cate&action=index&cate_id=1068&area_id=19&new=1&ci=4_2_3_1&yx=&key=1&order=1&type=1&gift=1 ( act=cate&action=index ) 
ERR: Db Error: Unknown column 'contract_4' in 'where clause'
SELECT COUNT(*) AS nc_count FROM `goods_common` WHERE ( gc_id_1 = '1068' ) AND ( areaid_1 = '19' ) AND ( is_own_shop = '1' ) AND ( is_new_arrival = '1' ) AND ( contract_4 = '1' ) AND ( contract_2 = '1' ) AND ( contract_3 = '1' ) AND ( contract_1 = '1' ) LIMIT 1  
