[2020-07-28 00:25:35] /shop/index.php?controller=cate&action=index&cate_id=5526&ci=3 ( act=cate&action=index ) 
ERR: Db Error: Unknown column 'contract_3' in 'where clause'
SELECT COUNT(*) AS nc_count FROM `goods_common` WHERE ( gc_id_2 = '5526' ) AND ( contract_3 = '1' ) LIMIT 1  
[2020-07-28 00:28:32] /shop/index.php?controller=cate&action=index&cate_id=5550&ci=4 ( act=cate&action=index ) 
ERR: Db Error: Unknown column 'contract_4' in 'where clause'
SELECT COUNT(*) AS nc_count FROM `goods_common` WHERE ( gc_id_3 = '5550' ) AND ( contract_4 = '1' ) LIMIT 1  
[2020-07-28 00:47:24] /shop/index.php?controller=cate&action=index&cate_id=3968&key=2&order=1&area_id=4&new=1&ci=3&type=1&gift=1&yx= ( act=cate&action=index ) 
ERR: Db Error: Unknown column 'contract_3' in 'where clause'
SELECT COUNT(*) AS nc_count FROM `goods_common` WHERE ( areaid_1 = '4' ) AND ( is_own_shop = '1' ) AND ( is_new_arrival = '1' ) AND ( contract_3 = '1' ) LIMIT 1  
[2020-07-28 00:51:58] /shop/index.php?controller=cate&action=index&cate_id=5489&ci=1 ( act=cate&action=index ) 
ERR: Db Error: Unknown column 'contract_1' in 'where clause'
SELECT COUNT(*) AS nc_count FROM `goods_common` WHERE ( gc_id_2 = '5489' ) AND ( contract_1 = '1' ) LIMIT 1  
[2020-07-28 00:54:00] /shop/index.php?controller=cate&action=index&cate_id=5489&ci=2 ( act=cate&action=index ) 
ERR: Db Error: Unknown column 'contract_2' in 'where clause'
SELECT COUNT(*) AS nc_count FROM `goods_common` WHERE ( gc_id_2 = '5489' ) AND ( contract_2 = '1' ) LIMIT 1  
[2020-07-28 00:55:56] /shop/index.php?controller=cate&action=index&cate_id=5548&ci=4 ( act=cate&action=index ) 
ERR: Db Error: Unknown column 'contract_4' in 'where clause'
SELECT COUNT(*) AS nc_count FROM `goods_common` WHERE ( gc_id_3 = '5548' ) AND ( contract_4 = '1' ) LIMIT 1  
[2020-07-28 00:56:22] /shop/index.php?action=index&area_id=31&cate_id=308&ci=2_4&controller=cate&key=1&new=1&order=2 ( act=cate&action=index ) 
ERR: Db Error: Unknown column 'contract_2' in 'where clause'
SELECT COUNT(*) AS nc_count FROM `goods_common` WHERE ( areaid_1 = '31' ) AND ( is_new_arrival = '1' ) AND ( contract_2 = '1' ) AND ( contract_4 = '1' ) LIMIT 1  
[2020-07-28 00:59:55] /shop/index.php?controller=cate&action=index&cate_id=5489&ci=3 ( act=cate&action=index ) 
ERR: Db Error: Unknown column 'contract_3' in 'where clause'
SELECT COUNT(*) AS nc_count FROM `goods_common` WHERE ( gc_id_2 = '5489' ) AND ( contract_3 = '1' ) LIMIT 1  
[2020-07-28 01:01:53] /shop/index.php?controller=cate&action=index&cate_id=5489&ci=4 ( act=cate&action=index ) 
ERR: Db Error: Unknown column 'contract_4' in 'where clause'
SELECT COUNT(*) AS nc_count FROM `goods_common` WHERE ( gc_id_2 = '5489' ) AND ( contract_4 = '1' ) LIMIT 1  
[2020-07-28 01:10:56] /shop/index.php?action=index&area_id=30&cate_id=490&ci=2&controller=cate ( act=cate&action=index ) 
ERR: Db Error: Unknown column 'contract_2' in 'where clause'
SELECT COUNT(*) AS nc_count FROM `goods_common` WHERE ( areaid_1 = '30' ) AND ( contract_2 = '1' ) LIMIT 1  
[2020-07-28 01:20:24] /shop/index.php?action=index&area_id=18&cate_id=308&ci=3_2&controller=cate&key=&new=1&order= ( act=cate&action=index ) 
ERR: Db Error: Unknown column 'contract_3' in 'where clause'
SELECT COUNT(*) AS nc_count FROM `goods_common` WHERE ( areaid_1 = '18' ) AND ( is_new_arrival = '1' ) AND ( contract_3 = '1' ) AND ( contract_2 = '1' ) LIMIT 1  
[2020-07-28 01:45:49] /shop/index.php?controller=cate&action=index&cate_id=5562&ci=2 ( act=cate&action=index ) 
ERR: Db Error: Unknown column 'contract_2' in 'where clause'
SELECT COUNT(*) AS nc_count FROM `goods_common` WHERE ( gc_id_3 = '5562' ) AND ( contract_2 = '1' ) LIMIT 1  
[2020-07-28 01:49:54] /shop/index.php?action=index&area_id=18&cate_id=256&ci=4_1_2&controller=cate&key=2&order=2 ( act=cate&action=index ) 
ERR: Db Error: Unknown column 'contract_4' in 'where clause'
SELECT COUNT(*) AS nc_count FROM `goods_common` WHERE ( areaid_1 = '18' ) AND ( contract_4 = '1' ) AND ( contract_1 = '1' ) AND ( contract_2 = '1' ) LIMIT 1  
[2020-07-28 02:21:24] /shop/index.php?action=index&area_id=30&cate_id=308&ci=3&controller=cate&key=&new=1&order= ( act=cate&action=index ) 
ERR: Db Error: Unknown column 'contract_3' in 'where clause'
SELECT COUNT(*) AS nc_count FROM `goods_common` WHERE ( areaid_1 = '30' ) AND ( is_new_arrival = '1' ) AND ( contract_3 = '1' ) LIMIT 1  
[2020-07-28 02:36:22] /shop/index.php?controller=cate&action=index&cate_id=5499&area_id=32&ci=2 ( act=cate&action=index ) 
ERR: Db Error: Unknown column 'contract_2' in 'where clause'
SELECT COUNT(*) AS nc_count FROM `goods_common` WHERE ( gc_id_3 = '5499' ) AND ( areaid_1 = '32' ) AND ( contract_2 = '1' ) LIMIT 1  
[2020-07-28 02:37:26] /shop/index.php?controller=cate&action=index&cate_id=5499&area_id=4&ci=2 ( act=cate&action=index ) 
ERR: Db Error: Unknown column 'contract_2' in 'where clause'
SELECT COUNT(*) AS nc_count FROM `goods_common` WHERE ( gc_id_3 = '5499' ) AND ( areaid_1 = '4' ) AND ( contract_2 = '1' ) LIMIT 1  
[2020-07-28 02:49:24] /shop/index.php?action=index&area_id=32&cate_id=256&ci=4_2_1&controller=cate&key=2&order=2 ( act=cate&action=index ) 
ERR: Db Error: Unknown column 'contract_4' in 'where clause'
SELECT COUNT(*) AS nc_count FROM `goods_common` WHERE ( areaid_1 = '32' ) AND ( contract_4 = '1' ) AND ( contract_2 = '1' ) AND ( contract_1 = '1' ) LIMIT 1  
[2020-07-28 03:06:27] /shop/index.php?controller=cate&action=index&cate_id=5487&ci=2 ( act=cate&action=index ) 
ERR: Db Error: Unknown column 'contract_2' in 'where clause'
SELECT COUNT(*) AS nc_count FROM `goods_common` WHERE ( gc_id_2 = '5487' ) AND ( contract_2 = '1' ) LIMIT 1  
[2020-07-28 03:07:36] /shop/index.php?controller=cate&action=index&cate_id=5487&ci=3 ( act=cate&action=index ) 
ERR: Db Error: Unknown column 'contract_3' in 'where clause'
SELECT COUNT(*) AS nc_count FROM `goods_common` WHERE ( gc_id_2 = '5487' ) AND ( contract_3 = '1' ) LIMIT 1  
[2020-07-28 03:09:52] /shop/index.php?controller=cate&action=index&cate_id=5487&ci=4 ( act=cate&action=index ) 
ERR: Db Error: Unknown column 'contract_4' in 'where clause'
SELECT COUNT(*) AS nc_count FROM `goods_common` WHERE ( gc_id_2 = '5487' ) AND ( contract_4 = '1' ) LIMIT 1  
[2020-07-28 03:16:25] /shop/index.php?action=index&area_id=29&cate_id=308&ci=4&controller=cate&key=2&order=2&type= ( act=cate&action=index ) 
ERR: Db Error: Unknown column 'contract_4' in 'where clause'
SELECT COUNT(*) AS nc_count FROM `goods_common` WHERE ( areaid_1 = '29' ) AND ( contract_4 = '1' ) LIMIT 1  
[2020-07-28 03:46:55] /shop/index.php?action=index&area_id=17&cate_id=256&ci=3_4&controller=cate&key=2&new=1&order=2 ( act=cate&action=index ) 
ERR: Db Error: Unknown column 'contract_3' in 'where clause'
SELECT COUNT(*) AS nc_count FROM `goods_common` WHERE ( areaid_1 = '17' ) AND ( is_new_arrival = '1' ) AND ( contract_3 = '1' ) AND ( contract_4 = '1' ) LIMIT 1  
[2020-07-28 04:13:55] /shop/index.php?action=index&area_id=27&cate_id=256&ci=2_4_3_1&controller=cate&key=1&order=2 ( act=cate&action=index ) 
ERR: Db Error: Unknown column 'contract_2' in 'where clause'
SELECT COUNT(*) AS nc_count FROM `goods_common` WHERE ( areaid_1 = '27' ) AND ( contract_2 = '1' ) AND ( contract_4 = '1' ) AND ( contract_3 = '1' ) AND ( contract_1 = '1' ) LIMIT 1  
[2020-07-28 04:31:32] /shop/index.php?controller=cate&action=index&cate_id=5481&ci=1 ( act=cate&action=index ) 
ERR: Db Error: Unknown column 'contract_1' in 'where clause'
SELECT COUNT(*) AS nc_count FROM `goods_common` WHERE ( gc_id_1 = '5481' ) AND ( contract_1 = '1' ) LIMIT 1  
[2020-07-28 04:33:42] /shop/index.php?controller=cate&action=index&cate_id=5483&area_id=23&ci=4 ( act=cate&action=index ) 
ERR: Db Error: Unknown column 'contract_4' in 'where clause'
SELECT COUNT(*) AS nc_count FROM `goods_common` WHERE ( gc_id_2 = '5483' ) AND ( areaid_1 = '23' ) AND ( contract_4 = '1' ) LIMIT 1  
[2020-07-28 04:35:43] /shop/index.php?controller=cate&action=index&cate_id=5484&area_id=13&ci=1 ( act=cate&action=index ) 
ERR: Db Error: Unknown column 'contract_1' in 'where clause'
SELECT COUNT(*) AS nc_count FROM `goods_common` WHERE ( gc_id_2 = '5484' ) AND ( areaid_1 = '13' ) AND ( contract_1 = '1' ) LIMIT 1  
[2020-07-28 04:40:55] /shop/index.php?action=index&area_id=15&cate_id=256&ci=1_3_2&controller=cate&key=1&order=2 ( act=cate&action=index ) 
ERR: Db Error: Unknown column 'contract_1' in 'where clause'
SELECT COUNT(*) AS nc_count FROM `goods_common` WHERE ( areaid_1 = '15' ) AND ( contract_1 = '1' ) AND ( contract_3 = '1' ) AND ( contract_2 = '1' ) LIMIT 1  
[2020-07-28 04:43:02] /shop/index.php?controller=cate&action=index&cate_id=5489&area_id=9&ci=2 ( act=cate&action=index ) 
ERR: Db Error: Unknown column 'contract_2' in 'where clause'
SELECT COUNT(*) AS nc_count FROM `goods_common` WHERE ( gc_id_2 = '5489' ) AND ( areaid_1 = '9' ) AND ( contract_2 = '1' ) LIMIT 1  
[2020-07-28 04:48:21] /shop/index.php?controller=cate&action=index&cate_id=5483&ci=1&area_id=7 ( act=cate&action=index ) 
ERR: Db Error: Unknown column 'contract_1' in 'where clause'
SELECT COUNT(*) AS nc_count FROM `goods_common` WHERE ( gc_id_2 = '5483' ) AND ( areaid_1 = '7' ) AND ( contract_1 = '1' ) LIMIT 1  
[2020-07-28 04:52:30] /shop/index.php?controller=cate&action=index&cate_id=5490&area_id=17&ci=2 ( act=cate&action=index ) 
ERR: Db Error: Unknown column 'contract_2' in 'where clause'
SELECT COUNT(*) AS nc_count FROM `goods_common` WHERE ( gc_id_2 = '5490' ) AND ( areaid_1 = '17' ) AND ( contract_2 = '1' ) LIMIT 1  
[2020-07-28 05:07:23] /shop/index.php?controller=cate&action=index&cate_id=5487&ci=1&area_id=16 ( act=cate&action=index ) 
ERR: Db Error: Unknown column 'contract_1' in 'where clause'
SELECT COUNT(*) AS nc_count FROM `goods_common` WHERE ( gc_id_2 = '5487' ) AND ( areaid_1 = '16' ) AND ( contract_1 = '1' ) LIMIT 1  
[2020-07-28 05:09:22] /shop/index.php?controller=cate&action=index&cate_id=5482&ci=4&area_id=14 ( act=cate&action=index ) 
ERR: Db Error: Unknown column 'contract_4' in 'where clause'
SELECT COUNT(*) AS nc_count FROM `goods_common` WHERE ( gc_id_2 = '5482' ) AND ( areaid_1 = '14' ) AND ( contract_4 = '1' ) LIMIT 1  
[2020-07-28 05:09:56] /shop/index.php?action=index&area_id=11&cate_id=308&ci=4&controller=cate&key=1&new=1&order=2 ( act=cate&action=index ) 
ERR: Db Error: Unknown column 'contract_4' in 'where clause'
SELECT COUNT(*) AS nc_count FROM `goods_common` WHERE ( areaid_1 = '11' ) AND ( is_new_arrival = '1' ) AND ( contract_4 = '1' ) LIMIT 1  
[2020-07-28 05:17:31] /shop/index.php?controller=cate&action=index&cate_id=5489&ci=1&area_id=10 ( act=cate&action=index ) 
ERR: Db Error: Unknown column 'contract_1' in 'where clause'
SELECT COUNT(*) AS nc_count FROM `goods_common` WHERE ( gc_id_2 = '5489' ) AND ( areaid_1 = '10' ) AND ( contract_1 = '1' ) LIMIT 1  
[2020-07-28 05:36:00] /shop/index.php?controller=cate&action=index&cate_id=5486&ci=1&area_id=22 ( act=cate&action=index ) 
ERR: Db Error: Unknown column 'contract_1' in 'where clause'
SELECT COUNT(*) AS nc_count FROM `goods_common` WHERE ( gc_id_2 = '5486' ) AND ( areaid_1 = '22' ) AND ( contract_1 = '1' ) LIMIT 1  
[2020-07-28 05:36:56] /shop/index.php?action=index&area_id=24&cate_id=256&ci=4_1&controller=cate&key=1&new=1&order=2 ( act=cate&action=index ) 
ERR: Db Error: Unknown column 'contract_4' in 'where clause'
SELECT COUNT(*) AS nc_count FROM `goods_common` WHERE ( areaid_1 = '24' ) AND ( is_new_arrival = '1' ) AND ( contract_4 = '1' ) AND ( contract_1 = '1' ) LIMIT 1  
[2020-07-28 05:40:47] /shop/index.php?controller=cate&action=index&cate_id=5487&ci=1 ( act=cate&action=index ) 
ERR: Db Error: Unknown column 'contract_1' in 'where clause'
SELECT COUNT(*) AS nc_count FROM `goods_common` WHERE ( gc_id_2 = '5487' ) AND ( contract_1 = '1' ) LIMIT 1  
[2020-07-28 05:45:43] /shop/index.php?controller=cate&action=index&cate_id=5488&ci=3&area_id=34 ( act=cate&action=index ) 
ERR: Db Error: Unknown column 'contract_3' in 'where clause'
SELECT COUNT(*) AS nc_count FROM `goods_common` WHERE ( gc_id_2 = '5488' ) AND ( areaid_1 = '34' ) AND ( contract_3 = '1' ) LIMIT 1  
[2020-07-28 05:59:35] /shop/index.php?controller=cate&action=index&cate_id=5490&ci=1&area_id=17 ( act=cate&action=index ) 
ERR: Db Error: Unknown column 'contract_1' in 'where clause'
SELECT COUNT(*) AS nc_count FROM `goods_common` WHERE ( gc_id_2 = '5490' ) AND ( areaid_1 = '17' ) AND ( contract_1 = '1' ) LIMIT 1  
[2020-07-28 06:03:27] /shop/index.php?action=index&area_id=32&cate_id=308&ci=1_2&controller=cate&key=2&order=2&yx=1 ( act=cate&action=index ) 
ERR: Db Error: Unknown column 'contract_1' in 'where clause'
SELECT COUNT(*) AS nc_count FROM `goods_common` WHERE ( areaid_1 = '32' ) AND ( is_select = '1' ) AND ( contract_1 = '1' ) AND ( contract_2 = '1' ) LIMIT 1  
[2020-07-28 06:18:18] /shop/index.php?controller=cate&action=index&cate_id=5489&ci=2&area_id=30 ( act=cate&action=index ) 
ERR: Db Error: Unknown column 'contract_2' in 'where clause'
SELECT COUNT(*) AS nc_count FROM `goods_common` WHERE ( gc_id_2 = '5489' ) AND ( areaid_1 = '30' ) AND ( contract_2 = '1' ) LIMIT 1  
[2020-07-28 06:27:57] /shop/index.php?controller=cate&action=index&cate_id=5484&ci=3&area_id=27 ( act=cate&action=index ) 
ERR: Db Error: Unknown column 'contract_3' in 'where clause'
SELECT COUNT(*) AS nc_count FROM `goods_common` WHERE ( gc_id_2 = '5484' ) AND ( areaid_1 = '27' ) AND ( contract_3 = '1' ) LIMIT 1  
[2020-07-28 06:32:49] /shop/index.php?controller=cate&action=index&cate_id=5483&area_id=1&ci=4 ( act=cate&action=index ) 
ERR: Db Error: Unknown column 'contract_4' in 'where clause'
SELECT COUNT(*) AS nc_count FROM `goods_common` WHERE ( gc_id_2 = '5483' ) AND ( areaid_1 = '1' ) AND ( contract_4 = '1' ) LIMIT 1  
[2020-07-28 06:34:39] /shop/index.php?controller=cate&action=index&cate_id=5483&area_id=12&ci=4 ( act=cate&action=index ) 
ERR: Db Error: Unknown column 'contract_4' in 'where clause'
SELECT COUNT(*) AS nc_count FROM `goods_common` WHERE ( gc_id_2 = '5483' ) AND ( areaid_1 = '12' ) AND ( contract_4 = '1' ) LIMIT 1  
[2020-07-28 06:36:32] /shop/index.php?controller=cate&action=index&cate_id=5483&area_id=16&ci=4 ( act=cate&action=index ) 
ERR: Db Error: Unknown column 'contract_4' in 'where clause'
SELECT COUNT(*) AS nc_count FROM `goods_common` WHERE ( gc_id_2 = '5483' ) AND ( areaid_1 = '16' ) AND ( contract_4 = '1' ) LIMIT 1  
[2020-07-28 06:40:21] /shop/index.php?controller=cate&action=index&cate_id=5483&area_id=26&ci=4 ( act=cate&action=index ) 
ERR: Db Error: Unknown column 'contract_4' in 'where clause'
SELECT COUNT(*) AS nc_count FROM `goods_common` WHERE ( gc_id_2 = '5483' ) AND ( areaid_1 = '26' ) AND ( contract_4 = '1' ) LIMIT 1  
[2020-07-28 06:42:17] /shop/index.php?controller=cate&action=index&cate_id=5490&ci=4&area_id=3 ( act=cate&action=index ) 
ERR: Db Error: Unknown column 'contract_4' in 'where clause'
SELECT COUNT(*) AS nc_count FROM `goods_common` WHERE ( gc_id_2 = '5490' ) AND ( areaid_1 = '3' ) AND ( contract_4 = '1' ) LIMIT 1  
[2020-07-28 06:45:07] /shop/index.php?controller=cate&action=index&cate_id=5483&area_id=5&ci=4 ( act=cate&action=index ) 
ERR: Db Error: Unknown column 'contract_4' in 'where clause'
SELECT COUNT(*) AS nc_count FROM `goods_common` WHERE ( gc_id_2 = '5483' ) AND ( areaid_1 = '5' ) AND ( contract_4 = '1' ) LIMIT 1  
[2020-07-28 06:46:04] /shop/index.php?controller=cate&action=index&cate_id=5483&area_id=7&ci=4 ( act=cate&action=index ) 
ERR: Db Error: Unknown column 'contract_4' in 'where clause'
SELECT COUNT(*) AS nc_count FROM `goods_common` WHERE ( gc_id_2 = '5483' ) AND ( areaid_1 = '7' ) AND ( contract_4 = '1' ) LIMIT 1  
[2020-07-28 06:49:58] /shop/index.php?controller=cate&action=index&cate_id=5484&area_id=&ci=1 ( act=cate&action=index ) 
ERR: Db Error: Unknown column 'contract_1' in 'where clause'
SELECT COUNT(*) AS nc_count FROM `goods_common` WHERE ( gc_id_2 = '5484' ) AND ( contract_1 = '1' ) LIMIT 1  
[2020-07-28 06:53:40] /shop/index.php?controller=cate&action=index&cate_id=5484&area_id=21&ci=1 ( act=cate&action=index ) 
ERR: Db Error: Unknown column 'contract_1' in 'where clause'
SELECT COUNT(*) AS nc_count FROM `goods_common` WHERE ( gc_id_2 = '5484' ) AND ( areaid_1 = '21' ) AND ( contract_1 = '1' ) LIMIT 1  
[2020-07-28 06:55:25] /shop/index.php?controller=cate&action=index&cate_id=5484&area_id=27&ci=1 ( act=cate&action=index ) 
ERR: Db Error: Unknown column 'contract_1' in 'where clause'
SELECT COUNT(*) AS nc_count FROM `goods_common` WHERE ( gc_id_2 = '5484' ) AND ( areaid_1 = '27' ) AND ( contract_1 = '1' ) LIMIT 1  
[2020-07-28 07:06:20] /shop/index.php?action=index&area_id=22&cate_id=256&ci=3_2&controller=cate&key=&order=&yx=1 ( act=cate&action=index ) 
ERR: Db Error: Unknown column 'contract_3' in 'where clause'
SELECT COUNT(*) AS nc_count FROM `goods_common` WHERE ( areaid_1 = '22' ) AND ( is_select = '1' ) AND ( contract_3 = '1' ) AND ( contract_2 = '1' ) LIMIT 1  
[2020-07-28 07:13:27] /shop/index.php?controller=cate&action=index&cate_id=5484&area_id=32&ci=1 ( act=cate&action=index ) 
ERR: Db Error: Unknown column 'contract_1' in 'where clause'
SELECT COUNT(*) AS nc_count FROM `goods_common` WHERE ( gc_id_2 = '5484' ) AND ( areaid_1 = '32' ) AND ( contract_1 = '1' ) LIMIT 1  
[2020-07-28 07:29:01] /shop/index.php?action=index&area_id=&cate_id=256&ci=1_3_2&controller=cate&key=1&new=1&order=2 ( act=cate&action=index ) 
ERR: Db Error: Unknown column 'contract_1' in 'where clause'
SELECT COUNT(*) AS nc_count FROM `goods_common` WHERE ( is_new_arrival = '1' ) AND ( contract_1 = '1' ) AND ( contract_3 = '1' ) AND ( contract_2 = '1' ) LIMIT 1  
[2020-07-28 07:29:09] /shop/index.php?action=index&area_id=29&cate_id=5482&ci=4_3&controller=cate ( act=cate&action=index ) 
ERR: Db Error: Unknown column 'contract_4' in 'where clause'
SELECT COUNT(*) AS nc_count FROM `goods_common` WHERE ( gc_id_2 = '5482' ) AND ( areaid_1 = '29' ) AND ( contract_4 = '1' ) AND ( contract_3 = '1' ) LIMIT 1  
[2020-07-28 07:37:19] /shop/index.php?controller=cate&action=index&cate_id=5483&area_id=&ci=4 ( act=cate&action=index ) 
ERR: Db Error: Unknown column 'contract_4' in 'where clause'
SELECT COUNT(*) AS nc_count FROM `goods_common` WHERE ( gc_id_2 = '5483' ) AND ( contract_4 = '1' ) LIMIT 1  
[2020-07-28 07:38:24] /shop/index.php?controller=cate&action=index&cate_id=5483&area_id=10&ci=4 ( act=cate&action=index ) 
ERR: Db Error: Unknown column 'contract_4' in 'where clause'
SELECT COUNT(*) AS nc_count FROM `goods_common` WHERE ( gc_id_2 = '5483' ) AND ( areaid_1 = '10' ) AND ( contract_4 = '1' ) LIMIT 1  
[2020-07-28 07:39:29] /shop/index.php?controller=cate&action=index&cate_id=5483&area_id=11&ci=4 ( act=cate&action=index ) 
ERR: Db Error: Unknown column 'contract_4' in 'where clause'
SELECT COUNT(*) AS nc_count FROM `goods_common` WHERE ( gc_id_2 = '5483' ) AND ( areaid_1 = '11' ) AND ( contract_4 = '1' ) LIMIT 1  
[2020-07-28 07:40:36] /shop/index.php?controller=cate&action=index&cate_id=5483&area_id=13&ci=4 ( act=cate&action=index ) 
ERR: Db Error: Unknown column 'contract_4' in 'where clause'
SELECT COUNT(*) AS nc_count FROM `goods_common` WHERE ( gc_id_2 = '5483' ) AND ( areaid_1 = '13' ) AND ( contract_4 = '1' ) LIMIT 1  
[2020-07-28 07:41:39] /shop/index.php?controller=cate&action=index&cate_id=5483&area_id=14&ci=4 ( act=cate&action=index ) 
ERR: Db Error: Unknown column 'contract_4' in 'where clause'
SELECT COUNT(*) AS nc_count FROM `goods_common` WHERE ( gc_id_2 = '5483' ) AND ( areaid_1 = '14' ) AND ( contract_4 = '1' ) LIMIT 1  
[2020-07-28 07:42:43] /shop/index.php?controller=cate&action=index&cate_id=5483&area_id=15&ci=4 ( act=cate&action=index ) 
ERR: Db Error: Unknown column 'contract_4' in 'where clause'
SELECT COUNT(*) AS nc_count FROM `goods_common` WHERE ( gc_id_2 = '5483' ) AND ( areaid_1 = '15' ) AND ( contract_4 = '1' ) LIMIT 1  
[2020-07-28 07:43:45] /shop/index.php?controller=cate&action=index&cate_id=5483&area_id=17&ci=4 ( act=cate&action=index ) 
ERR: Db Error: Unknown column 'contract_4' in 'where clause'
SELECT COUNT(*) AS nc_count FROM `goods_common` WHERE ( gc_id_2 = '5483' ) AND ( areaid_1 = '17' ) AND ( contract_4 = '1' ) LIMIT 1  
[2020-07-28 07:44:47] /shop/index.php?controller=cate&action=index&cate_id=5483&area_id=18&ci=4 ( act=cate&action=index ) 
ERR: Db Error: Unknown column 'contract_4' in 'where clause'
SELECT COUNT(*) AS nc_count FROM `goods_common` WHERE ( gc_id_2 = '5483' ) AND ( areaid_1 = '18' ) AND ( contract_4 = '1' ) LIMIT 1  
[2020-07-28 07:46:52] /shop/index.php?controller=cate&action=index&cate_id=5483&area_id=20&ci=4 ( act=cate&action=index ) 
ERR: Db Error: Unknown column 'contract_4' in 'where clause'
SELECT COUNT(*) AS nc_count FROM `goods_common` WHERE ( gc_id_2 = '5483' ) AND ( areaid_1 = '20' ) AND ( contract_4 = '1' ) LIMIT 1  
[2020-07-28 07:47:54] /shop/index.php?controller=cate&action=index&cate_id=5483&area_id=21&ci=4 ( act=cate&action=index ) 
ERR: Db Error: Unknown column 'contract_4' in 'where clause'
SELECT COUNT(*) AS nc_count FROM `goods_common` WHERE ( gc_id_2 = '5483' ) AND ( areaid_1 = '21' ) AND ( contract_4 = '1' ) LIMIT 1  
[2020-07-28 07:49:01] /shop/index.php?controller=cate&action=index&cate_id=5483&area_id=22&ci=4 ( act=cate&action=index ) 
ERR: Db Error: Unknown column 'contract_4' in 'where clause'
SELECT COUNT(*) AS nc_count FROM `goods_common` WHERE ( gc_id_2 = '5483' ) AND ( areaid_1 = '22' ) AND ( contract_4 = '1' ) LIMIT 1  
[2020-07-28 07:50:09] /shop/index.php?controller=cate&action=index&cate_id=5483&area_id=24&ci=4 ( act=cate&action=index ) 
ERR: Db Error: Unknown column 'contract_4' in 'where clause'
SELECT COUNT(*) AS nc_count FROM `goods_common` WHERE ( gc_id_2 = '5483' ) AND ( areaid_1 = '24' ) AND ( contract_4 = '1' ) LIMIT 1  
[2020-07-28 07:51:13] /shop/index.php?controller=cate&action=index&cate_id=5483&area_id=25&ci=4 ( act=cate&action=index ) 
ERR: Db Error: Unknown column 'contract_4' in 'where clause'
SELECT COUNT(*) AS nc_count FROM `goods_common` WHERE ( gc_id_2 = '5483' ) AND ( areaid_1 = '25' ) AND ( contract_4 = '1' ) LIMIT 1  
[2020-07-28 07:52:20] /shop/index.php?controller=cate&action=index&cate_id=5483&area_id=27&ci=4 ( act=cate&action=index ) 
ERR: Db Error: Unknown column 'contract_4' in 'where clause'
SELECT COUNT(*) AS nc_count FROM `goods_common` WHERE ( gc_id_2 = '5483' ) AND ( areaid_1 = '27' ) AND ( contract_4 = '1' ) LIMIT 1  
[2020-07-28 07:53:27] /shop/index.php?controller=cate&action=index&cate_id=5483&area_id=28&ci=4 ( act=cate&action=index ) 
ERR: Db Error: Unknown column 'contract_4' in 'where clause'
SELECT COUNT(*) AS nc_count FROM `goods_common` WHERE ( gc_id_2 = '5483' ) AND ( areaid_1 = '28' ) AND ( contract_4 = '1' ) LIMIT 1  
[2020-07-28 07:54:32] /shop/index.php?controller=cate&action=index&cate_id=5483&area_id=29&ci=4 ( act=cate&action=index ) 
ERR: Db Error: Unknown column 'contract_4' in 'where clause'
SELECT COUNT(*) AS nc_count FROM `goods_common` WHERE ( gc_id_2 = '5483' ) AND ( areaid_1 = '29' ) AND ( contract_4 = '1' ) LIMIT 1  
[2020-07-28 07:55:40] /shop/index.php?controller=cate&action=index&cate_id=5483&area_id=3&ci=4 ( act=cate&action=index ) 
ERR: Db Error: Unknown column 'contract_4' in 'where clause'
SELECT COUNT(*) AS nc_count FROM `goods_common` WHERE ( gc_id_2 = '5483' ) AND ( areaid_1 = '3' ) AND ( contract_4 = '1' ) LIMIT 1  
[2020-07-28 07:56:46] /shop/index.php?controller=cate&action=index&cate_id=5483&area_id=30&ci=4 ( act=cate&action=index ) 
ERR: Db Error: Unknown column 'contract_4' in 'where clause'
SELECT COUNT(*) AS nc_count FROM `goods_common` WHERE ( gc_id_2 = '5483' ) AND ( areaid_1 = '30' ) AND ( contract_4 = '1' ) LIMIT 1  
[2020-07-28 07:57:53] /shop/index.php?controller=cate&action=index&cate_id=5483&area_id=31&ci=4 ( act=cate&action=index ) 
ERR: Db Error: Unknown column 'contract_4' in 'where clause'
SELECT COUNT(*) AS nc_count FROM `goods_common` WHERE ( gc_id_2 = '5483' ) AND ( areaid_1 = '31' ) AND ( contract_4 = '1' ) LIMIT 1  
[2020-07-28 07:59:05] /shop/index.php?controller=cate&action=index&cate_id=5483&area_id=32&ci=4 ( act=cate&action=index ) 
ERR: Db Error: Unknown column 'contract_4' in 'where clause'
SELECT COUNT(*) AS nc_count FROM `goods_common` WHERE ( gc_id_2 = '5483' ) AND ( areaid_1 = '32' ) AND ( contract_4 = '1' ) LIMIT 1  
[2020-07-28 08:00:13] /shop/index.php?controller=cate&action=index&cate_id=5483&area_id=33&ci=4 ( act=cate&action=index ) 
ERR: Db Error: Unknown column 'contract_4' in 'where clause'
SELECT COUNT(*) AS nc_count FROM `goods_common` WHERE ( gc_id_2 = '5483' ) AND ( areaid_1 = '33' ) AND ( contract_4 = '1' ) LIMIT 1  
[2020-07-28 08:01:21] /shop/index.php?controller=cate&action=index&cate_id=5483&area_id=2&ci=4 ( act=cate&action=index ) 
ERR: Db Error: Unknown column 'contract_4' in 'where clause'
SELECT COUNT(*) AS nc_count FROM `goods_common` WHERE ( gc_id_2 = '5483' ) AND ( areaid_1 = '2' ) AND ( contract_4 = '1' ) LIMIT 1  
[2020-07-28 08:01:52] /shop/index.php?action=index&area_id=13&cate_id=308&ci=1_2&controller=cate&key=1&new=1&order=2 ( act=cate&action=index ) 
ERR: Db Error: Unknown column 'contract_1' in 'where clause'
SELECT COUNT(*) AS nc_count FROM `goods_common` WHERE ( areaid_1 = '13' ) AND ( is_new_arrival = '1' ) AND ( contract_1 = '1' ) AND ( contract_2 = '1' ) LIMIT 1  
[2020-07-28 08:02:30] /shop/index.php?controller=cate&action=index&cate_id=5483&area_id=34&ci=4 ( act=cate&action=index ) 
ERR: Db Error: Unknown column 'contract_4' in 'where clause'
SELECT COUNT(*) AS nc_count FROM `goods_common` WHERE ( gc_id_2 = '5483' ) AND ( areaid_1 = '34' ) AND ( contract_4 = '1' ) LIMIT 1  
[2020-07-28 08:03:36] /shop/index.php?controller=cate&action=index&cate_id=5483&area_id=35&ci=4 ( act=cate&action=index ) 
ERR: Db Error: Unknown column 'contract_4' in 'where clause'
SELECT COUNT(*) AS nc_count FROM `goods_common` WHERE ( gc_id_2 = '5483' ) AND ( areaid_1 = '35' ) AND ( contract_4 = '1' ) LIMIT 1  
[2020-07-28 08:04:47] /shop/index.php?controller=cate&action=index&cate_id=5483&area_id=4&ci=4 ( act=cate&action=index ) 
ERR: Db Error: Unknown column 'contract_4' in 'where clause'
SELECT COUNT(*) AS nc_count FROM `goods_common` WHERE ( gc_id_2 = '5483' ) AND ( areaid_1 = '4' ) AND ( contract_4 = '1' ) LIMIT 1  
[2020-07-28 08:07:07] /shop/index.php?controller=cate&action=index&cate_id=5483&area_id=6&ci=4 ( act=cate&action=index ) 
ERR: Db Error: Unknown column 'contract_4' in 'where clause'
SELECT COUNT(*) AS nc_count FROM `goods_common` WHERE ( gc_id_2 = '5483' ) AND ( areaid_1 = '6' ) AND ( contract_4 = '1' ) LIMIT 1  
[2020-07-28 08:08:25] /shop/index.php?controller=cate&action=index&cate_id=5483&area_id=8&ci=4 ( act=cate&action=index ) 
ERR: Db Error: Unknown column 'contract_4' in 'where clause'
SELECT COUNT(*) AS nc_count FROM `goods_common` WHERE ( gc_id_2 = '5483' ) AND ( areaid_1 = '8' ) AND ( contract_4 = '1' ) LIMIT 1  
[2020-07-28 08:10:41] /shop/index.php?controller=cate&action=index&cate_id=5484&area_id=1&ci=1 ( act=cate&action=index ) 
ERR: Db Error: Unknown column 'contract_1' in 'where clause'
SELECT COUNT(*) AS nc_count FROM `goods_common` WHERE ( gc_id_2 = '5484' ) AND ( areaid_1 = '1' ) AND ( contract_1 = '1' ) LIMIT 1  
[2020-07-28 08:11:49] /shop/index.php?controller=cate&action=index&cate_id=5484&area_id=10&ci=1 ( act=cate&action=index ) 
ERR: Db Error: Unknown column 'contract_1' in 'where clause'
SELECT COUNT(*) AS nc_count FROM `goods_common` WHERE ( gc_id_2 = '5484' ) AND ( areaid_1 = '10' ) AND ( contract_1 = '1' ) LIMIT 1  
[2020-07-28 08:12:55] /shop/index.php?controller=cate&action=index&cate_id=5484&area_id=11&ci=1 ( act=cate&action=index ) 
ERR: Db Error: Unknown column 'contract_1' in 'where clause'
SELECT COUNT(*) AS nc_count FROM `goods_common` WHERE ( gc_id_2 = '5484' ) AND ( areaid_1 = '11' ) AND ( contract_1 = '1' ) LIMIT 1  
[2020-07-28 08:14:02] /shop/index.php?controller=cate&action=index&cate_id=5483&area_id=9&ci=4 ( act=cate&action=index ) 
ERR: Db Error: Unknown column 'contract_4' in 'where clause'
SELECT COUNT(*) AS nc_count FROM `goods_common` WHERE ( gc_id_2 = '5483' ) AND ( areaid_1 = '9' ) AND ( contract_4 = '1' ) LIMIT 1  
[2020-07-28 08:15:16] /shop/index.php?controller=cate&action=index&cate_id=5484&area_id=17&ci=1 ( act=cate&action=index ) 
ERR: Db Error: Unknown column 'contract_1' in 'where clause'
SELECT COUNT(*) AS nc_count FROM `goods_common` WHERE ( gc_id_2 = '5484' ) AND ( areaid_1 = '17' ) AND ( contract_1 = '1' ) LIMIT 1  
[2020-07-28 08:16:24] /shop/index.php?controller=cate&action=index&cate_id=5484&area_id=18&ci=1 ( act=cate&action=index ) 
ERR: Db Error: Unknown column 'contract_1' in 'where clause'
SELECT COUNT(*) AS nc_count FROM `goods_common` WHERE ( gc_id_2 = '5484' ) AND ( areaid_1 = '18' ) AND ( contract_1 = '1' ) LIMIT 1  
[2020-07-28 08:17:33] /shop/index.php?controller=cate&action=index&cate_id=5484&area_id=2&ci=1 ( act=cate&action=index ) 
ERR: Db Error: Unknown column 'contract_1' in 'where clause'
SELECT COUNT(*) AS nc_count FROM `goods_common` WHERE ( gc_id_2 = '5484' ) AND ( areaid_1 = '2' ) AND ( contract_1 = '1' ) LIMIT 1  
[2020-07-28 08:18:42] /shop/index.php?controller=cate&action=index&cate_id=5484&area_id=20&ci=1 ( act=cate&action=index ) 
ERR: Db Error: Unknown column 'contract_1' in 'where clause'
SELECT COUNT(*) AS nc_count FROM `goods_common` WHERE ( gc_id_2 = '5484' ) AND ( areaid_1 = '20' ) AND ( contract_1 = '1' ) LIMIT 1  
[2020-07-28 08:20:59] /shop/index.php?controller=cate&action=index&cate_id=5484&area_id=22&ci=1 ( act=cate&action=index ) 
ERR: Db Error: Unknown column 'contract_1' in 'where clause'
SELECT COUNT(*) AS nc_count FROM `goods_common` WHERE ( gc_id_2 = '5484' ) AND ( areaid_1 = '22' ) AND ( contract_1 = '1' ) LIMIT 1  
[2020-07-28 08:22:10] /shop/index.php?controller=cate&action=index&cate_id=5484&area_id=24&ci=1 ( act=cate&action=index ) 
ERR: Db Error: Unknown column 'contract_1' in 'where clause'
SELECT COUNT(*) AS nc_count FROM `goods_common` WHERE ( gc_id_2 = '5484' ) AND ( areaid_1 = '24' ) AND ( contract_1 = '1' ) LIMIT 1  
[2020-07-28 08:23:21] /shop/index.php?controller=cate&action=index&cate_id=5484&area_id=28&ci=1 ( act=cate&action=index ) 
ERR: Db Error: Unknown column 'contract_1' in 'where clause'
SELECT COUNT(*) AS nc_count FROM `goods_common` WHERE ( gc_id_2 = '5484' ) AND ( areaid_1 = '28' ) AND ( contract_1 = '1' ) LIMIT 1  
[2020-07-28 08:24:23] /shop/index.php?controller=cate&action=index&cate_id=5484&area_id=29&ci=1 ( act=cate&action=index ) 
ERR: Db Error: Unknown column 'contract_1' in 'where clause'
SELECT COUNT(*) AS nc_count FROM `goods_common` WHERE ( gc_id_2 = '5484' ) AND ( areaid_1 = '29' ) AND ( contract_1 = '1' ) LIMIT 1  
[2020-07-28 08:25:33] /shop/index.php?controller=cate&action=index&cate_id=5484&area_id=31&ci=1 ( act=cate&action=index ) 
ERR: Db Error: Unknown column 'contract_1' in 'where clause'
SELECT COUNT(*) AS nc_count FROM `goods_common` WHERE ( gc_id_2 = '5484' ) AND ( areaid_1 = '31' ) AND ( contract_1 = '1' ) LIMIT 1  
[2020-07-28 08:26:47] /shop/index.php?controller=cate&action=index&cate_id=5484&area_id=33&ci=1 ( act=cate&action=index ) 
ERR: Db Error: Unknown column 'contract_1' in 'where clause'
SELECT COUNT(*) AS nc_count FROM `goods_common` WHERE ( gc_id_2 = '5484' ) AND ( areaid_1 = '33' ) AND ( contract_1 = '1' ) LIMIT 1  
[2020-07-28 08:27:22] /shop/index.php?action=index&area_id=28&cate_id=308&ci=3_1&controller=cate&key=1&new=1&order=2 ( act=cate&action=index ) 
ERR: Db Error: Unknown column 'contract_3' in 'where clause'
SELECT COUNT(*) AS nc_count FROM `goods_common` WHERE ( areaid_1 = '28' ) AND ( is_new_arrival = '1' ) AND ( contract_3 = '1' ) AND ( contract_1 = '1' ) LIMIT 1  
[2020-07-28 08:27:56] /shop/index.php?controller=cate&action=index&cate_id=5484&area_id=34&ci=1 ( act=cate&action=index ) 
ERR: Db Error: Unknown column 'contract_1' in 'where clause'
SELECT COUNT(*) AS nc_count FROM `goods_common` WHERE ( gc_id_2 = '5484' ) AND ( areaid_1 = '34' ) AND ( contract_1 = '1' ) LIMIT 1  
[2020-07-28 08:29:03] /shop/index.php?controller=cate&action=index&cate_id=5484&area_id=35&ci=1 ( act=cate&action=index ) 
ERR: Db Error: Unknown column 'contract_1' in 'where clause'
SELECT COUNT(*) AS nc_count FROM `goods_common` WHERE ( gc_id_2 = '5484' ) AND ( areaid_1 = '35' ) AND ( contract_1 = '1' ) LIMIT 1  
[2020-07-28 08:30:13] /shop/index.php?controller=cate&action=index&cate_id=5484&area_id=4&ci=1 ( act=cate&action=index ) 
ERR: Db Error: Unknown column 'contract_1' in 'where clause'
SELECT COUNT(*) AS nc_count FROM `goods_common` WHERE ( gc_id_2 = '5484' ) AND ( areaid_1 = '4' ) AND ( contract_1 = '1' ) LIMIT 1  
[2020-07-28 08:31:21] /shop/index.php?controller=cate&action=index&cate_id=5487&ci=1&area_id=1 ( act=cate&action=index ) 
ERR: Db Error: Unknown column 'contract_1' in 'where clause'
SELECT COUNT(*) AS nc_count FROM `goods_common` WHERE ( gc_id_2 = '5487' ) AND ( areaid_1 = '1' ) AND ( contract_1 = '1' ) LIMIT 1  
[2020-07-28 08:32:29] /shop/index.php?controller=cate&action=index&cate_id=5484&area_id=5&ci=1 ( act=cate&action=index ) 
ERR: Db Error: Unknown column 'contract_1' in 'where clause'
SELECT COUNT(*) AS nc_count FROM `goods_common` WHERE ( gc_id_2 = '5484' ) AND ( areaid_1 = '5' ) AND ( contract_1 = '1' ) LIMIT 1  
[2020-07-28 08:34:39] /shop/index.php?controller=cate&action=index&cate_id=5487&ci=1&area_id=13 ( act=cate&action=index ) 
ERR: Db Error: Unknown column 'contract_1' in 'where clause'
SELECT COUNT(*) AS nc_count FROM `goods_common` WHERE ( gc_id_2 = '5487' ) AND ( areaid_1 = '13' ) AND ( contract_1 = '1' ) LIMIT 1  
[2020-07-28 08:35:45] /shop/index.php?controller=cate&action=index&cate_id=5482&ci=4&area_id=10 ( act=cate&action=index ) 
ERR: Db Error: Unknown column 'contract_4' in 'where clause'
SELECT COUNT(*) AS nc_count FROM `goods_common` WHERE ( gc_id_2 = '5482' ) AND ( areaid_1 = '10' ) AND ( contract_4 = '1' ) LIMIT 1  
[2020-07-28 08:36:52] /shop/index.php?controller=cate&action=index&cate_id=5484&area_id=7&ci=1 ( act=cate&action=index ) 
ERR: Db Error: Unknown column 'contract_1' in 'where clause'
SELECT COUNT(*) AS nc_count FROM `goods_common` WHERE ( gc_id_2 = '5484' ) AND ( areaid_1 = '7' ) AND ( contract_1 = '1' ) LIMIT 1  
[2020-07-28 08:37:57] /shop/index.php?controller=cate&action=index&cate_id=5487&ci=1&area_id=17 ( act=cate&action=index ) 
ERR: Db Error: Unknown column 'contract_1' in 'where clause'
SELECT COUNT(*) AS nc_count FROM `goods_common` WHERE ( gc_id_2 = '5487' ) AND ( areaid_1 = '17' ) AND ( contract_1 = '1' ) LIMIT 1  
[2020-07-28 08:39:02] /shop/index.php?controller=cate&action=index&cate_id=5482&ci=4&area_id=18 ( act=cate&action=index ) 
ERR: Db Error: Unknown column 'contract_4' in 'where clause'
SELECT COUNT(*) AS nc_count FROM `goods_common` WHERE ( gc_id_2 = '5482' ) AND ( areaid_1 = '18' ) AND ( contract_4 = '1' ) LIMIT 1  
[2020-07-28 08:40:15] /shop/index.php?controller=cate&action=index&cate_id=5487&ci=1&area_id=23 ( act=cate&action=index ) 
ERR: Db Error: Unknown column 'contract_1' in 'where clause'
SELECT COUNT(*) AS nc_count FROM `goods_common` WHERE ( gc_id_2 = '5487' ) AND ( areaid_1 = '23' ) AND ( contract_1 = '1' ) LIMIT 1  
[2020-07-28 08:41:22] /shop/index.php?controller=cate&action=index&cate_id=5484&area_id=9&ci=1 ( act=cate&action=index ) 
ERR: Db Error: Unknown column 'contract_1' in 'where clause'
SELECT COUNT(*) AS nc_count FROM `goods_common` WHERE ( gc_id_2 = '5484' ) AND ( areaid_1 = '9' ) AND ( contract_1 = '1' ) LIMIT 1  
[2020-07-28 08:42:34] /shop/index.php?controller=cate&action=index&cate_id=5482&ci=4&area_id=2 ( act=cate&action=index ) 
ERR: Db Error: Unknown column 'contract_4' in 'where clause'
SELECT COUNT(*) AS nc_count FROM `goods_common` WHERE ( gc_id_2 = '5482' ) AND ( areaid_1 = '2' ) AND ( contract_4 = '1' ) LIMIT 1  
[2020-07-28 08:43:43] /shop/index.php?controller=cate&action=index&cate_id=5487&ci=1&area_id=24 ( act=cate&action=index ) 
ERR: Db Error: Unknown column 'contract_1' in 'where clause'
SELECT COUNT(*) AS nc_count FROM `goods_common` WHERE ( gc_id_2 = '5487' ) AND ( areaid_1 = '24' ) AND ( contract_1 = '1' ) LIMIT 1  
[2020-07-28 08:44:52] /shop/index.php?action=index&area_id=33&cate_id=308&ci=1&controller=cate&key=&order=&type= ( act=cate&action=index ) 
ERR: Db Error: Unknown column 'contract_1' in 'where clause'
SELECT COUNT(*) AS nc_count FROM `goods_common` WHERE ( areaid_1 = '33' ) AND ( contract_1 = '1' ) LIMIT 1  
[2020-07-28 08:49:22] /shop/index.php?controller=cate&action=index&cate_id=5482&ci=4&area_id=20 ( act=cate&action=index ) 
ERR: Db Error: Unknown column 'contract_4' in 'where clause'
SELECT COUNT(*) AS nc_count FROM `goods_common` WHERE ( gc_id_2 = '5482' ) AND ( areaid_1 = '20' ) AND ( contract_4 = '1' ) LIMIT 1  
[2020-07-28 08:50:32] /shop/index.php?controller=cate&action=index&cate_id=5487&ci=1&area_id=6 ( act=cate&action=index ) 
ERR: Db Error: Unknown column 'contract_1' in 'where clause'
SELECT COUNT(*) AS nc_count FROM `goods_common` WHERE ( gc_id_2 = '5487' ) AND ( areaid_1 = '6' ) AND ( contract_1 = '1' ) LIMIT 1  
[2020-07-28 08:51:37] /shop/index.php?controller=cate&action=index&cate_id=5482&ci=4&area_id=23 ( act=cate&action=index ) 
ERR: Db Error: Unknown column 'contract_4' in 'where clause'
SELECT COUNT(*) AS nc_count FROM `goods_common` WHERE ( gc_id_2 = '5482' ) AND ( areaid_1 = '23' ) AND ( contract_4 = '1' ) LIMIT 1  
[2020-07-28 08:55:23] /shop/index.php?action=index&area_id=29&cate_id=256&ci=3_1&controller=cate&key=&new=1&order= ( act=cate&action=index ) 
ERR: Db Error: Unknown column 'contract_3' in 'where clause'
SELECT COUNT(*) AS nc_count FROM `goods_common` WHERE ( areaid_1 = '29' ) AND ( is_new_arrival = '1' ) AND ( contract_3 = '1' ) AND ( contract_1 = '1' ) LIMIT 1  
[2020-07-28 08:56:36] /shop/index.php?action=index&area_id=7&cate_id=5546&ci=1&controller=cate ( act=cate&action=index ) 
ERR: Db Error: Unknown column 'contract_1' in 'where clause'
SELECT COUNT(*) AS nc_count FROM `goods_common` WHERE ( gc_id_2 = '5546' ) AND ( areaid_1 = '7' ) AND ( contract_1 = '1' ) LIMIT 1  
[2020-07-28 08:57:04] /shop/index.php?controller=cate&action=index&cate_id=5482&ci=4&area_id=24 ( act=cate&action=index ) 
ERR: Db Error: Unknown column 'contract_4' in 'where clause'
SELECT COUNT(*) AS nc_count FROM `goods_common` WHERE ( gc_id_2 = '5482' ) AND ( areaid_1 = '24' ) AND ( contract_4 = '1' ) LIMIT 1  
[2020-07-28 09:01:33] /shop/index.php?controller=cate&action=index&cate_id=5482&ci=4&area_id=3 ( act=cate&action=index ) 
ERR: Db Error: Unknown column 'contract_4' in 'where clause'
SELECT COUNT(*) AS nc_count FROM `goods_common` WHERE ( gc_id_2 = '5482' ) AND ( areaid_1 = '3' ) AND ( contract_4 = '1' ) LIMIT 1  
[2020-07-28 09:22:23] /shop/index.php?action=index&area_id=35&cate_id=256&ci=1_2&controller=cate&key=&order=&type= ( act=cate&action=index ) 
ERR: Db Error: Unknown column 'contract_1' in 'where clause'
SELECT COUNT(*) AS nc_count FROM `goods_common` WHERE ( areaid_1 = '35' ) AND ( contract_1 = '1' ) AND ( contract_2 = '1' ) LIMIT 1  
[2020-07-28 09:24:19] /shop/index.php?controller=cate&action=index&cate_id=5484&area_id=12&ci=1 ( act=cate&action=index ) 
ERR: Db Error: Unknown column 'contract_1' in 'where clause'
SELECT COUNT(*) AS nc_count FROM `goods_common` WHERE ( gc_id_2 = '5484' ) AND ( areaid_1 = '12' ) AND ( contract_1 = '1' ) LIMIT 1  
[2020-07-28 09:26:26] /shop/index.php?controller=cate&action=index&cate_id=5484&area_id=14&ci=1 ( act=cate&action=index ) 
ERR: Db Error: Unknown column 'contract_1' in 'where clause'
SELECT COUNT(*) AS nc_count FROM `goods_common` WHERE ( gc_id_2 = '5484' ) AND ( areaid_1 = '14' ) AND ( contract_1 = '1' ) LIMIT 1  
[2020-07-28 09:27:23] /shop/index.php?controller=cate&action=index&cate_id=5484&area_id=15&ci=1 ( act=cate&action=index ) 
ERR: Db Error: Unknown column 'contract_1' in 'where clause'
SELECT COUNT(*) AS nc_count FROM `goods_common` WHERE ( gc_id_2 = '5484' ) AND ( areaid_1 = '15' ) AND ( contract_1 = '1' ) LIMIT 1  
[2020-07-28 09:31:20] /shop/index.php?controller=cate&action=index&cate_id=5484&area_id=19&ci=1 ( act=cate&action=index ) 
ERR: Db Error: Unknown column 'contract_1' in 'where clause'
SELECT COUNT(*) AS nc_count FROM `goods_common` WHERE ( gc_id_2 = '5484' ) AND ( areaid_1 = '19' ) AND ( contract_1 = '1' ) LIMIT 1  
[2020-07-28 09:34:29] /shop/index.php?controller=cate&action=index&cate_id=5484&area_id=25&ci=1 ( act=cate&action=index ) 
ERR: Db Error: Unknown column 'contract_1' in 'where clause'
SELECT COUNT(*) AS nc_count FROM `goods_common` WHERE ( gc_id_2 = '5484' ) AND ( areaid_1 = '25' ) AND ( contract_1 = '1' ) LIMIT 1  
[2020-07-28 09:35:34] /shop/index.php?controller=cate&action=index&cate_id=5484&area_id=26&ci=1 ( act=cate&action=index ) 
ERR: Db Error: Unknown column 'contract_1' in 'where clause'
SELECT COUNT(*) AS nc_count FROM `goods_common` WHERE ( gc_id_2 = '5484' ) AND ( areaid_1 = '26' ) AND ( contract_1 = '1' ) LIMIT 1  
[2020-07-28 09:36:34] /shop/index.php?controller=cate&action=index&cate_id=5484&area_id=8&ci=1 ( act=cate&action=index ) 
ERR: Db Error: Unknown column 'contract_1' in 'where clause'
SELECT COUNT(*) AS nc_count FROM `goods_common` WHERE ( gc_id_2 = '5484' ) AND ( areaid_1 = '8' ) AND ( contract_1 = '1' ) LIMIT 1  
[2020-07-28 09:52:53] /shop/index.php?action=index&area_id=35&cate_id=256&ci=1_3&controller=cate&key=&new=1&order= ( act=cate&action=index ) 
ERR: Db Error: Unknown column 'contract_1' in 'where clause'
SELECT COUNT(*) AS nc_count FROM `goods_common` WHERE ( areaid_1 = '35' ) AND ( is_new_arrival = '1' ) AND ( contract_1 = '1' ) AND ( contract_3 = '1' ) LIMIT 1  
[2020-07-28 09:54:35] /shop/index.php?controller=cate&action=index&cate_id=5501&ci=3 ( act=cate&action=index ) 
ERR: Db Error: Unknown column 'contract_3' in 'where clause'
SELECT COUNT(*) AS nc_count FROM `goods_common` WHERE ( gc_id_3 = '5501' ) AND ( contract_3 = '1' ) LIMIT 1  
[2020-07-28 09:55:35] /shop/index.php?controller=cate&action=index&cate_id=5486&ci=1&area_id=15 ( act=cate&action=index ) 
ERR: Db Error: Unknown column 'contract_1' in 'where clause'
SELECT COUNT(*) AS nc_count FROM `goods_common` WHERE ( gc_id_2 = '5486' ) AND ( areaid_1 = '15' ) AND ( contract_1 = '1' ) LIMIT 1  
[2020-07-28 09:56:39] /shop/index.php?controller=cate&action=index&cate_id=5486&ci=1&area_id=23 ( act=cate&action=index ) 
ERR: Db Error: Unknown column 'contract_1' in 'where clause'
SELECT COUNT(*) AS nc_count FROM `goods_common` WHERE ( gc_id_2 = '5486' ) AND ( areaid_1 = '23' ) AND ( contract_1 = '1' ) LIMIT 1  
[2020-07-28 09:57:40] /shop/index.php?controller=cate&action=index&cate_id=5486&ci=1&area_id=26 ( act=cate&action=index ) 
ERR: Db Error: Unknown column 'contract_1' in 'where clause'
SELECT COUNT(*) AS nc_count FROM `goods_common` WHERE ( gc_id_2 = '5486' ) AND ( areaid_1 = '26' ) AND ( contract_1 = '1' ) LIMIT 1  
[2020-07-28 09:59:42] /shop/index.php?controller=cate&action=index&cate_id=5486&ci=1&area_id=28 ( act=cate&action=index ) 
ERR: Db Error: Unknown column 'contract_1' in 'where clause'
SELECT COUNT(*) AS nc_count FROM `goods_common` WHERE ( gc_id_2 = '5486' ) AND ( areaid_1 = '28' ) AND ( contract_1 = '1' ) LIMIT 1  
[2020-07-28 10:00:44] /shop/index.php?controller=cate&action=index&cate_id=5484&ci=3&area_id= ( act=cate&action=index ) 
ERR: Db Error: Unknown column 'contract_3' in 'where clause'
SELECT COUNT(*) AS nc_count FROM `goods_common` WHERE ( gc_id_2 = '5484' ) AND ( contract_3 = '1' ) LIMIT 1  
[2020-07-28 10:01:45] /shop/index.php?controller=cate&action=index&cate_id=5486&ci=1&area_id=3 ( act=cate&action=index ) 
ERR: Db Error: Unknown column 'contract_1' in 'where clause'
SELECT COUNT(*) AS nc_count FROM `goods_common` WHERE ( gc_id_2 = '5486' ) AND ( areaid_1 = '3' ) AND ( contract_1 = '1' ) LIMIT 1  
[2020-07-28 10:04:39] /shop/index.php?controller=cate&action=index&cate_id=5484&ci=3&area_id=1 ( act=cate&action=index ) 
ERR: Db Error: Unknown column 'contract_3' in 'where clause'
SELECT COUNT(*) AS nc_count FROM `goods_common` WHERE ( gc_id_2 = '5484' ) AND ( areaid_1 = '1' ) AND ( contract_3 = '1' ) LIMIT 1  
[2020-07-28 10:08:32] /shop/index.php?controller=cate&action=index&cate_id=5490&area_id=11&ci=3 ( act=cate&action=index ) 
ERR: Db Error: Unknown column 'contract_3' in 'where clause'
SELECT COUNT(*) AS nc_count FROM `goods_common` WHERE ( gc_id_2 = '5490' ) AND ( areaid_1 = '11' ) AND ( contract_3 = '1' ) LIMIT 1  
[2020-07-28 10:10:33] /shop/index.php?controller=cate&action=index&cate_id=5484&ci=3&area_id=14 ( act=cate&action=index ) 
ERR: Db Error: Unknown column 'contract_3' in 'where clause'
SELECT COUNT(*) AS nc_count FROM `goods_common` WHERE ( gc_id_2 = '5484' ) AND ( areaid_1 = '14' ) AND ( contract_3 = '1' ) LIMIT 1  
[2020-07-28 10:12:31] /shop/index.php?controller=cate&action=index&cate_id=5484&ci=3&area_id=19 ( act=cate&action=index ) 
ERR: Db Error: Unknown column 'contract_3' in 'where clause'
SELECT COUNT(*) AS nc_count FROM `goods_common` WHERE ( gc_id_2 = '5484' ) AND ( areaid_1 = '19' ) AND ( contract_3 = '1' ) LIMIT 1  
[2020-07-28 10:17:37] /shop/index.php?controller=cate&action=index&cate_id=5484&ci=3&area_id=26 ( act=cate&action=index ) 
ERR: Db Error: Unknown column 'contract_3' in 'where clause'
SELECT COUNT(*) AS nc_count FROM `goods_common` WHERE ( gc_id_2 = '5484' ) AND ( areaid_1 = '26' ) AND ( contract_3 = '1' ) LIMIT 1  
[2020-07-28 10:19:38] /shop/index.php?controller=cate&action=index&cate_id=5484&ci=3&area_id=30 ( act=cate&action=index ) 
ERR: Db Error: Unknown column 'contract_3' in 'where clause'
SELECT COUNT(*) AS nc_count FROM `goods_common` WHERE ( gc_id_2 = '5484' ) AND ( areaid_1 = '30' ) AND ( contract_3 = '1' ) LIMIT 1  
[2020-07-28 10:20:41] /shop/index.php?controller=cate&action=index&cate_id=5484&ci=3&area_id=34 ( act=cate&action=index ) 
ERR: Db Error: Unknown column 'contract_3' in 'where clause'
SELECT COUNT(*) AS nc_count FROM `goods_common` WHERE ( gc_id_2 = '5484' ) AND ( areaid_1 = '34' ) AND ( contract_3 = '1' ) LIMIT 1  
[2020-07-28 10:21:43] /shop/index.php?controller=cate&action=index&cate_id=5488&ci=3&area_id= ( act=cate&action=index ) 
ERR: Db Error: Unknown column 'contract_3' in 'where clause'
SELECT COUNT(*) AS nc_count FROM `goods_common` WHERE ( gc_id_2 = '5488' ) AND ( contract_3 = '1' ) LIMIT 1  
[2020-07-28 10:22:44] /shop/index.php?controller=cate&action=index&cate_id=5484&ci=3&area_id=5 ( act=cate&action=index ) 
ERR: Db Error: Unknown column 'contract_3' in 'where clause'
SELECT COUNT(*) AS nc_count FROM `goods_common` WHERE ( gc_id_2 = '5484' ) AND ( areaid_1 = '5' ) AND ( contract_3 = '1' ) LIMIT 1  
[2020-07-28 10:23:44] /shop/index.php?controller=cate&action=index&cate_id=5488&ci=3&area_id=13 ( act=cate&action=index ) 
ERR: Db Error: Unknown column 'contract_3' in 'where clause'
SELECT COUNT(*) AS nc_count FROM `goods_common` WHERE ( gc_id_2 = '5488' ) AND ( areaid_1 = '13' ) AND ( contract_3 = '1' ) LIMIT 1  
[2020-07-28 10:24:46] /shop/index.php?controller=cate&action=index&cate_id=5488&ci=3&area_id=19 ( act=cate&action=index ) 
ERR: Db Error: Unknown column 'contract_3' in 'where clause'
SELECT COUNT(*) AS nc_count FROM `goods_common` WHERE ( gc_id_2 = '5488' ) AND ( areaid_1 = '19' ) AND ( contract_3 = '1' ) LIMIT 1  
[2020-07-28 10:25:51] /shop/index.php?controller=cate&action=index&cate_id=5488&ci=3&area_id=31 ( act=cate&action=index ) 
ERR: Db Error: Unknown column 'contract_3' in 'where clause'
SELECT COUNT(*) AS nc_count FROM `goods_common` WHERE ( gc_id_2 = '5488' ) AND ( areaid_1 = '31' ) AND ( contract_3 = '1' ) LIMIT 1  
[2020-07-28 10:40:16] /shop/index.php?controller=cate&action=index&cate_id=5482&ci=4&area_id= ( act=cate&action=index ) 
ERR: Db Error: Unknown column 'contract_4' in 'where clause'
SELECT COUNT(*) AS nc_count FROM `goods_common` WHERE ( gc_id_2 = '5482' ) AND ( contract_4 = '1' ) LIMIT 1  
[2020-07-28 10:41:19] /shop/index.php?controller=cate&action=index&cate_id=5482&ci=4&area_id=1 ( act=cate&action=index ) 
ERR: Db Error: Unknown column 'contract_4' in 'where clause'
SELECT COUNT(*) AS nc_count FROM `goods_common` WHERE ( gc_id_2 = '5482' ) AND ( areaid_1 = '1' ) AND ( contract_4 = '1' ) LIMIT 1  
[2020-07-28 10:44:19] /shop/index.php?controller=cate&action=index&cate_id=5482&ci=4&area_id=12 ( act=cate&action=index ) 
ERR: Db Error: Unknown column 'contract_4' in 'where clause'
SELECT COUNT(*) AS nc_count FROM `goods_common` WHERE ( gc_id_2 = '5482' ) AND ( areaid_1 = '12' ) AND ( contract_4 = '1' ) LIMIT 1  
[2020-07-28 10:45:24] /shop/index.php?action=index&area_id=34&cate_id=256&ci=4_1&controller=cate&key=2&new=1&order=2 ( act=cate&action=index ) 
ERR: Db Error: Unknown column 'contract_4' in 'where clause'
SELECT COUNT(*) AS nc_count FROM `goods_common` WHERE ( areaid_1 = '34' ) AND ( is_new_arrival = '1' ) AND ( contract_4 = '1' ) AND ( contract_1 = '1' ) LIMIT 1  
[2020-07-28 10:48:25] /shop/index.php?controller=cate&action=index&cate_id=5482&ci=4&area_id=13 ( act=cate&action=index ) 
ERR: Db Error: Unknown column 'contract_4' in 'where clause'
SELECT COUNT(*) AS nc_count FROM `goods_common` WHERE ( gc_id_2 = '5482' ) AND ( areaid_1 = '13' ) AND ( contract_4 = '1' ) LIMIT 1  
[2020-07-28 10:54:28] /shop/index.php?controller=cate&action=index&cate_id=5482&ci=4&area_id=15 ( act=cate&action=index ) 
ERR: Db Error: Unknown column 'contract_4' in 'where clause'
SELECT COUNT(*) AS nc_count FROM `goods_common` WHERE ( gc_id_2 = '5482' ) AND ( areaid_1 = '15' ) AND ( contract_4 = '1' ) LIMIT 1  
[2020-07-28 10:58:32] /shop/index.php?controller=cate&action=index&cate_id=5482&ci=4&area_id=16 ( act=cate&action=index ) 
ERR: Db Error: Unknown column 'contract_4' in 'where clause'
SELECT COUNT(*) AS nc_count FROM `goods_common` WHERE ( gc_id_2 = '5482' ) AND ( areaid_1 = '16' ) AND ( contract_4 = '1' ) LIMIT 1  
[2020-07-28 11:02:36] /shop/index.php?controller=cate&action=index&cate_id=5482&ci=4&area_id=17 ( act=cate&action=index ) 
ERR: Db Error: Unknown column 'contract_4' in 'where clause'
SELECT COUNT(*) AS nc_count FROM `goods_common` WHERE ( gc_id_2 = '5482' ) AND ( areaid_1 = '17' ) AND ( contract_4 = '1' ) LIMIT 1  
[2020-07-28 11:04:44] /shop/index.php?controller=cate&action=index&cate_id=5482&ci=4&area_id=19 ( act=cate&action=index ) 
ERR: Db Error: Unknown column 'contract_4' in 'where clause'
SELECT COUNT(*) AS nc_count FROM `goods_common` WHERE ( gc_id_2 = '5482' ) AND ( areaid_1 = '19' ) AND ( contract_4 = '1' ) LIMIT 1  
[2020-07-28 11:06:45] /shop/index.php?controller=cate&action=index&cate_id=5482&ci=4&area_id=21 ( act=cate&action=index ) 
ERR: Db Error: Unknown column 'contract_4' in 'where clause'
SELECT COUNT(*) AS nc_count FROM `goods_common` WHERE ( gc_id_2 = '5482' ) AND ( areaid_1 = '21' ) AND ( contract_4 = '1' ) LIMIT 1  
[2020-07-28 11:08:48] /shop/index.php?controller=cate&action=index&cate_id=5482&ci=4&area_id=22 ( act=cate&action=index ) 
ERR: Db Error: Unknown column 'contract_4' in 'where clause'
SELECT COUNT(*) AS nc_count FROM `goods_common` WHERE ( gc_id_2 = '5482' ) AND ( areaid_1 = '22' ) AND ( contract_4 = '1' ) LIMIT 1  
[2020-07-28 11:09:50] /shop/index.php?controller=cate&action=index&cate_id=5482&ci=4&area_id=25 ( act=cate&action=index ) 
ERR: Db Error: Unknown column 'contract_4' in 'where clause'
SELECT COUNT(*) AS nc_count FROM `goods_common` WHERE ( gc_id_2 = '5482' ) AND ( areaid_1 = '25' ) AND ( contract_4 = '1' ) LIMIT 1  
[2020-07-28 11:10:55] /shop/index.php?controller=cate&action=index&cate_id=5482&ci=4&area_id=26 ( act=cate&action=index ) 
ERR: Db Error: Unknown column 'contract_4' in 'where clause'
SELECT COUNT(*) AS nc_count FROM `goods_common` WHERE ( gc_id_2 = '5482' ) AND ( areaid_1 = '26' ) AND ( contract_4 = '1' ) LIMIT 1  
[2020-07-28 11:14:05] /shop/index.php?controller=cate&action=index&cate_id=5482&ci=4&area_id=27 ( act=cate&action=index ) 
ERR: Db Error: Unknown column 'contract_4' in 'where clause'
SELECT COUNT(*) AS nc_count FROM `goods_common` WHERE ( gc_id_2 = '5482' ) AND ( areaid_1 = '27' ) AND ( contract_4 = '1' ) LIMIT 1  
[2020-07-28 11:15:06] /shop/index.php?controller=cate&action=index&cate_id=5482&ci=4&area_id=28 ( act=cate&action=index ) 
ERR: Db Error: Unknown column 'contract_4' in 'where clause'
SELECT COUNT(*) AS nc_count FROM `goods_common` WHERE ( gc_id_2 = '5482' ) AND ( areaid_1 = '28' ) AND ( contract_4 = '1' ) LIMIT 1  
[2020-07-28 11:16:08] /shop/index.php?controller=cate&action=index&cate_id=5482&ci=4&area_id=29 ( act=cate&action=index ) 
ERR: Db Error: Unknown column 'contract_4' in 'where clause'
SELECT COUNT(*) AS nc_count FROM `goods_common` WHERE ( gc_id_2 = '5482' ) AND ( areaid_1 = '29' ) AND ( contract_4 = '1' ) LIMIT 1  
[2020-07-28 11:16:54] /shop/index.php?action=index&area_id=11&cate_id=308&ci=1_3&controller=cate&key=1&new=1&order=2 ( act=cate&action=index ) 
ERR: Db Error: Unknown column 'contract_1' in 'where clause'
SELECT COUNT(*) AS nc_count FROM `goods_common` WHERE ( areaid_1 = '11' ) AND ( is_new_arrival = '1' ) AND ( contract_1 = '1' ) AND ( contract_3 = '1' ) LIMIT 1  
[2020-07-28 11:18:19] /shop/index.php?controller=cate&action=index&cate_id=5482&ci=4&area_id=30 ( act=cate&action=index ) 
ERR: Db Error: Unknown column 'contract_4' in 'where clause'
SELECT COUNT(*) AS nc_count FROM `goods_common` WHERE ( gc_id_2 = '5482' ) AND ( areaid_1 = '30' ) AND ( contract_4 = '1' ) LIMIT 1  
[2020-07-28 11:20:22] /shop/index.php?controller=cate&action=index&cate_id=5482&ci=4&area_id=31 ( act=cate&action=index ) 
ERR: Db Error: Unknown column 'contract_4' in 'where clause'
SELECT COUNT(*) AS nc_count FROM `goods_common` WHERE ( gc_id_2 = '5482' ) AND ( areaid_1 = '31' ) AND ( contract_4 = '1' ) LIMIT 1  
[2020-07-28 11:21:23] /shop/index.php?controller=cate&action=index&cate_id=5482&ci=4&area_id=32 ( act=cate&action=index ) 
ERR: Db Error: Unknown column 'contract_4' in 'where clause'
SELECT COUNT(*) AS nc_count FROM `goods_common` WHERE ( gc_id_2 = '5482' ) AND ( areaid_1 = '32' ) AND ( contract_4 = '1' ) LIMIT 1  
[2020-07-28 11:22:23] /shop/index.php?controller=cate&action=index&cate_id=5482&ci=4&area_id=33 ( act=cate&action=index ) 
ERR: Db Error: Unknown column 'contract_4' in 'where clause'
SELECT COUNT(*) AS nc_count FROM `goods_common` WHERE ( gc_id_2 = '5482' ) AND ( areaid_1 = '33' ) AND ( contract_4 = '1' ) LIMIT 1  
[2020-07-28 11:23:26] /shop/index.php?controller=cate&action=index&cate_id=5482&ci=4&area_id=34 ( act=cate&action=index ) 
ERR: Db Error: Unknown column 'contract_4' in 'where clause'
SELECT COUNT(*) AS nc_count FROM `goods_common` WHERE ( gc_id_2 = '5482' ) AND ( areaid_1 = '34' ) AND ( contract_4 = '1' ) LIMIT 1  
[2020-07-28 11:24:30] /shop/index.php?controller=cate&action=index&cate_id=5482&ci=4&area_id=35 ( act=cate&action=index ) 
ERR: Db Error: Unknown column 'contract_4' in 'where clause'
SELECT COUNT(*) AS nc_count FROM `goods_common` WHERE ( gc_id_2 = '5482' ) AND ( areaid_1 = '35' ) AND ( contract_4 = '1' ) LIMIT 1  
[2020-07-28 11:25:30] /shop/index.php?controller=cate&action=index&cate_id=5482&ci=4&area_id=4 ( act=cate&action=index ) 
ERR: Db Error: Unknown column 'contract_4' in 'where clause'
SELECT COUNT(*) AS nc_count FROM `goods_common` WHERE ( gc_id_2 = '5482' ) AND ( areaid_1 = '4' ) AND ( contract_4 = '1' ) LIMIT 1  
[2020-07-28 11:26:35] /shop/index.php?controller=cate&action=index&cate_id=5482&ci=4&area_id=5 ( act=cate&action=index ) 
ERR: Db Error: Unknown column 'contract_4' in 'where clause'
SELECT COUNT(*) AS nc_count FROM `goods_common` WHERE ( gc_id_2 = '5482' ) AND ( areaid_1 = '5' ) AND ( contract_4 = '1' ) LIMIT 1  
[2020-07-28 11:27:38] /shop/index.php?controller=cate&action=index&cate_id=5482&ci=4&area_id=6 ( act=cate&action=index ) 
ERR: Db Error: Unknown column 'contract_4' in 'where clause'
SELECT COUNT(*) AS nc_count FROM `goods_common` WHERE ( gc_id_2 = '5482' ) AND ( areaid_1 = '6' ) AND ( contract_4 = '1' ) LIMIT 1  
[2020-07-28 11:28:41] /shop/index.php?controller=cate&action=index&cate_id=5482&ci=4&area_id=7 ( act=cate&action=index ) 
ERR: Db Error: Unknown column 'contract_4' in 'where clause'
SELECT COUNT(*) AS nc_count FROM `goods_common` WHERE ( gc_id_2 = '5482' ) AND ( areaid_1 = '7' ) AND ( contract_4 = '1' ) LIMIT 1  
[2020-07-28 11:29:40] /shop/index.php?controller=cate&action=index&cate_id=5482&ci=4&area_id=8 ( act=cate&action=index ) 
ERR: Db Error: Unknown column 'contract_4' in 'where clause'
SELECT COUNT(*) AS nc_count FROM `goods_common` WHERE ( gc_id_2 = '5482' ) AND ( areaid_1 = '8' ) AND ( contract_4 = '1' ) LIMIT 1  
[2020-07-28 11:30:42] /shop/index.php?controller=cate&action=index&cate_id=5482&ci=4&area_id=9 ( act=cate&action=index ) 
ERR: Db Error: Unknown column 'contract_4' in 'where clause'
SELECT COUNT(*) AS nc_count FROM `goods_common` WHERE ( gc_id_2 = '5482' ) AND ( areaid_1 = '9' ) AND ( contract_4 = '1' ) LIMIT 1  
[2020-07-28 11:32:42] /shop/index.php?controller=cate&action=index&cate_id=5498&ci=4 ( act=cate&action=index ) 
ERR: Db Error: Unknown column 'contract_4' in 'where clause'
SELECT COUNT(*) AS nc_count FROM `goods_common` WHERE ( gc_id_3 = '5498' ) AND ( contract_4 = '1' ) LIMIT 1  
[2020-07-28 11:40:36] /shop/index.php?action=index&area_id=34&cate_id=5581&ci=4&controller=cate&gift=1&key=2&order=2 ( act=cate&action=index ) 
ERR: Db Error: Unknown column 'contract_4' in 'where clause'
SELECT COUNT(*) AS nc_count FROM `goods_common` WHERE ( gc_id_2 = '5581' ) AND ( areaid_1 = '34' ) AND ( contract_4 = '1' ) LIMIT 1  
[2020-07-28 11:47:58] /shop/index.php?controller=cate&action=index&cate_id=5497&ci=2 ( act=cate&action=index ) 
ERR: Db Error: Unknown column 'contract_2' in 'where clause'
SELECT COUNT(*) AS nc_count FROM `goods_common` WHERE ( gc_id_3 = '5497' ) AND ( contract_2 = '1' ) LIMIT 1  
[2020-07-28 11:48:56] /shop/index.php?controller=cate&action=index&cate_id=5484&ci=3&area_id=10 ( act=cate&action=index ) 
ERR: Db Error: Unknown column 'contract_3' in 'where clause'
SELECT COUNT(*) AS nc_count FROM `goods_common` WHERE ( gc_id_2 = '5484' ) AND ( areaid_1 = '10' ) AND ( contract_3 = '1' ) LIMIT 1  
[2020-07-28 11:49:58] /shop/index.php?controller=cate&action=index&cate_id=5484&ci=3&area_id=11 ( act=cate&action=index ) 
ERR: Db Error: Unknown column 'contract_3' in 'where clause'
SELECT COUNT(*) AS nc_count FROM `goods_common` WHERE ( gc_id_2 = '5484' ) AND ( areaid_1 = '11' ) AND ( contract_3 = '1' ) LIMIT 1  
[2020-07-28 11:50:59] /shop/index.php?controller=cate&action=index&cate_id=5484&ci=3&area_id=12 ( act=cate&action=index ) 
ERR: Db Error: Unknown column 'contract_3' in 'where clause'
SELECT COUNT(*) AS nc_count FROM `goods_common` WHERE ( gc_id_2 = '5484' ) AND ( areaid_1 = '12' ) AND ( contract_3 = '1' ) LIMIT 1  
[2020-07-28 11:51:57] /shop/index.php?controller=cate&action=index&cate_id=5484&ci=3&area_id=13 ( act=cate&action=index ) 
ERR: Db Error: Unknown column 'contract_3' in 'where clause'
SELECT COUNT(*) AS nc_count FROM `goods_common` WHERE ( gc_id_2 = '5484' ) AND ( areaid_1 = '13' ) AND ( contract_3 = '1' ) LIMIT 1  
[2020-07-28 11:53:02] /shop/index.php?controller=cate&action=index&cate_id=5484&ci=3&area_id=15 ( act=cate&action=index ) 
ERR: Db Error: Unknown column 'contract_3' in 'where clause'
SELECT COUNT(*) AS nc_count FROM `goods_common` WHERE ( gc_id_2 = '5484' ) AND ( areaid_1 = '15' ) AND ( contract_3 = '1' ) LIMIT 1  
[2020-07-28 11:53:59] /shop/index.php?controller=cate&action=index&cate_id=5484&ci=3&area_id=16 ( act=cate&action=index ) 
ERR: Db Error: Unknown column 'contract_3' in 'where clause'
SELECT COUNT(*) AS nc_count FROM `goods_common` WHERE ( gc_id_2 = '5484' ) AND ( areaid_1 = '16' ) AND ( contract_3 = '1' ) LIMIT 1  
[2020-07-28 11:54:57] /shop/index.php?controller=cate&action=index&cate_id=5484&ci=3&area_id=17 ( act=cate&action=index ) 
ERR: Db Error: Unknown column 'contract_3' in 'where clause'
SELECT COUNT(*) AS nc_count FROM `goods_common` WHERE ( gc_id_2 = '5484' ) AND ( areaid_1 = '17' ) AND ( contract_3 = '1' ) LIMIT 1  
[2020-07-28 11:55:57] /shop/index.php?controller=cate&action=index&cate_id=5484&ci=3&area_id=18 ( act=cate&action=index ) 
ERR: Db Error: Unknown column 'contract_3' in 'where clause'
SELECT COUNT(*) AS nc_count FROM `goods_common` WHERE ( gc_id_2 = '5484' ) AND ( areaid_1 = '18' ) AND ( contract_3 = '1' ) LIMIT 1  
[2020-07-28 11:56:54] /shop/index.php?controller=cate&action=index&cate_id=5484&ci=3&area_id=2 ( act=cate&action=index ) 
ERR: Db Error: Unknown column 'contract_3' in 'where clause'
SELECT COUNT(*) AS nc_count FROM `goods_common` WHERE ( gc_id_2 = '5484' ) AND ( areaid_1 = '2' ) AND ( contract_3 = '1' ) LIMIT 1  
[2020-07-28 11:57:51] /shop/index.php?controller=cate&action=index&cate_id=5484&ci=3&area_id=20 ( act=cate&action=index ) 
ERR: Db Error: Unknown column 'contract_3' in 'where clause'
SELECT COUNT(*) AS nc_count FROM `goods_common` WHERE ( gc_id_2 = '5484' ) AND ( areaid_1 = '20' ) AND ( contract_3 = '1' ) LIMIT 1  
[2020-07-28 11:58:54] /shop/index.php?controller=cate&action=index&cate_id=5484&ci=3&area_id=21 ( act=cate&action=index ) 
ERR: Db Error: Unknown column 'contract_3' in 'where clause'
SELECT COUNT(*) AS nc_count FROM `goods_common` WHERE ( gc_id_2 = '5484' ) AND ( areaid_1 = '21' ) AND ( contract_3 = '1' ) LIMIT 1  
[2020-07-28 11:59:50] /shop/index.php?controller=cate&action=index&cate_id=5484&ci=3&area_id=22 ( act=cate&action=index ) 
ERR: Db Error: Unknown column 'contract_3' in 'where clause'
SELECT COUNT(*) AS nc_count FROM `goods_common` WHERE ( gc_id_2 = '5484' ) AND ( areaid_1 = '22' ) AND ( contract_3 = '1' ) LIMIT 1  
[2020-07-28 12:11:24] /shop/index.php?action=index&area_id=33&cate_id=308&ci=4_3&controller=cate&key=1&order=2&type= ( act=cate&action=index ) 
ERR: Db Error: Unknown column 'contract_4' in 'where clause'
SELECT COUNT(*) AS nc_count FROM `goods_common` WHERE ( areaid_1 = '33' ) AND ( contract_4 = '1' ) AND ( contract_3 = '1' ) LIMIT 1  
[2020-07-28 12:15:47] /shop/index.php?controller=cate&action=index&cate_id=5483&area_id=19&ci=4 ( act=cate&action=index ) 
ERR: Db Error: Unknown column 'contract_4' in 'where clause'
SELECT COUNT(*) AS nc_count FROM `goods_common` WHERE ( gc_id_2 = '5483' ) AND ( areaid_1 = '19' ) AND ( contract_4 = '1' ) LIMIT 1  
[2020-07-28 12:36:56] /shop/index.php?action=index&area_id=16&cate_id=308&ci=1_3&controller=cate&key=3&new=1&order=2 ( act=cate&action=index ) 
ERR: Db Error: Unknown column 'contract_1' in 'where clause'
SELECT COUNT(*) AS nc_count FROM `goods_common` WHERE ( areaid_1 = '16' ) AND ( is_new_arrival = '1' ) AND ( contract_1 = '1' ) AND ( contract_3 = '1' ) LIMIT 1  
[2020-07-28 12:38:55] /shop/index.php?controller=cate&action=index&cate_id=5484&ci=3&area_id=23 ( act=cate&action=index ) 
ERR: Db Error: Unknown column 'contract_3' in 'where clause'
SELECT COUNT(*) AS nc_count FROM `goods_common` WHERE ( gc_id_2 = '5484' ) AND ( areaid_1 = '23' ) AND ( contract_3 = '1' ) LIMIT 1  
[2020-07-28 12:40:01] /shop/index.php?controller=cate&action=index&cate_id=5484&ci=3&area_id=24 ( act=cate&action=index ) 
ERR: Db Error: Unknown column 'contract_3' in 'where clause'
SELECT COUNT(*) AS nc_count FROM `goods_common` WHERE ( gc_id_2 = '5484' ) AND ( areaid_1 = '24' ) AND ( contract_3 = '1' ) LIMIT 1  
[2020-07-28 12:41:09] /shop/index.php?controller=cate&action=index&cate_id=5484&ci=3&area_id=25 ( act=cate&action=index ) 
ERR: Db Error: Unknown column 'contract_3' in 'where clause'
SELECT COUNT(*) AS nc_count FROM `goods_common` WHERE ( gc_id_2 = '5484' ) AND ( areaid_1 = '25' ) AND ( contract_3 = '1' ) LIMIT 1  
[2020-07-28 12:42:18] /shop/index.php?controller=cate&action=index&cate_id=5484&ci=3&area_id=28 ( act=cate&action=index ) 
ERR: Db Error: Unknown column 'contract_3' in 'where clause'
SELECT COUNT(*) AS nc_count FROM `goods_common` WHERE ( gc_id_2 = '5484' ) AND ( areaid_1 = '28' ) AND ( contract_3 = '1' ) LIMIT 1  
[2020-07-28 12:43:22] /shop/index.php?controller=cate&action=index&cate_id=5484&ci=3&area_id=29 ( act=cate&action=index ) 
ERR: Db Error: Unknown column 'contract_3' in 'where clause'
SELECT COUNT(*) AS nc_count FROM `goods_common` WHERE ( gc_id_2 = '5484' ) AND ( areaid_1 = '29' ) AND ( contract_3 = '1' ) LIMIT 1  
[2020-07-28 12:44:34] /shop/index.php?controller=cate&action=index&cate_id=5484&ci=3&area_id=3 ( act=cate&action=index ) 
ERR: Db Error: Unknown column 'contract_3' in 'where clause'
SELECT COUNT(*) AS nc_count FROM `goods_common` WHERE ( gc_id_2 = '5484' ) AND ( areaid_1 = '3' ) AND ( contract_3 = '1' ) LIMIT 1  
[2020-07-28 12:45:43] /shop/index.php?controller=cate&action=index&cate_id=5484&ci=3&area_id=31 ( act=cate&action=index ) 
ERR: Db Error: Unknown column 'contract_3' in 'where clause'
SELECT COUNT(*) AS nc_count FROM `goods_common` WHERE ( gc_id_2 = '5484' ) AND ( areaid_1 = '31' ) AND ( contract_3 = '1' ) LIMIT 1  
[2020-07-28 12:47:00] /shop/index.php?controller=cate&action=index&cate_id=5484&ci=3&area_id=32 ( act=cate&action=index ) 
ERR: Db Error: Unknown column 'contract_3' in 'where clause'
SELECT COUNT(*) AS nc_count FROM `goods_common` WHERE ( gc_id_2 = '5484' ) AND ( areaid_1 = '32' ) AND ( contract_3 = '1' ) LIMIT 1  
[2020-07-28 12:48:15] /shop/index.php?controller=cate&action=index&cate_id=5484&ci=3&area_id=33 ( act=cate&action=index ) 
ERR: Db Error: Unknown column 'contract_3' in 'where clause'
SELECT COUNT(*) AS nc_count FROM `goods_common` WHERE ( gc_id_2 = '5484' ) AND ( areaid_1 = '33' ) AND ( contract_3 = '1' ) LIMIT 1  
[2020-07-28 12:51:51] /shop/index.php?controller=cate&action=index&cate_id=5484&ci=3&area_id=35 ( act=cate&action=index ) 
ERR: Db Error: Unknown column 'contract_3' in 'where clause'
SELECT COUNT(*) AS nc_count FROM `goods_common` WHERE ( gc_id_2 = '5484' ) AND ( areaid_1 = '35' ) AND ( contract_3 = '1' ) LIMIT 1  
[2020-07-28 12:55:30] /shop/index.php?controller=cate&action=index&cate_id=5484&ci=3&area_id=4 ( act=cate&action=index ) 
ERR: Db Error: Unknown column 'contract_3' in 'where clause'
SELECT COUNT(*) AS nc_count FROM `goods_common` WHERE ( gc_id_2 = '5484' ) AND ( areaid_1 = '4' ) AND ( contract_3 = '1' ) LIMIT 1  
[2020-07-28 13:00:55] /shop/index.php?controller=cate&action=index&cate_id=5484&ci=3&area_id=6 ( act=cate&action=index ) 
ERR: Db Error: Unknown column 'contract_3' in 'where clause'
SELECT COUNT(*) AS nc_count FROM `goods_common` WHERE ( gc_id_2 = '5484' ) AND ( areaid_1 = '6' ) AND ( contract_3 = '1' ) LIMIT 1  
[2020-07-28 13:07:04] /shop/index.php?action=index&area_id=32&cate_id=308&ci=4_1_3_2&controller=cate&key=1&order=2 ( act=cate&action=index ) 
ERR: Db Error: Unknown column 'contract_4' in 'where clause'
SELECT COUNT(*) AS nc_count FROM `goods_common` WHERE ( areaid_1 = '32' ) AND ( contract_4 = '1' ) AND ( contract_1 = '1' ) AND ( contract_3 = '1' ) AND ( contract_2 = '1' ) LIMIT 1  
