[2020-04-29 00:00:58] /shop/index.php?controller=cate&action=index&cate_id=206&area_id=22&key=3&order=2&ci=4 ( act=cate&action=index ) 
ERR: Db Error: Unknown column 'contract_4' in 'where clause'
SELECT COUNT(*) AS nc_count FROM `goods_common` WHERE ( areaid_1 = '22' ) AND ( contract_4 = '1' ) LIMIT 1  
[2020-04-29 00:08:07] /shop/index.php?controller=cate&action=index&cate_id=4002&type=1&key=&order=&gift=1&ci=4 ( act=cate&action=index ) 
ERR: Db Error: Unknown column 'contract_4' in 'where clause'
SELECT COUNT(*) AS nc_count FROM `goods_common` WHERE ( is_own_shop = '1' ) AND ( contract_4 = '1' ) LIMIT 1  
[2020-04-29 00:15:18] /shop/index.php?controller=cate&action=index&cate_id=3395&ci=2&key=&order=&type=1&gift=1&yx=1 ( act=cate&action=index ) 
ERR: Db Error: Unknown column 'contract_2' in 'where clause'
SELECT COUNT(*) AS nc_count FROM `goods_common` WHERE ( is_own_shop = '1' ) AND ( is_select = '1' ) AND ( contract_2 = '1' ) LIMIT 1  
[2020-04-29 00:22:30] /shop/index.php?controller=cate&action=index&cate_id=2459&key=2&order=2&new=1&ci=1 ( act=cate&action=index ) 
ERR: Db Error: Unknown column 'contract_1' in 'where clause'
SELECT COUNT(*) AS nc_count FROM `goods_common` WHERE ( is_new_arrival = '1' ) AND ( contract_1 = '1' ) LIMIT 1  
[2020-04-29 00:29:42] /shop/index.php?controller=cate&action=index&cate_id=1&ci=1 ( act=cate&action=index ) 
ERR: Db Error: Unknown column 'contract_1' in 'where clause'
SELECT COUNT(*) AS nc_count FROM `goods_common` WHERE ( contract_1 = '1' ) LIMIT 1  
[2020-04-29 00:34:30] /shop/index.php?action=index&area_id=20&cate_id=645&ci=3&controller=cate&gift=1&type=1 ( act=cate&action=index ) 
ERR: Db Error: Unknown column 'contract_3' in 'where clause'
SELECT COUNT(*) AS nc_count FROM `goods_common` WHERE ( areaid_1 = '20' ) AND ( is_own_shop = '1' ) AND ( contract_3 = '1' ) LIMIT 1  
[2020-04-29 00:38:00] /shop/index.php?action=index&area_id=21&cate_id=5506&ci=3_1&controller=cate ( act=cate&action=index ) 
ERR: Db Error: Unknown column 'contract_3' in 'where clause'
SELECT COUNT(*) AS nc_count FROM `goods_common` WHERE ( gc_id_1 = '5506' ) AND ( areaid_1 = '21' ) AND ( contract_3 = '1' ) AND ( contract_1 = '1' ) LIMIT 1  
[2020-04-29 00:42:41] /shop/index.php?action=index&area_id=13&cate_id=5576&ci=2&controller=cate ( act=cate&action=index ) 
ERR: Db Error: Unknown column 'contract_2' in 'where clause'
SELECT COUNT(*) AS nc_count FROM `goods_common` WHERE ( gc_id_2 = '5576' ) AND ( areaid_1 = '13' ) AND ( contract_2 = '1' ) LIMIT 1  
[2020-04-29 00:44:06] /shop/index.php?controller=cate&action=index&cate_id=338&ci=4 ( act=cate&action=index ) 
ERR: Db Error: Unknown column 'contract_4' in 'where clause'
SELECT COUNT(*) AS nc_count FROM `goods_common` WHERE ( contract_4 = '1' ) LIMIT 1  
[2020-04-29 00:54:40] /shop/index.php?action=index&area_id=15&cate_id=645&ci=3_4&controller=cate&type=1 ( act=cate&action=index ) 
ERR: Db Error: Unknown column 'contract_3' in 'where clause'
SELECT COUNT(*) AS nc_count FROM `goods_common` WHERE ( areaid_1 = '15' ) AND ( is_own_shop = '1' ) AND ( contract_3 = '1' ) AND ( contract_4 = '1' ) LIMIT 1  
[2020-04-29 00:58:30] /shop/index.php?controller=cate&action=index&cate_id=3415&key=2&order=1&new=1&yx=&ci=1 ( act=cate&action=index ) 
ERR: Db Error: Unknown column 'contract_1' in 'where clause'
SELECT COUNT(*) AS nc_count FROM `goods_common` WHERE ( is_new_arrival = '1' ) AND ( contract_1 = '1' ) LIMIT 1  
[2020-04-29 01:03:13] /shop/index.php?action=index&area_id=32&cate_id=5508&ci=1_3&controller=cate ( act=cate&action=index ) 
ERR: Db Error: Unknown column 'contract_1' in 'where clause'
SELECT COUNT(*) AS nc_count FROM `goods_common` WHERE ( gc_id_1 = '5508' ) AND ( areaid_1 = '32' ) AND ( contract_1 = '1' ) AND ( contract_3 = '1' ) LIMIT 1  
[2020-04-29 01:12:30] /shop/index.php?action=index&area_id=15&cate_id=645&ci=3&controller=cate&type=1 ( act=cate&action=index ) 
ERR: Db Error: Unknown column 'contract_3' in 'where clause'
SELECT COUNT(*) AS nc_count FROM `goods_common` WHERE ( areaid_1 = '15' ) AND ( is_own_shop = '1' ) AND ( contract_3 = '1' ) LIMIT 1  
[2020-04-29 01:20:06] /shop/index.php?controller=cate&action=index&cate_id=345&yx=1&ci=1_2&gift=1&new=1 ( act=cate&action=index ) 
ERR: Db Error: Unknown column 'contract_1' in 'where clause'
SELECT COUNT(*) AS nc_count FROM `goods_common` WHERE ( is_new_arrival = '1' ) AND ( is_select = '1' ) AND ( contract_1 = '1' ) AND ( contract_2 = '1' ) LIMIT 1  
[2020-04-29 01:21:11] /shop/index.php?action=index&area_id=27&cate_id=2167&ci=2&controller=cate&key=3&order=2&type=1 ( act=cate&action=index ) 
ERR: Db Error: Unknown column 'contract_2' in 'where clause'
SELECT COUNT(*) AS nc_count FROM `goods_common` WHERE ( gc_id_3 = '2167' ) AND ( areaid_1 = '27' ) AND ( is_own_shop = '1' ) AND ( contract_2 = '1' ) LIMIT 1  
[2020-04-29 01:26:31] /shop/index.php?action=index&area_id=11&cate_id=5508&ci=1_4&controller=cate ( act=cate&action=index ) 
ERR: Db Error: Unknown column 'contract_1' in 'where clause'
SELECT COUNT(*) AS nc_count FROM `goods_common` WHERE ( gc_id_1 = '5508' ) AND ( areaid_1 = '11' ) AND ( contract_1 = '1' ) AND ( contract_4 = '1' ) LIMIT 1  
[2020-04-29 01:34:31] /shop/index.php?action=index&area_id=28&cate_id=38&ci=1_4_3&controller=cate ( act=cate&action=index ) 
ERR: Db Error: Unknown column 'contract_1' in 'where clause'
SELECT COUNT(*) AS nc_count FROM `goods_common` WHERE ( areaid_1 = '28' ) AND ( contract_1 = '1' ) AND ( contract_4 = '1' ) AND ( contract_3 = '1' ) LIMIT 1  
[2020-04-29 01:48:54] /shop/index.php?controller=cate&action=index&cate_id=3753&yx=&ci=4 ( act=cate&action=index ) 
ERR: Db Error: Unknown column 'contract_4' in 'where clause'
SELECT COUNT(*) AS nc_count FROM `goods_common` WHERE ( contract_4 = '1' ) LIMIT 1  
[2020-04-29 01:50:01] /shop/index.php?action=index&area_id=17&cate_id=762&ci=3_1_4&controller=cate&new=1 ( act=cate&action=index ) 
ERR: Db Error: Unknown column 'contract_3' in 'where clause'
SELECT COUNT(*) AS nc_count FROM `goods_common` WHERE ( areaid_1 = '17' ) AND ( is_new_arrival = '1' ) AND ( contract_3 = '1' ) AND ( contract_1 = '1' ) AND ( contract_4 = '1' ) LIMIT 1  
[2020-04-29 01:56:06] /shop/index.php?controller=cate&action=index&cate_id=203&key=2&order=2&area_id=34&ci=2&new=1&gift=1 ( act=cate&action=index ) 
ERR: Db Error: Unknown column 'contract_2' in 'where clause'
SELECT COUNT(*) AS nc_count FROM `goods_common` WHERE ( areaid_1 = '34' ) AND ( is_new_arrival = '1' ) AND ( contract_2 = '1' ) LIMIT 1  
[2020-04-29 02:09:02] /shop/index.php?action=index&area_id=13&cate_id=5590&ci=4&controller=cate ( act=cate&action=index ) 
ERR: Db Error: Unknown column 'contract_4' in 'where clause'
SELECT COUNT(*) AS nc_count FROM `goods_common` WHERE ( gc_id_2 = '5590' ) AND ( areaid_1 = '13' ) AND ( contract_4 = '1' ) LIMIT 1  
[2020-04-29 02:09:02] /shop/index.php?action=index&area_id=4&cate_id=645&ci=3&controller=cate&gift=1&type=1 ( act=cate&action=index ) 
ERR: Db Error: Unknown column 'contract_3' in 'where clause'
SELECT COUNT(*) AS nc_count FROM `goods_common` WHERE ( areaid_1 = '4' ) AND ( is_own_shop = '1' ) AND ( contract_3 = '1' ) LIMIT 1  
[2020-04-29 02:10:30] /shop/index.php?controller=cate&action=index&cate_id=49&yx=1&new=&ci=4 ( act=cate&action=index ) 
ERR: Db Error: Unknown column 'contract_4' in 'where clause'
SELECT COUNT(*) AS nc_count FROM `goods_common` WHERE ( is_select = '1' ) AND ( contract_4 = '1' ) LIMIT 1  
[2020-04-29 02:18:12] /shop/index.php?action=index&area_id=2&cate_id=5548&ci=1_3&controller=cate ( act=cate&action=index ) 
ERR: Db Error: Unknown column 'contract_1' in 'where clause'
SELECT COUNT(*) AS nc_count FROM `goods_common` WHERE ( gc_id_3 = '5548' ) AND ( areaid_1 = '2' ) AND ( contract_1 = '1' ) AND ( contract_3 = '1' ) LIMIT 1  
[2020-04-29 02:26:32] /shop/index.php?action=index&cate_id=645&ci=1&controller=cate&type=1&yx=1 ( act=cate&action=index ) 
ERR: Db Error: Unknown column 'contract_1' in 'where clause'
SELECT COUNT(*) AS nc_count FROM `goods_common` WHERE ( is_own_shop = '1' ) AND ( is_select = '1' ) AND ( contract_1 = '1' ) LIMIT 1  
[2020-04-29 02:26:32] /shop/index.php?action=index&area_id=23&cate_id=5497&ci=4_3_2&controller=cate ( act=cate&action=index ) 
ERR: Db Error: Unknown column 'contract_4' in 'where clause'
SELECT COUNT(*) AS nc_count FROM `goods_common` WHERE ( gc_id_3 = '5497' ) AND ( areaid_1 = '23' ) AND ( contract_4 = '1' ) AND ( contract_3 = '1' ) AND ( contract_2 = '1' ) LIMIT 1  
1588098601.1754
1588098601.1805
1588098601.1897
分红日志
预存款变更日志
[2020-04-29 02:30:01] /crontab/index.php?controller=date ( act=date&action=index ) 
ERR: Db Error: Query was empty

预存款修改sql:
1588098601.205
2020-04-29 02:30:01天计划任务执行成功
1588098601.2088
1588098601.2099
1588098601.2117
1588098601.2174
1588098601.2189
1588098601.2195
1588098601.221
1588098601.2247
1588098601.2248
1588098601.2264
1588098601.266
1588098601.5035
$o1588098601.5046
$p1588098601.5304
[2020-04-29 02:36:03] /shop/index.php?action=index&area_id=26&cate_id=5585&ci=1&controller=cate ( act=cate&action=index ) 
ERR: Db Error: Unknown column 'contract_1' in 'where clause'
SELECT COUNT(*) AS nc_count FROM `goods_common` WHERE ( gc_id_2 = '5585' ) AND ( areaid_1 = '26' ) AND ( contract_1 = '1' ) LIMIT 1  
[2020-04-29 02:39:18] /shop/index.php?controller=cate&action=index&cate_id=5048&key=2&order=2&area_id=24&type=&ci=2_1 ( act=cate&action=index ) 
ERR: Db Error: Unknown column 'contract_2' in 'where clause'
SELECT COUNT(*) AS nc_count FROM `goods_common` WHERE ( areaid_1 = '24' ) AND ( contract_2 = '1' ) AND ( contract_1 = '1' ) LIMIT 1  
[2020-04-29 02:52:03] /shop/index.php?action=index&area_id=16&cate_id=5523&ci=4&controller=cate ( act=cate&action=index ) 
ERR: Db Error: Unknown column 'contract_4' in 'where clause'
SELECT COUNT(*) AS nc_count FROM `goods_common` WHERE ( gc_id_3 = '5523' ) AND ( areaid_1 = '16' ) AND ( contract_4 = '1' ) LIMIT 1  
[2020-04-29 02:53:42] /shop/index.php?controller=cate&action=index&cate_id=13&area_id=3&key=1&order=2&yx=1&type=1&ci=2&gift= ( act=cate&action=index ) 
ERR: Db Error: Unknown column 'contract_2' in 'where clause'
SELECT COUNT(*) AS nc_count FROM `goods_common` WHERE ( areaid_1 = '3' ) AND ( is_own_shop = '1' ) AND ( is_select = '1' ) AND ( contract_2 = '1' ) LIMIT 1  
[2020-04-29 03:00:54] /shop/index.php?controller=cate&action=index&cate_id=2213&key=&order=&type=&new=&ci=4&gift=1&yx=1 ( act=cate&action=index ) 
ERR: Db Error: Unknown column 'contract_4' in 'where clause'
SELECT COUNT(*) AS nc_count FROM `goods_common` WHERE ( is_select = '1' ) AND ( contract_4 = '1' ) LIMIT 1  
[2020-04-29 03:02:34] /shop/index.php?action=index&area_id=9&cate_id=5548&ci=1_4&controller=cate ( act=cate&action=index ) 
ERR: Db Error: Unknown column 'contract_1' in 'where clause'
SELECT COUNT(*) AS nc_count FROM `goods_common` WHERE ( gc_id_3 = '5548' ) AND ( areaid_1 = '9' ) AND ( contract_1 = '1' ) AND ( contract_4 = '1' ) LIMIT 1  
[2020-04-29 03:02:34] /shop/index.php?action=index&area_id=6&cate_id=762&ci=3_1&controller=cate&new=1 ( act=cate&action=index ) 
ERR: Db Error: Unknown column 'contract_3' in 'where clause'
SELECT COUNT(*) AS nc_count FROM `goods_common` WHERE ( areaid_1 = '6' ) AND ( is_new_arrival = '1' ) AND ( contract_3 = '1' ) AND ( contract_1 = '1' ) LIMIT 1  
[2020-04-29 03:08:06] /shop/index.php?controller=cate&action=index&cate_id=3599&key=2&order=2&type=1&ci=1&new= ( act=cate&action=index ) 
ERR: Db Error: Unknown column 'contract_1' in 'where clause'
SELECT COUNT(*) AS nc_count FROM `goods_common` WHERE ( is_own_shop = '1' ) AND ( contract_1 = '1' ) LIMIT 1  
[2020-04-29 03:09:35] /shop/index.php?action=index&area_id=7&cate_id=5561&ci=2&controller=cate&key=&order= ( act=cate&action=index ) 
ERR: Db Error: Unknown column 'contract_2' in 'where clause'
SELECT COUNT(*) AS nc_count FROM `goods_common` WHERE ( gc_id_2 = '5561' ) AND ( areaid_1 = '7' ) AND ( contract_2 = '1' ) LIMIT 1  
[2020-04-29 03:20:07] /shop/index.php?action=index&area_id=29&cate_id=2153&ci=4&controller=cate&key=&order= ( act=cate&action=index ) 
ERR: Db Error: Unknown column 'contract_4' in 'where clause'
SELECT COUNT(*) AS nc_count FROM `goods_common` WHERE ( gc_id_2 = '2153' ) AND ( areaid_1 = '29' ) AND ( contract_4 = '1' ) LIMIT 1  
[2020-04-29 03:22:30] /shop/index.php?controller=cate&action=index&cate_id=4528&gift=1&new=1&key=&order=&ci=3&yx= ( act=cate&action=index ) 
ERR: Db Error: Unknown column 'contract_3' in 'where clause'
SELECT COUNT(*) AS nc_count FROM `goods_common` WHERE ( is_new_arrival = '1' ) AND ( contract_3 = '1' ) LIMIT 1  
[2020-04-29 03:27:35] /shop/index.php?action=index&area_id=14&cate_id=5490&ci=2&controller=cate&yx=1 ( act=cate&action=index ) 
ERR: Db Error: Unknown column 'contract_2' in 'where clause'
SELECT COUNT(*) AS nc_count FROM `goods_common` WHERE ( gc_id_2 = '5490' ) AND ( areaid_1 = '14' ) AND ( is_select = '1' ) AND ( contract_2 = '1' ) LIMIT 1  
[2020-04-29 03:29:42] /shop/index.php?controller=cate&action=index&cate_id=571&ci=4_1&area_id=15&key=1&order=2&gift=1&new= ( act=cate&action=index ) 
ERR: Db Error: Unknown column 'contract_4' in 'where clause'
SELECT COUNT(*) AS nc_count FROM `goods_common` WHERE ( areaid_1 = '15' ) AND ( contract_4 = '1' ) AND ( contract_1 = '1' ) LIMIT 1  
[2020-04-29 03:33:06] /shop/index.php?action=index&area_id=24&cate_id=2166&ci=4&controller=cate ( act=cate&action=index ) 
ERR: Db Error: Unknown column 'contract_4' in 'where clause'
SELECT COUNT(*) AS nc_count FROM `goods_common` WHERE ( gc_id_3 = '2166' ) AND ( areaid_1 = '24' ) AND ( contract_4 = '1' ) LIMIT 1  
[2020-04-29 03:48:46] /shop/index.php?controller=cate&action=index&cate_id=4201&type=1&new=1&gift=1&key=3&order=2&yx=&ci=1 ( act=cate&action=index ) 
ERR: Db Error: Unknown column 'contract_1' in 'where clause'
SELECT COUNT(*) AS nc_count FROM `goods_common` WHERE ( is_own_shop = '1' ) AND ( is_new_arrival = '1' ) AND ( contract_1 = '1' ) LIMIT 1  
[2020-04-29 03:49:51] /shop/index.php?controller=cate&action=index&cate_id=4081&type=&key=1&order=2&new=&ci=3&yx=1 ( act=cate&action=index ) 
ERR: Db Error: Unknown column 'contract_3' in 'where clause'
SELECT COUNT(*) AS nc_count FROM `goods_common` WHERE ( is_select = '1' ) AND ( contract_3 = '1' ) LIMIT 1  
[2020-04-29 03:50:15] /shop/index.php?controller=cate&action=index&cate_id=5338&type=1&order=2&key=3&new=1&ci=3 ( act=cate&action=index ) 
ERR: Db Error: Unknown column 'contract_3' in 'where clause'
SELECT COUNT(*) AS nc_count FROM `goods_common` WHERE ( is_own_shop = '1' ) AND ( is_new_arrival = '1' ) AND ( contract_3 = '1' ) LIMIT 1  
[2020-04-29 03:50:38] /shop/index.php?controller=cate&action=index&cate_id=499&gift=&key=2&order=2&ci=4_2&type= ( act=cate&action=index ) 
ERR: Db Error: Unknown column 'contract_4' in 'where clause'
SELECT COUNT(*) AS nc_count FROM `goods_common` WHERE ( contract_4 = '1' ) AND ( contract_2 = '1' ) LIMIT 1  
[2020-04-29 03:50:40] /shop/index.php?controller=cate&action=index&cate_id=192&key=&order=&ci=4&new=1&type=1 ( act=cate&action=index ) 
ERR: Db Error: Unknown column 'contract_4' in 'where clause'
SELECT COUNT(*) AS nc_count FROM `goods_common` WHERE ( is_own_shop = '1' ) AND ( is_new_arrival = '1' ) AND ( contract_4 = '1' ) LIMIT 1  
[2020-04-29 03:51:39] /shop/index.php?controller=cate&action=index&cate_id=20&ci=2_1_4&key=2&order=1 ( act=cate&action=index ) 
ERR: Db Error: Unknown column 'contract_2' in 'where clause'
SELECT COUNT(*) AS nc_count FROM `goods_common` WHERE ( contract_2 = '1' ) AND ( contract_1 = '1' ) AND ( contract_4 = '1' ) LIMIT 1  
[2020-04-29 03:53:37] /shop/index.php?action=index&area_id=18&cate_id=5577&ci=4&controller=cate ( act=cate&action=index ) 
ERR: Db Error: Unknown column 'contract_4' in 'where clause'
SELECT COUNT(*) AS nc_count FROM `goods_common` WHERE ( gc_id_2 = '5577' ) AND ( areaid_1 = '18' ) AND ( contract_4 = '1' ) LIMIT 1  
[2020-04-29 04:00:27] /shop/index.php?action=index&area_id=34&cate_id=5543&controller=cate&type= ( act=cate&action=index ) 
ERR: Db Error: Unknown column 'gc_id_' in 'where clause'
SELECT count(distinct CONCAT(goods_commonid,',',color_id)) AS nc_count FROM `goods` WHERE ( gc_id_ = '5543' ) AND ( areaid_1 = '34' ) AND ( goods_state = '1' ) AND ( goods_verify = '1' ) LIMIT 1  
[2020-04-29 04:00:27] /shop/index.php?action=index&area_id=34&cate_id=5543&controller=cate&type= ( act=cate&action=index ) 
ERR: Db Error: Unknown column 'gc_id_' in 'where clause'
SELECT COUNT(*) AS nc_count FROM `goods_common` WHERE ( gc_id_ = '5543' ) AND ( areaid_1 = '34' ) LIMIT 1  
[2020-04-29 04:00:27] /shop/index.php?action=index&area_id=34&cate_id=5543&controller=cate&type= ( act=cate&action=index ) 
ERR: Db Error: Unknown column 'gc_id_' in 'where clause'
SELECT * FROM `goods` WHERE ( gc_id_ = '5543' ) AND ( areaid_1 = '34' ) AND ( goods_state = '1' ) AND ( goods_verify = '1' ) ORDER BY goods_salenum desc LIMIT 5  
[2020-04-29 04:05:00] /shop/index.php?controller=cate&action=index&cate_id=3663&new=1&key=1&order=2&ci=2&type=1 ( act=cate&action=index ) 
ERR: Db Error: Unknown column 'contract_2' in 'where clause'
SELECT COUNT(*) AS nc_count FROM `goods_common` WHERE ( is_own_shop = '1' ) AND ( is_new_arrival = '1' ) AND ( contract_2 = '1' ) LIMIT 1  
[2020-04-29 04:09:08] /shop/index.php?action=index&area_id=7&cate_id=5579&ci=3_1&controller=cate ( act=cate&action=index ) 
ERR: Db Error: Unknown column 'contract_3' in 'where clause'
SELECT COUNT(*) AS nc_count FROM `goods_common` WHERE ( gc_id_2 = '5579' ) AND ( areaid_1 = '7' ) AND ( contract_3 = '1' ) AND ( contract_1 = '1' ) LIMIT 1  
[2020-04-29 04:19:24] /shop/index.php?controller=cate&action=index&cate_id=4741&new=1&ci=2&key=2&order=1&gift=1&area_id=22 ( act=cate&action=index ) 
ERR: Db Error: Unknown column 'contract_2' in 'where clause'
SELECT COUNT(*) AS nc_count FROM `goods_common` WHERE ( areaid_1 = '22' ) AND ( is_new_arrival = '1' ) AND ( contract_2 = '1' ) LIMIT 1  
[2020-04-29 04:36:07] /shop/index.php?action=index&area_id=23&cate_id=4009&ci=1&controller=cate&yx=1 ( act=cate&action=index ) 
ERR: Db Error: Unknown column 'contract_1' in 'where clause'
SELECT COUNT(*) AS nc_count FROM `goods_common` WHERE ( areaid_1 = '23' ) AND ( is_select = '1' ) AND ( contract_1 = '1' ) LIMIT 1  
[2020-04-29 04:36:08] /shop/index.php?action=index&area_id=24&cate_id=5508&ci=3&controller=cate ( act=cate&action=index ) 
ERR: Db Error: Unknown column 'contract_3' in 'where clause'
SELECT COUNT(*) AS nc_count FROM `goods_common` WHERE ( gc_id_1 = '5508' ) AND ( areaid_1 = '24' ) AND ( contract_3 = '1' ) LIMIT 1  
[2020-04-29 04:41:00] /shop/index.php?controller=cate&action=index&cate_id=115&ci=4_2&key=1&order=2&new=1 ( act=cate&action=index ) 
ERR: Db Error: Unknown column 'contract_4' in 'where clause'
SELECT COUNT(*) AS nc_count FROM `goods_common` WHERE ( is_new_arrival = '1' ) AND ( contract_4 = '1' ) AND ( contract_2 = '1' ) LIMIT 1  
[2020-04-29 04:48:12] /shop/index.php?controller=cate&action=index&cate_id=2866&key=1&order=1&ci=3&new=&area_id=29&gift=1&yx=1 ( act=cate&action=index ) 
ERR: Db Error: Unknown column 'contract_3' in 'where clause'
SELECT COUNT(*) AS nc_count FROM `goods_common` WHERE ( areaid_1 = '29' ) AND ( is_select = '1' ) AND ( contract_3 = '1' ) LIMIT 1  
[2020-04-29 04:52:38] /shop/index.php?action=index&area_id=25&cate_id=762&ci=1&controller=cate&new=1 ( act=cate&action=index ) 
ERR: Db Error: Unknown column 'contract_1' in 'where clause'
SELECT COUNT(*) AS nc_count FROM `goods_common` WHERE ( areaid_1 = '25' ) AND ( is_new_arrival = '1' ) AND ( contract_1 = '1' ) LIMIT 1  
[2020-04-29 04:52:38] /shop/index.php?action=index&area_id=19&cate_id=5511&ci=3&controller=cate ( act=cate&action=index ) 
ERR: Db Error: Unknown column 'contract_3' in 'where clause'
SELECT COUNT(*) AS nc_count FROM `goods_common` WHERE ( gc_id_1 = '5511' ) AND ( areaid_1 = '19' ) AND ( contract_3 = '1' ) LIMIT 1  
[2020-04-29 05:02:08] /shop/index.php?action=index&area_id=12&cate_id=5590&ci=4&controller=cate ( act=cate&action=index ) 
ERR: Db Error: Unknown column 'contract_4' in 'where clause'
SELECT COUNT(*) AS nc_count FROM `goods_common` WHERE ( gc_id_2 = '5590' ) AND ( areaid_1 = '12' ) AND ( contract_4 = '1' ) LIMIT 1  
[2020-04-29 05:02:36] /shop/index.php?controller=cate&action=index&cate_id=199&key=2&order=2&type=1&ci=2_1&new=&yx=1 ( act=cate&action=index ) 
ERR: Db Error: Unknown column 'contract_2' in 'where clause'
SELECT COUNT(*) AS nc_count FROM `goods_common` WHERE ( is_own_shop = '1' ) AND ( is_select = '1' ) AND ( contract_2 = '1' ) AND ( contract_1 = '1' ) LIMIT 1  
[2020-04-29 05:07:38] /shop/index.php?action=index&area_id=21&cate_id=5589&ci=3_2&controller=cate ( act=cate&action=index ) 
ERR: Db Error: Unknown column 'contract_3' in 'where clause'
SELECT COUNT(*) AS nc_count FROM `goods_common` WHERE ( gc_id_2 = '5589' ) AND ( areaid_1 = '21' ) AND ( contract_3 = '1' ) AND ( contract_2 = '1' ) LIMIT 1  
[2020-04-29 05:09:48] /shop/index.php?controller=cate&action=index&cate_id=698&gift=&key=1&order=2&type=&yx=1&ci=3 ( act=cate&action=index ) 
ERR: Db Error: Unknown column 'contract_3' in 'where clause'
SELECT COUNT(*) AS nc_count FROM `goods_common` WHERE ( is_select = '1' ) AND ( contract_3 = '1' ) LIMIT 1  
[2020-04-29 05:12:28] /shop/index.php?action=index&area_id=22&cate_id=4009&ci=4&controller=cate&yx=1 ( act=cate&action=index ) 
ERR: Db Error: Unknown column 'contract_4' in 'where clause'
SELECT COUNT(*) AS nc_count FROM `goods_common` WHERE ( areaid_1 = '22' ) AND ( is_select = '1' ) AND ( contract_4 = '1' ) LIMIT 1  
[2020-04-29 05:17:01] /shop/index.php?controller=cate&action=index&cate_id=3486&key=2&order=2&ci=3 ( act=cate&action=index ) 
ERR: Db Error: Unknown column 'contract_3' in 'where clause'
SELECT COUNT(*) AS nc_count FROM `goods_common` WHERE ( contract_3 = '1' ) LIMIT 1  
[2020-04-29 05:24:12] /shop/index.php?controller=cate&action=index&cate_id=3568&new=1&type=1&key=1&order=2&area_id=32&gift=1&ci=3_2 ( act=cate&action=index ) 
ERR: Db Error: Unknown column 'contract_3' in 'where clause'
SELECT COUNT(*) AS nc_count FROM `goods_common` WHERE ( areaid_1 = '32' ) AND ( is_own_shop = '1' ) AND ( is_new_arrival = '1' ) AND ( contract_3 = '1' ) AND ( contract_2 = '1' ) LIMIT 1  
[2020-04-29 05:28:08] /shop/index.php?action=index&area_id=24&cate_id=645&ci=1&controller=cate&type=1&yx=1 ( act=cate&action=index ) 
ERR: Db Error: Unknown column 'contract_1' in 'where clause'
SELECT COUNT(*) AS nc_count FROM `goods_common` WHERE ( areaid_1 = '24' ) AND ( is_own_shop = '1' ) AND ( is_select = '1' ) AND ( contract_1 = '1' ) LIMIT 1  
[2020-04-29 05:31:24] /shop/index.php?controller=cate&action=index&cate_id=2809&key=1&order=2&ci=2 ( act=cate&action=index ) 
ERR: Db Error: Unknown column 'contract_2' in 'where clause'
SELECT COUNT(*) AS nc_count FROM `goods_common` WHERE ( contract_2 = '1' ) LIMIT 1  
[2020-04-29 05:31:39] /shop/index.php?action=index&area_id=7&cate_id=5583&ci=3_2&controller=cate ( act=cate&action=index ) 
ERR: Db Error: Unknown column 'contract_3' in 'where clause'
SELECT COUNT(*) AS nc_count FROM `goods_common` WHERE ( gc_id_2 = '5583' ) AND ( areaid_1 = '7' ) AND ( contract_3 = '1' ) AND ( contract_2 = '1' ) LIMIT 1  
[2020-04-29 05:37:39] /shop/index.php?action=index&area_id=20&cate_id=5542&ci=3&controller=cate ( act=cate&action=index ) 
ERR: Db Error: Unknown column 'gc_id_' in 'where clause'
SELECT count(distinct CONCAT(goods_commonid,',',color_id)) AS nc_count FROM `goods` WHERE ( gc_id_ = '5542' ) AND ( areaid_1 = '20' ) AND ( contract_3 = '1' ) AND ( goods_state = '1' ) AND ( goods_verify = '1' ) LIMIT 1  
[2020-04-29 05:37:39] /shop/index.php?action=index&area_id=20&cate_id=5542&ci=3&controller=cate ( act=cate&action=index ) 
ERR: Db Error: Unknown column 'gc_id_' in 'where clause'
SELECT COUNT(*) AS nc_count FROM `goods_common` WHERE ( gc_id_ = '5542' ) AND ( areaid_1 = '20' ) AND ( contract_3 = '1' ) LIMIT 1  
[2020-04-29 05:37:39] /shop/index.php?action=index&area_id=20&cate_id=5542&ci=3&controller=cate ( act=cate&action=index ) 
ERR: Db Error: Unknown column 'gc_id_' in 'where clause'
SELECT * FROM `goods` WHERE ( gc_id_ = '5542' ) AND ( areaid_1 = '20' ) AND ( contract_3 = '1' ) AND ( goods_state = '1' ) AND ( goods_verify = '1' ) ORDER BY goods_salenum desc LIMIT 5  
[2020-04-29 05:38:36] /shop/index.php?controller=cate&action=index&cate_id=2314&type=&key=3&order=1&new=1&ci=1&gift=&yx=1 ( act=cate&action=index ) 
ERR: Db Error: Unknown column 'contract_1' in 'where clause'
SELECT COUNT(*) AS nc_count FROM `goods_common` WHERE ( is_new_arrival = '1' ) AND ( is_select = '1' ) AND ( contract_1 = '1' ) LIMIT 1  
[2020-04-29 05:44:09] /shop/index.php?action=index&area_id=1&cate_id=5506&ci=1_3_2&controller=cate ( act=cate&action=index ) 
ERR: Db Error: Unknown column 'contract_1' in 'where clause'
SELECT COUNT(*) AS nc_count FROM `goods_common` WHERE ( gc_id_1 = '5506' ) AND ( areaid_1 = '1' ) AND ( contract_1 = '1' ) AND ( contract_3 = '1' ) AND ( contract_2 = '1' ) LIMIT 1  
[2020-04-29 05:45:48] /shop/index.php?controller=cate&action=index&cate_id=10&yx=1&type=1&key=2&order=2&ci=1 ( act=cate&action=index ) 
ERR: Db Error: Unknown column 'contract_1' in 'where clause'
SELECT COUNT(*) AS nc_count FROM `goods_common` WHERE ( is_own_shop = '1' ) AND ( is_select = '1' ) AND ( contract_1 = '1' ) LIMIT 1  
[2020-04-29 05:52:09] /shop/index.php?action=index&area_id=7&cate_id=5561&ci=4_2&controller=cate ( act=cate&action=index ) 
ERR: Db Error: Unknown column 'contract_4' in 'where clause'
SELECT COUNT(*) AS nc_count FROM `goods_common` WHERE ( gc_id_2 = '5561' ) AND ( areaid_1 = '7' ) AND ( contract_4 = '1' ) AND ( contract_2 = '1' ) LIMIT 1  
[2020-04-29 06:00:12] /shop/index.php?controller=cate&action=index&cate_id=4255&key=1&order=2&gift=1&area_id=33&yx=1&ci=4 ( act=cate&action=index ) 
ERR: Db Error: Unknown column 'contract_4' in 'where clause'
SELECT COUNT(*) AS nc_count FROM `goods_common` WHERE ( areaid_1 = '33' ) AND ( is_select = '1' ) AND ( contract_4 = '1' ) LIMIT 1  
[2020-04-29 06:02:10] /shop/index.php?action=index&area_id=18&cate_id=5590&ci=4&controller=cate ( act=cate&action=index ) 
ERR: Db Error: Unknown column 'contract_4' in 'where clause'
SELECT COUNT(*) AS nc_count FROM `goods_common` WHERE ( gc_id_2 = '5590' ) AND ( areaid_1 = '18' ) AND ( contract_4 = '1' ) LIMIT 1  
[2020-04-29 06:10:39] /shop/index.php?action=index&area_id=25&cate_id=2151&ci=4_2&controller=cate&new=1&type= ( act=cate&action=index ) 
ERR: Db Error: Unknown column 'contract_4' in 'where clause'
SELECT COUNT(*) AS nc_count FROM `goods_common` WHERE ( gc_id_2 = '2151' ) AND ( areaid_1 = '25' ) AND ( is_new_arrival = '1' ) AND ( contract_4 = '1' ) AND ( contract_2 = '1' ) LIMIT 1  
[2020-04-29 06:16:31] /shop/index.php?controller=cate&action=index&cate_id=82&ci=4 ( act=cate&action=index ) 
ERR: Db Error: Unknown column 'contract_4' in 'where clause'
SELECT COUNT(*) AS nc_count FROM `goods_common` WHERE ( contract_4 = '1' ) LIMIT 1  
[2020-04-29 06:17:56] /shop/index.php?action=index&area_id=31&cate_id=150&ci=1_2_4&controller=cate&key=1&order=2 ( act=cate&action=index ) 
ERR: Db Error: Unknown column 'contract_1' in 'where clause'
SELECT COUNT(*) AS nc_count FROM `goods_common` WHERE ( areaid_1 = '31' ) AND ( contract_1 = '1' ) AND ( contract_2 = '1' ) AND ( contract_4 = '1' ) LIMIT 1  
[2020-04-29 06:19:11] /shop/index.php?action=index&area_id=12&cate_id=5487&ci=3&controller=cate ( act=cate&action=index ) 
ERR: Db Error: Unknown column 'contract_3' in 'where clause'
SELECT COUNT(*) AS nc_count FROM `goods_common` WHERE ( gc_id_2 = '5487' ) AND ( areaid_1 = '12' ) AND ( contract_3 = '1' ) LIMIT 1  
[2020-04-29 06:23:30] /shop/index.php?action=index&area_id=30&cate_id=5550&ci=2_1&controller=cate ( act=cate&action=index ) 
ERR: Db Error: Unknown column 'contract_2' in 'where clause'
SELECT COUNT(*) AS nc_count FROM `goods_common` WHERE ( gc_id_3 = '5550' ) AND ( areaid_1 = '30' ) AND ( contract_2 = '1' ) AND ( contract_1 = '1' ) LIMIT 1  
[2020-04-29 06:23:30] /shop/index.php?action=index&area_id=1&cate_id=645&ci=3&controller=cate&gift=1&type=1 ( act=cate&action=index ) 
ERR: Db Error: Unknown column 'contract_3' in 'where clause'
SELECT COUNT(*) AS nc_count FROM `goods_common` WHERE ( areaid_1 = '1' ) AND ( is_own_shop = '1' ) AND ( contract_3 = '1' ) LIMIT 1  
[2020-04-29 06:29:00] /shop/index.php?controller=cate&action=index&cate_id=2307&gift=1&key=2&order=2&yx=&type=1&ci=1 ( act=cate&action=index ) 
ERR: Db Error: Unknown column 'contract_1' in 'where clause'
SELECT COUNT(*) AS nc_count FROM `goods_common` WHERE ( is_own_shop = '1' ) AND ( contract_1 = '1' ) LIMIT 1  
[2020-04-29 06:37:39] /shop/index.php?action=index&area_id=21&cate_id=856&ci=4_3_1&controller=cate&key=&order=&type=1 ( act=cate&action=index ) 
ERR: Db Error: Unknown column 'contract_4' in 'where clause'
SELECT COUNT(*) AS nc_count FROM `goods_common` WHERE ( areaid_1 = '21' ) AND ( is_own_shop = '1' ) AND ( contract_4 = '1' ) AND ( contract_3 = '1' ) AND ( contract_1 = '1' ) LIMIT 1  
[2020-04-29 06:43:24] /shop/index.php?controller=cate&action=index&cate_id=53&yx=&ci=4_2&key=1&order=2&gift=1 ( act=cate&action=index ) 
ERR: Db Error: Unknown column 'contract_4' in 'where clause'
SELECT COUNT(*) AS nc_count FROM `goods_common` WHERE ( contract_4 = '1' ) AND ( contract_2 = '1' ) LIMIT 1  
[2020-04-29 06:50:55] /shop/index.php?controller=cate&action=index&cate_id=2472&key=1&order=1&gift=1&ci=1 ( act=cate&action=index ) 
ERR: Db Error: Unknown column 'contract_1' in 'where clause'
SELECT COUNT(*) AS nc_count FROM `goods_common` WHERE ( contract_1 = '1' ) LIMIT 1  
[2020-04-29 06:52:20] /shop/index.php?action=index&area_id=35&cate_id=5494&ci=3_4&controller=cate ( act=cate&action=index ) 
ERR: Db Error: Unknown column 'contract_3' in 'where clause'
SELECT COUNT(*) AS nc_count FROM `goods_common` WHERE ( gc_id_2 = '5494' ) AND ( areaid_1 = '35' ) AND ( contract_3 = '1' ) AND ( contract_4 = '1' ) LIMIT 1  
[2020-04-29 06:57:48] /shop/index.php?controller=cate&action=index&cate_id=4&ci=3_4&new=&order=&key=&yx=1 ( act=cate&action=index ) 
ERR: Db Error: Unknown column 'contract_3' in 'where clause'
SELECT COUNT(*) AS nc_count FROM `goods_common` WHERE ( is_select = '1' ) AND ( contract_3 = '1' ) AND ( contract_4 = '1' ) LIMIT 1  
[2020-04-29 06:59:40] /shop/index.php?action=index&area_id=29&cate_id=5577&ci=3_4&controller=cate ( act=cate&action=index ) 
ERR: Db Error: Unknown column 'contract_3' in 'where clause'
SELECT COUNT(*) AS nc_count FROM `goods_common` WHERE ( gc_id_2 = '5577' ) AND ( areaid_1 = '29' ) AND ( contract_3 = '1' ) AND ( contract_4 = '1' ) LIMIT 1  
[2020-04-29 07:05:00] /shop/index.php?controller=cate&action=index&cate_id=3415&key=1&order=2&type=&ci=3_2 ( act=cate&action=index ) 
ERR: Db Error: Unknown column 'contract_3' in 'where clause'
SELECT COUNT(*) AS nc_count FROM `goods_common` WHERE ( contract_3 = '1' ) AND ( contract_2 = '1' ) LIMIT 1  
[2020-04-29 07:16:31] /shop/index.php?controller=cate&action=index&cate_id=442&key=1&order=2&area_id=6&yx=1&gift=&ci=3_4 ( act=cate&action=index ) 
ERR: Db Error: Unknown column 'contract_3' in 'where clause'
SELECT COUNT(*) AS nc_count FROM `goods_common` WHERE ( areaid_1 = '6' ) AND ( is_select = '1' ) AND ( contract_3 = '1' ) AND ( contract_4 = '1' ) LIMIT 1  
[2020-04-29 07:18:10] /shop/index.php?action=index&area_id=28&cate_id=5510&ci=4&controller=cate ( act=cate&action=index ) 
ERR: Db Error: Unknown column 'contract_4' in 'where clause'
SELECT COUNT(*) AS nc_count FROM `goods_common` WHERE ( gc_id_1 = '5510' ) AND ( areaid_1 = '28' ) AND ( contract_4 = '1' ) LIMIT 1  
[2020-04-29 07:33:48] /shop/index.php?controller=cate&action=index&cate_id=4972&key=2&order=2&type=&area_id=17&gift=1&ci=3 ( act=cate&action=index ) 
ERR: Db Error: Unknown column 'contract_3' in 'where clause'
SELECT COUNT(*) AS nc_count FROM `goods_common` WHERE ( areaid_1 = '17' ) AND ( contract_3 = '1' ) LIMIT 1  
[2020-04-29 07:35:43] /shop/index.php?action=index&area_id=12&cate_id=5499&ci=1&controller=cate&type= ( act=cate&action=index ) 
ERR: Db Error: Unknown column 'contract_1' in 'where clause'
SELECT COUNT(*) AS nc_count FROM `goods_common` WHERE ( gc_id_3 = '5499' ) AND ( areaid_1 = '12' ) AND ( contract_1 = '1' ) LIMIT 1  
[2020-04-29 07:41:00] /shop/index.php?controller=cate&action=index&cate_id=206&area_id=22&key=3&order=2&ci=3 ( act=cate&action=index ) 
ERR: Db Error: Unknown column 'contract_3' in 'where clause'
SELECT COUNT(*) AS nc_count FROM `goods_common` WHERE ( areaid_1 = '22' ) AND ( contract_3 = '1' ) LIMIT 1  
[2020-04-29 07:45:01] /shop/index.php?action=index&area_id=29&cate_id=5523&ci=2_4&controller=cate ( act=cate&action=index ) 
ERR: Db Error: Unknown column 'contract_2' in 'where clause'
SELECT COUNT(*) AS nc_count FROM `goods_common` WHERE ( gc_id_3 = '5523' ) AND ( areaid_1 = '29' ) AND ( contract_2 = '1' ) AND ( contract_4 = '1' ) LIMIT 1  
[2020-04-29 07:53:01] /shop/index.php?action=index&area_id=10&cate_id=5546&ci=1&controller=cate ( act=cate&action=index ) 
ERR: Db Error: Unknown column 'contract_1' in 'where clause'
SELECT COUNT(*) AS nc_count FROM `goods_common` WHERE ( gc_id_2 = '5546' ) AND ( areaid_1 = '10' ) AND ( contract_1 = '1' ) LIMIT 1  
[2020-04-29 08:03:11] /shop/index.php?action=index&area_id=10&cate_id=857&ci=2_3&controller=cate ( act=cate&action=index ) 
ERR: Db Error: Unknown column 'contract_2' in 'where clause'
SELECT COUNT(*) AS nc_count FROM `goods_common` WHERE ( areaid_1 = '10' ) AND ( contract_2 = '1' ) AND ( contract_3 = '1' ) LIMIT 1  
[2020-04-29 08:09:13] /shop/index.php?action=index&area_id=17&cate_id=5548&ci=2&controller=cate ( act=cate&action=index ) 
ERR: Db Error: Unknown column 'contract_2' in 'where clause'
SELECT COUNT(*) AS nc_count FROM `goods_common` WHERE ( gc_id_3 = '5548' ) AND ( areaid_1 = '17' ) AND ( contract_2 = '1' ) LIMIT 1  
[2020-04-29 08:09:48] /shop/index.php?controller=cate&action=index&cate_id=3663&type=&gift=1&new=1&ci=2 ( act=cate&action=index ) 
ERR: Db Error: Unknown column 'contract_2' in 'where clause'
SELECT COUNT(*) AS nc_count FROM `goods_common` WHERE ( is_new_arrival = '1' ) AND ( contract_2 = '1' ) LIMIT 1  
[2020-04-29 08:17:33] /shop/index.php?action=index&area_id=10&cate_id=5571&ci=2_4&controller=cate ( act=cate&action=index ) 
ERR: Db Error: Unknown column 'contract_2' in 'where clause'
SELECT COUNT(*) AS nc_count FROM `goods_common` WHERE ( gc_id_2 = '5571' ) AND ( areaid_1 = '10' ) AND ( contract_2 = '1' ) AND ( contract_4 = '1' ) LIMIT 1  
[2020-04-29 08:17:33] /shop/index.php?action=index&area_id=25&cate_id=762&ci=3_1_4&controller=cate&key=2&new=1&order=2 ( act=cate&action=index ) 
ERR: Db Error: Unknown column 'contract_3' in 'where clause'
SELECT COUNT(*) AS nc_count FROM `goods_common` WHERE ( areaid_1 = '25' ) AND ( is_new_arrival = '1' ) AND ( contract_3 = '1' ) AND ( contract_1 = '1' ) AND ( contract_4 = '1' ) LIMIT 1  
[2020-04-29 08:27:41] /shop/index.php?action=index&area_id=32&cate_id=5511&ci=3&controller=cate ( act=cate&action=index ) 
ERR: Db Error: Unknown column 'contract_3' in 'where clause'
SELECT COUNT(*) AS nc_count FROM `goods_common` WHERE ( gc_id_1 = '5511' ) AND ( areaid_1 = '32' ) AND ( contract_3 = '1' ) LIMIT 1  
[2020-04-29 08:31:24] /shop/index.php?controller=cate&action=index&cate_id=2314&type=1&key=1&order=2&new=&ci=3&gift=1&yx= ( act=cate&action=index ) 
ERR: Db Error: Unknown column 'contract_3' in 'where clause'
SELECT COUNT(*) AS nc_count FROM `goods_common` WHERE ( is_own_shop = '1' ) AND ( contract_3 = '1' ) LIMIT 1  
[2020-04-29 08:34:32] /shop/index.php?action=index&area_id=34&cate_id=2169&ci=1_3_2&controller=cate ( act=cate&action=index ) 
ERR: Db Error: Unknown column 'contract_1' in 'where clause'
SELECT COUNT(*) AS nc_count FROM `goods_common` WHERE ( gc_id_3 = '2169' ) AND ( areaid_1 = '34' ) AND ( contract_1 = '1' ) AND ( contract_3 = '1' ) AND ( contract_2 = '1' ) LIMIT 1  
[2020-04-29 08:53:00] /shop/index.php?controller=cate&action=index&cate_id=4630&key=&order=&ci=4&new=1 ( act=cate&action=index ) 
ERR: Db Error: Unknown column 'contract_4' in 'where clause'
SELECT COUNT(*) AS nc_count FROM `goods_common` WHERE ( is_new_arrival = '1' ) AND ( contract_4 = '1' ) LIMIT 1  
[2020-04-29 08:53:02] /shop/index.php?action=index&area_id=5&cate_id=5494&ci=3&controller=cate ( act=cate&action=index ) 
ERR: Db Error: Unknown column 'contract_3' in 'where clause'
SELECT COUNT(*) AS nc_count FROM `goods_common` WHERE ( gc_id_2 = '5494' ) AND ( areaid_1 = '5' ) AND ( contract_3 = '1' ) LIMIT 1  
[2020-04-29 08:53:02] /shop/index.php?action=index&area_id=15&cate_id=645&ci=1&controller=cate&gift=1&type=1 ( act=cate&action=index ) 
ERR: Db Error: Unknown column 'contract_1' in 'where clause'
SELECT COUNT(*) AS nc_count FROM `goods_common` WHERE ( areaid_1 = '15' ) AND ( is_own_shop = '1' ) AND ( contract_1 = '1' ) LIMIT 1  
[2020-04-29 09:07:24] /shop/index.php?controller=cate&action=index&cate_id=130&key=1&order=2&gift=1&ci=2 ( act=cate&action=index ) 
ERR: Db Error: Unknown column 'contract_2' in 'where clause'
SELECT COUNT(*) AS nc_count FROM `goods_common` WHERE ( contract_2 = '1' ) LIMIT 1  
[2020-04-29 09:10:32] /shop/index.php?action=index&area_id=14&cate_id=5589&ci=3&controller=cate ( act=cate&action=index ) 
ERR: Db Error: Unknown column 'contract_3' in 'where clause'
SELECT COUNT(*) AS nc_count FROM `goods_common` WHERE ( gc_id_2 = '5589' ) AND ( areaid_1 = '14' ) AND ( contract_3 = '1' ) LIMIT 1  
[2020-04-29 09:14:02] /shop/index.php?action=index&area_id=18&cate_id=645&ci=1&controller=cate&gift=1&type=1 ( act=cate&action=index ) 
ERR: Db Error: Unknown column 'contract_1' in 'where clause'
SELECT COUNT(*) AS nc_count FROM `goods_common` WHERE ( areaid_1 = '18' ) AND ( is_own_shop = '1' ) AND ( contract_1 = '1' ) LIMIT 1  
[2020-04-29 09:14:36] /shop/index.php?controller=cate&action=index&cate_id=334&type=&key=2&order=2&new=1&ci=1 ( act=cate&action=index ) 
ERR: Db Error: Unknown column 'contract_1' in 'where clause'
SELECT COUNT(*) AS nc_count FROM `goods_common` WHERE ( is_new_arrival = '1' ) AND ( contract_1 = '1' ) LIMIT 1  
[2020-04-29 09:25:03] /shop/index.php?action=index&area_id=18&cate_id=5555&ci=2&controller=cate ( act=cate&action=index ) 
ERR: Db Error: Unknown column 'contract_2' in 'where clause'
SELECT COUNT(*) AS nc_count FROM `goods_common` WHERE ( gc_id_3 = '5555' ) AND ( areaid_1 = '18' ) AND ( contract_2 = '1' ) LIMIT 1  
[2020-04-29 09:32:03] /shop/index.php?action=index&area_id=27&cate_id=726&ci=4_2_1&controller=cate ( act=cate&action=index ) 
ERR: Db Error: Unknown column 'contract_4' in 'where clause'
SELECT COUNT(*) AS nc_count FROM `goods_common` WHERE ( areaid_1 = '27' ) AND ( contract_4 = '1' ) AND ( contract_2 = '1' ) AND ( contract_1 = '1' ) LIMIT 1  
[2020-04-29 09:34:13] /shop/index.php?controller=cate&action=index&cate_id=2690&key=1&order=2&ci=3&new=&yx=&area_id=12&gift=&type=1 ( act=cate&action=index ) 
ERR: Db Error: Unknown column 'contract_3' in 'where clause'
SELECT COUNT(*) AS nc_count FROM `goods_common` WHERE ( areaid_1 = '12' ) AND ( is_own_shop = '1' ) AND ( contract_3 = '1' ) LIMIT 1  
[2020-04-29 09:39:34] /shop/index.php?action=index&area_id=5&cate_id=5548&ci=1_3&controller=cate ( act=cate&action=index ) 
ERR: Db Error: Unknown column 'contract_1' in 'where clause'
SELECT COUNT(*) AS nc_count FROM `goods_common` WHERE ( gc_id_3 = '5548' ) AND ( areaid_1 = '5' ) AND ( contract_1 = '1' ) AND ( contract_3 = '1' ) LIMIT 1  
[2020-04-29 09:43:24] /shop/index.php?controller=cate&action=index&cate_id=5444&yx=1&gift=&ci=3_4&type=1&new=1&area_id=21&key=2&order=1 ( act=cate&action=index ) 
ERR: Db Error: Unknown column 'contract_3' in 'where clause'
SELECT COUNT(*) AS nc_count FROM `goods_common` WHERE ( areaid_1 = '21' ) AND ( is_own_shop = '1' ) AND ( is_new_arrival = '1' ) AND ( is_select = '1' ) AND ( contract_3 = '1' ) AND ( contract_4 = '1' ) LIMIT 1  
[2020-04-29 09:50:36] /shop/index.php?controller=cate&action=index&cate_id=4955&key=2&order=2&gift=1&new=1&ci=1 ( act=cate&action=index ) 
ERR: Db Error: Unknown column 'contract_1' in 'where clause'
SELECT COUNT(*) AS nc_count FROM `goods_common` WHERE ( is_new_arrival = '1' ) AND ( contract_1 = '1' ) LIMIT 1  
[2020-04-29 09:52:34] /shop/index.php?action=index&area_id=14&cate_id=5511&ci=1&controller=cate ( act=cate&action=index ) 
ERR: Db Error: Unknown column 'contract_1' in 'where clause'
SELECT COUNT(*) AS nc_count FROM `goods_common` WHERE ( gc_id_1 = '5511' ) AND ( areaid_1 = '14' ) AND ( contract_1 = '1' ) LIMIT 1  
[2020-04-29 09:57:48] /shop/index.php?controller=cate&action=index&cate_id=3786&order=1&key=2&new=&ci=2&type=1&gift=1 ( act=cate&action=index ) 
ERR: Db Error: Unknown column 'contract_2' in 'where clause'
SELECT COUNT(*) AS nc_count FROM `goods_common` WHERE ( is_own_shop = '1' ) AND ( contract_2 = '1' ) LIMIT 1  
[2020-04-29 10:12:12] /shop/index.php?controller=cate&action=index&cate_id=2137&key=&order=&ci=1 ( act=cate&action=index ) 
ERR: Db Error: Unknown column 'contract_1' in 'where clause'
SELECT COUNT(*) AS nc_count FROM `goods_common` WHERE ( contract_1 = '1' ) LIMIT 1  
[2020-04-29 10:19:24] /shop/index.php?controller=cate&action=index&cate_id=53&yx=1&ci=4_2&key=1&order=1 ( act=cate&action=index ) 
ERR: Db Error: Unknown column 'contract_4' in 'where clause'
SELECT COUNT(*) AS nc_count FROM `goods_common` WHERE ( is_select = '1' ) AND ( contract_4 = '1' ) AND ( contract_2 = '1' ) LIMIT 1  
[2020-04-29 10:26:04] /shop/index.php?action=index&area_id=11&ci=2_1&controller=cate&gift=1&key=1&order=2 ( act=cate&action=index ) 
ERR: Db Error: Unknown column 'contract_2' in 'where clause'
SELECT COUNT(*) AS nc_count FROM `goods_common` WHERE ( areaid_1 = '11' ) AND ( contract_2 = '1' ) AND ( contract_1 = '1' ) LIMIT 1  
[2020-04-29 10:26:36] /shop/index.php?controller=cate&action=index&cate_id=3622&gift=1&ci=2_4_3&key=3&order=2&area_id=30 ( act=cate&action=index ) 
ERR: Db Error: Unknown column 'contract_2' in 'where clause'
SELECT COUNT(*) AS nc_count FROM `goods_common` WHERE ( areaid_1 = '30' ) AND ( contract_2 = '1' ) AND ( contract_4 = '1' ) AND ( contract_3 = '1' ) LIMIT 1  
[2020-04-29 10:33:48] /shop/index.php?controller=cate&action=index&cate_id=2354&type=&gift=1&key=2&order=2&ci=1_3&yx=1 ( act=cate&action=index ) 
ERR: Db Error: Unknown column 'contract_1' in 'where clause'
SELECT COUNT(*) AS nc_count FROM `goods_common` WHERE ( is_select = '1' ) AND ( contract_1 = '1' ) AND ( contract_3 = '1' ) LIMIT 1  
[2020-04-29 10:41:01] /shop/index.php?controller=cate&action=index&cate_id=8&ci=3_2&key=1&order=2 ( act=cate&action=index ) 
ERR: Db Error: Unknown column 'contract_3' in 'where clause'
SELECT COUNT(*) AS nc_count FROM `goods_common` WHERE ( contract_3 = '1' ) AND ( contract_2 = '1' ) LIMIT 1  
[2020-04-29 10:42:04] /shop/index.php?action=index&area_id=7&cate_id=5571&ci=2_4&controller=cate&key=&order= ( act=cate&action=index ) 
ERR: Db Error: Unknown column 'contract_2' in 'where clause'
SELECT COUNT(*) AS nc_count FROM `goods_common` WHERE ( gc_id_2 = '5571' ) AND ( areaid_1 = '7' ) AND ( contract_2 = '1' ) AND ( contract_4 = '1' ) LIMIT 1  
[2020-04-29 10:42:04] /shop/index.php?action=index&area_id=22&cate_id=645&ci=3&controller=cate&gift=1&type=1 ( act=cate&action=index ) 
ERR: Db Error: Unknown column 'contract_3' in 'where clause'
SELECT COUNT(*) AS nc_count FROM `goods_common` WHERE ( areaid_1 = '22' ) AND ( is_own_shop = '1' ) AND ( contract_3 = '1' ) LIMIT 1  
[2020-04-29 10:55:24] /shop/index.php?controller=cate&action=index&cate_id=13&area_id=26&new=&key=3&order=2&ci=4 ( act=cate&action=index ) 
ERR: Db Error: Unknown column 'contract_4' in 'where clause'
SELECT COUNT(*) AS nc_count FROM `goods_common` WHERE ( areaid_1 = '26' ) AND ( contract_4 = '1' ) LIMIT 1  
[2020-04-29 10:59:04] /shop/index.php?action=index&area_id=21&cate_id=760&ci=1&controller=cate ( act=cate&action=index ) 
ERR: Db Error: Unknown column 'contract_1' in 'where clause'
SELECT COUNT(*) AS nc_count FROM `goods_common` WHERE ( areaid_1 = '21' ) AND ( contract_1 = '1' ) LIMIT 1  
[2020-04-29 11:06:53] /shop/index.php?action=index&area_id=8&cate_id=5571&ci=2_3&controller=cate&key=&order= ( act=cate&action=index ) 
ERR: Db Error: Unknown column 'contract_2' in 'where clause'
SELECT COUNT(*) AS nc_count FROM `goods_common` WHERE ( gc_id_2 = '5571' ) AND ( areaid_1 = '8' ) AND ( contract_2 = '1' ) AND ( contract_3 = '1' ) LIMIT 1  
[2020-04-29 11:16:33] /shop/index.php?controller=cate&action=index&cate_id=442&key=3&order=2&new=&gift=1&ci=1_4&type=1 ( act=cate&action=index ) 
ERR: Db Error: Unknown column 'contract_1' in 'where clause'
SELECT COUNT(*) AS nc_count FROM `goods_common` WHERE ( is_own_shop = '1' ) AND ( contract_1 = '1' ) AND ( contract_4 = '1' ) LIMIT 1  
[2020-04-29 11:17:00] /shop/index.php?controller=cate&action=index&cate_id=2879&type=&ci=4_1&key=2&order=2&area_id=23&gift=&yx=1 ( act=cate&action=index ) 
ERR: Db Error: Unknown column 'contract_4' in 'where clause'
SELECT COUNT(*) AS nc_count FROM `goods_common` WHERE ( areaid_1 = '23' ) AND ( is_select = '1' ) AND ( contract_4 = '1' ) AND ( contract_1 = '1' ) LIMIT 1  
[2020-04-29 11:23:35] /shop/index.php?action=index&area_id=31&cate_id=5577&ci=4&controller=cate ( act=cate&action=index ) 
ERR: Db Error: Unknown column 'contract_4' in 'where clause'
SELECT COUNT(*) AS nc_count FROM `goods_common` WHERE ( gc_id_2 = '5577' ) AND ( areaid_1 = '31' ) AND ( contract_4 = '1' ) LIMIT 1  
[2020-04-29 11:24:12] /shop/index.php?controller=cate&action=index&cate_id=4081&type=1&key=1&order=1&new=1&ci=3 ( act=cate&action=index ) 
ERR: Db Error: Unknown column 'contract_3' in 'where clause'
SELECT COUNT(*) AS nc_count FROM `goods_common` WHERE ( is_own_shop = '1' ) AND ( is_new_arrival = '1' ) AND ( contract_3 = '1' ) LIMIT 1  
[2020-04-29 11:31:24] /shop/index.php?controller=cate&action=index&cate_id=3327&key=2&order=2&ci=1&new= ( act=cate&action=index ) 
ERR: Db Error: Unknown column 'contract_1' in 'where clause'
SELECT COUNT(*) AS nc_count FROM `goods_common` WHERE ( contract_1 = '1' ) LIMIT 1  
[2020-04-29 11:36:35] /shop/index.php?action=index&area_id=8&cate_id=5571&ci=2_4&controller=cate ( act=cate&action=index ) 
ERR: Db Error: Unknown column 'contract_2' in 'where clause'
SELECT COUNT(*) AS nc_count FROM `goods_common` WHERE ( gc_id_2 = '5571' ) AND ( areaid_1 = '8' ) AND ( contract_2 = '1' ) AND ( contract_4 = '1' ) LIMIT 1  
[2020-04-29 11:36:35] /shop/index.php?action=index&area_id=13&cate_id=762&ci=3_1&controller=cate&key=&order=&type=1 ( act=cate&action=index ) 
ERR: Db Error: Unknown column 'contract_3' in 'where clause'
SELECT COUNT(*) AS nc_count FROM `goods_common` WHERE ( areaid_1 = '13' ) AND ( is_own_shop = '1' ) AND ( contract_3 = '1' ) AND ( contract_1 = '1' ) LIMIT 1  
[2020-04-29 11:38:36] /shop/index.php?controller=cate&action=index&cate_id=499&gift=&key=1&order=1&ci=4 ( act=cate&action=index ) 
ERR: Db Error: Unknown column 'contract_4' in 'where clause'
SELECT COUNT(*) AS nc_count FROM `goods_common` WHERE ( contract_4 = '1' ) LIMIT 1  
[2020-04-29 11:45:48] /shop/index.php?controller=cate&action=index&cate_id=4791&key=2&order=2&ci=3_2&yx=1&type=1 ( act=cate&action=index ) 
ERR: Db Error: Unknown column 'contract_3' in 'where clause'
SELECT COUNT(*) AS nc_count FROM `goods_common` WHERE ( is_own_shop = '1' ) AND ( is_select = '1' ) AND ( contract_3 = '1' ) AND ( contract_2 = '1' ) LIMIT 1  
[2020-04-29 11:53:36] /shop/index.php?action=index&area_id=1&cate_id=5550&ci=2_3&controller=cate&type=1 ( act=cate&action=index ) 
ERR: Db Error: Unknown column 'contract_2' in 'where clause'
SELECT COUNT(*) AS nc_count FROM `goods_common` WHERE ( gc_id_3 = '5550' ) AND ( areaid_1 = '1' ) AND ( is_own_shop = '1' ) AND ( contract_2 = '1' ) AND ( contract_3 = '1' ) LIMIT 1  
[2020-04-29 12:01:44] /shop/index.php?action=index&area_id=11&cate_id=94&ci=4_2&controller=cate&key=3&order=2 ( act=cate&action=index ) 
ERR: Db Error: Unknown column 'contract_4' in 'where clause'
SELECT COUNT(*) AS nc_count FROM `goods_common` WHERE ( areaid_1 = '11' ) AND ( contract_4 = '1' ) AND ( contract_2 = '1' ) LIMIT 1  
[2020-04-29 12:10:27] /shop/index.php?controller=cate&action=index&cate_id=533&gift=&key=3&order=1&ci=4 ( act=cate&action=index ) 
ERR: Db Error: Unknown column 'contract_4' in 'where clause'
SELECT COUNT(*) AS nc_count FROM `goods_common` WHERE ( contract_4 = '1' ) LIMIT 1  
[2020-04-29 12:16:33] /shop/index.php?controller=cate&action=index&cate_id=5410&type=1&ci=2&key=3&order=1&area_id=10 ( act=cate&action=index ) 
ERR: Db Error: Unknown column 'contract_2' in 'where clause'
SELECT COUNT(*) AS nc_count FROM `goods_common` WHERE ( areaid_1 = '10' ) AND ( is_own_shop = '1' ) AND ( contract_2 = '1' ) LIMIT 1  
[2020-04-29 12:21:49] /shop/index.php?controller=cate&action=index&cate_id=626&ci=1&key=1&order=2&new=1&yx=&gift= ( act=cate&action=index ) 
ERR: Db Error: Unknown column 'contract_1' in 'where clause'
SELECT COUNT(*) AS nc_count FROM `goods_common` WHERE ( is_new_arrival = '1' ) AND ( contract_1 = '1' ) LIMIT 1  
[2020-04-29 12:23:05] /shop/index.php?action=index&area_id=7&cate_id=959&ci=1_2&controller=cate ( act=cate&action=index ) 
ERR: Db Error: Unknown column 'contract_1' in 'where clause'
SELECT COUNT(*) AS nc_count FROM `goods_common` WHERE ( areaid_1 = '7' ) AND ( contract_1 = '1' ) AND ( contract_2 = '1' ) LIMIT 1  
[2020-04-29 12:29:02] /shop/index.php?controller=cate&action=index&cate_id=2796&ci=1_4_3&gift=&key=2&order=1&area_id=6&new=1&yx=1 ( act=cate&action=index ) 
ERR: Db Error: Unknown column 'contract_1' in 'where clause'
SELECT COUNT(*) AS nc_count FROM `goods_common` WHERE ( areaid_1 = '6' ) AND ( is_new_arrival = '1' ) AND ( is_select = '1' ) AND ( contract_1 = '1' ) AND ( contract_4 = '1' ) AND ( contract_3 = '1' ) LIMIT 1  
[2020-04-29 12:43:24] /shop/index.php?controller=cate&action=index&cate_id=2211&key=3&order=2&gift=1&area_id=18&ci=1_3_4_2&new=1 ( act=cate&action=index ) 
ERR: Db Error: Unknown column 'contract_1' in 'where clause'
SELECT COUNT(*) AS nc_count FROM `goods_common` WHERE ( areaid_1 = '18' ) AND ( is_new_arrival = '1' ) AND ( contract_1 = '1' ) AND ( contract_3 = '1' ) AND ( contract_4 = '1' ) AND ( contract_2 = '1' ) LIMIT 1  
[2020-04-29 12:54:07] /shop/index.php?action=index&area_id=15&cate_id=2160&ci=3&controller=cate ( act=cate&action=index ) 
ERR: Db Error: Unknown column 'contract_3' in 'where clause'
SELECT COUNT(*) AS nc_count FROM `goods_common` WHERE ( gc_id_2 = '2160' ) AND ( areaid_1 = '15' ) AND ( contract_3 = '1' ) LIMIT 1  
[2020-04-29 12:57:49] /shop/index.php?controller=cate&action=index&cate_id=3599&key=2&order=1&type=1&ci=1&new=1&gift=1 ( act=cate&action=index ) 
ERR: Db Error: Unknown column 'contract_1' in 'where clause'
SELECT COUNT(*) AS nc_count FROM `goods_common` WHERE ( is_own_shop = '1' ) AND ( is_new_arrival = '1' ) AND ( contract_1 = '1' ) LIMIT 1  
[2020-04-29 13:05:01] /shop/index.php?controller=cate&action=index&cate_id=4240&key=1&order=2&ci=4 ( act=cate&action=index ) 
ERR: Db Error: Unknown column 'contract_4' in 'where clause'
SELECT COUNT(*) AS nc_count FROM `goods_common` WHERE ( contract_4 = '1' ) LIMIT 1  
[2020-04-29 13:12:12] /shop/index.php?controller=cate&action=index&cate_id=2314&type=1&key=3&order=1&new=1&ci=2&gift=&yx= ( act=cate&action=index ) 
ERR: Db Error: Unknown column 'contract_2' in 'where clause'
SELECT COUNT(*) AS nc_count FROM `goods_common` WHERE ( is_own_shop = '1' ) AND ( is_new_arrival = '1' ) AND ( contract_2 = '1' ) LIMIT 1  
[2020-04-29 13:16:33] /shop/index.php?controller=cate&action=index&cate_id=513&gift=&new=1&key=1&order=1&ci=3_2_1 ( act=cate&action=index ) 
ERR: Db Error: Unknown column 'contract_3' in 'where clause'
SELECT COUNT(*) AS nc_count FROM `goods_common` WHERE ( is_new_arrival = '1' ) AND ( contract_3 = '1' ) AND ( contract_2 = '1' ) AND ( contract_1 = '1' ) LIMIT 1  
[2020-04-29 13:19:07] /shop/index.php?action=index&area_id=34&cate_id=5555&ci=3&controller=cate ( act=cate&action=index ) 
ERR: Db Error: Unknown column 'contract_3' in 'where clause'
SELECT COUNT(*) AS nc_count FROM `goods_common` WHERE ( gc_id_3 = '5555' ) AND ( areaid_1 = '34' ) AND ( contract_3 = '1' ) LIMIT 1  
[2020-04-29 13:26:36] /shop/index.php?controller=cate&action=index&cate_id=4&ci=3_4_1&new=1&order=&key= ( act=cate&action=index ) 
ERR: Db Error: Unknown column 'contract_3' in 'where clause'
SELECT COUNT(*) AS nc_count FROM `goods_common` WHERE ( is_new_arrival = '1' ) AND ( contract_3 = '1' ) AND ( contract_4 = '1' ) AND ( contract_1 = '1' ) LIMIT 1  
[2020-04-29 13:30:37] /shop/index.php?action=index&area_id=17&ci=1&controller=cate&type=1&yx=1 ( act=cate&action=index ) 
ERR: Db Error: Unknown column 'contract_1' in 'where clause'
SELECT COUNT(*) AS nc_count FROM `goods_common` WHERE ( areaid_1 = '17' ) AND ( is_own_shop = '1' ) AND ( is_select = '1' ) AND ( contract_1 = '1' ) LIMIT 1  
[2020-04-29 13:33:48] /shop/index.php?controller=cate&action=index&cate_id=13&area_id=3&key=3&order=2&yx=1&type=1&ci=3_4_1&new=1 ( act=cate&action=index ) 
ERR: Db Error: Unknown column 'contract_3' in 'where clause'
SELECT COUNT(*) AS nc_count FROM `goods_common` WHERE ( areaid_1 = '3' ) AND ( is_own_shop = '1' ) AND ( is_new_arrival = '1' ) AND ( is_select = '1' ) AND ( contract_3 = '1' ) AND ( contract_4 = '1' ) AND ( contract_1 = '1' ) LIMIT 1  
[2020-04-29 13:41:01] /shop/index.php?controller=cate&action=index&cate_id=4483&key=1&order=1&gift=1&ci=2_3&area_id=3&type=&new=1 ( act=cate&action=index ) 
ERR: Db Error: Unknown column 'contract_2' in 'where clause'
SELECT COUNT(*) AS nc_count FROM `goods_common` WHERE ( areaid_1 = '3' ) AND ( is_new_arrival = '1' ) AND ( contract_2 = '1' ) AND ( contract_3 = '1' ) LIMIT 1  
[2020-04-29 14:02:36] /member/index.php?controller=help&action=show_list&ac_id=82 ( act=help&action=show_list ) 
ERR: Db Error: Unknown column 'Array' in 'where clause'
SELECT * FROM `newhelp` as `newhelp`  WHERE  newhelp.ac_id in(Array) order by article_sort asc,article_id desc
[2020-04-29 14:04:58] /shop/index.php?action=index&area_id=3&ci=4_2&controller=cate&key=&order= ( act=cate&action=index ) 
ERR: Db Error: Unknown column 'contract_4' in 'where clause'
SELECT COUNT(*) AS nc_count FROM `goods_common` WHERE ( areaid_1 = '3' ) AND ( contract_4 = '1' ) AND ( contract_2 = '1' ) LIMIT 1  
[2020-04-29 14:09:59] /shop/index.php?controller=cate&action=index&cate_id=2879&type=&ci=4_1&key=&order=&area_id=23 ( act=cate&action=index ) 
ERR: Db Error: Unknown column 'contract_4' in 'where clause'
SELECT COUNT(*) AS nc_count FROM `goods_common` WHERE ( areaid_1 = '23' ) AND ( contract_4 = '1' ) AND ( contract_1 = '1' ) LIMIT 1  
[2020-04-29 14:17:00] /shop/index.php?controller=cate&action=index&cate_id=2443&key=3&order=1&ci=1_3&yx=&new= ( act=cate&action=index ) 
ERR: Db Error: Unknown column 'contract_1' in 'where clause'
SELECT COUNT(*) AS nc_count FROM `goods_common` WHERE ( contract_1 = '1' ) AND ( contract_3 = '1' ) LIMIT 1  
[2020-04-29 14:31:24] /shop/index.php?controller=cate&action=index&cate_id=53&yx=1&ci=4_2&key=2&order=2&new=1 ( act=cate&action=index ) 
ERR: Db Error: Unknown column 'contract_4' in 'where clause'
SELECT COUNT(*) AS nc_count FROM `goods_common` WHERE ( is_new_arrival = '1' ) AND ( is_select = '1' ) AND ( contract_4 = '1' ) AND ( contract_2 = '1' ) LIMIT 1  
[2020-04-29 14:45:48] /shop/index.php?controller=cate&action=index&cate_id=4&ci=3_4&new=1&yx=1&type=1&area_id=13 ( act=cate&action=index ) 
ERR: Db Error: Unknown column 'contract_3' in 'where clause'
SELECT COUNT(*) AS nc_count FROM `goods_common` WHERE ( areaid_1 = '13' ) AND ( is_own_shop = '1' ) AND ( is_new_arrival = '1' ) AND ( is_select = '1' ) AND ( contract_3 = '1' ) AND ( contract_4 = '1' ) LIMIT 1  
[2020-04-29 14:50:08] /shop/index.php?action=index&area_id=10&cate_id=5511&ci=3&controller=cate ( act=cate&action=index ) 
ERR: Db Error: Unknown column 'contract_3' in 'where clause'
SELECT COUNT(*) AS nc_count FROM `goods_common` WHERE ( gc_id_1 = '5511' ) AND ( areaid_1 = '10' ) AND ( contract_3 = '1' ) LIMIT 1  
[2020-04-29 14:53:01] /shop/index.php?controller=cate&action=index&cate_id=2298&type=&new=1&key=2&order=2&gift=&ci=2 ( act=cate&action=index ) 
ERR: Db Error: Unknown column 'contract_2' in 'where clause'
SELECT COUNT(*) AS nc_count FROM `goods_common` WHERE ( is_new_arrival = '1' ) AND ( contract_2 = '1' ) LIMIT 1  
[2020-04-29 15:14:36] /shop/index.php?controller=cate&action=index&cate_id=2332&type=&key=2&order=2&area_id=&gift=1&ci=2_4&yx=&new=1 ( act=cate&action=index ) 
ERR: Db Error: Unknown column 'contract_2' in 'where clause'
SELECT COUNT(*) AS nc_count FROM `goods_common` WHERE ( is_new_arrival = '1' ) AND ( contract_2 = '1' ) AND ( contract_4 = '1' ) LIMIT 1  
[2020-04-29 15:18:40] /shop/index.php?action=index&area_id=23&cate_id=5565&ci=2_3&controller=cate ( act=cate&action=index ) 
ERR: Db Error: Unknown column 'contract_2' in 'where clause'
SELECT COUNT(*) AS nc_count FROM `goods_common` WHERE ( gc_id_3 = '5565' ) AND ( areaid_1 = '23' ) AND ( contract_2 = '1' ) AND ( contract_3 = '1' ) LIMIT 1  
[2020-04-29 15:18:43] /shop/index.php?action=index&area_id=23&cate_id=4154&ci=4&controller=cate&gift=1 ( act=cate&action=index ) 
ERR: Db Error: Unknown column 'contract_4' in 'where clause'
SELECT COUNT(*) AS nc_count FROM `goods_common` WHERE ( areaid_1 = '23' ) AND ( contract_4 = '1' ) LIMIT 1  
[2020-04-29 15:21:48] /shop/index.php?controller=cate&action=index&cate_id=2412&ci=2&area_id=33&key=1&order=1&type=1 ( act=cate&action=index ) 
ERR: Db Error: Unknown column 'contract_2' in 'where clause'
SELECT COUNT(*) AS nc_count FROM `goods_common` WHERE ( areaid_1 = '33' ) AND ( is_own_shop = '1' ) AND ( contract_2 = '1' ) LIMIT 1  
[2020-04-29 15:36:12] /shop/index.php?controller=cate&action=index&cate_id=4983&key=&order=&gift=1&yx=1&ci=4 ( act=cate&action=index ) 
ERR: Db Error: Unknown column 'contract_4' in 'where clause'
SELECT COUNT(*) AS nc_count FROM `goods_common` WHERE ( is_select = '1' ) AND ( contract_4 = '1' ) LIMIT 1  
[2020-04-29 15:43:24] /shop/index.php?controller=cate&action=index&cate_id=373&gift=1&key=&order=&ci=2 ( act=cate&action=index ) 
ERR: Db Error: Unknown column 'contract_2' in 'where clause'
SELECT COUNT(*) AS nc_count FROM `goods_common` WHERE ( contract_2 = '1' ) LIMIT 1  
[2020-04-29 15:51:39] /shop/index.php?action=index&area_id=&cate_id=5580&ci=2_4&controller=cate&yx=1 ( act=cate&action=index ) 
ERR: Db Error: Unknown column 'contract_2' in 'where clause'
SELECT COUNT(*) AS nc_count FROM `goods_common` WHERE ( gc_id_2 = '5580' ) AND ( is_select = '1' ) AND ( contract_2 = '1' ) AND ( contract_4 = '1' ) LIMIT 1  
[2020-04-29 15:59:31] /shop/index.php?action=index&area_id=16&cate_id=762&ci=3_1&controller=cate&key=&new=1&order=&type=1 ( act=cate&action=index ) 
ERR: Db Error: Unknown column 'contract_3' in 'where clause'
SELECT COUNT(*) AS nc_count FROM `goods_common` WHERE ( areaid_1 = '16' ) AND ( is_own_shop = '1' ) AND ( is_new_arrival = '1' ) AND ( contract_3 = '1' ) AND ( contract_1 = '1' ) LIMIT 1  
[2020-04-29 16:12:12] /shop/index.php?controller=cate&action=index&cate_id=2213&key=3&order=2&type=&new=1&ci=3 ( act=cate&action=index ) 
ERR: Db Error: Unknown column 'contract_3' in 'where clause'
SELECT COUNT(*) AS nc_count FROM `goods_common` WHERE ( is_new_arrival = '1' ) AND ( contract_3 = '1' ) LIMIT 1  
[2020-04-29 16:26:36] /shop/index.php?controller=cate&action=index&cate_id=4&type=1&area_id=35&ci=1 ( act=cate&action=index ) 
ERR: Db Error: Unknown column 'contract_1' in 'where clause'
SELECT COUNT(*) AS nc_count FROM `goods_common` WHERE ( areaid_1 = '35' ) AND ( is_own_shop = '1' ) AND ( contract_1 = '1' ) LIMIT 1  
[2020-04-29 16:30:02] /shop/index.php?action=index&area_id=22&cate_id=4154&ci=4&controller=cate&gift=1 ( act=cate&action=index ) 
ERR: Db Error: Unknown column 'contract_4' in 'where clause'
SELECT COUNT(*) AS nc_count FROM `goods_common` WHERE ( areaid_1 = '22' ) AND ( contract_4 = '1' ) LIMIT 1  
[2020-04-29 16:48:12] /shop/index.php?controller=cate&action=index&cate_id=2690&key=1&order=1&ci=3&new=&yx=&area_id=21&gift=1 ( act=cate&action=index ) 
ERR: Db Error: Unknown column 'contract_3' in 'where clause'
SELECT COUNT(*) AS nc_count FROM `goods_common` WHERE ( areaid_1 = '21' ) AND ( contract_3 = '1' ) LIMIT 1  
[2020-04-29 16:52:29] /shop/index.php?controller=cate&action=index&cate_id=1019&key=2&order=2&ci=1 ( act=cate&action=index ) 
ERR: Db Error: Unknown column 'contract_1' in 'where clause'
SELECT COUNT(*) AS nc_count FROM `goods_common` WHERE ( contract_1 = '1' ) LIMIT 1  
[2020-04-29 16:53:31] /shop/index.php?action=index&area_id=15&cate_id=4009&ci=1&controller=cate&yx=1 ( act=cate&action=index ) 
ERR: Db Error: Unknown column 'contract_1' in 'where clause'
SELECT COUNT(*) AS nc_count FROM `goods_common` WHERE ( areaid_1 = '15' ) AND ( is_select = '1' ) AND ( contract_1 = '1' ) LIMIT 1  
[2020-04-29 16:55:25] /shop/index.php?controller=cate&action=index&cate_id=3213&type=1&new=1&area_id=30&gift=1&yx=1&ci=4&key=1&order=2 ( act=cate&action=index ) 
ERR: Db Error: Unknown column 'contract_4' in 'where clause'
SELECT COUNT(*) AS nc_count FROM `goods_common` WHERE ( areaid_1 = '30' ) AND ( is_own_shop = '1' ) AND ( is_new_arrival = '1' ) AND ( is_select = '1' ) AND ( contract_4 = '1' ) LIMIT 1  
[2020-04-29 16:57:10] /shop/index.php?action=index&area_id=9&cate_id=5561&ci=4&controller=cate ( act=cate&action=index ) 
ERR: Db Error: Unknown column 'contract_4' in 'where clause'
SELECT COUNT(*) AS nc_count FROM `goods_common` WHERE ( gc_id_2 = '5561' ) AND ( areaid_1 = '9' ) AND ( contract_4 = '1' ) LIMIT 1  
[2020-04-29 17:02:36] /shop/index.php?controller=cate&action=index&cate_id=2314&type=&key=2&order=1&new=&ci=4&gift=1&yx= ( act=cate&action=index ) 
ERR: Db Error: Unknown column 'contract_4' in 'where clause'
SELECT COUNT(*) AS nc_count FROM `goods_common` WHERE ( contract_4 = '1' ) LIMIT 1  
[2020-04-29 17:09:30] /shop/index.php?action=index&area_id=&cate_id=762&ci=3_1&controller=cate&new=&type=1 ( act=cate&action=index ) 
ERR: Db Error: Unknown column 'contract_3' in 'where clause'
SELECT COUNT(*) AS nc_count FROM `goods_common` WHERE ( is_own_shop = '1' ) AND ( contract_3 = '1' ) AND ( contract_1 = '1' ) LIMIT 1  
[2020-04-29 17:19:43] /shop/index.php?action=index&area_id=32&cate_id=959&ci=4_2&controller=cate&key=&order= ( act=cate&action=index ) 
ERR: Db Error: Unknown column 'contract_4' in 'where clause'
SELECT COUNT(*) AS nc_count FROM `goods_common` WHERE ( areaid_1 = '32' ) AND ( contract_4 = '1' ) AND ( contract_2 = '1' ) LIMIT 1  
[2020-04-29 17:29:42] /shop/index.php?action=index&cate_id=645&ci=3_4&controller=cate&key=1&order=2&type=1 ( act=cate&action=index ) 
ERR: Db Error: Unknown column 'contract_3' in 'where clause'
SELECT COUNT(*) AS nc_count FROM `goods_common` WHERE ( is_own_shop = '1' ) AND ( contract_3 = '1' ) AND ( contract_4 = '1' ) LIMIT 1  
[2020-04-29 17:31:24] /shop/index.php?controller=cate&action=index&cate_id=351&key=1&order=2&gift=1&ci=1 ( act=cate&action=index ) 
ERR: Db Error: Unknown column 'contract_1' in 'where clause'
SELECT COUNT(*) AS nc_count FROM `goods_common` WHERE ( contract_1 = '1' ) LIMIT 1  
[2020-04-29 17:38:36] /shop/index.php?controller=cate&action=index&cate_id=2726&key=2&order=2&new=1&type=1&ci=2 ( act=cate&action=index ) 
ERR: Db Error: Unknown column 'contract_2' in 'where clause'
SELECT COUNT(*) AS nc_count FROM `goods_common` WHERE ( is_own_shop = '1' ) AND ( is_new_arrival = '1' ) AND ( contract_2 = '1' ) LIMIT 1  
[2020-04-29 17:39:39] /shop/index.php?action=index&area_id=10&cate_id=5494&ci=3_2&controller=cate ( act=cate&action=index ) 
ERR: Db Error: Unknown column 'contract_3' in 'where clause'
SELECT COUNT(*) AS nc_count FROM `goods_common` WHERE ( gc_id_2 = '5494' ) AND ( areaid_1 = '10' ) AND ( contract_3 = '1' ) AND ( contract_2 = '1' ) LIMIT 1  
[2020-04-29 17:48:01] /shop/index.php?action=index&area_id=31&cate_id=645&ci=1&controller=cate&key=&order=&type=1 ( act=cate&action=index ) 
ERR: Db Error: Unknown column 'contract_1' in 'where clause'
SELECT COUNT(*) AS nc_count FROM `goods_common` WHERE ( areaid_1 = '31' ) AND ( is_own_shop = '1' ) AND ( contract_1 = '1' ) LIMIT 1  
[2020-04-29 17:48:39] /shop/index.php?action=index&area_id=2&ci=2_4&controller=cate&gift=1 ( act=cate&action=index ) 
ERR: Db Error: Unknown column 'contract_2' in 'where clause'
SELECT COUNT(*) AS nc_count FROM `goods_common` WHERE ( areaid_1 = '2' ) AND ( contract_2 = '1' ) AND ( contract_4 = '1' ) LIMIT 1  
[2020-04-29 17:53:01] /shop/index.php?controller=cate&action=index&cate_id=2211&key=3&order=2&gift=1&area_id=18&ci=4_2 ( act=cate&action=index ) 
ERR: Db Error: Unknown column 'contract_4' in 'where clause'
SELECT COUNT(*) AS nc_count FROM `goods_common` WHERE ( areaid_1 = '18' ) AND ( contract_4 = '1' ) AND ( contract_2 = '1' ) LIMIT 1  
[2020-04-29 18:03:01] /shop/index.php?action=index&area_id=7&cate_id=762&ci=3_1_4&controller=cate&new=1 ( act=cate&action=index ) 
ERR: Db Error: Unknown column 'contract_3' in 'where clause'
SELECT COUNT(*) AS nc_count FROM `goods_common` WHERE ( areaid_1 = '7' ) AND ( is_new_arrival = '1' ) AND ( contract_3 = '1' ) AND ( contract_1 = '1' ) AND ( contract_4 = '1' ) LIMIT 1  
[2020-04-29 18:10:31] /shop/index.php?controller=cate&action=index&cate_id=130&key=1&order=2&ci=3 ( act=cate&action=index ) 
ERR: Db Error: Unknown column 'contract_3' in 'where clause'
SELECT COUNT(*) AS nc_count FROM `goods_common` WHERE ( contract_3 = '1' ) LIMIT 1  
[2020-04-29 18:14:36] /shop/index.php?controller=cate&action=index&cate_id=3753&key=2&order=2&yx=&gift=1&ci=3 ( act=cate&action=index ) 
ERR: Db Error: Unknown column 'contract_3' in 'where clause'
SELECT COUNT(*) AS nc_count FROM `goods_common` WHERE ( contract_3 = '1' ) LIMIT 1  
[2020-04-29 18:20:33] /shop/index.php?action=index&area_id=17&cate_id=645&ci=3&controller=cate&gift=1&type=1 ( act=cate&action=index ) 
ERR: Db Error: Unknown column 'contract_3' in 'where clause'
SELECT COUNT(*) AS nc_count FROM `goods_common` WHERE ( areaid_1 = '17' ) AND ( is_own_shop = '1' ) AND ( contract_3 = '1' ) LIMIT 1  
[2020-04-29 18:21:48] /shop/index.php?controller=cate&action=index&cate_id=2137&key=2&order=2&gift=1&ci=4_2&new= ( act=cate&action=index ) 
ERR: Db Error: Unknown column 'contract_4' in 'where clause'
SELECT COUNT(*) AS nc_count FROM `goods_common` WHERE ( contract_4 = '1' ) AND ( contract_2 = '1' ) LIMIT 1  
[2020-04-29 18:27:12] /shop/index.php?action=index&area_id=21&cate_id=5534&ci=3&controller=cate ( act=cate&action=index ) 
ERR: Db Error: Unknown column 'contract_3' in 'where clause'
SELECT COUNT(*) AS nc_count FROM `goods_common` WHERE ( gc_id_2 = '5534' ) AND ( areaid_1 = '21' ) AND ( contract_3 = '1' ) LIMIT 1  
[2020-04-29 18:33:12] /shop/index.php?action=index&area_id=9&cate_id=2151&ci=4_2&controller=cate ( act=cate&action=index ) 
ERR: Db Error: Unknown column 'contract_4' in 'where clause'
SELECT COUNT(*) AS nc_count FROM `goods_common` WHERE ( gc_id_2 = '2151' ) AND ( areaid_1 = '9' ) AND ( contract_4 = '1' ) AND ( contract_2 = '1' ) LIMIT 1  
[2020-04-29 18:36:12] /shop/index.php?controller=cate&action=index&cate_id=783&type=&key=1&order=2&ci=3 ( act=cate&action=index ) 
ERR: Db Error: Unknown column 'contract_3' in 'where clause'
SELECT COUNT(*) AS nc_count FROM `goods_common` WHERE ( contract_3 = '1' ) LIMIT 1  
[2020-04-29 18:41:04] /shop/index.php?action=index&area_id=24&ci=3_1_4&controller=cate&key=2&order=2&yx=1 ( act=cate&action=index ) 
ERR: Db Error: Unknown column 'contract_3' in 'where clause'
SELECT COUNT(*) AS nc_count FROM `goods_common` WHERE ( areaid_1 = '24' ) AND ( is_select = '1' ) AND ( contract_3 = '1' ) AND ( contract_1 = '1' ) AND ( contract_4 = '1' ) LIMIT 1  
[2020-04-29 18:43:24] /shop/index.php?controller=cate&action=index&cate_id=158&key=3&order=2&yx=1&ci=1_4_2&type=1&new=1 ( act=cate&action=index ) 
ERR: Db Error: Unknown column 'contract_1' in 'where clause'
SELECT COUNT(*) AS nc_count FROM `goods_common` WHERE ( is_own_shop = '1' ) AND ( is_new_arrival = '1' ) AND ( is_select = '1' ) AND ( contract_1 = '1' ) AND ( contract_4 = '1' ) AND ( contract_2 = '1' ) LIMIT 1  
[2020-04-29 18:43:34] /shop/index.php?controller=cate&action=index&cate_id=2168&type=1&ci=4&key=1&order=2&yx=1&new=1 ( act=cate&action=index ) 
ERR: Db Error: Unknown column 'contract_4' in 'where clause'
SELECT COUNT(*) AS nc_count FROM `goods_common` WHERE ( gc_id_3 = '2168' ) AND ( is_own_shop = '1' ) AND ( is_new_arrival = '1' ) AND ( is_select = '1' ) AND ( contract_4 = '1' ) LIMIT 1  
[2020-04-29 18:50:36] /shop/index.php?controller=cate&action=index&cate_id=100&gift=1&ci=4&new=&key=2&order=1&type=1&yx= ( act=cate&action=index ) 
ERR: Db Error: Unknown column 'contract_4' in 'where clause'
SELECT COUNT(*) AS nc_count FROM `goods_common` WHERE ( is_own_shop = '1' ) AND ( contract_4 = '1' ) LIMIT 1  
[2020-04-29 18:57:48] /shop/index.php?controller=cate&action=index&cate_id=845&ci=1_2_3_4&key=3&order=2&gift=1&type=1 ( act=cate&action=index ) 
ERR: Db Error: Unknown column 'contract_1' in 'where clause'
SELECT COUNT(*) AS nc_count FROM `goods_common` WHERE ( is_own_shop = '1' ) AND ( contract_1 = '1' ) AND ( contract_2 = '1' ) AND ( contract_3 = '1' ) AND ( contract_4 = '1' ) LIMIT 1  
[2020-04-29 18:58:42] /shop/index.php?action=index&area_id=24&cate_id=5561&ci=3&controller=cate ( act=cate&action=index ) 
ERR: Db Error: Unknown column 'contract_3' in 'where clause'
SELECT COUNT(*) AS nc_count FROM `goods_common` WHERE ( gc_id_2 = '5561' ) AND ( areaid_1 = '24' ) AND ( contract_3 = '1' ) LIMIT 1  
[2020-04-29 18:58:50] /shop/index.php?action=index&area_id=9&cate_id=2151&ci=4&controller=cate ( act=cate&action=index ) 
ERR: Db Error: Unknown column 'contract_4' in 'where clause'
SELECT COUNT(*) AS nc_count FROM `goods_common` WHERE ( gc_id_2 = '2151' ) AND ( areaid_1 = '9' ) AND ( contract_4 = '1' ) LIMIT 1  
[2020-04-29 19:05:01] /shop/index.php?controller=cate&action=index&cate_id=3568&new=1&type=&key=2&order=2&ci=1_3 ( act=cate&action=index ) 
ERR: Db Error: Unknown column 'contract_1' in 'where clause'
SELECT COUNT(*) AS nc_count FROM `goods_common` WHERE ( is_new_arrival = '1' ) AND ( contract_1 = '1' ) AND ( contract_3 = '1' ) LIMIT 1  
[2020-04-29 19:08:31] /shop/index.php?controller=cate&action=index&cate_id=4722&key=1&order=1&yx=1&ci=1&new=1 ( act=cate&action=index ) 
ERR: Db Error: Unknown column 'contract_1' in 'where clause'
SELECT COUNT(*) AS nc_count FROM `goods_common` WHERE ( is_new_arrival = '1' ) AND ( is_select = '1' ) AND ( contract_1 = '1' ) LIMIT 1  
[2020-04-29 19:19:24] /shop/index.php?controller=cate&action=index&cate_id=2990&key=1&order=2&new=1&gift=&ci=3 ( act=cate&action=index ) 
ERR: Db Error: Unknown column 'contract_3' in 'where clause'
SELECT COUNT(*) AS nc_count FROM `goods_common` WHERE ( is_new_arrival = '1' ) AND ( contract_3 = '1' ) LIMIT 1  
[2020-04-29 19:37:01] /shop/index.php?controller=cate&action=index&cate_id=4201&yx=1&key=2&order=1&new=&type=1&gift=&ci=4 ( act=cate&action=index ) 
ERR: Db Error: Unknown column 'contract_4' in 'where clause'
SELECT COUNT(*) AS nc_count FROM `goods_common` WHERE ( is_own_shop = '1' ) AND ( is_select = '1' ) AND ( contract_4 = '1' ) LIMIT 1  
[2020-04-29 19:38:33] /shop/index.php?action=index&area_id=29&cate_id=762&ci=3_1&controller=cate&new=1&type=1 ( act=cate&action=index ) 
ERR: Db Error: Unknown column 'contract_3' in 'where clause'
SELECT COUNT(*) AS nc_count FROM `goods_common` WHERE ( areaid_1 = '29' ) AND ( is_own_shop = '1' ) AND ( is_new_arrival = '1' ) AND ( contract_3 = '1' ) AND ( contract_1 = '1' ) LIMIT 1  
[2020-04-29 19:46:00] /shop/index.php?controller=cate&action=index&cate_id=193&yx=&key=1&order=2&gift=&type=&area_id=28&ci=2 ( act=cate&action=index ) 
ERR: Db Error: Unknown column 'contract_2' in 'where clause'
SELECT COUNT(*) AS nc_count FROM `goods_common` WHERE ( areaid_1 = '28' ) AND ( contract_2 = '1' ) LIMIT 1  
[2020-04-29 19:48:13] /shop/index.php?controller=cate&action=index&cate_id=2796&ci=4_3&gift=&key=2&order=1&area_id=6&new=1 ( act=cate&action=index ) 
ERR: Db Error: Unknown column 'contract_4' in 'where clause'
SELECT COUNT(*) AS nc_count FROM `goods_common` WHERE ( areaid_1 = '6' ) AND ( is_new_arrival = '1' ) AND ( contract_4 = '1' ) AND ( contract_3 = '1' ) LIMIT 1  
[2020-04-29 19:55:24] /shop/index.php?controller=cate&action=index&cate_id=115&ci=4&yx= ( act=cate&action=index ) 
ERR: Db Error: Unknown column 'contract_4' in 'where clause'
SELECT COUNT(*) AS nc_count FROM `goods_common` WHERE ( contract_4 = '1' ) LIMIT 1  
[2020-04-29 20:00:04] /shop/index.php?action=index&area_id=8&cate_id=5583&ci=1&controller=cate&key=&order= ( act=cate&action=index ) 
ERR: Db Error: Unknown column 'contract_1' in 'where clause'
SELECT COUNT(*) AS nc_count FROM `goods_common` WHERE ( gc_id_2 = '5583' ) AND ( areaid_1 = '8' ) AND ( contract_1 = '1' ) LIMIT 1  
[2020-04-29 20:09:48] /shop/index.php?controller=cate&action=index&cate_id=4005&area_id=4&ci=1&key=2&order=2&type=&new=&yx=1&gift= ( act=cate&action=index ) 
ERR: Db Error: Unknown column 'contract_1' in 'where clause'
SELECT COUNT(*) AS nc_count FROM `goods_common` WHERE ( areaid_1 = '4' ) AND ( is_select = '1' ) AND ( contract_1 = '1' ) LIMIT 1  
[2020-04-29 20:10:05] /shop/index.php?action=index&area_id=2&cate_id=5571&ci=2_3&controller=cate&key=&order= ( act=cate&action=index ) 
ERR: Db Error: Unknown column 'contract_2' in 'where clause'
SELECT COUNT(*) AS nc_count FROM `goods_common` WHERE ( gc_id_2 = '5571' ) AND ( areaid_1 = '2' ) AND ( contract_2 = '1' ) AND ( contract_3 = '1' ) LIMIT 1  
[2020-04-29 20:14:35] /shop/index.php?action=index&area_id=7&ci=4_1&controller=cate&yx=1 ( act=cate&action=index ) 
ERR: Db Error: Unknown column 'contract_4' in 'where clause'
SELECT COUNT(*) AS nc_count FROM `goods_common` WHERE ( areaid_1 = '7' ) AND ( is_select = '1' ) AND ( contract_4 = '1' ) AND ( contract_1 = '1' ) LIMIT 1  
[2020-04-29 20:24:15] /shop/index.php?controller=cate&action=index&cate_id=2332&type=&key=3&order=2&area_id=&gift=1&ci=4&yx=1&new=1 ( act=cate&action=index ) 
ERR: Db Error: Unknown column 'contract_4' in 'where clause'
SELECT COUNT(*) AS nc_count FROM `goods_common` WHERE ( is_new_arrival = '1' ) AND ( is_select = '1' ) AND ( contract_4 = '1' ) LIMIT 1  
[2020-04-29 20:31:24] /shop/index.php?controller=cate&action=index&cate_id=5014&type=1&ci=1&new=1 ( act=cate&action=index ) 
ERR: Db Error: Unknown column 'contract_1' in 'where clause'
SELECT COUNT(*) AS nc_count FROM `goods_common` WHERE ( is_own_shop = '1' ) AND ( is_new_arrival = '1' ) AND ( contract_1 = '1' ) LIMIT 1  
[2020-04-29 20:34:05] /shop/index.php?action=index&area_id=31&cate_id=645&ci=3&controller=cate&new=1&type=1 ( act=cate&action=index ) 
ERR: Db Error: Unknown column 'contract_3' in 'where clause'
SELECT COUNT(*) AS nc_count FROM `goods_common` WHERE ( areaid_1 = '31' ) AND ( is_own_shop = '1' ) AND ( is_new_arrival = '1' ) AND ( contract_3 = '1' ) LIMIT 1  
[2020-04-29 20:47:06] /shop/index.php?action=index&area_id=23&cate_id=656&ci=3_2&controller=cate ( act=cate&action=index ) 
ERR: Db Error: Unknown column 'contract_3' in 'where clause'
SELECT COUNT(*) AS nc_count FROM `goods_common` WHERE ( areaid_1 = '23' ) AND ( contract_3 = '1' ) AND ( contract_2 = '1' ) LIMIT 1  
[2020-04-29 20:50:37] /shop/index.php?action=index&area_id=13&cate_id=4009&ci=4&controller=cate&type=1&yx=1 ( act=cate&action=index ) 
ERR: Db Error: Unknown column 'contract_4' in 'where clause'
SELECT COUNT(*) AS nc_count FROM `goods_common` WHERE ( areaid_1 = '13' ) AND ( is_own_shop = '1' ) AND ( is_select = '1' ) AND ( contract_4 = '1' ) LIMIT 1  
[2020-04-29 20:53:03] /shop/index.php?controller=cate&action=index&cate_id=698&gift=1&key=2&order=2&ci=3&new= ( act=cate&action=index ) 
ERR: Db Error: Unknown column 'contract_3' in 'where clause'
SELECT COUNT(*) AS nc_count FROM `goods_common` WHERE ( contract_3 = '1' ) LIMIT 1  
[2020-04-29 21:07:24] /shop/index.php?controller=cate&action=index&cate_id=2355&new=1&area_id=5&ci=1 ( act=cate&action=index ) 
ERR: Db Error: Unknown column 'contract_1' in 'where clause'
SELECT COUNT(*) AS nc_count FROM `goods_common` WHERE ( areaid_1 = '5' ) AND ( is_new_arrival = '1' ) AND ( contract_1 = '1' ) LIMIT 1  
[2020-04-29 21:14:36] /shop/index.php?controller=cate&action=index&cate_id=193&key=3&order=2&ci=4 ( act=cate&action=index ) 
ERR: Db Error: Unknown column 'contract_4' in 'where clause'
SELECT COUNT(*) AS nc_count FROM `goods_common` WHERE ( contract_4 = '1' ) LIMIT 1  
[2020-04-29 21:43:24] /shop/index.php?controller=cate&action=index&cate_id=496&area_id=1&key=1&order=1&ci=3_2 ( act=cate&action=index ) 
ERR: Db Error: Unknown column 'contract_3' in 'where clause'
SELECT COUNT(*) AS nc_count FROM `goods_common` WHERE ( areaid_1 = '1' ) AND ( contract_3 = '1' ) AND ( contract_2 = '1' ) LIMIT 1  
[2020-04-29 21:46:06] /shop/index.php?action=index&area_id=11&cate_id=5544&ci=3&controller=cate&yx=1 ( act=cate&action=index ) 
ERR: Db Error: Unknown column 'contract_3' in 'where clause'
SELECT COUNT(*) AS nc_count FROM `goods_common` WHERE ( gc_id_2 = '5544' ) AND ( areaid_1 = '11' ) AND ( is_select = '1' ) AND ( contract_3 = '1' ) LIMIT 1  
[2020-04-29 21:52:56] /shop/index.php?controller=cate&action=index&cate_id=1019&key=2&order=2&ci=2 ( act=cate&action=index ) 
ERR: Db Error: Unknown column 'contract_2' in 'where clause'
SELECT COUNT(*) AS nc_count FROM `goods_common` WHERE ( contract_2 = '1' ) LIMIT 1  
[2020-04-29 22:05:07] /shop/index.php?controller=cate&action=index&cate_id=5465&key=3&order=1&ci=1 ( act=cate&action=index ) 
ERR: Db Error: Unknown column 'contract_1' in 'where clause'
SELECT COUNT(*) AS nc_count FROM `goods_common` WHERE ( contract_1 = '1' ) LIMIT 1  
[2020-04-29 22:08:37] /shop/index.php?action=index&area_id=5&cate_id=762&ci=3_1_4&controller=cate&new=1 ( act=cate&action=index ) 
ERR: Db Error: Unknown column 'contract_3' in 'where clause'
SELECT COUNT(*) AS nc_count FROM `goods_common` WHERE ( areaid_1 = '5' ) AND ( is_new_arrival = '1' ) AND ( contract_3 = '1' ) AND ( contract_1 = '1' ) AND ( contract_4 = '1' ) LIMIT 1  
[2020-04-29 22:15:33] /shop/index.php?action=index&area_id=12&cate_id=5550&ci=2&controller=cate ( act=cate&action=index ) 
ERR: Db Error: Unknown column 'contract_2' in 'where clause'
SELECT COUNT(*) AS nc_count FROM `goods_common` WHERE ( gc_id_3 = '5550' ) AND ( areaid_1 = '12' ) AND ( contract_2 = '1' ) LIMIT 1  
[2020-04-29 22:32:47] /shop/index.php?controller=cate&action=index&cate_id=3591&key=3&order=2&new=&ci=3_1&yx=1&area_id=27&type=1 ( act=cate&action=index ) 
ERR: Db Error: Unknown column 'contract_3' in 'where clause'
SELECT COUNT(*) AS nc_count FROM `goods_common` WHERE ( areaid_1 = '27' ) AND ( is_own_shop = '1' ) AND ( is_select = '1' ) AND ( contract_3 = '1' ) AND ( contract_1 = '1' ) LIMIT 1  
[2020-04-29 22:33:48] /shop/index.php?controller=cate&action=index&cate_id=3415&key=1&order=2&type=&new=1&ci=4 ( act=cate&action=index ) 
ERR: Db Error: Unknown column 'contract_4' in 'where clause'
SELECT COUNT(*) AS nc_count FROM `goods_common` WHERE ( is_new_arrival = '1' ) AND ( contract_4 = '1' ) LIMIT 1  
[2020-04-29 22:41:00] /shop/index.php?controller=cate&action=index&cate_id=158&key=3&order=2&yx=1&ci=1_4&type=1&new= ( act=cate&action=index ) 
ERR: Db Error: Unknown column 'contract_1' in 'where clause'
SELECT COUNT(*) AS nc_count FROM `goods_common` WHERE ( is_own_shop = '1' ) AND ( is_select = '1' ) AND ( contract_1 = '1' ) AND ( contract_4 = '1' ) LIMIT 1  
[2020-04-29 22:49:55] /shop/index.php?controller=cate&action=index&cate_id=4477&key=3&order=2&new=1&area_id=14&ci=2 ( act=cate&action=index ) 
ERR: Db Error: Unknown column 'contract_2' in 'where clause'
SELECT COUNT(*) AS nc_count FROM `goods_common` WHERE ( areaid_1 = '14' ) AND ( is_new_arrival = '1' ) AND ( contract_2 = '1' ) LIMIT 1  
[2020-04-29 22:55:24] /shop/index.php?controller=cate&action=index&cate_id=4849&type=1&key=2&order=2&ci=4_3 ( act=cate&action=index ) 
ERR: Db Error: Unknown column 'contract_4' in 'where clause'
SELECT COUNT(*) AS nc_count FROM `goods_common` WHERE ( is_own_shop = '1' ) AND ( contract_4 = '1' ) AND ( contract_3 = '1' ) LIMIT 1  
[2020-04-29 22:58:31] /shop/index.php?controller=cate&action=index&cate_id=3326&key=3&order=2&gift=&type=&ci=2_4 ( act=cate&action=index ) 
ERR: Db Error: Unknown column 'contract_2' in 'where clause'
SELECT COUNT(*) AS nc_count FROM `goods_common` WHERE ( contract_2 = '1' ) AND ( contract_4 = '1' ) LIMIT 1  
[2020-04-29 23:00:08] /shop/index.php?action=index&area_id=33&cate_id=645&ci=2&controller=cate&new=1&type=1 ( act=cate&action=index ) 
ERR: Db Error: Unknown column 'contract_2' in 'where clause'
SELECT COUNT(*) AS nc_count FROM `goods_common` WHERE ( areaid_1 = '33' ) AND ( is_own_shop = '1' ) AND ( is_new_arrival = '1' ) AND ( contract_2 = '1' ) LIMIT 1  
[2020-04-29 23:02:39] /shop/index.php?controller=cate&action=index&cate_id=5048&key=2&order=1&area_id=24&type=&ci=2 ( act=cate&action=index ) 
ERR: Db Error: Unknown column 'contract_2' in 'where clause'
SELECT COUNT(*) AS nc_count FROM `goods_common` WHERE ( areaid_1 = '24' ) AND ( contract_2 = '1' ) LIMIT 1  
[2020-04-29 23:09:48] /shop/index.php?controller=cate&action=index&cate_id=3327&key=1&order=1&area_id=33&ci=1_3&new=1&type=1 ( act=cate&action=index ) 
ERR: Db Error: Unknown column 'contract_1' in 'where clause'
SELECT COUNT(*) AS nc_count FROM `goods_common` WHERE ( areaid_1 = '33' ) AND ( is_own_shop = '1' ) AND ( is_new_arrival = '1' ) AND ( contract_1 = '1' ) AND ( contract_3 = '1' ) LIMIT 1  
[2020-04-29 23:17:01] /shop/index.php?controller=cate&action=index&cate_id=1068&key=3&order=2&gift=&ci=4 ( act=cate&action=index ) 
ERR: Db Error: Unknown column 'contract_4' in 'where clause'
SELECT COUNT(*) AS nc_count FROM `goods_common` WHERE ( gc_id_1 = '1068' ) AND ( contract_4 = '1' ) LIMIT 1  
[2020-04-29 23:23:46] /shop/index.php?action=index&area_id=9&cate_id=490&ci=4_2_3&controller=cate&gift=1&type=1 ( act=cate&action=index ) 
ERR: Db Error: Unknown column 'contract_4' in 'where clause'
SELECT COUNT(*) AS nc_count FROM `goods_common` WHERE ( areaid_1 = '9' ) AND ( is_own_shop = '1' ) AND ( contract_4 = '1' ) AND ( contract_2 = '1' ) AND ( contract_3 = '1' ) LIMIT 1  
[2020-04-29 23:24:14] /shop/index.php?controller=cate&action=index&cate_id=2627&key=2&order=1&new=&ci=4&yx=1&type=1 ( act=cate&action=index ) 
ERR: Db Error: Unknown column 'contract_4' in 'where clause'
SELECT COUNT(*) AS nc_count FROM `goods_common` WHERE ( is_own_shop = '1' ) AND ( is_select = '1' ) AND ( contract_4 = '1' ) LIMIT 1  
[2020-04-29 23:31:24] /shop/index.php?controller=cate&action=index&cate_id=4197&key=&order=&gift=1&ci=3_1&new=1 ( act=cate&action=index ) 
ERR: Db Error: Unknown column 'contract_3' in 'where clause'
SELECT COUNT(*) AS nc_count FROM `goods_common` WHERE ( is_new_arrival = '1' ) AND ( contract_3 = '1' ) AND ( contract_1 = '1' ) LIMIT 1  
[2020-04-29 23:35:41] /shop/index.php?controller=cate&action=index&cate_id=4955&key=1&order=1&ci=4&gift=1&new=1&type=1&area_id=28 ( act=cate&action=index ) 
ERR: Db Error: Unknown column 'contract_4' in 'where clause'
SELECT COUNT(*) AS nc_count FROM `goods_common` WHERE ( areaid_1 = '28' ) AND ( is_own_shop = '1' ) AND ( is_new_arrival = '1' ) AND ( contract_4 = '1' ) LIMIT 1  
[2020-04-29 23:43:09] /shop/index.php?action=index&area_id=19&cate_id=38&ci=4_2&controller=cate ( act=cate&action=index ) 
ERR: Db Error: Unknown column 'contract_4' in 'where clause'
SELECT COUNT(*) AS nc_count FROM `goods_common` WHERE ( areaid_1 = '19' ) AND ( contract_4 = '1' ) AND ( contract_2 = '1' ) LIMIT 1  
[2020-04-29 23:54:09] /shop/index.php?action=index&area_id=17&cate_id=5523&ci=4&controller=cate ( act=cate&action=index ) 
ERR: Db Error: Unknown column 'contract_4' in 'where clause'
SELECT COUNT(*) AS nc_count FROM `goods_common` WHERE ( gc_id_3 = '5523' ) AND ( areaid_1 = '17' ) AND ( contract_4 = '1' ) LIMIT 1  
