[2020-05-29 00:20:53] /shop/index.php?controller=cate&action=index&cate_id=5254&gift=1&key=1&order=2&ci=4 ( act=cate&action=index ) 
ERR: Db Error: Unknown column 'contract_4' in 'where clause'
SELECT COUNT(*) AS nc_count FROM `goods_common` WHERE ( contract_4 = '1' ) LIMIT 1  
[2020-05-29 00:35:16] /shop/index.php?controller=cate&action=index&cate_id=3599&key=&order=&type=&ci=1&yx=1 ( act=cate&action=index ) 
ERR: Db Error: Unknown column 'contract_1' in 'where clause'
SELECT COUNT(*) AS nc_count FROM `goods_common` WHERE ( is_select = '1' ) AND ( contract_1 = '1' ) LIMIT 1  
[2020-05-29 00:42:28] /shop/index.php?controller=cate&action=index&cate_id=2314&type=1&key=3&order=1&new=&ci=2&gift=&yx= ( act=cate&action=index ) 
ERR: Db Error: Unknown column 'contract_2' in 'where clause'
SELECT COUNT(*) AS nc_count FROM `goods_common` WHERE ( is_own_shop = '1' ) AND ( contract_2 = '1' ) LIMIT 1  
[2020-05-29 00:43:53] /shop/index.php?action=index&area_id=35&cate_id=5495&ci=4&controller=cate&gift=1 ( act=cate&action=index ) 
ERR: Db Error: Unknown column 'contract_4' in 'where clause'
SELECT COUNT(*) AS nc_count FROM `goods_common` WHERE ( gc_id_2 = '5495' ) AND ( areaid_1 = '35' ) AND ( contract_4 = '1' ) LIMIT 1  
[2020-05-29 00:56:52] /shop/index.php?controller=cate&action=index&cate_id=4904&yx=1&key=3&order=2&type=&new=1&area_id=28&ci=2 ( act=cate&action=index ) 
ERR: Db Error: Unknown column 'contract_2' in 'where clause'
SELECT COUNT(*) AS nc_count FROM `goods_common` WHERE ( areaid_1 = '28' ) AND ( is_new_arrival = '1' ) AND ( is_select = '1' ) AND ( contract_2 = '1' ) LIMIT 1  
[2020-05-29 01:07:13] /shop/index.php?action=index&area_id=24&cate_id=5495&ci=3&controller=cate&gift=1 ( act=cate&action=index ) 
ERR: Db Error: Unknown column 'contract_3' in 'where clause'
SELECT COUNT(*) AS nc_count FROM `goods_common` WHERE ( gc_id_2 = '5495' ) AND ( areaid_1 = '24' ) AND ( contract_3 = '1' ) LIMIT 1  
[2020-05-29 01:18:28] /shop/index.php?controller=cate&action=index&cate_id=53&yx=&ci=4_2&key=3&order=2&gift= ( act=cate&action=index ) 
ERR: Db Error: Unknown column 'contract_4' in 'where clause'
SELECT COUNT(*) AS nc_count FROM `goods_common` WHERE ( contract_4 = '1' ) AND ( contract_2 = '1' ) LIMIT 1  
[2020-05-29 01:32:52] /shop/index.php?controller=cate&action=index&cate_id=2166&ci=4&key=1&order=2&yx=1 ( act=cate&action=index ) 
ERR: Db Error: Unknown column 'contract_4' in 'where clause'
SELECT COUNT(*) AS nc_count FROM `goods_common` WHERE ( gc_id_3 = '2166' ) AND ( is_select = '1' ) AND ( contract_4 = '1' ) LIMIT 1  
[2020-05-29 01:54:28] /shop/index.php?controller=cate&action=index&cate_id=698&gift=1&key=1&order=2&type=&yx=1&ci=3 ( act=cate&action=index ) 
ERR: Db Error: Unknown column 'contract_3' in 'where clause'
SELECT COUNT(*) AS nc_count FROM `goods_common` WHERE ( is_select = '1' ) AND ( contract_3 = '1' ) LIMIT 1  
[2020-05-29 02:16:04] /shop/index.php?controller=cate&action=index&cate_id=2332&type=&key=2&order=2&area_id=&gift=&ci=2_4&yx=&new= ( act=cate&action=index ) 
ERR: Db Error: Unknown column 'contract_2' in 'where clause'
SELECT COUNT(*) AS nc_count FROM `goods_common` WHERE ( contract_2 = '1' ) AND ( contract_4 = '1' ) LIMIT 1  
[2020-05-29 02:40:22] /shop/index.php?controller=cate&action=index&cate_id=3622&gift=&ci=2_4&key=3&order=2&new=&yx=1&area_id=22 ( act=cate&action=index ) 
ERR: Db Error: Unknown column 'contract_2' in 'where clause'
SELECT COUNT(*) AS nc_count FROM `goods_common` WHERE ( areaid_1 = '22' ) AND ( is_select = '1' ) AND ( contract_2 = '1' ) AND ( contract_4 = '1' ) LIMIT 1  
[2020-05-29 02:52:05] /shop/index.php?action=index&cate_id=5495&ci=1&controller=cate&key=3&order=2&yx=1 ( act=cate&action=index ) 
ERR: Db Error: Unknown column 'contract_1' in 'where clause'
SELECT COUNT(*) AS nc_count FROM `goods_common` WHERE ( gc_id_2 = '5495' ) AND ( is_select = '1' ) AND ( contract_1 = '1' ) LIMIT 1  
[2020-05-29 02:59:16] /shop/index.php?controller=cate&action=index&cate_id=4611&ci=2&key=2&order=1&new=&area_id=29&yx=1 ( act=cate&action=index ) 
ERR: Db Error: Unknown column 'contract_2' in 'where clause'
SELECT COUNT(*) AS nc_count FROM `goods_common` WHERE ( areaid_1 = '29' ) AND ( is_select = '1' ) AND ( contract_2 = '1' ) LIMIT 1  
[2020-05-29 03:49:40] /shop/index.php?controller=cate&action=index&cate_id=760&ci=4 ( act=cate&action=index ) 
ERR: Db Error: Unknown column 'contract_4' in 'where clause'
SELECT COUNT(*) AS nc_count FROM `goods_common` WHERE ( contract_4 = '1' ) LIMIT 1  
[2020-05-29 03:50:47] /shop/index.php?controller=cate&action=index&cate_id=192&key=&order=&ci=4&new=1&type=1&gift=&area_id=32 ( act=cate&action=index ) 
ERR: Db Error: Unknown column 'contract_4' in 'where clause'
SELECT COUNT(*) AS nc_count FROM `goods_common` WHERE ( areaid_1 = '32' ) AND ( is_own_shop = '1' ) AND ( is_new_arrival = '1' ) AND ( contract_4 = '1' ) LIMIT 1  
[2020-05-29 03:56:52] /shop/index.php?controller=cate&action=index&cate_id=2166&ci=4&key=2&order=2&yx=1&new=1 ( act=cate&action=index ) 
ERR: Db Error: Unknown column 'contract_4' in 'where clause'
SELECT COUNT(*) AS nc_count FROM `goods_common` WHERE ( gc_id_3 = '2166' ) AND ( is_new_arrival = '1' ) AND ( is_select = '1' ) AND ( contract_4 = '1' ) LIMIT 1  
[2020-05-29 04:09:46] /shop/index.php?action=index&cate_id=5495&ci=3_1&controller=cate&new=1 ( act=cate&action=index ) 
ERR: Db Error: Unknown column 'contract_3' in 'where clause'
SELECT COUNT(*) AS nc_count FROM `goods_common` WHERE ( gc_id_2 = '5495' ) AND ( is_new_arrival = '1' ) AND ( contract_3 = '1' ) AND ( contract_1 = '1' ) LIMIT 1  
[2020-05-29 04:27:16] /shop/index.php?action=index&cate_id=5495&ci=3_4&controller=cate&yx=1 ( act=cate&action=index ) 
ERR: Db Error: Unknown column 'contract_3' in 'where clause'
SELECT COUNT(*) AS nc_count FROM `goods_common` WHERE ( gc_id_2 = '5495' ) AND ( is_select = '1' ) AND ( contract_3 = '1' ) AND ( contract_4 = '1' ) LIMIT 1  
[2020-05-29 04:32:52] /shop/index.php?controller=cate&action=index&cate_id=2347&gift=&new=1&ci=2_1&yx=&key=3&order=2&type= ( act=cate&action=index ) 
ERR: Db Error: Unknown column 'contract_2' in 'where clause'
SELECT COUNT(*) AS nc_count FROM `goods_common` WHERE ( is_new_arrival = '1' ) AND ( contract_2 = '1' ) AND ( contract_1 = '1' ) LIMIT 1  
[2020-05-29 04:44:47] /shop/index.php?action=index&area_id=21&cate_id=5495&ci=2&controller=cate ( act=cate&action=index ) 
ERR: Db Error: Unknown column 'contract_2' in 'where clause'
SELECT COUNT(*) AS nc_count FROM `goods_common` WHERE ( gc_id_2 = '5495' ) AND ( areaid_1 = '21' ) AND ( contract_2 = '1' ) LIMIT 1  
[2020-05-29 05:02:27] /shop/index.php?action=index&area_id=33&cate_id=5495&ci=2&controller=cate ( act=cate&action=index ) 
ERR: Db Error: Unknown column 'contract_2' in 'where clause'
SELECT COUNT(*) AS nc_count FROM `goods_common` WHERE ( gc_id_2 = '5495' ) AND ( areaid_1 = '33' ) AND ( contract_2 = '1' ) LIMIT 1  
[2020-05-29 05:16:04] /shop/index.php?controller=cate&action=index&cate_id=2942&type=&key=1&order=2&gift=&ci=3 ( act=cate&action=index ) 
ERR: Db Error: Unknown column 'contract_3' in 'where clause'
SELECT COUNT(*) AS nc_count FROM `goods_common` WHERE ( contract_3 = '1' ) LIMIT 1  
[2020-05-29 05:23:57] /shop/index.php?action=index&area_id=8&cate_id=5495&ci=1&controller=cate ( act=cate&action=index ) 
ERR: Db Error: Unknown column 'contract_1' in 'where clause'
SELECT COUNT(*) AS nc_count FROM `goods_common` WHERE ( gc_id_2 = '5495' ) AND ( areaid_1 = '8' ) AND ( contract_1 = '1' ) LIMIT 1  
[2020-05-29 05:37:40] /shop/index.php?controller=cate&action=index&cate_id=374&gift=&ci=3&key=1&order=2 ( act=cate&action=index ) 
ERR: Db Error: Unknown column 'contract_3' in 'where clause'
SELECT COUNT(*) AS nc_count FROM `goods_common` WHERE ( contract_3 = '1' ) LIMIT 1  
[2020-05-29 05:52:04] /shop/index.php?controller=cate&action=index&cate_id=2168&type=1&ci=3_4&key=1&order=2&yx=&new= ( act=cate&action=index ) 
ERR: Db Error: Unknown column 'contract_3' in 'where clause'
SELECT COUNT(*) AS nc_count FROM `goods_common` WHERE ( gc_id_3 = '2168' ) AND ( is_own_shop = '1' ) AND ( contract_3 = '1' ) AND ( contract_4 = '1' ) LIMIT 1  
[2020-05-29 05:59:16] /shop/index.php?controller=cate&action=index&cate_id=2354&type=&gift=1&key=2&order=1&ci=1_3&yx= ( act=cate&action=index ) 
ERR: Db Error: Unknown column 'contract_1' in 'where clause'
SELECT COUNT(*) AS nc_count FROM `goods_common` WHERE ( contract_1 = '1' ) AND ( contract_3 = '1' ) LIMIT 1  
[2020-05-29 06:06:28] /shop/index.php?controller=cate&action=index&cate_id=203&key=&order=&area_id=34&ci=2&new=1&gift=1 ( act=cate&action=index ) 
ERR: Db Error: Unknown column 'contract_2' in 'where clause'
SELECT COUNT(*) AS nc_count FROM `goods_common` WHERE ( areaid_1 = '34' ) AND ( is_new_arrival = '1' ) AND ( contract_2 = '1' ) LIMIT 1  
[2020-05-29 06:16:29] /shop/index.php?action=index&cate_id=5495&ci=3&controller=cate&key=2&new=1&order=2 ( act=cate&action=index ) 
ERR: Db Error: Unknown column 'contract_3' in 'where clause'
SELECT COUNT(*) AS nc_count FROM `goods_common` WHERE ( gc_id_2 = '5495' ) AND ( is_new_arrival = '1' ) AND ( contract_3 = '1' ) LIMIT 1  
[2020-05-29 06:28:04] /shop/index.php?controller=cate&action=index&cate_id=3622&gift=&ci=2_4&key=1&order=2&new= ( act=cate&action=index ) 
ERR: Db Error: Unknown column 'contract_2' in 'where clause'
SELECT COUNT(*) AS nc_count FROM `goods_common` WHERE ( contract_2 = '1' ) AND ( contract_4 = '1' ) LIMIT 1  
[2020-05-29 06:49:40] /shop/index.php?controller=cate&action=index&cate_id=5443&ci=4_3_2&key=1&order=1&yx=&type=&new=1 ( act=cate&action=index ) 
ERR: Db Error: Unknown column 'contract_4' in 'where clause'
SELECT COUNT(*) AS nc_count FROM `goods_common` WHERE ( is_new_arrival = '1' ) AND ( contract_4 = '1' ) AND ( contract_3 = '1' ) AND ( contract_2 = '1' ) LIMIT 1  
[2020-05-29 07:09:18] /shop/index.php?action=index&area_id=26&cate_id=5495&ci=3&controller=cate&new=1 ( act=cate&action=index ) 
ERR: Db Error: Unknown column 'contract_3' in 'where clause'
SELECT COUNT(*) AS nc_count FROM `goods_common` WHERE ( gc_id_2 = '5495' ) AND ( areaid_1 = '26' ) AND ( is_new_arrival = '1' ) AND ( contract_3 = '1' ) LIMIT 1  
[2020-05-29 07:18:28] /shop/index.php?controller=cate&action=index&cate_id=4005&area_id=4&ci=1&key=2&order=1&type=&new=&yx=1&gift= ( act=cate&action=index ) 
ERR: Db Error: Unknown column 'contract_1' in 'where clause'
SELECT COUNT(*) AS nc_count FROM `goods_common` WHERE ( areaid_1 = '4' ) AND ( is_select = '1' ) AND ( contract_1 = '1' ) LIMIT 1  
[2020-05-29 07:32:52] /shop/index.php?controller=cate&action=index&cate_id=2412&ci=2&area_id=33&key=1&order=1&type= ( act=cate&action=index ) 
ERR: Db Error: Unknown column 'contract_2' in 'where clause'
SELECT COUNT(*) AS nc_count FROM `goods_common` WHERE ( areaid_1 = '33' ) AND ( contract_2 = '1' ) LIMIT 1  
[2020-05-29 07:43:12] /shop/index.php?controller=cate&action=index&cate_id=158&key=1&order=1&yx=1&ci=1_4&type=1&new= ( act=cate&action=index ) 
ERR: Db Error: Unknown column 'contract_1' in 'where clause'
SELECT COUNT(*) AS nc_count FROM `goods_common` WHERE ( is_own_shop = '1' ) AND ( is_select = '1' ) AND ( contract_1 = '1' ) AND ( contract_4 = '1' ) LIMIT 1  
[2020-05-29 08:16:05] /shop/index.php?controller=cate&action=index&cate_id=248&area_id=4&gift=1&ci=4&yx=&key=1&order=2 ( act=cate&action=index ) 
ERR: Db Error: Unknown column 'contract_4' in 'where clause'
SELECT COUNT(*) AS nc_count FROM `goods_common` WHERE ( areaid_1 = '4' ) AND ( contract_4 = '1' ) LIMIT 1  
[2020-05-29 09:13:40] /shop/index.php?controller=cate&action=index&cate_id=3327&key=2&order=2&ci=1&new=1&type=1 ( act=cate&action=index ) 
ERR: Db Error: Unknown column 'contract_1' in 'where clause'
SELECT COUNT(*) AS nc_count FROM `goods_common` WHERE ( is_own_shop = '1' ) AND ( is_new_arrival = '1' ) AND ( contract_1 = '1' ) LIMIT 1  
[2020-05-29 09:55:21] /shop/index.php?action=index&area_id=34&cate_id=5495&ci=2&controller=cate&new=1 ( act=cate&action=index ) 
ERR: Db Error: Unknown column 'contract_2' in 'where clause'
SELECT COUNT(*) AS nc_count FROM `goods_common` WHERE ( gc_id_2 = '5495' ) AND ( areaid_1 = '34' ) AND ( is_new_arrival = '1' ) AND ( contract_2 = '1' ) LIMIT 1  
[2020-05-29 09:56:36] /shop/index.php?action=index&area_id=6&cate_id=5589&ci=3_2&controller=cate&key=&order= ( act=cate&action=index ) 
ERR: Db Error: Unknown column 'contract_3' in 'where clause'
SELECT COUNT(*) AS nc_count FROM `goods_common` WHERE ( gc_id_2 = '5589' ) AND ( areaid_1 = '6' ) AND ( contract_3 = '1' ) AND ( contract_2 = '1' ) LIMIT 1  
[2020-05-29 10:13:51] /shop/index.php?action=index&area_id=31&cate_id=5495&ci=3&controller=cate&yx=1 ( act=cate&action=index ) 
ERR: Db Error: Unknown column 'contract_3' in 'where clause'
SELECT COUNT(*) AS nc_count FROM `goods_common` WHERE ( gc_id_2 = '5495' ) AND ( areaid_1 = '31' ) AND ( is_select = '1' ) AND ( contract_3 = '1' ) LIMIT 1  
[2020-05-29 10:47:16] /shop/index.php?controller=cate&action=index&cate_id=4791&key=3&order=1&ci=4_3&yx=1 ( act=cate&action=index ) 
ERR: Db Error: Unknown column 'contract_4' in 'where clause'
SELECT COUNT(*) AS nc_count FROM `goods_common` WHERE ( is_select = '1' ) AND ( contract_4 = '1' ) AND ( contract_3 = '1' ) LIMIT 1  
[2020-05-29 10:56:32] /shop/index.php?action=index&area_id=28&cate_id=5495&ci=3&controller=cate&key=1&order=2 ( act=cate&action=index ) 
ERR: Db Error: Unknown column 'contract_3' in 'where clause'
SELECT COUNT(*) AS nc_count FROM `goods_common` WHERE ( gc_id_2 = '5495' ) AND ( areaid_1 = '28' ) AND ( contract_3 = '1' ) LIMIT 1  
[2020-05-29 11:07:52] /shop/index.php?action=index&area_id=29&cate_id=5495&ci=4&controller=cate&key=2&order=2 ( act=cate&action=index ) 
ERR: Db Error: Unknown column 'contract_4' in 'where clause'
SELECT COUNT(*) AS nc_count FROM `goods_common` WHERE ( gc_id_2 = '5495' ) AND ( areaid_1 = '29' ) AND ( contract_4 = '1' ) LIMIT 1  
[2020-05-29 11:16:04] /shop/index.php?controller=cate&action=index&cate_id=2171&type=1&yx=&key=&order=&ci=3&gift=1 ( act=cate&action=index ) 
ERR: Db Error: Unknown column 'contract_3' in 'where clause'
SELECT COUNT(*) AS nc_count FROM `goods_common` WHERE ( is_own_shop = '1' ) AND ( contract_3 = '1' ) LIMIT 1  
[2020-05-29 11:27:52] /shop/index.php?action=index&area_id=28&cate_id=5495&ci=1_4&controller=cate ( act=cate&action=index ) 
ERR: Db Error: Unknown column 'contract_1' in 'where clause'
SELECT COUNT(*) AS nc_count FROM `goods_common` WHERE ( gc_id_2 = '5495' ) AND ( areaid_1 = '28' ) AND ( contract_1 = '1' ) AND ( contract_4 = '1' ) LIMIT 1  
[2020-05-29 11:34:16] /shop/index.php?controller=cate&action=index&cate_id=4990&type=1&ci=4&area_id=24&order=&key= ( act=cate&action=index ) 
ERR: Db Error: Unknown column 'contract_4' in 'where clause'
SELECT COUNT(*) AS nc_count FROM `goods_common` WHERE ( areaid_1 = '24' ) AND ( is_own_shop = '1' ) AND ( contract_4 = '1' ) LIMIT 1  
[2020-05-29 11:46:07] /shop/index.php?action=index&area_id=10&cate_id=5497&ci=4_3&controller=cate ( act=cate&action=index ) 
ERR: Db Error: Unknown column 'contract_4' in 'where clause'
SELECT COUNT(*) AS nc_count FROM `goods_common` WHERE ( gc_id_3 = '5497' ) AND ( areaid_1 = '10' ) AND ( contract_4 = '1' ) AND ( contract_3 = '1' ) LIMIT 1  
[2020-05-29 12:28:04] /shop/index.php?controller=cate&action=index&cate_id=4929&area_id=3&key=2&order=2&gift=&ci=2&yx=&type=1 ( act=cate&action=index ) 
ERR: Db Error: Unknown column 'contract_2' in 'where clause'
SELECT COUNT(*) AS nc_count FROM `goods_common` WHERE ( areaid_1 = '3' ) AND ( is_own_shop = '1' ) AND ( contract_2 = '1' ) LIMIT 1  
[2020-05-29 12:28:17] /shop/index.php?action=index&area_id=17&cate_id=5495&ci=4&controller=cate&new=1 ( act=cate&action=index ) 
ERR: Db Error: Unknown column 'contract_4' in 'where clause'
SELECT COUNT(*) AS nc_count FROM `goods_common` WHERE ( gc_id_2 = '5495' ) AND ( areaid_1 = '17' ) AND ( is_new_arrival = '1' ) AND ( contract_4 = '1' ) LIMIT 1  
[2020-05-29 12:35:16] /shop/index.php?controller=cate&action=index&cate_id=2866&key=&order=&ci=4_2&new=&area_id=1&gift=&type=&yx=1 ( act=cate&action=index ) 
ERR: Db Error: Unknown column 'contract_4' in 'where clause'
SELECT COUNT(*) AS nc_count FROM `goods_common` WHERE ( areaid_1 = '1' ) AND ( is_select = '1' ) AND ( contract_4 = '1' ) AND ( contract_2 = '1' ) LIMIT 1  
[2020-05-29 12:40:57] /shop/index.php?controller=cate&action=index&cate_id=4990&type=1&ci=4&area_id=24&key=1&order=2 ( act=cate&action=index ) 
ERR: Db Error: Unknown column 'contract_4' in 'where clause'
SELECT COUNT(*) AS nc_count FROM `goods_common` WHERE ( areaid_1 = '24' ) AND ( is_own_shop = '1' ) AND ( contract_4 = '1' ) LIMIT 1  
[2020-05-29 13:02:18] /shop/index.php?action=index&area_id=21&cate_id=5589&ci=3_2&controller=cate ( act=cate&action=index ) 
ERR: Db Error: Unknown column 'contract_3' in 'where clause'
SELECT COUNT(*) AS nc_count FROM `goods_common` WHERE ( gc_id_2 = '5589' ) AND ( areaid_1 = '21' ) AND ( contract_3 = '1' ) AND ( contract_2 = '1' ) LIMIT 1  
[2020-05-29 13:02:48] /shop/index.php?action=index&area_id=35&cate_id=5495&ci=1_3&controller=cate ( act=cate&action=index ) 
ERR: Db Error: Unknown column 'contract_1' in 'where clause'
SELECT COUNT(*) AS nc_count FROM `goods_common` WHERE ( gc_id_2 = '5495' ) AND ( areaid_1 = '35' ) AND ( contract_1 = '1' ) AND ( contract_3 = '1' ) LIMIT 1  
[2020-05-29 13:11:16] /shop/index.php?controller=cate&action=index&cate_id=4258&new=1&key=1&order=2&gift=1&ci=1 ( act=cate&action=index ) 
ERR: Db Error: Unknown column 'contract_1' in 'where clause'
SELECT COUNT(*) AS nc_count FROM `goods_common` WHERE ( is_new_arrival = '1' ) AND ( contract_1 = '1' ) LIMIT 1  
[2020-05-29 13:16:55] /shop/index.php?action=index&area_id=1&cate_id=5581&ci=4_3&controller=cate ( act=cate&action=index ) 
ERR: Db Error: Unknown column 'contract_4' in 'where clause'
SELECT COUNT(*) AS nc_count FROM `goods_common` WHERE ( gc_id_2 = '5581' ) AND ( areaid_1 = '1' ) AND ( contract_4 = '1' ) AND ( contract_3 = '1' ) LIMIT 1  
[2020-05-29 13:18:28] /shop/index.php?controller=cate&action=index&cate_id=4201&yx=1&key=2&order=1&new=1&type=1&gift=&ci=4 ( act=cate&action=index ) 
ERR: Db Error: Unknown column 'contract_4' in 'where clause'
SELECT COUNT(*) AS nc_count FROM `goods_common` WHERE ( is_own_shop = '1' ) AND ( is_new_arrival = '1' ) AND ( is_select = '1' ) AND ( contract_4 = '1' ) LIMIT 1  
[2020-05-29 13:31:32] /shop/index.php?controller=cate&action=index&cate_id=782&key=2&order=2&new=&ci=3&yx=1&gift=1 ( act=cate&action=index ) 
ERR: Db Error: Unknown column 'contract_3' in 'where clause'
SELECT COUNT(*) AS nc_count FROM `goods_common` WHERE ( is_select = '1' ) AND ( contract_3 = '1' ) LIMIT 1  
[2020-05-29 13:32:52] /shop/index.php?controller=cate&action=index&cate_id=571&ci=4_1&area_id=29&key=1&order=1&gift=1&new= ( act=cate&action=index ) 
ERR: Db Error: Unknown column 'contract_4' in 'where clause'
SELECT COUNT(*) AS nc_count FROM `goods_common` WHERE ( areaid_1 = '29' ) AND ( contract_4 = '1' ) AND ( contract_1 = '1' ) LIMIT 1  
[2020-05-29 13:38:20] /shop/index.php?action=index&area_id=28&cate_id=5495&ci=1_2&controller=cate ( act=cate&action=index ) 
ERR: Db Error: Unknown column 'contract_1' in 'where clause'
SELECT COUNT(*) AS nc_count FROM `goods_common` WHERE ( gc_id_2 = '5495' ) AND ( areaid_1 = '28' ) AND ( contract_1 = '1' ) AND ( contract_2 = '1' ) LIMIT 1  
[2020-05-29 13:40:04] /shop/index.php?controller=cate&action=index&cate_id=597&key=1&order=2&yx=1&new=&gift=&ci=4 ( act=cate&action=index ) 
ERR: Db Error: Unknown column 'contract_4' in 'where clause'
SELECT COUNT(*) AS nc_count FROM `goods_common` WHERE ( is_select = '1' ) AND ( contract_4 = '1' ) LIMIT 1  
[2020-05-29 14:00:59] /shop/index.php?controller=cate&action=index&cate_id=4990&type=1&ci=4&area_id=24&key=3&order=2 ( act=cate&action=index ) 
ERR: Db Error: Unknown column 'contract_4' in 'where clause'
SELECT COUNT(*) AS nc_count FROM `goods_common` WHERE ( areaid_1 = '24' ) AND ( is_own_shop = '1' ) AND ( contract_4 = '1' ) LIMIT 1  
[2020-05-29 14:20:29] /shop/index.php?action=index&area_id=22&cate_id=5494&ci=1&controller=cate&gift=1 ( act=cate&action=index ) 
ERR: Db Error: Unknown column 'contract_1' in 'where clause'
SELECT COUNT(*) AS nc_count FROM `goods_common` WHERE ( gc_id_2 = '5494' ) AND ( areaid_1 = '22' ) AND ( contract_1 = '1' ) LIMIT 1  
[2020-05-29 14:20:51] /shop/index.php?controller=cate&action=index&cate_id=761&ci=1 ( act=cate&action=index ) 
ERR: Db Error: Unknown column 'contract_1' in 'where clause'
SELECT COUNT(*) AS nc_count FROM `goods_common` WHERE ( contract_1 = '1' ) LIMIT 1  
[2020-05-29 14:23:16] /shop/index.php?controller=cate&action=index&cate_id=192&key=&order=&ci=4&new=1&yx=1 ( act=cate&action=index ) 
ERR: Db Error: Unknown column 'contract_4' in 'where clause'
SELECT COUNT(*) AS nc_count FROM `goods_common` WHERE ( is_new_arrival = '1' ) AND ( is_select = '1' ) AND ( contract_4 = '1' ) LIMIT 1  
[2020-05-29 14:30:28] /shop/index.php?controller=cate&action=index&cate_id=2298&type=&new=&key=3&order=1&gift=&ci=2 ( act=cate&action=index ) 
ERR: Db Error: Unknown column 'contract_2' in 'where clause'
SELECT COUNT(*) AS nc_count FROM `goods_common` WHERE ( contract_2 = '1' ) LIMIT 1  
[2020-05-29 14:52:04] /shop/index.php?controller=cate&action=index&cate_id=3667&key=1&order=1&ci=1&gift=1 ( act=cate&action=index ) 
ERR: Db Error: Unknown column 'contract_1' in 'where clause'
SELECT COUNT(*) AS nc_count FROM `goods_common` WHERE ( contract_1 = '1' ) LIMIT 1  
[2020-05-29 15:12:36] /shop/index.php?controller=cate&action=index&cate_id=3568&new=1&type=1&key=3&order=2&ci=3 ( act=cate&action=index ) 
ERR: Db Error: Unknown column 'contract_3' in 'where clause'
SELECT COUNT(*) AS nc_count FROM `goods_common` WHERE ( is_own_shop = '1' ) AND ( is_new_arrival = '1' ) AND ( contract_3 = '1' ) LIMIT 1  
[2020-05-29 15:20:52] /shop/index.php?controller=cate&action=index&cate_id=731&area_id=15&gift=1&ci=2&new=1 ( act=cate&action=index ) 
ERR: Db Error: Unknown column 'contract_2' in 'where clause'
SELECT COUNT(*) AS nc_count FROM `goods_common` WHERE ( areaid_1 = '15' ) AND ( is_new_arrival = '1' ) AND ( contract_2 = '1' ) LIMIT 1  
[2020-05-29 15:28:04] /shop/index.php?controller=cate&action=index&cate_id=595&order=1&key=1&ci=2&gift=&type=1 ( act=cate&action=index ) 
ERR: Db Error: Unknown column 'contract_2' in 'where clause'
SELECT COUNT(*) AS nc_count FROM `goods_common` WHERE ( is_own_shop = '1' ) AND ( contract_2 = '1' ) LIMIT 1  
[2020-05-29 15:56:52] /shop/index.php?controller=cate&action=index&cate_id=2690&key=1&order=2&ci=3&new=&yx=&area_id=8&gift=1&type= ( act=cate&action=index ) 
ERR: Db Error: Unknown column 'contract_3' in 'where clause'
SELECT COUNT(*) AS nc_count FROM `goods_common` WHERE ( areaid_1 = '8' ) AND ( contract_3 = '1' ) LIMIT 1  
[2020-05-29 16:18:28] /shop/index.php?controller=cate&action=index&cate_id=5382&gift=1&key=1&order=2&area_id=14&type=&ci=1&yx=1 ( act=cate&action=index ) 
ERR: Db Error: Unknown column 'contract_1' in 'where clause'
SELECT COUNT(*) AS nc_count FROM `goods_common` WHERE ( areaid_1 = '14' ) AND ( is_select = '1' ) AND ( contract_1 = '1' ) LIMIT 1  
[2020-05-29 16:34:19] /shop/index.php?controller=cate&action=index&cate_id=5382&gift=1&key=1&order=2&area_id=14&type=&ci=1_4&yx=1 ( act=cate&action=index ) 
ERR: Db Error: Unknown column 'contract_1' in 'where clause'
SELECT COUNT(*) AS nc_count FROM `goods_common` WHERE ( areaid_1 = '14' ) AND ( is_select = '1' ) AND ( contract_1 = '1' ) AND ( contract_4 = '1' ) LIMIT 1  
[2020-05-29 16:47:16] /shop/index.php?controller=cate&action=index&cate_id=2347&gift=&new=&ci=2&yx=1&key=1&order=1&type=1 ( act=cate&action=index ) 
ERR: Db Error: Unknown column 'contract_2' in 'where clause'
SELECT COUNT(*) AS nc_count FROM `goods_common` WHERE ( is_own_shop = '1' ) AND ( is_select = '1' ) AND ( contract_2 = '1' ) LIMIT 1  
[2020-05-29 17:01:40] /shop/index.php?controller=cate&action=index&cate_id=733&key=3&order=2&area_id=27&ci=1&new= ( act=cate&action=index ) 
ERR: Db Error: Unknown column 'contract_1' in 'where clause'
SELECT COUNT(*) AS nc_count FROM `goods_common` WHERE ( areaid_1 = '27' ) AND ( contract_1 = '1' ) LIMIT 1  
[2020-05-29 17:16:25] /shop/index.php?action=index&area_id=4&cate_id=5495&ci=1&controller=cate&yx=1 ( act=cate&action=index ) 
ERR: Db Error: Unknown column 'contract_1' in 'where clause'
SELECT COUNT(*) AS nc_count FROM `goods_common` WHERE ( gc_id_2 = '5495' ) AND ( areaid_1 = '4' ) AND ( is_select = '1' ) AND ( contract_1 = '1' ) LIMIT 1  
[2020-05-29 17:23:16] /shop/index.php?controller=cate&action=index&cate_id=2298&type=&new=&key=3&order=1&gift=&ci=2&yx=1&area_id=21 ( act=cate&action=index ) 
ERR: Db Error: Unknown column 'contract_2' in 'where clause'
SELECT COUNT(*) AS nc_count FROM `goods_common` WHERE ( areaid_1 = '21' ) AND ( is_select = '1' ) AND ( contract_2 = '1' ) LIMIT 1  
[2020-05-29 17:43:06] /shop/index.php?controller=cate&action=index&cate_id=2298&type=&new=&key=3&order=1&gift=1&ci=2&yx=1 ( act=cate&action=index ) 
ERR: Db Error: Unknown column 'contract_2' in 'where clause'
SELECT COUNT(*) AS nc_count FROM `goods_common` WHERE ( is_select = '1' ) AND ( contract_2 = '1' ) LIMIT 1  
[2020-05-29 17:45:23] /shop/index.php?controller=cate&action=index&cate_id=731&area_id=15&gift=1&ci=2&type=1&key=3&order=2 ( act=cate&action=index ) 
ERR: Db Error: Unknown column 'contract_2' in 'where clause'
SELECT COUNT(*) AS nc_count FROM `goods_common` WHERE ( areaid_1 = '15' ) AND ( is_own_shop = '1' ) AND ( contract_2 = '1' ) LIMIT 1  
[2020-05-29 17:50:56] /shop/index.php?action=index&area_id=27&cate_id=5495&ci=4&controller=cate&new=1 ( act=cate&action=index ) 
ERR: Db Error: Unknown column 'contract_4' in 'where clause'
SELECT COUNT(*) AS nc_count FROM `goods_common` WHERE ( gc_id_2 = '5495' ) AND ( areaid_1 = '27' ) AND ( is_new_arrival = '1' ) AND ( contract_4 = '1' ) LIMIT 1  
[2020-05-29 17:51:48] /shop/index.php?controller=cate&action=index&cate_id=4990&type=&ci=4&area_id=24 ( act=cate&action=index ) 
ERR: Db Error: Unknown column 'contract_4' in 'where clause'
SELECT COUNT(*) AS nc_count FROM `goods_common` WHERE ( areaid_1 = '24' ) AND ( contract_4 = '1' ) LIMIT 1  
[2020-05-29 17:52:18] /shop/index.php?controller=cate&action=index&cate_id=192&yx=1&type=1&ci=1&area_id=1&gift=1&new=1&order=&key= ( act=cate&action=index ) 
ERR: Db Error: Unknown column 'contract_1' in 'where clause'
SELECT COUNT(*) AS nc_count FROM `goods_common` WHERE ( areaid_1 = '1' ) AND ( is_own_shop = '1' ) AND ( is_new_arrival = '1' ) AND ( is_select = '1' ) AND ( contract_1 = '1' ) LIMIT 1  
[2020-05-29 18:03:24] /shop/index.php?action=index&area_id=9&cate_id=5546&ci=1_4&controller=cate ( act=cate&action=index ) 
ERR: Db Error: Unknown column 'contract_1' in 'where clause'
SELECT COUNT(*) AS nc_count FROM `goods_common` WHERE ( gc_id_2 = '5546' ) AND ( areaid_1 = '9' ) AND ( contract_1 = '1' ) AND ( contract_4 = '1' ) LIMIT 1  
[2020-05-29 18:09:12] /shop/index.php?action=index&area_id=25&cate_id=5530&ci=2&controller=cate ( act=cate&action=index ) 
ERR: Db Error: Unknown column 'contract_2' in 'where clause'
SELECT COUNT(*) AS nc_count FROM `goods_common` WHERE ( gc_id_2 = '5530' ) AND ( areaid_1 = '25' ) AND ( contract_2 = '1' ) LIMIT 1  
[2020-05-29 18:13:53] /shop/index.php?controller=cate&action=index&cate_id=626&ci=1&key=1&order=2&new=&yx=1&gift=1 ( act=cate&action=index ) 
ERR: Db Error: Unknown column 'contract_1' in 'where clause'
SELECT COUNT(*) AS nc_count FROM `goods_common` WHERE ( is_select = '1' ) AND ( contract_1 = '1' ) LIMIT 1  
[2020-05-29 18:29:16] /shop/index.php?action=index&cate_id=5495&ci=4_3&controller=cate ( act=cate&action=index ) 
ERR: Db Error: Unknown column 'contract_4' in 'where clause'
SELECT COUNT(*) AS nc_count FROM `goods_common` WHERE ( gc_id_2 = '5495' ) AND ( contract_4 = '1' ) AND ( contract_3 = '1' ) LIMIT 1  
[2020-05-29 18:42:41] /shop/index.php?controller=cate&action=index&cate_id=158&key=1&order=2&yx=1&ci=4&type=&gift=1 ( act=cate&action=index ) 
ERR: Db Error: Unknown column 'contract_4' in 'where clause'
SELECT COUNT(*) AS nc_count FROM `goods_common` WHERE ( is_select = '1' ) AND ( contract_4 = '1' ) LIMIT 1  
[2020-05-29 19:10:47] /shop/index.php?controller=cate&action=index&cate_id=4990&type=1&ci=4&area_id=24&new=1 ( act=cate&action=index ) 
ERR: Db Error: Unknown column 'contract_4' in 'where clause'
SELECT COUNT(*) AS nc_count FROM `goods_common` WHERE ( areaid_1 = '24' ) AND ( is_own_shop = '1' ) AND ( is_new_arrival = '1' ) AND ( contract_4 = '1' ) LIMIT 1  
[2020-05-29 19:30:44] /shop/index.php?action=index&area_id=25&cate_id=667&ci=2_3&controller=cate ( act=cate&action=index ) 
ERR: Db Error: Unknown column 'contract_2' in 'where clause'
SELECT COUNT(*) AS nc_count FROM `goods_common` WHERE ( areaid_1 = '25' ) AND ( contract_2 = '1' ) AND ( contract_3 = '1' ) LIMIT 1  
[2020-05-29 20:09:05] /shop/index.php?controller=cate&action=index&cate_id=4005&area_id=4&ci=1&key=1&order=2&type=&new=1&gift=1&yx=1 ( act=cate&action=index ) 
ERR: Db Error: Unknown column 'contract_1' in 'where clause'
SELECT COUNT(*) AS nc_count FROM `goods_common` WHERE ( areaid_1 = '4' ) AND ( is_new_arrival = '1' ) AND ( is_select = '1' ) AND ( contract_1 = '1' ) LIMIT 1  
[2020-05-29 20:15:35] /shop/index.php?controller=cate&action=index&cate_id=3568&new=1&type=1&key=1&order=2&ci=3 ( act=cate&action=index ) 
ERR: Db Error: Unknown column 'contract_3' in 'where clause'
SELECT COUNT(*) AS nc_count FROM `goods_common` WHERE ( is_own_shop = '1' ) AND ( is_new_arrival = '1' ) AND ( contract_3 = '1' ) LIMIT 1  
[2020-05-29 20:30:41] /shop/index.php?controller=cate&action=index&cate_id=2990&key=&order=&new=&gift=&yx=&ci=4 ( act=cate&action=index ) 
ERR: Db Error: Unknown column 'contract_4' in 'where clause'
SELECT COUNT(*) AS nc_count FROM `goods_common` WHERE ( contract_4 = '1' ) LIMIT 1  
[2020-05-29 20:58:18] /shop/index.php?action=index&area_id=14&cate_id=5577&ci=4&controller=cate ( act=cate&action=index ) 
ERR: Db Error: Unknown column 'contract_4' in 'where clause'
SELECT COUNT(*) AS nc_count FROM `goods_common` WHERE ( gc_id_2 = '5577' ) AND ( areaid_1 = '14' ) AND ( contract_4 = '1' ) LIMIT 1  
[2020-05-29 21:03:08] /shop/index.php?action=index&area_id=21&cate_id=5550&ci=2&controller=cate ( act=cate&action=index ) 
ERR: Db Error: Unknown column 'contract_2' in 'where clause'
SELECT COUNT(*) AS nc_count FROM `goods_common` WHERE ( gc_id_3 = '5550' ) AND ( areaid_1 = '21' ) AND ( contract_2 = '1' ) LIMIT 1  
[2020-05-29 21:06:41] /shop/index.php?controller=cate&action=index&cate_id=3711&gift=&ci=4_2&key=&order=&yx=&new=1 ( act=cate&action=index ) 
ERR: Db Error: Unknown column 'contract_4' in 'where clause'
SELECT COUNT(*) AS nc_count FROM `goods_common` WHERE ( is_new_arrival = '1' ) AND ( contract_4 = '1' ) AND ( contract_2 = '1' ) LIMIT 1  
[2020-05-29 21:31:40] /shop/index.php?controller=cate&action=index&cate_id=4990&type=1&ci=4&area_id=24&yx=1 ( act=cate&action=index ) 
ERR: Db Error: Unknown column 'contract_4' in 'where clause'
SELECT COUNT(*) AS nc_count FROM `goods_common` WHERE ( areaid_1 = '24' ) AND ( is_own_shop = '1' ) AND ( is_select = '1' ) AND ( contract_4 = '1' ) LIMIT 1  
[2020-05-29 21:49:53] /shop/index.php?controller=cate&action=index&cate_id=702&ci=3&gift=1&new=&order=2&key=3 ( act=cate&action=index ) 
ERR: Db Error: Unknown column 'contract_3' in 'where clause'
SELECT COUNT(*) AS nc_count FROM `goods_common` WHERE ( contract_3 = '1' ) LIMIT 1  
[2020-05-29 22:40:18] /shop/index.php?controller=cate&action=index&cate_id=2171&type=&yx=&key=2&order=2&ci=3&gift=1&new=1 ( act=cate&action=index ) 
ERR: Db Error: Unknown column 'contract_3' in 'where clause'
SELECT COUNT(*) AS nc_count FROM `goods_common` WHERE ( is_new_arrival = '1' ) AND ( contract_3 = '1' ) LIMIT 1  
[2020-05-29 22:47:30] /shop/index.php?controller=cate&action=index&cate_id=2541&key=2&order=1&ci=3&type=&area_id=25&new=1 ( act=cate&action=index ) 
ERR: Db Error: Unknown column 'contract_3' in 'where clause'
SELECT COUNT(*) AS nc_count FROM `goods_common` WHERE ( areaid_1 = '25' ) AND ( is_new_arrival = '1' ) AND ( contract_3 = '1' ) LIMIT 1  
[2020-05-29 22:54:41] /shop/index.php?controller=cate&action=index&cate_id=4258&new=1&key=3&order=1&gift=1&ci=1 ( act=cate&action=index ) 
ERR: Db Error: Unknown column 'contract_1' in 'where clause'
SELECT COUNT(*) AS nc_count FROM `goods_common` WHERE ( is_new_arrival = '1' ) AND ( contract_1 = '1' ) LIMIT 1  
[2020-05-29 23:21:52] /shop/index.php?controller=cate&action=index&cate_id=1003&new=1&area_id=23&ci=3 ( act=cate&action=index ) 
ERR: Db Error: Unknown column 'contract_3' in 'where clause'
SELECT COUNT(*) AS nc_count FROM `goods_common` WHERE ( areaid_1 = '23' ) AND ( is_new_arrival = '1' ) AND ( contract_3 = '1' ) LIMIT 1  
[2020-05-29 23:30:42] /shop/index.php?controller=cate&action=index&cate_id=2809&key=&order=&ci=2_4&new=1&gift=1&area_id=7&type=1 ( act=cate&action=index ) 
ERR: Db Error: Unknown column 'contract_2' in 'where clause'
SELECT COUNT(*) AS nc_count FROM `goods_common` WHERE ( areaid_1 = '7' ) AND ( is_own_shop = '1' ) AND ( is_new_arrival = '1' ) AND ( contract_2 = '1' ) AND ( contract_4 = '1' ) LIMIT 1  
[2020-05-29 23:59:31] /shop/index.php?controller=cate&action=index&cate_id=115&ci=4_2&key=2&order=2&new= ( act=cate&action=index ) 
ERR: Db Error: Unknown column 'contract_4' in 'where clause'
SELECT COUNT(*) AS nc_count FROM `goods_common` WHERE ( contract_4 = '1' ) AND ( contract_2 = '1' ) LIMIT 1  
