[2020-04-27 00:00:54] /shop/index.php?controller=cate&action=index&cate_id=327&gift=1&key=1&order=2&new=1&type=&ci=1 ( act=cate&action=index ) 
ERR: Db Error: Unknown column 'contract_1' in 'where clause'
SELECT COUNT(*) AS nc_count FROM `goods_common` WHERE ( is_new_arrival = '1' ) AND ( contract_1 = '1' ) LIMIT 1  
[2020-04-27 00:08:06] /shop/index.php?controller=cate&action=index&cate_id=2866&key=1&order=2&ci=1_3_4&new=1&area_id=29&gift=&yx=1 ( act=cate&action=index ) 
ERR: Db Error: Unknown column 'contract_1' in 'where clause'
SELECT COUNT(*) AS nc_count FROM `goods_common` WHERE ( areaid_1 = '29' ) AND ( is_new_arrival = '1' ) AND ( is_select = '1' ) AND ( contract_1 = '1' ) AND ( contract_3 = '1' ) AND ( contract_4 = '1' ) LIMIT 1  
[2020-04-27 00:31:07] /shop/index.php?controller=cate&action=index&cate_id=4005&area_id=4&ci=1&key=2&order=2&type=&new=&yx=1&gift=1 ( act=cate&action=index ) 
ERR: Db Error: Unknown column 'contract_1' in 'where clause'
SELECT COUNT(*) AS nc_count FROM `goods_common` WHERE ( areaid_1 = '4' ) AND ( is_select = '1' ) AND ( contract_1 = '1' ) LIMIT 1  
[2020-04-27 00:33:36] /shop/index.php?controller=cate&action=index&cate_id=4722&key=2&order=2&new=1&ci=1&area_id=33 ( act=cate&action=index ) 
ERR: Db Error: Unknown column 'contract_1' in 'where clause'
SELECT COUNT(*) AS nc_count FROM `goods_common` WHERE ( areaid_1 = '33' ) AND ( is_new_arrival = '1' ) AND ( contract_1 = '1' ) LIMIT 1  
[2020-04-27 00:35:56] /shop/index.php?action=index&area_id=9&cate_id=5546&ci=1_4&controller=cate ( act=cate&action=index ) 
ERR: Db Error: Unknown column 'contract_1' in 'where clause'
SELECT COUNT(*) AS nc_count FROM `goods_common` WHERE ( gc_id_2 = '5546' ) AND ( areaid_1 = '9' ) AND ( contract_1 = '1' ) AND ( contract_4 = '1' ) LIMIT 1  
[2020-04-27 00:36:04] /shop/index.php?action=index&area_id=9&cate_id=645&ci=3&controller=cate&type=1 ( act=cate&action=index ) 
ERR: Db Error: Unknown column 'contract_3' in 'where clause'
SELECT COUNT(*) AS nc_count FROM `goods_common` WHERE ( areaid_1 = '9' ) AND ( is_own_shop = '1' ) AND ( contract_3 = '1' ) LIMIT 1  
[2020-04-27 00:36:32] /shop/index.php?action=index&area_id=33&ci=3&controller=cate&key=1&order=2&type=1 ( act=cate&action=index ) 
ERR: Db Error: Unknown column 'contract_3' in 'where clause'
SELECT COUNT(*) AS nc_count FROM `goods_common` WHERE ( areaid_1 = '33' ) AND ( is_own_shop = '1' ) AND ( contract_3 = '1' ) LIMIT 1  
[2020-04-27 00:44:08] /shop/index.php?controller=cate&action=index&cate_id=442&key=1&order=1&area_id=6&yx=&gift=&ci=3_4 ( act=cate&action=index ) 
ERR: Db Error: Unknown column 'contract_3' in 'where clause'
SELECT COUNT(*) AS nc_count FROM `goods_common` WHERE ( areaid_1 = '6' ) AND ( contract_3 = '1' ) AND ( contract_4 = '1' ) LIMIT 1  
[2020-04-27 00:51:20] /shop/index.php?controller=cate&action=index&cate_id=783&type=&key=2&order=1&new=&gift=&yx=&ci=2 ( act=cate&action=index ) 
ERR: Db Error: Unknown column 'contract_2' in 'where clause'
SELECT COUNT(*) AS nc_count FROM `goods_common` WHERE ( contract_2 = '1' ) LIMIT 1  
[2020-04-27 01:05:42] /shop/index.php?controller=cate&action=index&cate_id=2300&type=1&new=1&yx=&key=1&order=2&gift=1&ci=3 ( act=cate&action=index ) 
ERR: Db Error: Unknown column 'contract_3' in 'where clause'
SELECT COUNT(*) AS nc_count FROM `goods_common` WHERE ( is_own_shop = '1' ) AND ( is_new_arrival = '1' ) AND ( contract_3 = '1' ) LIMIT 1  
[2020-04-27 01:16:37] /shop/index.php?controller=cate&action=index&cate_id=3747&area_id=7&ci=4&yx=1 ( act=cate&action=index ) 
ERR: Db Error: Unknown column 'contract_4' in 'where clause'
SELECT COUNT(*) AS nc_count FROM `goods_common` WHERE ( areaid_1 = '7' ) AND ( is_select = '1' ) AND ( contract_4 = '1' ) LIMIT 1  
[2020-04-27 01:20:06] /shop/index.php?controller=cate&action=index&cate_id=3704&key=2&order=2&type=1&ci=3 ( act=cate&action=index ) 
ERR: Db Error: Unknown column 'contract_3' in 'where clause'
SELECT COUNT(*) AS nc_count FROM `goods_common` WHERE ( is_own_shop = '1' ) AND ( contract_3 = '1' ) LIMIT 1  
[2020-04-27 01:27:18] /shop/index.php?controller=cate&action=index&cate_id=3395&ci=2&key=&order=&type=1&gift=1 ( act=cate&action=index ) 
ERR: Db Error: Unknown column 'contract_2' in 'where clause'
SELECT COUNT(*) AS nc_count FROM `goods_common` WHERE ( is_own_shop = '1' ) AND ( contract_2 = '1' ) LIMIT 1  
[2020-04-27 01:30:59] /shop/index.php?action=index&area_id=26&cate_id=5519&ci=4_2&controller=cate ( act=cate&action=index ) 
ERR: Db Error: Unknown column 'contract_4' in 'where clause'
SELECT COUNT(*) AS nc_count FROM `goods_common` WHERE ( gc_id_3 = '5519' ) AND ( areaid_1 = '26' ) AND ( contract_4 = '1' ) AND ( contract_2 = '1' ) LIMIT 1  
[2020-04-27 01:48:01] /shop/index.php?controller=cate&action=index&cate_id=4964&key=3&order=1&ci=3_4_1&type=1&area_id=31 ( act=cate&action=index ) 
ERR: Db Error: Unknown column 'contract_3' in 'where clause'
SELECT COUNT(*) AS nc_count FROM `goods_common` WHERE ( areaid_1 = '31' ) AND ( is_own_shop = '1' ) AND ( contract_3 = '1' ) AND ( contract_4 = '1' ) AND ( contract_1 = '1' ) LIMIT 1  
[2020-04-27 01:56:00] /shop/index.php?action=index&area_id=6&cate_id=5566&ci=2_1&controller=cate ( act=cate&action=index ) 
ERR: Db Error: Unknown column 'contract_2' in 'where clause'
SELECT COUNT(*) AS nc_count FROM `goods_common` WHERE ( gc_id_3 = '5566' ) AND ( areaid_1 = '6' ) AND ( contract_2 = '1' ) AND ( contract_1 = '1' ) LIMIT 1  
[2020-04-27 02:03:18] /shop/index.php?controller=cate&action=index&cate_id=248&area_id=4&gift=&ci=4&yx=1 ( act=cate&action=index ) 
ERR: Db Error: Unknown column 'contract_4' in 'where clause'
SELECT COUNT(*) AS nc_count FROM `goods_common` WHERE ( areaid_1 = '4' ) AND ( is_select = '1' ) AND ( contract_4 = '1' ) LIMIT 1  
[2020-04-27 02:10:30] /shop/index.php?controller=cate&action=index&cate_id=2354&type=&gift=1&key=3&order=2&ci=1_3_2&new=1 ( act=cate&action=index ) 
ERR: Db Error: Unknown column 'contract_1' in 'where clause'
SELECT COUNT(*) AS nc_count FROM `goods_common` WHERE ( is_new_arrival = '1' ) AND ( contract_1 = '1' ) AND ( contract_3 = '1' ) AND ( contract_2 = '1' ) LIMIT 1  
[2020-04-27 02:17:42] /shop/index.php?controller=cate&action=index&cate_id=849&ci=1_2&key=1&order=2 ( act=cate&action=index ) 
ERR: Db Error: Unknown column 'contract_1' in 'where clause'
SELECT COUNT(*) AS nc_count FROM `goods_common` WHERE ( contract_1 = '1' ) AND ( contract_2 = '1' ) LIMIT 1  
[2020-04-27 02:24:54] /shop/index.php?controller=cate&action=index&cate_id=2166&ci=4&gift=1&new=1 ( act=cate&action=index ) 
ERR: Db Error: Unknown column 'contract_4' in 'where clause'
SELECT COUNT(*) AS nc_count FROM `goods_common` WHERE ( gc_id_3 = '2166' ) AND ( is_new_arrival = '1' ) AND ( contract_4 = '1' ) LIMIT 1  
[2020-04-27 02:25:34] /shop/index.php?action=index&area_id=6&cate_id=2167&ci=2_3&controller=cate&key=&new=&order= ( act=cate&action=index ) 
ERR: Db Error: Unknown column 'contract_2' in 'where clause'
SELECT COUNT(*) AS nc_count FROM `goods_common` WHERE ( gc_id_3 = '2167' ) AND ( areaid_1 = '6' ) AND ( contract_2 = '1' ) AND ( contract_3 = '1' ) LIMIT 1  
1587925801.3542
1587925801.3592
1587925801.369
分红日志
预存款变更日志
[2020-04-27 02:30:01] /crontab/index.php?controller=date ( act=date&action=index ) 
ERR: Db Error: Query was empty

预存款修改sql:
1587925801.3835
2020-04-27 02:30:01天计划任务执行成功
1587925801.3874
1587925801.3884
1587925801.3902
1587925801.3958
1587925801.3971
1587925801.3977
1587925801.3992
1587925801.403
1587925801.403
1587925801.4045
1587925801.4403
1587925801.6435
$o1587925801.6448
$p1587925801.6708
[2020-04-27 02:46:30] /shop/index.php?controller=cate&action=index&cate_id=698&gift=1&key=2&order=2&ci=3_2_4&type=1 ( act=cate&action=index ) 
ERR: Db Error: Unknown column 'contract_3' in 'where clause'
SELECT COUNT(*) AS nc_count FROM `goods_common` WHERE ( is_own_shop = '1' ) AND ( contract_3 = '1' ) AND ( contract_2 = '1' ) AND ( contract_4 = '1' ) LIMIT 1  
[2020-04-27 02:46:35] /shop/index.php?controller=cate&action=index&cate_id=3711&key=3&order=2&ci=3_1&type=1&new=1 ( act=cate&action=index ) 
ERR: Db Error: Unknown column 'contract_3' in 'where clause'
SELECT COUNT(*) AS nc_count FROM `goods_common` WHERE ( is_own_shop = '1' ) AND ( is_new_arrival = '1' ) AND ( contract_3 = '1' ) AND ( contract_1 = '1' ) LIMIT 1  
[2020-04-27 02:50:21] /shop/index.php?action=index&area_id=32&cate_id=726&ci=2_1&controller=cate ( act=cate&action=index ) 
ERR: Db Error: Unknown column 'contract_2' in 'where clause'
SELECT COUNT(*) AS nc_count FROM `goods_common` WHERE ( areaid_1 = '32' ) AND ( contract_2 = '1' ) AND ( contract_1 = '1' ) LIMIT 1  
[2020-04-27 02:52:04] /shop/index.php?action=index&area_id=22&cate_id=2235&ci=2&controller=cate&key=1&order=2&type= ( act=cate&action=index ) 
ERR: Db Error: Unknown column 'contract_2' in 'where clause'
SELECT COUNT(*) AS nc_count FROM `goods_common` WHERE ( areaid_1 = '22' ) AND ( contract_2 = '1' ) LIMIT 1  
[2020-04-27 02:53:42] /shop/index.php?controller=cate&action=index&cate_id=2866&key=3&order=2&ci=1_3_4&new=&area_id=29&gift=1&yx=1 ( act=cate&action=index ) 
ERR: Db Error: Unknown column 'contract_1' in 'where clause'
SELECT COUNT(*) AS nc_count FROM `goods_common` WHERE ( areaid_1 = '29' ) AND ( is_select = '1' ) AND ( contract_1 = '1' ) AND ( contract_3 = '1' ) AND ( contract_4 = '1' ) LIMIT 1  
[2020-04-27 03:00:54] /shop/index.php?controller=cate&action=index&cate_id=203&key=&order=&area_id=34&ci=2_4_1 ( act=cate&action=index ) 
ERR: Db Error: Unknown column 'contract_2' in 'where clause'
SELECT COUNT(*) AS nc_count FROM `goods_common` WHERE ( areaid_1 = '34' ) AND ( contract_2 = '1' ) AND ( contract_4 = '1' ) AND ( contract_1 = '1' ) LIMIT 1  
[2020-04-27 03:09:25] /shop/index.php?action=index&area_id=7&cate_id=2167&ci=2_4&controller=cate&key=&order=&yx=1 ( act=cate&action=index ) 
ERR: Db Error: Unknown column 'contract_2' in 'where clause'
SELECT COUNT(*) AS nc_count FROM `goods_common` WHERE ( gc_id_3 = '2167' ) AND ( areaid_1 = '7' ) AND ( is_select = '1' ) AND ( contract_2 = '1' ) AND ( contract_4 = '1' ) LIMIT 1  
[2020-04-27 03:17:31] /shop/index.php?action=index&area_id=10&cate_id=5588&ci=4&controller=cate ( act=cate&action=index ) 
ERR: Db Error: Unknown column 'contract_4' in 'where clause'
SELECT COUNT(*) AS nc_count FROM `goods_common` WHERE ( gc_id_2 = '5588' ) AND ( areaid_1 = '10' ) AND ( contract_4 = '1' ) LIMIT 1  
[2020-04-27 03:22:30] /shop/index.php?controller=cate&action=index&cate_id=4633&yx=1&ci=3&order=1&key=3&gift=1&new=1&area_id=31 ( act=cate&action=index ) 
ERR: Db Error: Unknown column 'contract_3' in 'where clause'
SELECT COUNT(*) AS nc_count FROM `goods_common` WHERE ( areaid_1 = '31' ) AND ( is_new_arrival = '1' ) AND ( is_select = '1' ) AND ( contract_3 = '1' ) LIMIT 1  
[2020-04-27 03:30:55] /shop/index.php?action=index&area_id=26&cate_id=5524&ci=3&controller=cate&key=1&order=2&type= ( act=cate&action=index ) 
ERR: Db Error: Unknown column 'contract_3' in 'where clause'
SELECT COUNT(*) AS nc_count FROM `goods_common` WHERE ( gc_id_3 = '5524' ) AND ( areaid_1 = '26' ) AND ( contract_3 = '1' ) LIMIT 1  
[2020-04-27 03:41:32] /shop/index.php?action=index&area_id=22&cate_id=5506&ci=3&controller=cate ( act=cate&action=index ) 
ERR: Db Error: Unknown column 'contract_3' in 'where clause'
SELECT COUNT(*) AS nc_count FROM `goods_common` WHERE ( gc_id_1 = '5506' ) AND ( areaid_1 = '22' ) AND ( contract_3 = '1' ) LIMIT 1  
[2020-04-27 03:44:06] /shop/index.php?controller=cate&action=index&cate_id=2354&type=&gift=1&key=3&order=2&ci=1_3&new= ( act=cate&action=index ) 
ERR: Db Error: Unknown column 'contract_1' in 'where clause'
SELECT COUNT(*) AS nc_count FROM `goods_common` WHERE ( contract_1 = '1' ) AND ( contract_3 = '1' ) LIMIT 1  
[2020-04-27 03:49:52] /shop/index.php?action=index&area_id=25&cate_id=762&ci=3_1&controller=cate&key=&new=1&order= ( act=cate&action=index ) 
ERR: Db Error: Unknown column 'contract_3' in 'where clause'
SELECT COUNT(*) AS nc_count FROM `goods_common` WHERE ( areaid_1 = '25' ) AND ( is_new_arrival = '1' ) AND ( contract_3 = '1' ) AND ( contract_1 = '1' ) LIMIT 1  
[2020-04-27 03:53:26] /shop/index.php?action=index&area_id=21&cate_id=5524&ci=1&controller=cate&key=3&order=2&type= ( act=cate&action=index ) 
ERR: Db Error: Unknown column 'contract_1' in 'where clause'
SELECT COUNT(*) AS nc_count FROM `goods_common` WHERE ( gc_id_3 = '5524' ) AND ( areaid_1 = '21' ) AND ( contract_1 = '1' ) LIMIT 1  
[2020-04-27 04:05:42] /shop/index.php?controller=cate&action=index&cate_id=2213&key=1&order=2&type=&new=&ci=4_3 ( act=cate&action=index ) 
ERR: Db Error: Unknown column 'contract_4' in 'where clause'
SELECT COUNT(*) AS nc_count FROM `goods_common` WHERE ( contract_4 = '1' ) AND ( contract_3 = '1' ) LIMIT 1  
[2020-04-27 04:12:54] /shop/index.php?controller=cate&action=index&cate_id=689&new=1&gift=1&type=1&key=3&order=2&ci=4&yx=1 ( act=cate&action=index ) 
ERR: Db Error: Unknown column 'contract_4' in 'where clause'
SELECT COUNT(*) AS nc_count FROM `goods_common` WHERE ( is_own_shop = '1' ) AND ( is_new_arrival = '1' ) AND ( is_select = '1' ) AND ( contract_4 = '1' ) LIMIT 1  
[2020-04-27 04:13:37] /shop/index.php?action=index&area_id=21&cate_id=5524&ci=2&controller=cate&key=3&order=2&type= ( act=cate&action=index ) 
ERR: Db Error: Unknown column 'contract_2' in 'where clause'
SELECT COUNT(*) AS nc_count FROM `goods_common` WHERE ( gc_id_3 = '5524' ) AND ( areaid_1 = '21' ) AND ( contract_2 = '1' ) LIMIT 1  
[2020-04-27 04:20:06] /shop/index.php?controller=cate&action=index&cate_id=2303&key=2&order=2&ci=1_3 ( act=cate&action=index ) 
ERR: Db Error: Unknown column 'contract_1' in 'where clause'
SELECT COUNT(*) AS nc_count FROM `goods_common` WHERE ( contract_1 = '1' ) AND ( contract_3 = '1' ) LIMIT 1  
[2020-04-27 04:24:53] /shop/index.php?action=index&area_id=1&cate_id=726&ci=4_2_1&controller=cate ( act=cate&action=index ) 
ERR: Db Error: Unknown column 'contract_4' in 'where clause'
SELECT COUNT(*) AS nc_count FROM `goods_common` WHERE ( areaid_1 = '1' ) AND ( contract_4 = '1' ) AND ( contract_2 = '1' ) AND ( contract_1 = '1' ) LIMIT 1  
[2020-04-27 04:34:27] /shop/index.php?action=index&area_id=6&cate_id=2&ci=4_2_1&controller=cate&key=&new=1&order= ( act=cate&action=index ) 
ERR: Db Error: Unknown column 'contract_4' in 'where clause'
SELECT COUNT(*) AS nc_count FROM `goods_common` WHERE ( areaid_1 = '6' ) AND ( is_new_arrival = '1' ) AND ( contract_4 = '1' ) AND ( contract_2 = '1' ) AND ( contract_1 = '1' ) LIMIT 1  
[2020-04-27 04:34:30] /shop/index.php?controller=cate&action=index&cate_id=115&ci=4_2&order=&key=&yx=1 ( act=cate&action=index ) 
ERR: Db Error: Unknown column 'contract_4' in 'where clause'
SELECT COUNT(*) AS nc_count FROM `goods_common` WHERE ( is_select = '1' ) AND ( contract_4 = '1' ) AND ( contract_2 = '1' ) LIMIT 1  
[2020-04-27 04:36:45] /shop/index.php?action=index&area_id=6&cate_id=2155&ci=2_3&controller=cate&key=&order= ( act=cate&action=index ) 
ERR: Db Error: Unknown column 'contract_2' in 'where clause'
SELECT COUNT(*) AS nc_count FROM `goods_common` WHERE ( gc_id_2 = '2155' ) AND ( areaid_1 = '6' ) AND ( contract_2 = '1' ) AND ( contract_3 = '1' ) LIMIT 1  
[2020-04-27 04:41:42] /shop/index.php?controller=cate&action=index&cate_id=2866&key=1&order=1&ci=1_3_2&new=&area_id=29&gift=&yx=1 ( act=cate&action=index ) 
ERR: Db Error: Unknown column 'contract_1' in 'where clause'
SELECT COUNT(*) AS nc_count FROM `goods_common` WHERE ( areaid_1 = '29' ) AND ( is_select = '1' ) AND ( contract_1 = '1' ) AND ( contract_3 = '1' ) AND ( contract_2 = '1' ) LIMIT 1  
[2020-04-27 04:48:54] /shop/index.php?controller=cate&action=index&cate_id=20&ci=2_1_4&key=2&order=2 ( act=cate&action=index ) 
ERR: Db Error: Unknown column 'contract_2' in 'where clause'
SELECT COUNT(*) AS nc_count FROM `goods_common` WHERE ( contract_2 = '1' ) AND ( contract_1 = '1' ) AND ( contract_4 = '1' ) LIMIT 1  
[2020-04-27 04:56:06] /shop/index.php?controller=cate&action=index&cate_id=2866&key=3&order=2&ci=4_2_1&new=&area_id=1&gift=1&type= ( act=cate&action=index ) 
ERR: Db Error: Unknown column 'contract_4' in 'where clause'
SELECT COUNT(*) AS nc_count FROM `goods_common` WHERE ( areaid_1 = '1' ) AND ( contract_4 = '1' ) AND ( contract_2 = '1' ) AND ( contract_1 = '1' ) LIMIT 1  
[2020-04-27 05:00:27] /shop/index.php?action=index&area_id=20&cate_id=5560&ci=1&controller=cate&key=3&order=2&type= ( act=cate&action=index ) 
ERR: Db Error: Unknown column 'contract_1' in 'where clause'
SELECT COUNT(*) AS nc_count FROM `goods_common` WHERE ( gc_id_2 = '5560' ) AND ( areaid_1 = '20' ) AND ( contract_1 = '1' ) LIMIT 1  
[2020-04-27 05:05:56] /shop/index.php?action=index&area_id=12&cate_id=5583&ci=4&controller=cate ( act=cate&action=index ) 
ERR: Db Error: Unknown column 'contract_4' in 'where clause'
SELECT COUNT(*) AS nc_count FROM `goods_common` WHERE ( gc_id_2 = '5583' ) AND ( areaid_1 = '12' ) AND ( contract_4 = '1' ) LIMIT 1  
[2020-04-27 05:10:30] /shop/index.php?controller=cate&action=index&cate_id=5406&new=1&key=1&order=1&yx=&ci=2 ( act=cate&action=index ) 
ERR: Db Error: Unknown column 'contract_2' in 'where clause'
SELECT COUNT(*) AS nc_count FROM `goods_common` WHERE ( is_new_arrival = '1' ) AND ( contract_2 = '1' ) LIMIT 1  
[2020-04-27 05:20:28] /shop/index.php?action=index&area_id=10&cate_id=5571&ci=2_4&controller=cate ( act=cate&action=index ) 
ERR: Db Error: Unknown column 'contract_2' in 'where clause'
SELECT COUNT(*) AS nc_count FROM `goods_common` WHERE ( gc_id_2 = '5571' ) AND ( areaid_1 = '10' ) AND ( contract_2 = '1' ) AND ( contract_4 = '1' ) LIMIT 1  
[2020-04-27 05:21:25] /shop/index.php?action=index&area_id=34&cate_id=762&ci=3_1&controller=cate&key=&order=&type=1 ( act=cate&action=index ) 
ERR: Db Error: Unknown column 'contract_3' in 'where clause'
SELECT COUNT(*) AS nc_count FROM `goods_common` WHERE ( areaid_1 = '34' ) AND ( is_own_shop = '1' ) AND ( contract_3 = '1' ) AND ( contract_1 = '1' ) LIMIT 1  
[2020-04-27 05:24:54] /shop/index.php?controller=cate&action=index&cate_id=3241&type=1&area_id=19&key=1&order=1&ci=4&yx=1 ( act=cate&action=index ) 
ERR: Db Error: Unknown column 'contract_4' in 'where clause'
SELECT COUNT(*) AS nc_count FROM `goods_common` WHERE ( areaid_1 = '19' ) AND ( is_own_shop = '1' ) AND ( is_select = '1' ) AND ( contract_4 = '1' ) LIMIT 1  
[2020-04-27 05:39:18] /shop/index.php?controller=cate&action=index&cate_id=3213&key=1&order=2&ci=2_1 ( act=cate&action=index ) 
ERR: Db Error: Unknown column 'contract_2' in 'where clause'
SELECT COUNT(*) AS nc_count FROM `goods_common` WHERE ( contract_2 = '1' ) AND ( contract_1 = '1' ) LIMIT 1  
[2020-04-27 05:39:56] /shop/index.php?action=index&area_id=&cate_id=762&ci=3_1&controller=cate&new=1 ( act=cate&action=index ) 
ERR: Db Error: Unknown column 'contract_3' in 'where clause'
SELECT COUNT(*) AS nc_count FROM `goods_common` WHERE ( is_new_arrival = '1' ) AND ( contract_3 = '1' ) AND ( contract_1 = '1' ) LIMIT 1  
[2020-04-27 05:44:27] /shop/index.php?action=index&area_id=18&cate_id=5560&ci=2&controller=cate&new=1&type= ( act=cate&action=index ) 
ERR: Db Error: Unknown column 'contract_2' in 'where clause'
SELECT COUNT(*) AS nc_count FROM `goods_common` WHERE ( gc_id_2 = '5560' ) AND ( areaid_1 = '18' ) AND ( is_new_arrival = '1' ) AND ( contract_2 = '1' ) LIMIT 1  
[2020-04-27 05:53:42] /shop/index.php?controller=cate&action=index&cate_id=4081&type=&key=1&order=2&new=1&ci=3&yx=1 ( act=cate&action=index ) 
ERR: Db Error: Unknown column 'contract_3' in 'where clause'
SELECT COUNT(*) AS nc_count FROM `goods_common` WHERE ( is_new_arrival = '1' ) AND ( is_select = '1' ) AND ( contract_3 = '1' ) LIMIT 1  
[2020-04-27 05:54:25] /shop/index.php?action=index&area_id=4&cate_id=5508&ci=4&controller=cate ( act=cate&action=index ) 
ERR: Db Error: Unknown column 'contract_4' in 'where clause'
SELECT COUNT(*) AS nc_count FROM `goods_common` WHERE ( gc_id_1 = '5508' ) AND ( areaid_1 = '4' ) AND ( contract_4 = '1' ) LIMIT 1  
[2020-04-27 06:00:54] /shop/index.php?controller=cate&action=index&cate_id=4&ci=3_4&new=1&order=&key=&type=1 ( act=cate&action=index ) 
ERR: Db Error: Unknown column 'contract_3' in 'where clause'
SELECT COUNT(*) AS nc_count FROM `goods_common` WHERE ( is_own_shop = '1' ) AND ( is_new_arrival = '1' ) AND ( contract_3 = '1' ) AND ( contract_4 = '1' ) LIMIT 1  
[2020-04-27 06:03:09] /shop/index.php?action=index&area_id=15&cate_id=5499&ci=4&controller=cate&key=&order=&type= ( act=cate&action=index ) 
ERR: Db Error: Unknown column 'contract_4' in 'where clause'
SELECT COUNT(*) AS nc_count FROM `goods_common` WHERE ( gc_id_3 = '5499' ) AND ( areaid_1 = '15' ) AND ( contract_4 = '1' ) LIMIT 1  
[2020-04-27 06:08:06] /shop/index.php?controller=cate&action=index&cate_id=2332&type=1&key=1&order=2&area_id=&gift=1&ci=4&yx=1 ( act=cate&action=index ) 
ERR: Db Error: Unknown column 'contract_4' in 'where clause'
SELECT COUNT(*) AS nc_count FROM `goods_common` WHERE ( is_own_shop = '1' ) AND ( is_select = '1' ) AND ( contract_4 = '1' ) LIMIT 1  
[2020-04-27 06:15:18] /shop/index.php?controller=cate&action=index&cate_id=13&area_id=3&key=1&order=2&yx=1&type=1&ci=2_4 ( act=cate&action=index ) 
ERR: Db Error: Unknown column 'contract_2' in 'where clause'
SELECT COUNT(*) AS nc_count FROM `goods_common` WHERE ( areaid_1 = '3' ) AND ( is_own_shop = '1' ) AND ( is_select = '1' ) AND ( contract_2 = '1' ) AND ( contract_4 = '1' ) LIMIT 1  
[2020-04-27 06:18:57] /shop/index.php?action=index&area_id=20&cate_id=5526&ci=4&controller=cate ( act=cate&action=index ) 
ERR: Db Error: Unknown column 'contract_4' in 'where clause'
SELECT COUNT(*) AS nc_count FROM `goods_common` WHERE ( gc_id_2 = '5526' ) AND ( areaid_1 = '20' ) AND ( contract_4 = '1' ) LIMIT 1  
[2020-04-27 06:30:15] /shop/index.php?controller=cate&action=index&cate_id=2314&type=&key=2&order=2&new=1&ci=2_1&gift=1&yx= ( act=cate&action=index ) 
ERR: Db Error: Unknown column 'contract_2' in 'where clause'
SELECT COUNT(*) AS nc_count FROM `goods_common` WHERE ( is_new_arrival = '1' ) AND ( contract_2 = '1' ) AND ( contract_1 = '1' ) LIMIT 1  
[2020-04-27 06:33:58] /shop/index.php?action=index&area_id=8&cate_id=726&ci=4_2_1&controller=cate ( act=cate&action=index ) 
ERR: Db Error: Unknown column 'contract_4' in 'where clause'
SELECT COUNT(*) AS nc_count FROM `goods_common` WHERE ( areaid_1 = '8' ) AND ( contract_4 = '1' ) AND ( contract_2 = '1' ) AND ( contract_1 = '1' ) LIMIT 1  
[2020-04-27 06:49:29] /shop/index.php?action=index&area_id=1&cate_id=2232&ci=4&controller=cate&key=1&new=1&order=2 ( act=cate&action=index ) 
ERR: Db Error: Unknown column 'contract_4' in 'where clause'
SELECT COUNT(*) AS nc_count FROM `goods_common` WHERE ( areaid_1 = '1' ) AND ( is_new_arrival = '1' ) AND ( contract_4 = '1' ) LIMIT 1  
[2020-04-27 06:51:37] /shop/index.php?action=index&area_id=10&cate_id=5589&ci=2&controller=cate ( act=cate&action=index ) 
ERR: Db Error: Unknown column 'contract_2' in 'where clause'
SELECT COUNT(*) AS nc_count FROM `goods_common` WHERE ( gc_id_2 = '5589' ) AND ( areaid_1 = '10' ) AND ( contract_2 = '1' ) LIMIT 1  
[2020-04-27 07:07:59] /shop/index.php?action=index&area_id=9&cate_id=5497&ci=4_3_2&controller=cate&key=3&order=2 ( act=cate&action=index ) 
ERR: Db Error: Unknown column 'contract_4' in 'where clause'
SELECT COUNT(*) AS nc_count FROM `goods_common` WHERE ( gc_id_3 = '5497' ) AND ( areaid_1 = '9' ) AND ( contract_4 = '1' ) AND ( contract_3 = '1' ) AND ( contract_2 = '1' ) LIMIT 1  
[2020-04-27 07:12:54] /shop/index.php?controller=cate&action=index&cate_id=2866&key=&order=&ci=4_2_1&new=1&area_id=1&gift=1&type=1 ( act=cate&action=index ) 
ERR: Db Error: Unknown column 'contract_4' in 'where clause'
SELECT COUNT(*) AS nc_count FROM `goods_common` WHERE ( areaid_1 = '1' ) AND ( is_own_shop = '1' ) AND ( is_new_arrival = '1' ) AND ( contract_4 = '1' ) AND ( contract_2 = '1' ) AND ( contract_1 = '1' ) LIMIT 1  
[2020-04-27 07:15:57] /shop/index.php?action=index&area_id=17&cate_id=5530&ci=2&controller=cate ( act=cate&action=index ) 
ERR: Db Error: Unknown column 'contract_2' in 'where clause'
SELECT COUNT(*) AS nc_count FROM `goods_common` WHERE ( gc_id_2 = '5530' ) AND ( areaid_1 = '17' ) AND ( contract_2 = '1' ) LIMIT 1  
[2020-04-27 07:20:21] /shop/index.php?controller=cate&action=index&cate_id=3213&key=1&order=2&ci=2&yx=1 ( act=cate&action=index ) 
ERR: Db Error: Unknown column 'contract_2' in 'where clause'
SELECT COUNT(*) AS nc_count FROM `goods_common` WHERE ( is_select = '1' ) AND ( contract_2 = '1' ) LIMIT 1  
[2020-04-27 07:34:30] /shop/index.php?controller=cate&action=index&cate_id=13&area_id=3&key=3&order=2&yx=1&type=1&ci=3_4_1 ( act=cate&action=index ) 
ERR: Db Error: Unknown column 'contract_3' in 'where clause'
SELECT COUNT(*) AS nc_count FROM `goods_common` WHERE ( areaid_1 = '3' ) AND ( is_own_shop = '1' ) AND ( is_select = '1' ) AND ( contract_3 = '1' ) AND ( contract_4 = '1' ) AND ( contract_1 = '1' ) LIMIT 1  
[2020-04-27 07:40:59] /shop/index.php?action=index&area_id=24&cate_id=5548&ci=4&controller=cate ( act=cate&action=index ) 
ERR: Db Error: Unknown column 'contract_4' in 'where clause'
SELECT COUNT(*) AS nc_count FROM `goods_common` WHERE ( gc_id_3 = '5548' ) AND ( areaid_1 = '24' ) AND ( contract_4 = '1' ) LIMIT 1  
[2020-04-27 07:41:42] /shop/index.php?controller=cate&action=index&cate_id=746&type=1&key=3&order=1&ci=2_1&new=1 ( act=cate&action=index ) 
ERR: Db Error: Unknown column 'contract_2' in 'where clause'
SELECT COUNT(*) AS nc_count FROM `goods_common` WHERE ( is_own_shop = '1' ) AND ( is_new_arrival = '1' ) AND ( contract_2 = '1' ) AND ( contract_1 = '1' ) LIMIT 1  
[2020-04-27 07:48:54] /shop/index.php?controller=cate&action=index&cate_id=702&key=2&order=2&ci=4 ( act=cate&action=index ) 
ERR: Db Error: Unknown column 'contract_4' in 'where clause'
SELECT COUNT(*) AS nc_count FROM `goods_common` WHERE ( contract_4 = '1' ) LIMIT 1  
[2020-04-27 07:54:58] /shop/index.php?action=index&cate_id=645&ci=1&controller=cate&key=1&order=2&type=1 ( act=cate&action=index ) 
ERR: Db Error: Unknown column 'contract_1' in 'where clause'
SELECT COUNT(*) AS nc_count FROM `goods_common` WHERE ( is_own_shop = '1' ) AND ( contract_1 = '1' ) LIMIT 1  
[2020-04-27 08:03:18] /shop/index.php?controller=cate&action=index&cate_id=3591&key=2&order=2&new=&ci=2_1&yx=&area_id=11&type=1 ( act=cate&action=index ) 
ERR: Db Error: Unknown column 'contract_2' in 'where clause'
SELECT COUNT(*) AS nc_count FROM `goods_common` WHERE ( areaid_1 = '11' ) AND ( is_own_shop = '1' ) AND ( contract_2 = '1' ) AND ( contract_1 = '1' ) LIMIT 1  
[2020-04-27 08:09:00] /shop/index.php?action=index&area_id=5&cate_id=596&ci=1&controller=cate ( act=cate&action=index ) 
ERR: Db Error: Unknown column 'contract_1' in 'where clause'
SELECT COUNT(*) AS nc_count FROM `goods_common` WHERE ( areaid_1 = '5' ) AND ( contract_1 = '1' ) LIMIT 1  
[2020-04-27 08:10:30] /shop/index.php?controller=cate&action=index&cate_id=893&yx=&type=&gift=1&key=1&order=2&ci=3 ( act=cate&action=index ) 
ERR: Db Error: Unknown column 'contract_3' in 'where clause'
SELECT COUNT(*) AS nc_count FROM `goods_common` WHERE ( contract_3 = '1' ) LIMIT 1  
[2020-04-27 08:16:11] /shop/index.php?action=index&area_id=3&cate_id=5494&ci=3&controller=cate ( act=cate&action=index ) 
ERR: Db Error: Unknown column 'contract_3' in 'where clause'
SELECT COUNT(*) AS nc_count FROM `goods_common` WHERE ( gc_id_2 = '5494' ) AND ( areaid_1 = '3' ) AND ( contract_3 = '1' ) LIMIT 1  
[2020-04-27 08:17:42] /shop/index.php?controller=cate&action=index&cate_id=4630&key=1&order=2&gift=1&ci=3 ( act=cate&action=index ) 
ERR: Db Error: Unknown column 'contract_3' in 'where clause'
SELECT COUNT(*) AS nc_count FROM `goods_common` WHERE ( contract_3 = '1' ) LIMIT 1  
[2020-04-27 08:33:59] /shop/index.php?action=index&area_id=26&cate_id=5587&ci=3_1&controller=cate ( act=cate&action=index ) 
ERR: Db Error: Unknown column 'contract_3' in 'where clause'
SELECT COUNT(*) AS nc_count FROM `goods_common` WHERE ( gc_id_2 = '5587' ) AND ( areaid_1 = '26' ) AND ( contract_3 = '1' ) AND ( contract_1 = '1' ) LIMIT 1  
[2020-04-27 08:39:18] /shop/index.php?controller=cate&action=index&cate_id=4528&gift=1&new=1&key=2&order=2&ci=3&yx= ( act=cate&action=index ) 
ERR: Db Error: Unknown column 'contract_3' in 'where clause'
SELECT COUNT(*) AS nc_count FROM `goods_common` WHERE ( is_new_arrival = '1' ) AND ( contract_3 = '1' ) LIMIT 1  
[2020-04-27 08:53:42] /shop/index.php?controller=cate&action=index&cate_id=158&key=&order=&yx=1&ci=1_4_2&type=1 ( act=cate&action=index ) 
ERR: Db Error: Unknown column 'contract_1' in 'where clause'
SELECT COUNT(*) AS nc_count FROM `goods_common` WHERE ( is_own_shop = '1' ) AND ( is_select = '1' ) AND ( contract_1 = '1' ) AND ( contract_4 = '1' ) AND ( contract_2 = '1' ) LIMIT 1  
[2020-04-27 09:00:54] /shop/index.php?controller=cate&action=index&cate_id=2303&key=2&order=2&ci=1_2 ( act=cate&action=index ) 
ERR: Db Error: Unknown column 'contract_1' in 'where clause'
SELECT COUNT(*) AS nc_count FROM `goods_common` WHERE ( contract_1 = '1' ) AND ( contract_2 = '1' ) LIMIT 1  
[2020-04-27 09:08:06] /shop/index.php?controller=cate&action=index&cate_id=2213&key=&order=&type=&new=&ci=4&gift=1 ( act=cate&action=index ) 
ERR: Db Error: Unknown column 'contract_4' in 'where clause'
SELECT COUNT(*) AS nc_count FROM `goods_common` WHERE ( contract_4 = '1' ) LIMIT 1  
[2020-04-27 09:15:18] /shop/index.php?controller=cate&action=index&cate_id=13&area_id=3&key=1&order=1&yx=1&type=1&ci=2 ( act=cate&action=index ) 
ERR: Db Error: Unknown column 'contract_2' in 'where clause'
SELECT COUNT(*) AS nc_count FROM `goods_common` WHERE ( areaid_1 = '3' ) AND ( is_own_shop = '1' ) AND ( is_select = '1' ) AND ( contract_2 = '1' ) LIMIT 1  
[2020-04-27 09:15:54] /shop/index.php?controller=cate&action=index&cate_id=3663&type=&gift=1&new=&key=3&order=1&ci=1&yx=1 ( act=cate&action=index ) 
ERR: Db Error: Unknown column 'contract_1' in 'where clause'
SELECT COUNT(*) AS nc_count FROM `goods_common` WHERE ( is_select = '1' ) AND ( contract_1 = '1' ) LIMIT 1  
[2020-04-27 09:22:30] /shop/index.php?controller=cate&action=index&cate_id=2407&type=1&new=1&key=3&order=2&ci=3 ( act=cate&action=index ) 
ERR: Db Error: Unknown column 'contract_3' in 'where clause'
SELECT COUNT(*) AS nc_count FROM `goods_common` WHERE ( is_own_shop = '1' ) AND ( is_new_arrival = '1' ) AND ( contract_3 = '1' ) LIMIT 1  
[2020-04-27 09:26:02] /shop/index.php?action=index&area_id=6&cate_id=5494&ci=3&controller=cate ( act=cate&action=index ) 
ERR: Db Error: Unknown column 'contract_3' in 'where clause'
SELECT COUNT(*) AS nc_count FROM `goods_common` WHERE ( gc_id_2 = '5494' ) AND ( areaid_1 = '6' ) AND ( contract_3 = '1' ) LIMIT 1  
[2020-04-27 09:27:32] /shop/index.php?action=index&area_id=22&ci=3_1_4&controller=cate&yx=1 ( act=cate&action=index ) 
ERR: Db Error: Unknown column 'contract_3' in 'where clause'
SELECT COUNT(*) AS nc_count FROM `goods_common` WHERE ( areaid_1 = '22' ) AND ( is_select = '1' ) AND ( contract_3 = '1' ) AND ( contract_1 = '1' ) AND ( contract_4 = '1' ) LIMIT 1  
[2020-04-27 09:31:00] /shop/index.php?action=index&area_id=1&cate_id=5565&ci=2_3&controller=cate ( act=cate&action=index ) 
ERR: Db Error: Unknown column 'contract_2' in 'where clause'
SELECT COUNT(*) AS nc_count FROM `goods_common` WHERE ( gc_id_3 = '5565' ) AND ( areaid_1 = '1' ) AND ( contract_2 = '1' ) AND ( contract_3 = '1' ) LIMIT 1  
[2020-04-27 09:44:06] /shop/index.php?controller=cate&action=index&cate_id=2332&type=&key=3&order=2&area_id=&gift=1&ci=4&yx=1 ( act=cate&action=index ) 
ERR: Db Error: Unknown column 'contract_4' in 'where clause'
SELECT COUNT(*) AS nc_count FROM `goods_common` WHERE ( is_select = '1' ) AND ( contract_4 = '1' ) LIMIT 1  
[2020-04-27 09:49:01] /shop/index.php?action=index&cate_id=645&ci=3_4&controller=cate&type=1 ( act=cate&action=index ) 
ERR: Db Error: Unknown column 'contract_3' in 'where clause'
SELECT COUNT(*) AS nc_count FROM `goods_common` WHERE ( is_own_shop = '1' ) AND ( contract_3 = '1' ) AND ( contract_4 = '1' ) LIMIT 1  
[2020-04-27 09:51:18] /shop/index.php?controller=cate&action=index&cate_id=4081&type=&key=1&order=1&new=1&ci=3 ( act=cate&action=index ) 
ERR: Db Error: Unknown column 'contract_3' in 'where clause'
SELECT COUNT(*) AS nc_count FROM `goods_common` WHERE ( is_new_arrival = '1' ) AND ( contract_3 = '1' ) LIMIT 1  
[2020-04-27 09:54:32] /shop/index.php?controller=cate&action=index&cate_id=179&key=&order=&area_id=2&yx=1&ci=3 ( act=cate&action=index ) 
ERR: Db Error: Unknown column 'contract_3' in 'where clause'
SELECT COUNT(*) AS nc_count FROM `goods_common` WHERE ( areaid_1 = '2' ) AND ( is_select = '1' ) AND ( contract_3 = '1' ) LIMIT 1  
[2020-04-27 09:58:30] /shop/index.php?controller=cate&action=index&cate_id=373&gift=1&key=2&order=2&ci=4 ( act=cate&action=index ) 
ERR: Db Error: Unknown column 'contract_4' in 'where clause'
SELECT COUNT(*) AS nc_count FROM `goods_common` WHERE ( contract_4 = '1' ) LIMIT 1  
[2020-04-27 10:05:42] /shop/index.php?controller=cate&action=index&cate_id=4081&type=&key=1&order=2&new=&ci=3 ( act=cate&action=index ) 
ERR: Db Error: Unknown column 'contract_3' in 'where clause'
SELECT COUNT(*) AS nc_count FROM `goods_common` WHERE ( contract_3 = '1' ) LIMIT 1  
[2020-04-27 10:12:54] /shop/index.php?controller=cate&action=index&cate_id=893&yx=&type=&gift=1&key=1&order=2&ci=4 ( act=cate&action=index ) 
ERR: Db Error: Unknown column 'contract_4' in 'where clause'
SELECT COUNT(*) AS nc_count FROM `goods_common` WHERE ( contract_4 = '1' ) LIMIT 1  
[2020-04-27 10:20:07] /shop/index.php?controller=cate&action=index&cate_id=3711&gift=&ci=4_2&key=2&order=2&yx=1 ( act=cate&action=index ) 
ERR: Db Error: Unknown column 'contract_4' in 'where clause'
SELECT COUNT(*) AS nc_count FROM `goods_common` WHERE ( is_select = '1' ) AND ( contract_4 = '1' ) AND ( contract_2 = '1' ) LIMIT 1  
[2020-04-27 10:21:02] /shop/index.php?action=index&area_id=34&cate_id=596&ci=1_3&controller=cate ( act=cate&action=index ) 
ERR: Db Error: Unknown column 'contract_1' in 'where clause'
SELECT COUNT(*) AS nc_count FROM `goods_common` WHERE ( areaid_1 = '34' ) AND ( contract_1 = '1' ) AND ( contract_3 = '1' ) LIMIT 1  
[2020-04-27 10:27:18] /shop/index.php?controller=cate&action=index&cate_id=4&ci=3_4&new=1&order=&key=&yx=1 ( act=cate&action=index ) 
ERR: Db Error: Unknown column 'contract_3' in 'where clause'
SELECT COUNT(*) AS nc_count FROM `goods_common` WHERE ( is_new_arrival = '1' ) AND ( is_select = '1' ) AND ( contract_3 = '1' ) AND ( contract_4 = '1' ) LIMIT 1  
[2020-04-27 10:56:06] /shop/index.php?controller=cate&action=index&cate_id=115&ci=4_2&key=2&order=2&new=1 ( act=cate&action=index ) 
ERR: Db Error: Unknown column 'contract_4' in 'where clause'
SELECT COUNT(*) AS nc_count FROM `goods_common` WHERE ( is_new_arrival = '1' ) AND ( contract_4 = '1' ) AND ( contract_2 = '1' ) LIMIT 1  
[2020-04-27 10:59:51] /shop/index.php?action=index&area_id=25&cate_id=4154&ci=4&controller=cate&gift=1 ( act=cate&action=index ) 
ERR: Db Error: Unknown column 'contract_4' in 'where clause'
SELECT COUNT(*) AS nc_count FROM `goods_common` WHERE ( areaid_1 = '25' ) AND ( contract_4 = '1' ) LIMIT 1  
[2020-04-27 11:10:30] /shop/index.php?controller=cate&action=index&cate_id=4644&key=1&order=2&yx=1&type=1&gift=1&new=1&ci=2 ( act=cate&action=index ) 
ERR: Db Error: Unknown column 'contract_2' in 'where clause'
SELECT COUNT(*) AS nc_count FROM `goods_common` WHERE ( is_own_shop = '1' ) AND ( is_new_arrival = '1' ) AND ( is_select = '1' ) AND ( contract_2 = '1' ) LIMIT 1  
[2020-04-27 11:11:56] /shop/index.php?action=index&area_id=16&cate_id=5567&ci=3&controller=cate&key=2&order=2&yx=1 ( act=cate&action=index ) 
ERR: Db Error: Unknown column 'contract_3' in 'where clause'
SELECT COUNT(*) AS nc_count FROM `goods_common` WHERE ( gc_id_3 = '5567' ) AND ( areaid_1 = '16' ) AND ( is_select = '1' ) AND ( contract_3 = '1' ) LIMIT 1  
[2020-04-27 11:15:43] /shop/index.php?action=index&area_id=1&cate_id=2169&ci=3&controller=cate ( act=cate&action=index ) 
ERR: Db Error: Unknown column 'contract_3' in 'where clause'
SELECT COUNT(*) AS nc_count FROM `goods_common` WHERE ( gc_id_3 = '2169' ) AND ( areaid_1 = '1' ) AND ( contract_3 = '1' ) LIMIT 1  
[2020-04-27 11:17:42] /shop/index.php?controller=cate&action=index&cate_id=13&area_id=3&key=1&order=2&yx=1&type=1&ci=2&gift=1 ( act=cate&action=index ) 
ERR: Db Error: Unknown column 'contract_2' in 'where clause'
SELECT COUNT(*) AS nc_count FROM `goods_common` WHERE ( areaid_1 = '3' ) AND ( is_own_shop = '1' ) AND ( is_select = '1' ) AND ( contract_2 = '1' ) LIMIT 1  
[2020-04-27 11:21:23] /shop/index.php?action=index&area_id=4&cate_id=726&ci=4_2_1&controller=cate ( act=cate&action=index ) 
ERR: Db Error: Unknown column 'contract_4' in 'where clause'
SELECT COUNT(*) AS nc_count FROM `goods_common` WHERE ( areaid_1 = '4' ) AND ( contract_4 = '1' ) AND ( contract_2 = '1' ) AND ( contract_1 = '1' ) LIMIT 1  
[2020-04-27 11:32:06] /shop/index.php?controller=cate&action=index&cate_id=100&gift=1&ci=3&new=1&key=1&order=2&type=&yx=1 ( act=cate&action=index ) 
ERR: Db Error: Unknown column 'contract_3' in 'where clause'
SELECT COUNT(*) AS nc_count FROM `goods_common` WHERE ( is_new_arrival = '1' ) AND ( is_select = '1' ) AND ( contract_3 = '1' ) LIMIT 1  
[2020-04-27 11:33:35] /shop/index.php?action=index&area_id=20&cate_id=5556&ci=1&controller=cate&new=&yx=1 ( act=cate&action=index ) 
ERR: Db Error: Unknown column 'contract_1' in 'where clause'
SELECT COUNT(*) AS nc_count FROM `goods_common` WHERE ( gc_id_3 = '5556' ) AND ( areaid_1 = '20' ) AND ( is_select = '1' ) AND ( contract_1 = '1' ) LIMIT 1  
[2020-04-27 11:39:18] /shop/index.php?controller=cate&action=index&cate_id=4950&ci=4&key=&order=&new=&yx=1&area_id=4 ( act=cate&action=index ) 
ERR: Db Error: Unknown column 'contract_4' in 'where clause'
SELECT COUNT(*) AS nc_count FROM `goods_common` WHERE ( areaid_1 = '4' ) AND ( is_select = '1' ) AND ( contract_4 = '1' ) LIMIT 1  
[2020-04-27 11:41:45] /shop/index.php?action=index&area_id=31&cate_id=2155&ci=1&controller=cate ( act=cate&action=index ) 
ERR: Db Error: Unknown column 'contract_1' in 'where clause'
SELECT COUNT(*) AS nc_count FROM `goods_common` WHERE ( gc_id_2 = '2155' ) AND ( areaid_1 = '31' ) AND ( contract_1 = '1' ) LIMIT 1  
[2020-04-27 11:46:30] /shop/index.php?controller=cate&action=index&cate_id=2303&key=2&order=2&ci=1_4 ( act=cate&action=index ) 
ERR: Db Error: Unknown column 'contract_1' in 'where clause'
SELECT COUNT(*) AS nc_count FROM `goods_common` WHERE ( contract_1 = '1' ) AND ( contract_4 = '1' ) LIMIT 1  
[2020-04-27 11:52:56] /shop/index.php?action=index&area_id=6&cate_id=2167&ci=2&controller=cate&key=3&order=2&yx= ( act=cate&action=index ) 
ERR: Db Error: Unknown column 'contract_2' in 'where clause'
SELECT COUNT(*) AS nc_count FROM `goods_common` WHERE ( gc_id_3 = '2167' ) AND ( areaid_1 = '6' ) AND ( contract_2 = '1' ) LIMIT 1  
[2020-04-27 11:55:03] /shop/index.php?controller=cate&action=index&cate_id=2809&key=&order=&new=1&area_id=20&ci=4_2 ( act=cate&action=index ) 
ERR: Db Error: Unknown column 'contract_4' in 'where clause'
SELECT COUNT(*) AS nc_count FROM `goods_common` WHERE ( areaid_1 = '20' ) AND ( is_new_arrival = '1' ) AND ( contract_4 = '1' ) AND ( contract_2 = '1' ) LIMIT 1  
[2020-04-27 11:56:54] /shop/index.php?action=index&area_id=31&cate_id=645&ci=1&controller=cate&type=1 ( act=cate&action=index ) 
ERR: Db Error: Unknown column 'contract_1' in 'where clause'
SELECT COUNT(*) AS nc_count FROM `goods_common` WHERE ( areaid_1 = '31' ) AND ( is_own_shop = '1' ) AND ( contract_1 = '1' ) LIMIT 1  
[2020-04-27 12:00:54] /shop/index.php?controller=cate&action=index&cate_id=2314&type=&key=&order=&new=1&ci=2_1_3&gift=1&yx= ( act=cate&action=index ) 
ERR: Db Error: Unknown column 'contract_2' in 'where clause'
SELECT COUNT(*) AS nc_count FROM `goods_common` WHERE ( is_new_arrival = '1' ) AND ( contract_2 = '1' ) AND ( contract_1 = '1' ) AND ( contract_3 = '1' ) LIMIT 1  
[2020-04-27 12:16:26] /shop/index.php?action=index&area_id=24&cate_id=856&ci=3_4_2&controller=cate&key=2&order=2&type=1 ( act=cate&action=index ) 
ERR: Db Error: Unknown column 'contract_3' in 'where clause'
SELECT COUNT(*) AS nc_count FROM `goods_common` WHERE ( areaid_1 = '24' ) AND ( is_own_shop = '1' ) AND ( contract_3 = '1' ) AND ( contract_4 = '1' ) AND ( contract_2 = '1' ) LIMIT 1  
[2020-04-27 12:22:30] /shop/index.php?controller=cate&action=index&cate_id=2541&key=2&order=2&ci=1&type=1&area_id=8 ( act=cate&action=index ) 
ERR: Db Error: Unknown column 'contract_1' in 'where clause'
SELECT COUNT(*) AS nc_count FROM `goods_common` WHERE ( areaid_1 = '8' ) AND ( is_own_shop = '1' ) AND ( contract_1 = '1' ) LIMIT 1  
[2020-04-27 12:36:54] /shop/index.php?controller=cate&action=index&cate_id=75&yx=1&key=3&order=2&ci=1_3 ( act=cate&action=index ) 
ERR: Db Error: Unknown column 'contract_1' in 'where clause'
SELECT COUNT(*) AS nc_count FROM `goods_common` WHERE ( is_select = '1' ) AND ( contract_1 = '1' ) AND ( contract_3 = '1' ) LIMIT 1  
[2020-04-27 12:37:40] /shop/index.php?action=index&area_id=28&cate_id=2&ci=4_2_1&controller=cate&key=2&new=1&order=2 ( act=cate&action=index ) 
ERR: Db Error: Unknown column 'contract_4' in 'where clause'
SELECT COUNT(*) AS nc_count FROM `goods_common` WHERE ( areaid_1 = '28' ) AND ( is_new_arrival = '1' ) AND ( contract_4 = '1' ) AND ( contract_2 = '1' ) AND ( contract_1 = '1' ) LIMIT 1  
[2020-04-27 12:58:30] /shop/index.php?controller=cate&action=index&cate_id=3252&gift=&key=1&order=2&type=1&area_id=13&ci=2_3_4_1 ( act=cate&action=index ) 
ERR: Db Error: Unknown column 'contract_2' in 'where clause'
SELECT COUNT(*) AS nc_count FROM `goods_common` WHERE ( areaid_1 = '13' ) AND ( is_own_shop = '1' ) AND ( contract_2 = '1' ) AND ( contract_3 = '1' ) AND ( contract_4 = '1' ) AND ( contract_1 = '1' ) LIMIT 1  
[2020-04-27 12:59:35] /shop/index.php?action=index&area_id=7&cate_id=5508&ci=1_2&controller=cate ( act=cate&action=index ) 
ERR: Db Error: Unknown column 'contract_1' in 'where clause'
SELECT COUNT(*) AS nc_count FROM `goods_common` WHERE ( gc_id_1 = '5508' ) AND ( areaid_1 = '7' ) AND ( contract_1 = '1' ) AND ( contract_2 = '1' ) LIMIT 1  
[2020-04-27 13:21:57] /shop/index.php?action=index&area_id=14&cate_id=2167&ci=2&controller=cate&gift=1&key=&order= ( act=cate&action=index ) 
ERR: Db Error: Unknown column 'contract_2' in 'where clause'
SELECT COUNT(*) AS nc_count FROM `goods_common` WHERE ( gc_id_3 = '2167' ) AND ( areaid_1 = '14' ) AND ( contract_2 = '1' ) LIMIT 1  
[2020-04-27 13:27:18] /shop/index.php?controller=cate&action=index&cate_id=499&gift=&key=3&order=2&ci=1_2 ( act=cate&action=index ) 
ERR: Db Error: Unknown column 'contract_1' in 'where clause'
SELECT COUNT(*) AS nc_count FROM `goods_common` WHERE ( contract_1 = '1' ) AND ( contract_2 = '1' ) LIMIT 1  
[2020-04-27 13:29:26] /shop/index.php?action=index&area_id=31&cate_id=5552&ci=2&controller=cate ( act=cate&action=index ) 
ERR: Db Error: Unknown column 'contract_2' in 'where clause'
SELECT COUNT(*) AS nc_count FROM `goods_common` WHERE ( gc_id_3 = '5552' ) AND ( areaid_1 = '31' ) AND ( contract_2 = '1' ) LIMIT 1  
[2020-04-27 13:41:43] /shop/index.php?controller=cate&action=index&cate_id=4722&key=1&order=2&ci=4 ( act=cate&action=index ) 
ERR: Db Error: Unknown column 'contract_4' in 'where clause'
SELECT COUNT(*) AS nc_count FROM `goods_common` WHERE ( contract_4 = '1' ) LIMIT 1  
[2020-04-27 13:54:26] /shop/index.php?action=index&area_id=20&cate_id=5523&ci=1_3&controller=cate ( act=cate&action=index ) 
ERR: Db Error: Unknown column 'contract_1' in 'where clause'
SELECT COUNT(*) AS nc_count FROM `goods_common` WHERE ( gc_id_3 = '5523' ) AND ( areaid_1 = '20' ) AND ( contract_1 = '1' ) AND ( contract_3 = '1' ) LIMIT 1  
[2020-04-27 13:55:04] /shop/index.php?controller=cate&action=index&cate_id=733&key=3&order=2&type=&area_id=16&ci=4 ( act=cate&action=index ) 
ERR: Db Error: Unknown column 'contract_4' in 'where clause'
SELECT COUNT(*) AS nc_count FROM `goods_common` WHERE ( areaid_1 = '16' ) AND ( contract_4 = '1' ) LIMIT 1  
[2020-04-27 13:56:07] /shop/index.php?controller=cate&action=index&cate_id=4118&key=2&order=2&new=1&type=&yx=1&gift=1&area_id=28&ci=2 ( act=cate&action=index ) 
ERR: Db Error: Unknown column 'contract_2' in 'where clause'
SELECT COUNT(*) AS nc_count FROM `goods_common` WHERE ( areaid_1 = '28' ) AND ( is_new_arrival = '1' ) AND ( is_select = '1' ) AND ( contract_2 = '1' ) LIMIT 1  
[2020-04-27 14:03:18] /shop/index.php?controller=cate&action=index&cate_id=731&area_id=15&gift=1&ci=2_4 ( act=cate&action=index ) 
ERR: Db Error: Unknown column 'contract_2' in 'where clause'
SELECT COUNT(*) AS nc_count FROM `goods_common` WHERE ( areaid_1 = '15' ) AND ( contract_2 = '1' ) AND ( contract_4 = '1' ) LIMIT 1  
[2020-04-27 14:03:39] /shop/index.php?action=index&area_id=23&cate_id=5490&ci=4_2&controller=cate&type=1 ( act=cate&action=index ) 
ERR: Db Error: Unknown column 'contract_4' in 'where clause'
SELECT COUNT(*) AS nc_count FROM `goods_common` WHERE ( gc_id_2 = '5490' ) AND ( areaid_1 = '23' ) AND ( is_own_shop = '1' ) AND ( contract_4 = '1' ) AND ( contract_2 = '1' ) LIMIT 1  
[2020-04-27 14:10:30] /shop/index.php?controller=cate&action=index&cate_id=345&yx=1&ci=1_4&gift=1 ( act=cate&action=index ) 
ERR: Db Error: Unknown column 'contract_1' in 'where clause'
SELECT COUNT(*) AS nc_count FROM `goods_common` WHERE ( is_select = '1' ) AND ( contract_1 = '1' ) AND ( contract_4 = '1' ) LIMIT 1  
[2020-04-27 14:21:57] /shop/index.php?action=index&area_id=32&cate_id=596&ci=1_2&controller=cate ( act=cate&action=index ) 
ERR: Db Error: Unknown column 'contract_1' in 'where clause'
SELECT COUNT(*) AS nc_count FROM `goods_common` WHERE ( areaid_1 = '32' ) AND ( contract_1 = '1' ) AND ( contract_2 = '1' ) LIMIT 1  
[2020-04-27 14:29:58] /shop/index.php?action=index&area_id=32&cate_id=5571&ci=2&controller=cate&key=1&order=2&type=1 ( act=cate&action=index ) 
ERR: Db Error: Unknown column 'contract_2' in 'where clause'
SELECT COUNT(*) AS nc_count FROM `goods_common` WHERE ( gc_id_2 = '5571' ) AND ( areaid_1 = '32' ) AND ( is_own_shop = '1' ) AND ( contract_2 = '1' ) LIMIT 1  
[2020-04-27 14:39:18] /shop/index.php?controller=cate&action=index&cate_id=3599&key=&order=&type=1&ci=1_4&new=1&yx=1 ( act=cate&action=index ) 
ERR: Db Error: Unknown column 'contract_1' in 'where clause'
SELECT COUNT(*) AS nc_count FROM `goods_common` WHERE ( is_own_shop = '1' ) AND ( is_new_arrival = '1' ) AND ( is_select = '1' ) AND ( contract_1 = '1' ) AND ( contract_4 = '1' ) LIMIT 1  
[2020-04-27 14:46:07] /shop/index.php?action=index&area_id=27&cate_id=2155&ci=1&controller=cate ( act=cate&action=index ) 
ERR: Db Error: Unknown column 'contract_1' in 'where clause'
SELECT COUNT(*) AS nc_count FROM `goods_common` WHERE ( gc_id_2 = '2155' ) AND ( areaid_1 = '27' ) AND ( contract_1 = '1' ) LIMIT 1  
[2020-04-27 14:46:30] /shop/index.php?controller=cate&action=index&cate_id=4741&new=&ci=4&yx=1&gift=1&key=1&order=2&type= ( act=cate&action=index ) 
ERR: Db Error: Unknown column 'contract_4' in 'where clause'
SELECT COUNT(*) AS nc_count FROM `goods_common` WHERE ( is_select = '1' ) AND ( contract_4 = '1' ) LIMIT 1  
[2020-04-27 14:50:38] /shop/index.php?action=index&area_id=31&cate_id=2167&ci=2&controller=cate&key=&order=&yx=1 ( act=cate&action=index ) 
ERR: Db Error: Unknown column 'contract_2' in 'where clause'
SELECT COUNT(*) AS nc_count FROM `goods_common` WHERE ( gc_id_3 = '2167' ) AND ( areaid_1 = '31' ) AND ( is_select = '1' ) AND ( contract_2 = '1' ) LIMIT 1  
[2020-04-27 14:53:43] /shop/index.php?controller=cate&action=index&cate_id=834&ci=2 ( act=cate&action=index ) 
ERR: Db Error: Unknown column 'contract_2' in 'where clause'
SELECT COUNT(*) AS nc_count FROM `goods_common` WHERE ( contract_2 = '1' ) LIMIT 1  
[2020-04-27 15:00:54] /shop/index.php?controller=cate&action=index&cate_id=4005&area_id=4&ci=1&key=2&order=2&type=&new=1&gift=1 ( act=cate&action=index ) 
ERR: Db Error: Unknown column 'contract_1' in 'where clause'
SELECT COUNT(*) AS nc_count FROM `goods_common` WHERE ( areaid_1 = '4' ) AND ( is_new_arrival = '1' ) AND ( contract_1 = '1' ) LIMIT 1  
[2020-04-27 15:08:06] /shop/index.php?controller=cate&action=index&cate_id=3599&key=2&order=2&type=1&ci=1&new=1 ( act=cate&action=index ) 
ERR: Db Error: Unknown column 'contract_1' in 'where clause'
SELECT COUNT(*) AS nc_count FROM `goods_common` WHERE ( is_own_shop = '1' ) AND ( is_new_arrival = '1' ) AND ( contract_1 = '1' ) LIMIT 1  
[2020-04-27 15:10:29] /shop/index.php?action=index&area_id=&cate_id=2167&ci=2&controller=cate&key=&order=&type=1 ( act=cate&action=index ) 
ERR: Db Error: Unknown column 'contract_2' in 'where clause'
SELECT COUNT(*) AS nc_count FROM `goods_common` WHERE ( gc_id_3 = '2167' ) AND ( is_own_shop = '1' ) AND ( contract_2 = '1' ) LIMIT 1  
[2020-04-27 15:13:07] /shop/index.php?action=index&area_id=18&cate_id=5554&ci=4&controller=cate ( act=cate&action=index ) 
ERR: Db Error: Unknown column 'contract_4' in 'where clause'
SELECT COUNT(*) AS nc_count FROM `goods_common` WHERE ( gc_id_3 = '5554' ) AND ( areaid_1 = '18' ) AND ( contract_4 = '1' ) LIMIT 1  
[2020-04-27 15:33:25] /shop/index.php?controller=cate&action=index&cate_id=20&ci=2_1_4&key=1&order=2 ( act=cate&action=index ) 
ERR: Db Error: Unknown column 'contract_2' in 'where clause'
SELECT COUNT(*) AS nc_count FROM `goods_common` WHERE ( contract_2 = '1' ) AND ( contract_1 = '1' ) AND ( contract_4 = '1' ) LIMIT 1  
[2020-04-27 15:34:02] /shop/index.php?action=index&area_id=7&cate_id=489&ci=1_3&controller=cate&type= ( act=cate&action=index ) 
ERR: Db Error: Unknown column 'contract_1' in 'where clause'
SELECT COUNT(*) AS nc_count FROM `goods_common` WHERE ( areaid_1 = '7' ) AND ( contract_1 = '1' ) AND ( contract_3 = '1' ) LIMIT 1  
[2020-04-27 15:38:08] /shop/index.php?action=index&area_id=19&cate_id=489&ci=3_2&controller=cate ( act=cate&action=index ) 
ERR: Db Error: Unknown column 'contract_3' in 'where clause'
SELECT COUNT(*) AS nc_count FROM `goods_common` WHERE ( areaid_1 = '19' ) AND ( contract_3 = '1' ) AND ( contract_2 = '1' ) LIMIT 1  
[2020-04-27 15:40:35] /shop/index.php?controller=cate&action=index&cate_id=5096&yx=&key=&order=&ci=3 ( act=cate&action=index ) 
ERR: Db Error: Unknown column 'contract_3' in 'where clause'
SELECT COUNT(*) AS nc_count FROM `goods_common` WHERE ( contract_3 = '1' ) LIMIT 1  
[2020-04-27 15:51:18] /shop/index.php?controller=cate&action=index&cate_id=3252&gift=&key=1&order=2&type=1&area_id=13&ci=2_3_4&new=1 ( act=cate&action=index ) 
ERR: Db Error: Unknown column 'contract_2' in 'where clause'
SELECT COUNT(*) AS nc_count FROM `goods_common` WHERE ( areaid_1 = '13' ) AND ( is_own_shop = '1' ) AND ( is_new_arrival = '1' ) AND ( contract_2 = '1' ) AND ( contract_3 = '1' ) AND ( contract_4 = '1' ) LIMIT 1  
[2020-04-27 15:55:04] /shop/index.php?controller=cate&action=index&cate_id=813&type=&order=2&key=2&ci=2_1&new=1&area_id=21&yx=1 ( act=cate&action=index ) 
ERR: Db Error: Unknown column 'contract_2' in 'where clause'
SELECT COUNT(*) AS nc_count FROM `goods_common` WHERE ( areaid_1 = '21' ) AND ( is_new_arrival = '1' ) AND ( is_select = '1' ) AND ( contract_2 = '1' ) AND ( contract_1 = '1' ) LIMIT 1  
[2020-04-27 16:00:07] /shop/index.php?action=index&area_id=16&cate_id=762&ci=3_1&controller=cate&new=1&type=1 ( act=cate&action=index ) 
ERR: Db Error: Unknown column 'contract_3' in 'where clause'
SELECT COUNT(*) AS nc_count FROM `goods_common` WHERE ( areaid_1 = '16' ) AND ( is_own_shop = '1' ) AND ( is_new_arrival = '1' ) AND ( contract_3 = '1' ) AND ( contract_1 = '1' ) LIMIT 1  
[2020-04-27 16:03:38] /shop/index.php?action=index&area_id=4&cate_id=2154&ci=2_1&controller=cate ( act=cate&action=index ) 
ERR: Db Error: Unknown column 'contract_2' in 'where clause'
SELECT COUNT(*) AS nc_count FROM `goods_common` WHERE ( gc_id_2 = '2154' ) AND ( areaid_1 = '4' ) AND ( contract_2 = '1' ) AND ( contract_1 = '1' ) LIMIT 1  
[2020-04-27 16:03:38] /shop/index.php?action=index&area_id=17&cate_id=645&ci=1&controller=cate&type=1 ( act=cate&action=index ) 
ERR: Db Error: Unknown column 'contract_1' in 'where clause'
SELECT COUNT(*) AS nc_count FROM `goods_common` WHERE ( areaid_1 = '17' ) AND ( is_own_shop = '1' ) AND ( contract_1 = '1' ) LIMIT 1  
[2020-04-27 16:05:42] /shop/index.php?controller=cate&action=index&cate_id=731&area_id=12&gift=&key=1&order=1&ci=2_1&type=1&new=1&yx= ( act=cate&action=index ) 
ERR: Db Error: Unknown column 'contract_2' in 'where clause'
SELECT COUNT(*) AS nc_count FROM `goods_common` WHERE ( areaid_1 = '12' ) AND ( is_own_shop = '1' ) AND ( is_new_arrival = '1' ) AND ( contract_2 = '1' ) AND ( contract_1 = '1' ) LIMIT 1  
[2020-04-27 16:12:54] /shop/index.php?controller=cate&action=index&cate_id=5048&key=2&order=2&area_id=24&type=&ci=2 ( act=cate&action=index ) 
ERR: Db Error: Unknown column 'contract_2' in 'where clause'
SELECT COUNT(*) AS nc_count FROM `goods_common` WHERE ( areaid_1 = '24' ) AND ( contract_2 = '1' ) LIMIT 1  
[2020-04-27 16:30:43] /shop/index.php?controller=cate&action=index&cate_id=4485&key=2&order=1&type=1&gift=1&ci=4 ( act=cate&action=index ) 
ERR: Db Error: Unknown column 'contract_4' in 'where clause'
SELECT COUNT(*) AS nc_count FROM `goods_common` WHERE ( is_own_shop = '1' ) AND ( contract_4 = '1' ) LIMIT 1  
[2020-04-27 16:34:30] /shop/index.php?action=index&area_id=27&cate_id=5581&ci=1&controller=cate ( act=cate&action=index ) 
ERR: Db Error: Unknown column 'contract_1' in 'where clause'
SELECT COUNT(*) AS nc_count FROM `goods_common` WHERE ( gc_id_2 = '5581' ) AND ( areaid_1 = '27' ) AND ( contract_1 = '1' ) LIMIT 1  
[2020-04-27 16:41:30] /shop/index.php?action=index&area_id=14&ci=4_2&controller=cate&key=3&order=2 ( act=cate&action=index ) 
ERR: Db Error: Unknown column 'contract_4' in 'where clause'
SELECT COUNT(*) AS nc_count FROM `goods_common` WHERE ( areaid_1 = '14' ) AND ( contract_4 = '1' ) AND ( contract_2 = '1' ) LIMIT 1  
[2020-04-27 16:44:31] /shop/index.php?action=index&area_id=20&cate_id=5556&ci=4&controller=cate&key=2&new=&order=2 ( act=cate&action=index ) 
ERR: Db Error: Unknown column 'contract_4' in 'where clause'
SELECT COUNT(*) AS nc_count FROM `goods_common` WHERE ( gc_id_3 = '5556' ) AND ( areaid_1 = '20' ) AND ( contract_4 = '1' ) LIMIT 1  
[2020-04-27 16:52:32] /shop/index.php?controller=cate&action=index&cate_id=5262&key=&order=&gift=&type=1&area_id=&ci=3 ( act=cate&action=index ) 
ERR: Db Error: Unknown column 'contract_3' in 'where clause'
SELECT COUNT(*) AS nc_count FROM `goods_common` WHERE ( is_own_shop = '1' ) AND ( contract_3 = '1' ) LIMIT 1  
[2020-04-27 16:56:59] /shop/index.php?action=index&area_id=13&cate_id=5506&ci=2_4&controller=cate ( act=cate&action=index ) 
ERR: Db Error: Unknown column 'contract_2' in 'where clause'
SELECT COUNT(*) AS nc_count FROM `goods_common` WHERE ( gc_id_1 = '5506' ) AND ( areaid_1 = '13' ) AND ( contract_2 = '1' ) AND ( contract_4 = '1' ) LIMIT 1  
[2020-04-27 17:03:18] /shop/index.php?controller=cate&action=index&cate_id=4964&key=3&order=1&ci=4_1&type=1 ( act=cate&action=index ) 
ERR: Db Error: Unknown column 'contract_4' in 'where clause'
SELECT COUNT(*) AS nc_count FROM `goods_common` WHERE ( is_own_shop = '1' ) AND ( contract_4 = '1' ) AND ( contract_1 = '1' ) LIMIT 1  
[2020-04-27 17:10:30] /shop/index.php?controller=cate&action=index&cate_id=2866&key=2&order=2&ci=3_4&new=&area_id=29&gift=1&yx=1 ( act=cate&action=index ) 
ERR: Db Error: Unknown column 'contract_3' in 'where clause'
SELECT COUNT(*) AS nc_count FROM `goods_common` WHERE ( areaid_1 = '29' ) AND ( is_select = '1' ) AND ( contract_3 = '1' ) AND ( contract_4 = '1' ) LIMIT 1  
[2020-04-27 17:13:32] /shop/index.php?controller=show_store&action=ajax_flowstat_record&store_id=1&goods_id=&act_param=show_store&op_param=goods_all ( act=show_store&action=ajax_flowstat_record ) 
ERR: Db Error: Table 'hiji100_com.flowstat_1' doesn't exist
SELECT * FROM `flowstat_1` WHERE ( stattime = '1587916800' ) AND ( store_id = '1' ) AND ( type = 'sum' ) LIMIT 1  
[2020-04-27 17:13:32] /shop/index.php?controller=show_store&action=ajax_flowstat_record&store_id=1&goods_id=&act_param=show_store&op_param=goods_all ( act=show_store&action=ajax_flowstat_record ) 
ERR: Db Error: Table 'hiji100_com.flowstat_1' doesn't exist
INSERT INTO `flowstat_1` (stattime,clicknum,store_id,type,goods_id) VALUES ('1587916800','1','1','sum','0')
[2020-04-27 17:17:42] /shop/index.php?controller=cate&action=index&cate_id=2182&key=1&order=2&area_id=28&ci=4_3 ( act=cate&action=index ) 
ERR: Db Error: Unknown column 'contract_4' in 'where clause'
SELECT COUNT(*) AS nc_count FROM `goods_common` WHERE ( areaid_1 = '28' ) AND ( contract_4 = '1' ) AND ( contract_3 = '1' ) LIMIT 1  
[2020-04-27 17:18:30] /shop/index.php?action=index&area_id=16&ci=4_2&controller=cate&type=1 ( act=cate&action=index ) 
ERR: Db Error: Unknown column 'contract_4' in 'where clause'
SELECT COUNT(*) AS nc_count FROM `goods_common` WHERE ( areaid_1 = '16' ) AND ( is_own_shop = '1' ) AND ( contract_4 = '1' ) AND ( contract_2 = '1' ) LIMIT 1  
[2020-04-27 17:28:11] /shop/index.php?action=index&area_id=24&cate_id=2153&ci=3&controller=cate ( act=cate&action=index ) 
ERR: Db Error: Unknown column 'contract_3' in 'where clause'
SELECT COUNT(*) AS nc_count FROM `goods_common` WHERE ( gc_id_2 = '2153' ) AND ( areaid_1 = '24' ) AND ( contract_3 = '1' ) LIMIT 1  
[2020-04-27 17:32:06] /shop/index.php?controller=cate&action=index&cate_id=53&yx=1&ci=4_2_3&key=1&order=2 ( act=cate&action=index ) 
ERR: Db Error: Unknown column 'contract_4' in 'where clause'
SELECT COUNT(*) AS nc_count FROM `goods_common` WHERE ( is_select = '1' ) AND ( contract_4 = '1' ) AND ( contract_2 = '1' ) AND ( contract_3 = '1' ) LIMIT 1  
[2020-04-27 17:46:30] /shop/index.php?controller=cate&action=index&cate_id=571&ci=4_1&area_id=29&key=1&order=2&gift=1&new= ( act=cate&action=index ) 
ERR: Db Error: Unknown column 'contract_4' in 'where clause'
SELECT COUNT(*) AS nc_count FROM `goods_common` WHERE ( areaid_1 = '29' ) AND ( contract_4 = '1' ) AND ( contract_1 = '1' ) LIMIT 1  
[2020-04-27 17:59:30] /shop/index.php?action=index&area_id=28&cate_id=645&ci=1&controller=cate&type=1 ( act=cate&action=index ) 
ERR: Db Error: Unknown column 'contract_1' in 'where clause'
SELECT COUNT(*) AS nc_count FROM `goods_common` WHERE ( areaid_1 = '28' ) AND ( is_own_shop = '1' ) AND ( contract_1 = '1' ) LIMIT 1  
[2020-04-27 18:08:06] /shop/index.php?controller=cate&action=index&cate_id=251&type=&key=3&order=2&ci=3_2&gift=1&area_id=26 ( act=cate&action=index ) 
ERR: Db Error: Unknown column 'contract_3' in 'where clause'
SELECT COUNT(*) AS nc_count FROM `goods_common` WHERE ( areaid_1 = '26' ) AND ( contract_3 = '1' ) AND ( contract_2 = '1' ) LIMIT 1  
[2020-04-27 18:18:22] /shop/index.php?action=index&area_id=24&cate_id=5583&ci=4&controller=cate ( act=cate&action=index ) 
ERR: Db Error: Unknown column 'contract_4' in 'where clause'
SELECT COUNT(*) AS nc_count FROM `goods_common` WHERE ( gc_id_2 = '5583' ) AND ( areaid_1 = '24' ) AND ( contract_4 = '1' ) LIMIT 1  
[2020-04-27 18:18:22] /shop/index.php?action=index&area_id=24&cate_id=645&ci=1&controller=cate&type=1 ( act=cate&action=index ) 
ERR: Db Error: Unknown column 'contract_1' in 'where clause'
SELECT COUNT(*) AS nc_count FROM `goods_common` WHERE ( areaid_1 = '24' ) AND ( is_own_shop = '1' ) AND ( contract_1 = '1' ) LIMIT 1  
[2020-04-27 18:32:31] /shop/index.php?action=index&area_id=26&cate_id=762&ci=3_1&controller=cate&key=3&order=2&type=1 ( act=cate&action=index ) 
ERR: Db Error: Unknown column 'contract_3' in 'where clause'
SELECT COUNT(*) AS nc_count FROM `goods_common` WHERE ( areaid_1 = '26' ) AND ( is_own_shop = '1' ) AND ( contract_3 = '1' ) AND ( contract_1 = '1' ) LIMIT 1  
[2020-04-27 18:44:06] /shop/index.php?controller=cate&action=index&cate_id=3296&key=3&order=1&ci=4_1_2&new=1&gift=1&type=1 ( act=cate&action=index ) 
ERR: Db Error: Unknown column 'contract_4' in 'where clause'
SELECT COUNT(*) AS nc_count FROM `goods_common` WHERE ( is_own_shop = '1' ) AND ( is_new_arrival = '1' ) AND ( contract_4 = '1' ) AND ( contract_1 = '1' ) AND ( contract_2 = '1' ) LIMIT 1  
[2020-04-27 18:54:26] /shop/index.php?controller=cate&action=index&cate_id=4964&key=3&order=2&ci=3_4_1&type=1 ( act=cate&action=index ) 
ERR: Db Error: Unknown column 'contract_3' in 'where clause'
SELECT COUNT(*) AS nc_count FROM `goods_common` WHERE ( is_own_shop = '1' ) AND ( contract_3 = '1' ) AND ( contract_4 = '1' ) AND ( contract_1 = '1' ) LIMIT 1  
[2020-04-27 19:12:54] /shop/index.php?controller=cate&action=index&cate_id=2866&key=1&order=2&ci=3_2&new=1&area_id=29&gift=1&yx=1 ( act=cate&action=index ) 
ERR: Db Error: Unknown column 'contract_3' in 'where clause'
SELECT COUNT(*) AS nc_count FROM `goods_common` WHERE ( areaid_1 = '29' ) AND ( is_new_arrival = '1' ) AND ( is_select = '1' ) AND ( contract_3 = '1' ) AND ( contract_2 = '1' ) LIMIT 1  
[2020-04-27 19:20:06] /shop/index.php?controller=cate&action=index&cate_id=3622&gift=1&ci=2_4&key=3&order=2&area_id=30&new=1 ( act=cate&action=index ) 
ERR: Db Error: Unknown column 'contract_2' in 'where clause'
SELECT COUNT(*) AS nc_count FROM `goods_common` WHERE ( areaid_1 = '30' ) AND ( is_new_arrival = '1' ) AND ( contract_2 = '1' ) AND ( contract_4 = '1' ) LIMIT 1  
[2020-04-27 19:30:18] /shop/index.php?controller=cate&action=index&cate_id=4&ci=3_4_2&new=1&yx=1 ( act=cate&action=index ) 
ERR: Db Error: Unknown column 'contract_3' in 'where clause'
SELECT COUNT(*) AS nc_count FROM `goods_common` WHERE ( is_new_arrival = '1' ) AND ( is_select = '1' ) AND ( contract_3 = '1' ) AND ( contract_4 = '1' ) AND ( contract_2 = '1' ) LIMIT 1  
[2020-04-27 19:35:33] /shop/index.php?action=index&area_id=1&cate_id=5564&ci=3_2&controller=cate&key=&order= ( act=cate&action=index ) 
ERR: Db Error: Unknown column 'contract_3' in 'where clause'
SELECT COUNT(*) AS nc_count FROM `goods_common` WHERE ( gc_id_3 = '5564' ) AND ( areaid_1 = '1' ) AND ( contract_3 = '1' ) AND ( contract_2 = '1' ) LIMIT 1  
[2020-04-27 19:37:51] /shop/index.php?controller=cate&action=index&cate_id=5262&key=2&order=1&gift=1&type=1&area_id=&ci=3_2 ( act=cate&action=index ) 
ERR: Db Error: Unknown column 'contract_3' in 'where clause'
SELECT COUNT(*) AS nc_count FROM `goods_common` WHERE ( is_own_shop = '1' ) AND ( contract_3 = '1' ) AND ( contract_2 = '1' ) LIMIT 1  
[2020-04-27 19:41:42] /shop/index.php?controller=cate&action=index&cate_id=3046&key=2&order=2&area_id=14&yx=&ci=1 ( act=cate&action=index ) 
ERR: Db Error: Unknown column 'contract_1' in 'where clause'
SELECT COUNT(*) AS nc_count FROM `goods_common` WHERE ( areaid_1 = '14' ) AND ( contract_1 = '1' ) LIMIT 1  
[2020-04-27 19:48:54] /shop/index.php?controller=cate&action=index&cate_id=100&gift=1&ci=3&new=1&key=2&order=2&type=1&yx=1 ( act=cate&action=index ) 
ERR: Db Error: Unknown column 'contract_3' in 'where clause'
SELECT COUNT(*) AS nc_count FROM `goods_common` WHERE ( is_own_shop = '1' ) AND ( is_new_arrival = '1' ) AND ( is_select = '1' ) AND ( contract_3 = '1' ) LIMIT 1  
[2020-04-27 19:55:03] /shop/index.php?controller=cate&action=index&cate_id=351&key=1&order=1&new=1&gift=1&ci=1&area_id=6 ( act=cate&action=index ) 
ERR: Db Error: Unknown column 'contract_1' in 'where clause'
SELECT COUNT(*) AS nc_count FROM `goods_common` WHERE ( areaid_1 = '6' ) AND ( is_new_arrival = '1' ) AND ( contract_1 = '1' ) LIMIT 1  
[2020-04-27 20:03:18] /shop/index.php?controller=cate&action=index&cate_id=5048&key=2&order=2&area_id=24&type=1&ci=2&yx=1 ( act=cate&action=index ) 
ERR: Db Error: Unknown column 'contract_2' in 'where clause'
SELECT COUNT(*) AS nc_count FROM `goods_common` WHERE ( areaid_1 = '24' ) AND ( is_own_shop = '1' ) AND ( is_select = '1' ) AND ( contract_2 = '1' ) LIMIT 1  
[2020-04-27 20:10:30] /shop/index.php?controller=cate&action=index&cate_id=2182&key=1&order=2&area_id=28&ci=4&new=1 ( act=cate&action=index ) 
ERR: Db Error: Unknown column 'contract_4' in 'where clause'
SELECT COUNT(*) AS nc_count FROM `goods_common` WHERE ( areaid_1 = '28' ) AND ( is_new_arrival = '1' ) AND ( contract_4 = '1' ) LIMIT 1  
[2020-04-27 20:27:33] /shop/index.php?action=index&area_id=2&cate_id=5571&ci=2_3&controller=cate&key=&order= ( act=cate&action=index ) 
ERR: Db Error: Unknown column 'contract_2' in 'where clause'
SELECT COUNT(*) AS nc_count FROM `goods_common` WHERE ( gc_id_2 = '5571' ) AND ( areaid_1 = '2' ) AND ( contract_2 = '1' ) AND ( contract_3 = '1' ) LIMIT 1  
[2020-04-27 20:46:30] /shop/index.php?controller=cate&action=index&cate_id=2332&type=&key=2&order=2&area_id=&gift=1&ci=2_4&yx=1&new=1 ( act=cate&action=index ) 
ERR: Db Error: Unknown column 'contract_2' in 'where clause'
SELECT COUNT(*) AS nc_count FROM `goods_common` WHERE ( is_new_arrival = '1' ) AND ( is_select = '1' ) AND ( contract_2 = '1' ) AND ( contract_4 = '1' ) LIMIT 1  
[2020-04-27 20:53:42] /shop/index.php?controller=cate&action=index&cate_id=5096&yx=&key=&order=&ci=4 ( act=cate&action=index ) 
ERR: Db Error: Unknown column 'contract_4' in 'where clause'
SELECT COUNT(*) AS nc_count FROM `goods_common` WHERE ( contract_4 = '1' ) LIMIT 1  
[2020-04-27 21:00:54] /shop/index.php?controller=cate&action=index&cate_id=4005&area_id=4&ci=1&key=3&order=1&type=&new=1&yx=1 ( act=cate&action=index ) 
ERR: Db Error: Unknown column 'contract_1' in 'where clause'
SELECT COUNT(*) AS nc_count FROM `goods_common` WHERE ( areaid_1 = '4' ) AND ( is_new_arrival = '1' ) AND ( is_select = '1' ) AND ( contract_1 = '1' ) LIMIT 1  
[2020-04-27 21:08:06] /shop/index.php?controller=cate&action=index&cate_id=199&key=2&order=2&type=1&ci=2_1&new=1&yx=1 ( act=cate&action=index ) 
ERR: Db Error: Unknown column 'contract_2' in 'where clause'
SELECT COUNT(*) AS nc_count FROM `goods_common` WHERE ( is_own_shop = '1' ) AND ( is_new_arrival = '1' ) AND ( is_select = '1' ) AND ( contract_2 = '1' ) AND ( contract_1 = '1' ) LIMIT 1  
[2020-04-27 21:15:54] /shop/index.php?controller=cate&action=index&cate_id=3711&key=1&order=2&ci=3_1_4&type=1&new=1 ( act=cate&action=index ) 
ERR: Db Error: Unknown column 'contract_3' in 'where clause'
SELECT COUNT(*) AS nc_count FROM `goods_common` WHERE ( is_own_shop = '1' ) AND ( is_new_arrival = '1' ) AND ( contract_3 = '1' ) AND ( contract_1 = '1' ) AND ( contract_4 = '1' ) LIMIT 1  
[2020-04-27 21:22:30] /shop/index.php?controller=cate&action=index&cate_id=2690&key=1&order=2&ci=3&new=&yx=&area_id=8&gift=1&type=1 ( act=cate&action=index ) 
ERR: Db Error: Unknown column 'contract_3' in 'where clause'
SELECT COUNT(*) AS nc_count FROM `goods_common` WHERE ( areaid_1 = '8' ) AND ( is_own_shop = '1' ) AND ( contract_3 = '1' ) LIMIT 1  
[2020-04-27 21:29:26] /shop/index.php?action=index&area_id=32&cate_id=5571&ci=4&controller=cate ( act=cate&action=index ) 
ERR: Db Error: Unknown column 'contract_4' in 'where clause'
SELECT COUNT(*) AS nc_count FROM `goods_common` WHERE ( gc_id_2 = '5571' ) AND ( areaid_1 = '32' ) AND ( contract_4 = '1' ) LIMIT 1  
[2020-04-27 21:29:42] /shop/index.php?controller=cate&action=index&cate_id=4485&key=2&order=1&type=1&gift=1&ci=2 ( act=cate&action=index ) 
ERR: Db Error: Unknown column 'contract_2' in 'where clause'
SELECT COUNT(*) AS nc_count FROM `goods_common` WHERE ( is_own_shop = '1' ) AND ( contract_2 = '1' ) LIMIT 1  
[2020-04-27 21:36:55] /shop/index.php?controller=cate&action=index&cate_id=5048&key=2&order=2&area_id=24&type=1&ci=2_1 ( act=cate&action=index ) 
ERR: Db Error: Unknown column 'contract_2' in 'where clause'
SELECT COUNT(*) AS nc_count FROM `goods_common` WHERE ( areaid_1 = '24' ) AND ( is_own_shop = '1' ) AND ( contract_2 = '1' ) AND ( contract_1 = '1' ) LIMIT 1  
[2020-04-27 21:46:35] /shop/index.php?action=index&area_id=27&cate_id=5543&controller=cate&new=1 ( act=cate&action=index ) 
ERR: Db Error: Unknown column 'gc_id_' in 'where clause'
SELECT count(distinct CONCAT(goods_commonid,',',color_id)) AS nc_count FROM `goods` WHERE ( gc_id_ = '5543' ) AND ( areaid_1 = '27' ) AND ( is_new_arrival = '1' ) AND ( goods_state = '1' ) AND ( goods_verify = '1' ) LIMIT 1  
[2020-04-27 21:46:35] /shop/index.php?action=index&area_id=27&cate_id=5543&controller=cate&new=1 ( act=cate&action=index ) 
ERR: Db Error: Unknown column 'gc_id_' in 'where clause'
SELECT COUNT(*) AS nc_count FROM `goods_common` WHERE ( gc_id_ = '5543' ) AND ( areaid_1 = '27' ) AND ( is_new_arrival = '1' ) LIMIT 1  
[2020-04-27 21:46:35] /shop/index.php?action=index&area_id=27&cate_id=5543&controller=cate&new=1 ( act=cate&action=index ) 
ERR: Db Error: Unknown column 'gc_id_' in 'where clause'
SELECT * FROM `goods` WHERE ( gc_id_ = '5543' ) AND ( areaid_1 = '27' ) AND ( is_new_arrival = '1' ) AND ( goods_state = '1' ) AND ( goods_verify = '1' ) ORDER BY goods_salenum desc LIMIT 5  
[2020-04-27 21:51:20] /shop/index.php?controller=cate&action=index&cate_id=3663&type=&gift=1&new=1&key=3&order=1&ci=1_2&yx=1 ( act=cate&action=index ) 
ERR: Db Error: Unknown column 'contract_1' in 'where clause'
SELECT COUNT(*) AS nc_count FROM `goods_common` WHERE ( is_new_arrival = '1' ) AND ( is_select = '1' ) AND ( contract_1 = '1' ) AND ( contract_2 = '1' ) LIMIT 1  
[2020-04-27 21:58:39] /shop/index.php?controller=cate&action=index&cate_id=13&area_id=26&key=3&order=1&yx=1&ci=2_1 ( act=cate&action=index ) 
ERR: Db Error: Unknown column 'contract_2' in 'where clause'
SELECT COUNT(*) AS nc_count FROM `goods_common` WHERE ( areaid_1 = '26' ) AND ( is_select = '1' ) AND ( contract_2 = '1' ) AND ( contract_1 = '1' ) LIMIT 1  
[2020-04-27 22:05:42] /shop/index.php?controller=cate&action=index&cate_id=2866&key=1&order=2&ci=3_4&new=&area_id=29&gift=1&yx= ( act=cate&action=index ) 
ERR: Db Error: Unknown column 'contract_3' in 'where clause'
SELECT COUNT(*) AS nc_count FROM `goods_common` WHERE ( areaid_1 = '29' ) AND ( contract_3 = '1' ) AND ( contract_4 = '1' ) LIMIT 1  
[2020-04-27 22:12:54] /shop/index.php?controller=cate&action=index&cate_id=2300&type=&new=1&yx=&key=1&order=2&gift=1&ci=3_4 ( act=cate&action=index ) 
ERR: Db Error: Unknown column 'contract_3' in 'where clause'
SELECT COUNT(*) AS nc_count FROM `goods_common` WHERE ( is_new_arrival = '1' ) AND ( contract_3 = '1' ) AND ( contract_4 = '1' ) LIMIT 1  
[2020-04-27 22:14:36] /shop/index.php?action=index&area_id=3&cate_id=2155&ci=2_3&controller=cate ( act=cate&action=index ) 
ERR: Db Error: Unknown column 'contract_2' in 'where clause'
SELECT COUNT(*) AS nc_count FROM `goods_common` WHERE ( gc_id_2 = '2155' ) AND ( areaid_1 = '3' ) AND ( contract_2 = '1' ) AND ( contract_3 = '1' ) LIMIT 1  
[2020-04-27 22:27:18] /shop/index.php?controller=cate&action=index&cate_id=4005&area_id=4&ci=1&key=3&order=1&type=&new=&yx=1&gift=1 ( act=cate&action=index ) 
ERR: Db Error: Unknown column 'contract_1' in 'where clause'
SELECT COUNT(*) AS nc_count FROM `goods_common` WHERE ( areaid_1 = '4' ) AND ( is_select = '1' ) AND ( contract_1 = '1' ) LIMIT 1  
[2020-04-27 22:34:30] /shop/index.php?controller=cate&action=index&cate_id=53&yx=1&ci=4_2&key=2&order=2 ( act=cate&action=index ) 
ERR: Db Error: Unknown column 'contract_4' in 'where clause'
SELECT COUNT(*) AS nc_count FROM `goods_common` WHERE ( is_select = '1' ) AND ( contract_4 = '1' ) AND ( contract_2 = '1' ) LIMIT 1  
[2020-04-27 22:41:37] /shop/index.php?action=index&area_id=6&cate_id=5482&ci=4_1&controller=cate ( act=cate&action=index ) 
ERR: Db Error: Unknown column 'contract_4' in 'where clause'
SELECT COUNT(*) AS nc_count FROM `goods_common` WHERE ( gc_id_2 = '5482' ) AND ( areaid_1 = '6' ) AND ( contract_4 = '1' ) AND ( contract_1 = '1' ) LIMIT 1  
[2020-04-27 22:48:54] /shop/index.php?controller=cate&action=index&cate_id=5048&key=2&order=2&area_id=24&type=1&ci=2&new=1 ( act=cate&action=index ) 
ERR: Db Error: Unknown column 'contract_2' in 'where clause'
SELECT COUNT(*) AS nc_count FROM `goods_common` WHERE ( areaid_1 = '24' ) AND ( is_own_shop = '1' ) AND ( is_new_arrival = '1' ) AND ( contract_2 = '1' ) LIMIT 1  
[2020-04-27 22:57:27] /shop/index.php?action=index&area_id=20&cate_id=645&ci=1&controller=cate&type=1 ( act=cate&action=index ) 
ERR: Db Error: Unknown column 'contract_1' in 'where clause'
SELECT COUNT(*) AS nc_count FROM `goods_common` WHERE ( areaid_1 = '20' ) AND ( is_own_shop = '1' ) AND ( contract_1 = '1' ) LIMIT 1  
[2020-04-27 23:03:18] /shop/index.php?controller=cate&action=index&cate_id=2314&type=&key=1&order=2&new=1&ci=4&gift=&yx=&area_id=13 ( act=cate&action=index ) 
ERR: Db Error: Unknown column 'contract_4' in 'where clause'
SELECT COUNT(*) AS nc_count FROM `goods_common` WHERE ( areaid_1 = '13' ) AND ( is_new_arrival = '1' ) AND ( contract_4 = '1' ) LIMIT 1  
[2020-04-27 23:10:30] /shop/index.php?controller=cate&action=index&cate_id=5262&key=2&order=2&gift=1&type=&area_id=&ci=3_2 ( act=cate&action=index ) 
ERR: Db Error: Unknown column 'contract_3' in 'where clause'
SELECT COUNT(*) AS nc_count FROM `goods_common` WHERE ( contract_3 = '1' ) AND ( contract_2 = '1' ) LIMIT 1  
[2020-04-27 23:14:17] /shop/index.php?action=index&area_id=1&cate_id=2232&ci=1&controller=cate&key=3&new=1&order=2 ( act=cate&action=index ) 
ERR: Db Error: Unknown column 'contract_1' in 'where clause'
SELECT COUNT(*) AS nc_count FROM `goods_common` WHERE ( areaid_1 = '1' ) AND ( is_new_arrival = '1' ) AND ( contract_1 = '1' ) LIMIT 1  
[2020-04-27 23:24:54] /shop/index.php?controller=cate&action=index&cate_id=42&order=2&key=2&new=1&area_id=29&ci=1 ( act=cate&action=index ) 
ERR: Db Error: Unknown column 'contract_1' in 'where clause'
SELECT COUNT(*) AS nc_count FROM `goods_common` WHERE ( areaid_1 = '29' ) AND ( is_new_arrival = '1' ) AND ( contract_1 = '1' ) LIMIT 1  
[2020-04-27 23:32:06] /shop/index.php?controller=cate&action=index&cate_id=4&ci=3_4&new=1&yx=1&type=1 ( act=cate&action=index ) 
ERR: Db Error: Unknown column 'contract_3' in 'where clause'
SELECT COUNT(*) AS nc_count FROM `goods_common` WHERE ( is_own_shop = '1' ) AND ( is_new_arrival = '1' ) AND ( is_select = '1' ) AND ( contract_3 = '1' ) AND ( contract_4 = '1' ) LIMIT 1  
[2020-04-27 23:39:18] /shop/index.php?controller=cate&action=index&cate_id=53&yx=&ci=4_2&key=1&order=2 ( act=cate&action=index ) 
ERR: Db Error: Unknown column 'contract_4' in 'where clause'
SELECT COUNT(*) AS nc_count FROM `goods_common` WHERE ( contract_4 = '1' ) AND ( contract_2 = '1' ) LIMIT 1  
[2020-04-27 23:46:30] /shop/index.php?controller=cate&action=index&cate_id=2866&key=3&order=1&ci=4_2_1&new=&area_id=1&gift=1&type= ( act=cate&action=index ) 
ERR: Db Error: Unknown column 'contract_4' in 'where clause'
SELECT COUNT(*) AS nc_count FROM `goods_common` WHERE ( areaid_1 = '1' ) AND ( contract_4 = '1' ) AND ( contract_2 = '1' ) AND ( contract_1 = '1' ) LIMIT 1  
[2020-04-27 23:53:42] /shop/index.php?controller=cate&action=index&cate_id=499&gift=&key=1&order=1&ci=4_3_2&type= ( act=cate&action=index ) 
ERR: Db Error: Unknown column 'contract_4' in 'where clause'
SELECT COUNT(*) AS nc_count FROM `goods_common` WHERE ( contract_4 = '1' ) AND ( contract_3 = '1' ) AND ( contract_2 = '1' ) LIMIT 1  
