[2020-04-26 00:00:55] /shop/index.php?controller=cate&action=index&cate_id=5455&key=1&order=2&ci=2 ( act=cate&action=index ) 
ERR: Db Error: Unknown column 'contract_2' in 'where clause'
SELECT COUNT(*) AS nc_count FROM `goods_common` WHERE ( contract_2 = '1' ) LIMIT 1  
[2020-04-26 00:27:10] /shop/index.php?controller=cate&action=index&cate_id=2866&key=&order=&ci=4_2_1&new=&area_id=5&gift=1&type=1 ( act=cate&action=index ) 
ERR: Db Error: Unknown column 'contract_4' in 'where clause'
SELECT COUNT(*) AS nc_count FROM `goods_common` WHERE ( areaid_1 = '5' ) AND ( is_own_shop = '1' ) AND ( contract_4 = '1' ) AND ( contract_2 = '1' ) AND ( contract_1 = '1' ) LIMIT 1  
[2020-04-26 00:30:14] /shop/index.php?controller=cate&action=index&cate_id=248&area_id=4&gift=1&ci=4&yx=1 ( act=cate&action=index ) 
ERR: Db Error: Unknown column 'contract_4' in 'where clause'
SELECT COUNT(*) AS nc_count FROM `goods_common` WHERE ( areaid_1 = '4' ) AND ( is_select = '1' ) AND ( contract_4 = '1' ) LIMIT 1  
[2020-04-26 00:36:55] /shop/index.php?controller=cate&action=index&cate_id=3931&key=2&order=2&ci=3 ( act=cate&action=index ) 
ERR: Db Error: Unknown column 'contract_3' in 'where clause'
SELECT COUNT(*) AS nc_count FROM `goods_common` WHERE ( contract_3 = '1' ) LIMIT 1  
[2020-04-26 00:41:21] /shop/index.php?action=index&area_id=32&cate_id=726&ci=4_2_1&controller=cate ( act=cate&action=index ) 
ERR: Db Error: Unknown column 'contract_4' in 'where clause'
SELECT COUNT(*) AS nc_count FROM `goods_common` WHERE ( areaid_1 = '32' ) AND ( contract_4 = '1' ) AND ( contract_2 = '1' ) AND ( contract_1 = '1' ) LIMIT 1  
[2020-04-26 00:44:06] /shop/index.php?controller=cate&action=index&cate_id=849&ci=1_2 ( act=cate&action=index ) 
ERR: Db Error: Unknown column 'contract_1' in 'where clause'
SELECT COUNT(*) AS nc_count FROM `goods_common` WHERE ( contract_1 = '1' ) AND ( contract_2 = '1' ) LIMIT 1  
[2020-04-26 00:46:03] /shop/index.php?action=index&area_id=21&cate_id=2&ci=4_2_1&controller=cate ( act=cate&action=index ) 
ERR: Db Error: Unknown column 'contract_4' in 'where clause'
SELECT COUNT(*) AS nc_count FROM `goods_common` WHERE ( areaid_1 = '21' ) AND ( contract_4 = '1' ) AND ( contract_2 = '1' ) AND ( contract_1 = '1' ) LIMIT 1  
[2020-04-26 00:58:32] /shop/index.php?controller=cate&action=index&cate_id=2213&key=1&order=2&type=&new=&ci=4 ( act=cate&action=index ) 
ERR: Db Error: Unknown column 'contract_4' in 'where clause'
SELECT COUNT(*) AS nc_count FROM `goods_common` WHERE ( contract_4 = '1' ) LIMIT 1  
[2020-04-26 01:05:33] /shop/index.php?action=index&area_id=10&cate_id=133&ci=3&controller=cate&yx= ( act=cate&action=index ) 
ERR: Db Error: Unknown column 'contract_3' in 'where clause'
SELECT COUNT(*) AS nc_count FROM `goods_common` WHERE ( areaid_1 = '10' ) AND ( contract_3 = '1' ) LIMIT 1  
[2020-04-26 01:05:44] /shop/index.php?controller=cate&action=index&cate_id=203&key=&order=&area_id=34&ci=2_4 ( act=cate&action=index ) 
ERR: Db Error: Unknown column 'contract_2' in 'where clause'
SELECT COUNT(*) AS nc_count FROM `goods_common` WHERE ( areaid_1 = '34' ) AND ( contract_2 = '1' ) AND ( contract_4 = '1' ) LIMIT 1  
[2020-04-26 01:12:53] /shop/index.php?action=index&area_id=4&cate_id=475&ci=1_4_2&controller=cate ( act=cate&action=index ) 
ERR: Db Error: Unknown column 'contract_1' in 'where clause'
SELECT COUNT(*) AS nc_count FROM `goods_common` WHERE ( areaid_1 = '4' ) AND ( contract_1 = '1' ) AND ( contract_4 = '1' ) AND ( contract_2 = '1' ) LIMIT 1  
[2020-04-26 01:19:53] /shop/index.php?action=index&cate_id=645&ci=3&controller=cate&gift=1&key=&order=&type=1 ( act=cate&action=index ) 
ERR: Db Error: Unknown column 'contract_3' in 'where clause'
SELECT COUNT(*) AS nc_count FROM `goods_common` WHERE ( is_own_shop = '1' ) AND ( contract_3 = '1' ) LIMIT 1  
[2020-04-26 01:30:33] /shop/index.php?controller=cate&action=index&cate_id=4792&type=&key=2&order=2&ci=4&new=&area_id=23 ( act=cate&action=index ) 
ERR: Db Error: Unknown column 'contract_4' in 'where clause'
SELECT COUNT(*) AS nc_count FROM `goods_common` WHERE ( areaid_1 = '23' ) AND ( contract_4 = '1' ) LIMIT 1  
[2020-04-26 01:34:30] /shop/index.php?controller=cate&action=index&cate_id=4528&gift=1&new=1&key=2&order=2&ci=3 ( act=cate&action=index ) 
ERR: Db Error: Unknown column 'contract_3' in 'where clause'
SELECT COUNT(*) AS nc_count FROM `goods_common` WHERE ( is_new_arrival = '1' ) AND ( contract_3 = '1' ) LIMIT 1  
[2020-04-26 01:41:53] /shop/index.php?action=index&area_id=16&ci=2&controller=cate&key=1&order=2&type=1 ( act=cate&action=index ) 
ERR: Db Error: Unknown column 'contract_2' in 'where clause'
SELECT COUNT(*) AS nc_count FROM `goods_common` WHERE ( areaid_1 = '16' ) AND ( is_own_shop = '1' ) AND ( contract_2 = '1' ) LIMIT 1  
[2020-04-26 01:41:55] /shop/index.php?action=index&area_id=3&cate_id=5487&ci=2&controller=cate ( act=cate&action=index ) 
ERR: Db Error: Unknown column 'contract_2' in 'where clause'
SELECT COUNT(*) AS nc_count FROM `goods_common` WHERE ( gc_id_2 = '5487' ) AND ( areaid_1 = '3' ) AND ( contract_2 = '1' ) LIMIT 1  
[2020-04-26 01:48:54] /shop/index.php?controller=cate&action=index&cate_id=3591&key=2&order=2&new=&ci=2_1&yx=1&area_id=11&type=1 ( act=cate&action=index ) 
ERR: Db Error: Unknown column 'contract_2' in 'where clause'
SELECT COUNT(*) AS nc_count FROM `goods_common` WHERE ( areaid_1 = '11' ) AND ( is_own_shop = '1' ) AND ( is_select = '1' ) AND ( contract_2 = '1' ) AND ( contract_1 = '1' ) LIMIT 1  
[2020-04-26 01:56:06] /shop/index.php?controller=cate&action=index&cate_id=2866&key=3&order=2&ci=4_2_1&new=&area_id=1&gift=1&type=1 ( act=cate&action=index ) 
ERR: Db Error: Unknown column 'contract_4' in 'where clause'
SELECT COUNT(*) AS nc_count FROM `goods_common` WHERE ( areaid_1 = '1' ) AND ( is_own_shop = '1' ) AND ( contract_4 = '1' ) AND ( contract_2 = '1' ) AND ( contract_1 = '1' ) LIMIT 1  
[2020-04-26 02:00:24] /shop/index.php?action=index&cate_id=645&ci=3&controller=cate&key=1&order=2&type=1 ( act=cate&action=index ) 
ERR: Db Error: Unknown column 'contract_3' in 'where clause'
SELECT COUNT(*) AS nc_count FROM `goods_common` WHERE ( is_own_shop = '1' ) AND ( contract_3 = '1' ) LIMIT 1  
[2020-04-26 02:03:20] /shop/index.php?controller=cate&action=index&cate_id=3786&key=1&order=1&gift=&ci=2_3 ( act=cate&action=index ) 
ERR: Db Error: Unknown column 'contract_2' in 'where clause'
SELECT COUNT(*) AS nc_count FROM `goods_common` WHERE ( contract_2 = '1' ) AND ( contract_3 = '1' ) LIMIT 1  
[2020-04-26 02:04:24] /shop/index.php?action=index&area_id=5&cate_id=5497&ci=2&controller=cate&key=&order= ( act=cate&action=index ) 
ERR: Db Error: Unknown column 'contract_2' in 'where clause'
SELECT COUNT(*) AS nc_count FROM `goods_common` WHERE ( gc_id_3 = '5497' ) AND ( areaid_1 = '5' ) AND ( contract_2 = '1' ) LIMIT 1  
[2020-04-26 02:05:33] /shop/index.php?action=index&area_id=2&cate_id=2167&ci=2_1&controller=cate&gift=1&key=1&order=2 ( act=cate&action=index ) 
ERR: Db Error: Unknown column 'contract_2' in 'where clause'
SELECT COUNT(*) AS nc_count FROM `goods_common` WHERE ( gc_id_3 = '2167' ) AND ( areaid_1 = '2' ) AND ( contract_2 = '1' ) AND ( contract_1 = '1' ) LIMIT 1  
[2020-04-26 02:17:42] /shop/index.php?controller=cate&action=index&cate_id=2354&type=&gift=1&key=&order=&ci=1_3&new=1 ( act=cate&action=index ) 
ERR: Db Error: Unknown column 'contract_1' in 'where clause'
SELECT COUNT(*) AS nc_count FROM `goods_common` WHERE ( is_new_arrival = '1' ) AND ( contract_1 = '1' ) AND ( contract_3 = '1' ) LIMIT 1  
[2020-04-26 02:18:25] /shop/index.php?action=index&area_id=19&cate_id=150&ci=1_2_4&controller=cate&gift=1&type=1 ( act=cate&action=index ) 
ERR: Db Error: Unknown column 'contract_1' in 'where clause'
SELECT COUNT(*) AS nc_count FROM `goods_common` WHERE ( areaid_1 = '19' ) AND ( is_own_shop = '1' ) AND ( contract_1 = '1' ) AND ( contract_2 = '1' ) AND ( contract_4 = '1' ) LIMIT 1  
[2020-04-26 02:24:54] /shop/index.php?controller=cate&action=index&cate_id=5406&new=1&key=2&order=2&yx=&ci=1&type=1 ( act=cate&action=index ) 
ERR: Db Error: Unknown column 'contract_1' in 'where clause'
SELECT COUNT(*) AS nc_count FROM `goods_common` WHERE ( is_own_shop = '1' ) AND ( is_new_arrival = '1' ) AND ( contract_1 = '1' ) LIMIT 1  
[2020-04-26 02:25:24] /shop/index.php?action=index&area_id=14&cate_id=2&ci=4_2_1&controller=cate&key=3&new=1&order=2 ( act=cate&action=index ) 
ERR: Db Error: Unknown column 'contract_4' in 'where clause'
SELECT COUNT(*) AS nc_count FROM `goods_common` WHERE ( areaid_1 = '14' ) AND ( is_new_arrival = '1' ) AND ( contract_4 = '1' ) AND ( contract_2 = '1' ) AND ( contract_1 = '1' ) LIMIT 1  
1587839401.8561
1587839401.8918
1587839401.9005
分红日志
预存款变更日志
[2020-04-26 02:30:01] /crontab/index.php?controller=date ( act=date&action=index ) 
ERR: Db Error: Query was empty

预存款修改sql:
1587839401.9143
2020-04-26 02:30:01天计划任务执行成功
1587839401.9179
1587839401.9189
1587839401.9206
1587839401.9263
1587839401.9277
1587839401.9283
1587839401.9299
1587839401.9334
1587839401.9334
1587839401.9348
1587839401.9698
1587839402.165
$o1587839402.166
$p1587839402.1869
[2020-04-26 02:31:36] /shop/index.php?action=index&area_id=20&cate_id=490&ci=2_3&controller=cate ( act=cate&action=index ) 
ERR: Db Error: Unknown column 'contract_2' in 'where clause'
SELECT COUNT(*) AS nc_count FROM `goods_common` WHERE ( areaid_1 = '20' ) AND ( contract_2 = '1' ) AND ( contract_3 = '1' ) LIMIT 1  
[2020-04-26 02:32:06] /shop/index.php?controller=cate&action=index&cate_id=3415&key=2&order=1&new=1&type=1&ci=1 ( act=cate&action=index ) 
ERR: Db Error: Unknown column 'contract_1' in 'where clause'
SELECT COUNT(*) AS nc_count FROM `goods_common` WHERE ( is_own_shop = '1' ) AND ( is_new_arrival = '1' ) AND ( contract_1 = '1' ) LIMIT 1  
[2020-04-26 02:39:18] /shop/index.php?controller=cate&action=index&cate_id=597&key=1&order=2&yx=&new=&gift=&ci=4 ( act=cate&action=index ) 
ERR: Db Error: Unknown column 'contract_4' in 'where clause'
SELECT COUNT(*) AS nc_count FROM `goods_common` WHERE ( contract_4 = '1' ) LIMIT 1  
[2020-04-26 02:53:42] /shop/index.php?controller=cate&action=index&cate_id=5070&key=&order=&area_id=8&ci=1 ( act=cate&action=index ) 
ERR: Db Error: Unknown column 'contract_1' in 'where clause'
SELECT COUNT(*) AS nc_count FROM `goods_common` WHERE ( areaid_1 = '8' ) AND ( contract_1 = '1' ) LIMIT 1  
[2020-04-26 03:00:54] /shop/index.php?controller=cate&action=index&cate_id=571&ci=4_1&area_id=29&key=1&order=2&gift=1 ( act=cate&action=index ) 
ERR: Db Error: Unknown column 'contract_4' in 'where clause'
SELECT COUNT(*) AS nc_count FROM `goods_common` WHERE ( areaid_1 = '29' ) AND ( contract_4 = '1' ) AND ( contract_1 = '1' ) LIMIT 1  
[2020-04-26 03:08:07] /shop/index.php?action=index&area_id=30&cate_id=5548&ci=1&controller=cate&gift=1&key=3&order=2 ( act=cate&action=index ) 
ERR: Db Error: Unknown column 'contract_1' in 'where clause'
SELECT COUNT(*) AS nc_count FROM `goods_common` WHERE ( gc_id_3 = '5548' ) AND ( areaid_1 = '30' ) AND ( contract_1 = '1' ) LIMIT 1  
[2020-04-26 03:11:24] /shop/index.php?controller=cate&action=index&cate_id=4005&area_id=6&ci=1&key=3&order=1&type=&new=1&gift=1 ( act=cate&action=index ) 
ERR: Db Error: Unknown column 'contract_1' in 'where clause'
SELECT COUNT(*) AS nc_count FROM `goods_common` WHERE ( areaid_1 = '6' ) AND ( is_new_arrival = '1' ) AND ( contract_1 = '1' ) LIMIT 1  
[2020-04-26 03:15:18] /shop/index.php?controller=cate&action=index&cate_id=4955&key=1&order=1&ci=2&gift=&new=1&type= ( act=cate&action=index ) 
ERR: Db Error: Unknown column 'contract_2' in 'where clause'
SELECT COUNT(*) AS nc_count FROM `goods_common` WHERE ( is_new_arrival = '1' ) AND ( contract_2 = '1' ) LIMIT 1  
[2020-04-26 03:30:11] /shop/index.php?controller=show_store&action=ajax_flowstat_record&store_id=1&goods_id=115&act_param=goods&op_param=comments_list ( act=show_store&action=ajax_flowstat_record ) 
ERR: Db Error: Table 'hiji100_com.flowstat_1' doesn't exist
SELECT * FROM `flowstat_1` WHERE ( stattime = '1587830400' ) AND ( store_id = '1' ) AND ( type = 'sum' ) LIMIT 1  
[2020-04-26 03:30:11] /shop/index.php?controller=show_store&action=ajax_flowstat_record&store_id=1&goods_id=115&act_param=goods&op_param=comments_list ( act=show_store&action=ajax_flowstat_record ) 
ERR: Db Error: Table 'hiji100_com.flowstat_1' doesn't exist
INSERT INTO `flowstat_1` (stattime,clicknum,store_id,type,goods_id) VALUES ('1587830400','1','1','sum','0')
[2020-04-26 03:32:28] /shop/index.php?action=index&area_id=26&cate_id=762&ci=3_1&controller=cate&type=1 ( act=cate&action=index ) 
ERR: Db Error: Unknown column 'contract_3' in 'where clause'
SELECT COUNT(*) AS nc_count FROM `goods_common` WHERE ( areaid_1 = '26' ) AND ( is_own_shop = '1' ) AND ( contract_3 = '1' ) AND ( contract_1 = '1' ) LIMIT 1  
[2020-04-26 03:44:07] /shop/index.php?controller=cate&action=index&cate_id=4&ci=3_4&new=1&order=&key= ( act=cate&action=index ) 
ERR: Db Error: Unknown column 'contract_3' in 'where clause'
SELECT COUNT(*) AS nc_count FROM `goods_common` WHERE ( is_new_arrival = '1' ) AND ( contract_3 = '1' ) AND ( contract_4 = '1' ) LIMIT 1  
[2020-04-26 03:47:56] /shop/index.php?action=index&area_id=20&cate_id=5556&ci=2&controller=cate&new=&yx=1 ( act=cate&action=index ) 
ERR: Db Error: Unknown column 'contract_2' in 'where clause'
SELECT COUNT(*) AS nc_count FROM `goods_common` WHERE ( gc_id_3 = '5556' ) AND ( areaid_1 = '20' ) AND ( is_select = '1' ) AND ( contract_2 = '1' ) LIMIT 1  
[2020-04-26 03:51:18] /shop/index.php?controller=cate&action=index&cate_id=115&ci=4_2&order=&key= ( act=cate&action=index ) 
ERR: Db Error: Unknown column 'contract_4' in 'where clause'
SELECT COUNT(*) AS nc_count FROM `goods_common` WHERE ( contract_4 = '1' ) AND ( contract_2 = '1' ) LIMIT 1  
[2020-04-26 03:54:18] /shop/index.php?action=index&area_id=33&cate_id=2170&ci=1_2&controller=cate ( act=cate&action=index ) 
ERR: Db Error: Unknown column 'contract_1' in 'where clause'
SELECT COUNT(*) AS nc_count FROM `goods_common` WHERE ( gc_id_3 = '2170' ) AND ( areaid_1 = '33' ) AND ( contract_1 = '1' ) AND ( contract_2 = '1' ) LIMIT 1  
[2020-04-26 04:05:42] /shop/index.php?controller=cate&action=index&cate_id=20&ci=2_1&yx=1 ( act=cate&action=index ) 
ERR: Db Error: Unknown column 'contract_2' in 'where clause'
SELECT COUNT(*) AS nc_count FROM `goods_common` WHERE ( is_select = '1' ) AND ( contract_2 = '1' ) AND ( contract_1 = '1' ) LIMIT 1  
[2020-04-26 04:10:26] /shop/index.php?action=index&area_id=4&cate_id=5548&ci=1_3&controller=cate&type=1&yx=1 ( act=cate&action=index ) 
ERR: Db Error: Unknown column 'contract_1' in 'where clause'
SELECT COUNT(*) AS nc_count FROM `goods_common` WHERE ( gc_id_3 = '5548' ) AND ( areaid_1 = '4' ) AND ( is_own_shop = '1' ) AND ( is_select = '1' ) AND ( contract_1 = '1' ) AND ( contract_3 = '1' ) LIMIT 1  
[2020-04-26 04:10:51] /shop/index.php?controller=cate&action=index&cate_id=4005&area_id=6&ci=1&key=3&order=2&type=&new=1&gift=1&yx=1 ( act=cate&action=index ) 
ERR: Db Error: Unknown column 'contract_1' in 'where clause'
SELECT COUNT(*) AS nc_count FROM `goods_common` WHERE ( areaid_1 = '6' ) AND ( is_new_arrival = '1' ) AND ( is_select = '1' ) AND ( contract_1 = '1' ) LIMIT 1  
[2020-04-26 04:12:54] /shop/index.php?controller=cate&action=index&cate_id=20&ci=2_1_4 ( act=cate&action=index ) 
ERR: Db Error: Unknown column 'contract_2' in 'where clause'
SELECT COUNT(*) AS nc_count FROM `goods_common` WHERE ( contract_2 = '1' ) AND ( contract_1 = '1' ) AND ( contract_4 = '1' ) LIMIT 1  
[2020-04-26 04:27:18] /shop/index.php?controller=cate&action=index&cate_id=13&area_id=3&key=3&order=2&yx=1&type=1&ci=3_4 ( act=cate&action=index ) 
ERR: Db Error: Unknown column 'contract_3' in 'where clause'
SELECT COUNT(*) AS nc_count FROM `goods_common` WHERE ( areaid_1 = '3' ) AND ( is_own_shop = '1' ) AND ( is_select = '1' ) AND ( contract_3 = '1' ) AND ( contract_4 = '1' ) LIMIT 1  
[2020-04-26 04:34:30] /shop/index.php?controller=cate&action=index&cate_id=5109&ci=1&gift=1&order=&key=&type=1 ( act=cate&action=index ) 
ERR: Db Error: Unknown column 'contract_1' in 'where clause'
SELECT COUNT(*) AS nc_count FROM `goods_common` WHERE ( is_own_shop = '1' ) AND ( contract_1 = '1' ) LIMIT 1  
[2020-04-26 04:48:54] /shop/index.php?controller=cate&action=index&cate_id=3711&gift=1&ci=4_2&key=2&order=2&yx=1 ( act=cate&action=index ) 
ERR: Db Error: Unknown column 'contract_4' in 'where clause'
SELECT COUNT(*) AS nc_count FROM `goods_common` WHERE ( is_select = '1' ) AND ( contract_4 = '1' ) AND ( contract_2 = '1' ) LIMIT 1  
[2020-04-26 04:59:50] /shop/index.php?action=index&area_id=25&cate_id=645&ci=3&controller=cate&gift=1&type=1 ( act=cate&action=index ) 
ERR: Db Error: Unknown column 'contract_3' in 'where clause'
SELECT COUNT(*) AS nc_count FROM `goods_common` WHERE ( areaid_1 = '25' ) AND ( is_own_shop = '1' ) AND ( contract_3 = '1' ) LIMIT 1  
[2020-04-26 05:03:18] /shop/index.php?controller=cate&action=index&cate_id=3663&type=&gift=1&new=1&key=3&order=1&ci=1&yx=1 ( act=cate&action=index ) 
ERR: Db Error: Unknown column 'contract_1' in 'where clause'
SELECT COUNT(*) AS nc_count FROM `goods_common` WHERE ( is_new_arrival = '1' ) AND ( is_select = '1' ) AND ( contract_1 = '1' ) LIMIT 1  
[2020-04-26 05:10:30] /shop/index.php?controller=cate&action=index&cate_id=2332&type=&key=3&order=2&area_id=&gift=1&ci=2_4&yx=1 ( act=cate&action=index ) 
ERR: Db Error: Unknown column 'contract_2' in 'where clause'
SELECT COUNT(*) AS nc_count FROM `goods_common` WHERE ( is_select = '1' ) AND ( contract_2 = '1' ) AND ( contract_4 = '1' ) LIMIT 1  
[2020-04-26 05:12:30] /shop/index.php?action=index&area_id=1&cate_id=5561&ci=4_2&controller=cate ( act=cate&action=index ) 
ERR: Db Error: Unknown column 'contract_4' in 'where clause'
SELECT COUNT(*) AS nc_count FROM `goods_common` WHERE ( gc_id_2 = '5561' ) AND ( areaid_1 = '1' ) AND ( contract_4 = '1' ) AND ( contract_2 = '1' ) LIMIT 1  
[2020-04-26 05:17:42] /shop/index.php?controller=cate&action=index&cate_id=100&gift=1&ci=3&new=1&key=1&order=2&type=1&yx=1 ( act=cate&action=index ) 
ERR: Db Error: Unknown column 'contract_3' in 'where clause'
SELECT COUNT(*) AS nc_count FROM `goods_common` WHERE ( is_own_shop = '1' ) AND ( is_new_arrival = '1' ) AND ( is_select = '1' ) AND ( contract_3 = '1' ) LIMIT 1  
[2020-04-26 05:24:54] /shop/index.php?controller=cate&action=index&cate_id=2332&type=&key=3&order=2&area_id=&gift=1&ci=2 ( act=cate&action=index ) 
ERR: Db Error: Unknown column 'contract_2' in 'where clause'
SELECT COUNT(*) AS nc_count FROM `goods_common` WHERE ( contract_2 = '1' ) LIMIT 1  
[2020-04-26 05:28:18] /shop/index.php?action=index&area_id=19&cate_id=2&ci=4_2_1&controller=cate&key=&new=1&order= ( act=cate&action=index ) 
ERR: Db Error: Unknown column 'contract_4' in 'where clause'
SELECT COUNT(*) AS nc_count FROM `goods_common` WHERE ( areaid_1 = '19' ) AND ( is_new_arrival = '1' ) AND ( contract_4 = '1' ) AND ( contract_2 = '1' ) AND ( contract_1 = '1' ) LIMIT 1  
[2020-04-26 05:33:32] /shop/index.php?controller=cate&action=index&cate_id=4005&area_id=6&ci=1_2&key=3&order=2&type=&new=1&gift=1 ( act=cate&action=index ) 
ERR: Db Error: Unknown column 'contract_1' in 'where clause'
SELECT COUNT(*) AS nc_count FROM `goods_common` WHERE ( areaid_1 = '6' ) AND ( is_new_arrival = '1' ) AND ( contract_1 = '1' ) AND ( contract_2 = '1' ) LIMIT 1  
[2020-04-26 05:38:51] /shop/index.php?action=index&area_id=2&cate_id=5590&ci=3_1&controller=cate&key=&order= ( act=cate&action=index ) 
ERR: Db Error: Unknown column 'contract_3' in 'where clause'
SELECT COUNT(*) AS nc_count FROM `goods_common` WHERE ( gc_id_2 = '5590' ) AND ( areaid_1 = '2' ) AND ( contract_3 = '1' ) AND ( contract_1 = '1' ) LIMIT 1  
[2020-04-26 05:39:18] /shop/index.php?controller=cate&action=index&cate_id=2866&key=1&order=2&ci=1_3_4&new=&area_id=29&gift=1&yx=1 ( act=cate&action=index ) 
ERR: Db Error: Unknown column 'contract_1' in 'where clause'
SELECT COUNT(*) AS nc_count FROM `goods_common` WHERE ( areaid_1 = '29' ) AND ( is_select = '1' ) AND ( contract_1 = '1' ) AND ( contract_3 = '1' ) AND ( contract_4 = '1' ) LIMIT 1  
[2020-04-26 05:46:30] /shop/index.php?controller=cate&action=index&cate_id=192&key=3&order=2&ci=4&new=1 ( act=cate&action=index ) 
ERR: Db Error: Unknown column 'contract_4' in 'where clause'
SELECT COUNT(*) AS nc_count FROM `goods_common` WHERE ( is_new_arrival = '1' ) AND ( contract_4 = '1' ) LIMIT 1  
[2020-04-26 05:48:29] /shop/index.php?action=index&area_id=29&cate_id=5499&ci=1&controller=cate&key=3&order=2&type= ( act=cate&action=index ) 
ERR: Db Error: Unknown column 'contract_1' in 'where clause'
SELECT COUNT(*) AS nc_count FROM `goods_common` WHERE ( gc_id_3 = '5499' ) AND ( areaid_1 = '29' ) AND ( contract_1 = '1' ) LIMIT 1  
[2020-04-26 05:53:42] /shop/index.php?controller=cate&action=index&cate_id=5262&key=2&order=2&gift=1&type=1&area_id=&ci=3_2 ( act=cate&action=index ) 
ERR: Db Error: Unknown column 'contract_3' in 'where clause'
SELECT COUNT(*) AS nc_count FROM `goods_common` WHERE ( is_own_shop = '1' ) AND ( contract_3 = '1' ) AND ( contract_2 = '1' ) LIMIT 1  
[2020-04-26 05:58:21] /shop/index.php?action=index&area_id=14&cate_id=645&ci=3&controller=cate&gift=1&type=1 ( act=cate&action=index ) 
ERR: Db Error: Unknown column 'contract_3' in 'where clause'
SELECT COUNT(*) AS nc_count FROM `goods_common` WHERE ( areaid_1 = '14' ) AND ( is_own_shop = '1' ) AND ( contract_3 = '1' ) LIMIT 1  
[2020-04-26 06:04:07] /shop/index.php?controller=cate&action=index&cate_id=4&ci=3_4&new=1&key=3&order=2 ( act=cate&action=index ) 
ERR: Db Error: Unknown column 'contract_3' in 'where clause'
SELECT COUNT(*) AS nc_count FROM `goods_common` WHERE ( is_new_arrival = '1' ) AND ( contract_3 = '1' ) AND ( contract_4 = '1' ) LIMIT 1  
[2020-04-26 06:07:22] /shop/index.php?action=index&area_id=6&cate_id=5499&ci=1_3&controller=cate ( act=cate&action=index ) 
ERR: Db Error: Unknown column 'contract_1' in 'where clause'
SELECT COUNT(*) AS nc_count FROM `goods_common` WHERE ( gc_id_3 = '5499' ) AND ( areaid_1 = '6' ) AND ( contract_1 = '1' ) AND ( contract_3 = '1' ) LIMIT 1  
[2020-04-26 06:08:06] /shop/index.php?controller=cate&action=index&cate_id=2213&key=1&order=2&type=&new=&ci=4&gift=1 ( act=cate&action=index ) 
ERR: Db Error: Unknown column 'contract_4' in 'where clause'
SELECT COUNT(*) AS nc_count FROM `goods_common` WHERE ( contract_4 = '1' ) LIMIT 1  
[2020-04-26 06:11:00] /shop/index.php?action=index&area_id=&cate_id=5560&ci=1&controller=cate&key=2&order=2&type= ( act=cate&action=index ) 
ERR: Db Error: Unknown column 'contract_1' in 'where clause'
SELECT COUNT(*) AS nc_count FROM `goods_common` WHERE ( gc_id_2 = '5560' ) AND ( contract_1 = '1' ) LIMIT 1  
[2020-04-26 06:12:53] /shop/index.php?action=index&area_id=34&cate_id=762&ci=3_1_4&controller=cate&type=1 ( act=cate&action=index ) 
ERR: Db Error: Unknown column 'contract_3' in 'where clause'
SELECT COUNT(*) AS nc_count FROM `goods_common` WHERE ( areaid_1 = '34' ) AND ( is_own_shop = '1' ) AND ( contract_3 = '1' ) AND ( contract_1 = '1' ) AND ( contract_4 = '1' ) LIMIT 1  
[2020-04-26 06:15:18] /shop/index.php?controller=cate&action=index&cate_id=3326&key=&order=&gift=1&type=&ci=4_1_2&new=1 ( act=cate&action=index ) 
ERR: Db Error: Unknown column 'contract_4' in 'where clause'
SELECT COUNT(*) AS nc_count FROM `goods_common` WHERE ( is_new_arrival = '1' ) AND ( contract_4 = '1' ) AND ( contract_1 = '1' ) AND ( contract_2 = '1' ) LIMIT 1  
[2020-04-26 06:22:30] /shop/index.php?controller=cate&action=index&cate_id=115&ci=4_2&key=2&order=2 ( act=cate&action=index ) 
ERR: Db Error: Unknown column 'contract_4' in 'where clause'
SELECT COUNT(*) AS nc_count FROM `goods_common` WHERE ( contract_4 = '1' ) AND ( contract_2 = '1' ) LIMIT 1  
[2020-04-26 06:29:42] /shop/index.php?controller=cate&action=index&cate_id=3252&gift=&key=1&order=2&type=1&area_id=13&ci=2_3_4 ( act=cate&action=index ) 
ERR: Db Error: Unknown column 'contract_2' in 'where clause'
SELECT COUNT(*) AS nc_count FROM `goods_common` WHERE ( areaid_1 = '13' ) AND ( is_own_shop = '1' ) AND ( contract_2 = '1' ) AND ( contract_3 = '1' ) AND ( contract_4 = '1' ) LIMIT 1  
[2020-04-26 06:48:51] /shop/index.php?action=index&area_id=25&cate_id=762&ci=3_1&controller=cate&new=1 ( act=cate&action=index ) 
ERR: Db Error: Unknown column 'contract_3' in 'where clause'
SELECT COUNT(*) AS nc_count FROM `goods_common` WHERE ( areaid_1 = '25' ) AND ( is_new_arrival = '1' ) AND ( contract_3 = '1' ) AND ( contract_1 = '1' ) LIMIT 1  
[2020-04-26 06:51:18] /shop/index.php?controller=cate&action=index&cate_id=13&area_id=3&key=1&order=2&yx=1&type=1&ci=2 ( act=cate&action=index ) 
ERR: Db Error: Unknown column 'contract_2' in 'where clause'
SELECT COUNT(*) AS nc_count FROM `goods_common` WHERE ( areaid_1 = '3' ) AND ( is_own_shop = '1' ) AND ( is_select = '1' ) AND ( contract_2 = '1' ) LIMIT 1  
[2020-04-26 06:52:22] /shop/index.php?action=index&area_id=1&cate_id=2232&ci=2&controller=cate&key=2&new=1&order=2 ( act=cate&action=index ) 
ERR: Db Error: Unknown column 'contract_2' in 'where clause'
SELECT COUNT(*) AS nc_count FROM `goods_common` WHERE ( areaid_1 = '1' ) AND ( is_new_arrival = '1' ) AND ( contract_2 = '1' ) LIMIT 1  
[2020-04-26 06:54:02] /shop/index.php?action=index&area_id=20&ci=1_4&controller=cate&new=1&yx=1 ( act=cate&action=index ) 
ERR: Db Error: Unknown column 'contract_1' in 'where clause'
SELECT COUNT(*) AS nc_count FROM `goods_common` WHERE ( areaid_1 = '20' ) AND ( is_new_arrival = '1' ) AND ( is_select = '1' ) AND ( contract_1 = '1' ) AND ( contract_4 = '1' ) LIMIT 1  
[2020-04-26 06:58:30] /shop/index.php?controller=cate&action=index&cate_id=3798&type=&key=2&order=2&new=1&ci=3&yx=1 ( act=cate&action=index ) 
ERR: Db Error: Unknown column 'contract_3' in 'where clause'
SELECT COUNT(*) AS nc_count FROM `goods_common` WHERE ( is_new_arrival = '1' ) AND ( is_select = '1' ) AND ( contract_3 = '1' ) LIMIT 1  
[2020-04-26 07:10:52] /shop/index.php?action=index&area_id=4&cate_id=2232&ci=3&controller=cate&key=&new=1&order= ( act=cate&action=index ) 
ERR: Db Error: Unknown column 'contract_3' in 'where clause'
SELECT COUNT(*) AS nc_count FROM `goods_common` WHERE ( areaid_1 = '4' ) AND ( is_new_arrival = '1' ) AND ( contract_3 = '1' ) LIMIT 1  
[2020-04-26 07:11:23] /shop/index.php?action=index&area_id=16&cate_id=899&ci=2&controller=cate ( act=cate&action=index ) 
ERR: Db Error: Unknown column 'contract_2' in 'where clause'
SELECT COUNT(*) AS nc_count FROM `goods_common` WHERE ( areaid_1 = '16' ) AND ( contract_2 = '1' ) LIMIT 1  
[2020-04-26 07:12:54] /shop/index.php?controller=cate&action=index&cate_id=2866&key=1&order=1&ci=1_3&new=&area_id=29&gift=&yx=1 ( act=cate&action=index ) 
ERR: Db Error: Unknown column 'contract_1' in 'where clause'
SELECT COUNT(*) AS nc_count FROM `goods_common` WHERE ( areaid_1 = '29' ) AND ( is_select = '1' ) AND ( contract_1 = '1' ) AND ( contract_3 = '1' ) LIMIT 1  
[2020-04-26 07:20:23] /shop/index.php?controller=cate&action=index&cate_id=3241&type=1&area_id=19&key=1&order=1&ci=4 ( act=cate&action=index ) 
ERR: Db Error: Unknown column 'contract_4' in 'where clause'
SELECT COUNT(*) AS nc_count FROM `goods_common` WHERE ( areaid_1 = '19' ) AND ( is_own_shop = '1' ) AND ( contract_4 = '1' ) LIMIT 1  
[2020-04-26 07:41:42] /shop/index.php?controller=cate&action=index&cate_id=3663&new=&key=3&order=2&gift=1&ci=2 ( act=cate&action=index ) 
ERR: Db Error: Unknown column 'contract_2' in 'where clause'
SELECT COUNT(*) AS nc_count FROM `goods_common` WHERE ( contract_2 = '1' ) LIMIT 1  
[2020-04-26 07:45:23] /shop/index.php?action=index&area_id=25&ci=1&controller=cate&type=1&yx=1 ( act=cate&action=index ) 
ERR: Db Error: Unknown column 'contract_1' in 'where clause'
SELECT COUNT(*) AS nc_count FROM `goods_common` WHERE ( areaid_1 = '25' ) AND ( is_own_shop = '1' ) AND ( is_select = '1' ) AND ( contract_1 = '1' ) LIMIT 1  
[2020-04-26 07:48:54] /shop/index.php?controller=cate&action=index&cate_id=3663&new=&yx=&key=&order=&ci=1_3 ( act=cate&action=index ) 
ERR: Db Error: Unknown column 'contract_1' in 'where clause'
SELECT COUNT(*) AS nc_count FROM `goods_common` WHERE ( contract_1 = '1' ) AND ( contract_3 = '1' ) LIMIT 1  
[2020-04-26 07:50:57] /shop/index.php?controller=cate&action=index&cate_id=772&area_id=3&key=1&order=2&gift=1&ci=3 ( act=cate&action=index ) 
ERR: Db Error: Unknown column 'contract_3' in 'where clause'
SELECT COUNT(*) AS nc_count FROM `goods_common` WHERE ( areaid_1 = '3' ) AND ( contract_3 = '1' ) LIMIT 1  
[2020-04-26 07:51:03] /shop/index.php?action=index&area_id=19&cate_id=5490&ci=4_2&controller=cate ( act=cate&action=index ) 
ERR: Db Error: Unknown column 'contract_4' in 'where clause'
SELECT COUNT(*) AS nc_count FROM `goods_common` WHERE ( gc_id_2 = '5490' ) AND ( areaid_1 = '19' ) AND ( contract_4 = '1' ) AND ( contract_2 = '1' ) LIMIT 1  
[2020-04-26 08:01:24] /shop/index.php?action=index&area_id=6&ci=4_2&controller=cate&key=&order= ( act=cate&action=index ) 
ERR: Db Error: Unknown column 'contract_4' in 'where clause'
SELECT COUNT(*) AS nc_count FROM `goods_common` WHERE ( areaid_1 = '6' ) AND ( contract_4 = '1' ) AND ( contract_2 = '1' ) LIMIT 1  
[2020-04-26 08:03:18] /shop/index.php?controller=cate&action=index&cate_id=5262&key=&order=&gift=1&type=1&area_id=&ci=3 ( act=cate&action=index ) 
ERR: Db Error: Unknown column 'contract_3' in 'where clause'
SELECT COUNT(*) AS nc_count FROM `goods_common` WHERE ( is_own_shop = '1' ) AND ( contract_3 = '1' ) LIMIT 1  
[2020-04-26 08:10:30] /shop/index.php?controller=cate&action=index&cate_id=53&yx=1&ci=4&key=1&order=2 ( act=cate&action=index ) 
ERR: Db Error: Unknown column 'contract_4' in 'where clause'
SELECT COUNT(*) AS nc_count FROM `goods_common` WHERE ( is_select = '1' ) AND ( contract_4 = '1' ) LIMIT 1  
[2020-04-26 08:17:42] /shop/index.php?controller=cate&action=index&cate_id=2332&type=&key=3&order=2&area_id=&gift=1&ci=2_4&yx=1&new=1 ( act=cate&action=index ) 
ERR: Db Error: Unknown column 'contract_2' in 'where clause'
SELECT COUNT(*) AS nc_count FROM `goods_common` WHERE ( is_new_arrival = '1' ) AND ( is_select = '1' ) AND ( contract_2 = '1' ) AND ( contract_4 = '1' ) LIMIT 1  
[2020-04-26 08:24:24] /shop/index.php?action=index&area_id=28&cate_id=5589&ci=4&controller=cate ( act=cate&action=index ) 
ERR: Db Error: Unknown column 'contract_4' in 'where clause'
SELECT COUNT(*) AS nc_count FROM `goods_common` WHERE ( gc_id_2 = '5589' ) AND ( areaid_1 = '28' ) AND ( contract_4 = '1' ) LIMIT 1  
[2020-04-26 08:24:54] /shop/index.php?controller=cate&action=index&cate_id=571&ci=4_1&area_id=29&key=1&order=2&gift=1&new=1 ( act=cate&action=index ) 
ERR: Db Error: Unknown column 'contract_4' in 'where clause'
SELECT COUNT(*) AS nc_count FROM `goods_common` WHERE ( areaid_1 = '29' ) AND ( is_new_arrival = '1' ) AND ( contract_4 = '1' ) AND ( contract_1 = '1' ) LIMIT 1  
[2020-04-26 08:32:06] /shop/index.php?controller=cate&action=index&cate_id=75&yx=1&key=3&order=2&ci=1 ( act=cate&action=index ) 
ERR: Db Error: Unknown column 'contract_1' in 'where clause'
SELECT COUNT(*) AS nc_count FROM `goods_common` WHERE ( is_select = '1' ) AND ( contract_1 = '1' ) LIMIT 1  
[2020-04-26 08:33:35] /shop/index.php?action=index&area_id=34&cate_id=959&ci=1_2&controller=cate ( act=cate&action=index ) 
ERR: Db Error: Unknown column 'contract_1' in 'where clause'
SELECT COUNT(*) AS nc_count FROM `goods_common` WHERE ( areaid_1 = '34' ) AND ( contract_1 = '1' ) AND ( contract_2 = '1' ) LIMIT 1  
[2020-04-26 08:38:54] /shop/index.php?action=index&area_id=16&ci=2&controller=cate&key=2&order=2&type=1 ( act=cate&action=index ) 
ERR: Db Error: Unknown column 'contract_2' in 'where clause'
SELECT COUNT(*) AS nc_count FROM `goods_common` WHERE ( areaid_1 = '16' ) AND ( is_own_shop = '1' ) AND ( contract_2 = '1' ) LIMIT 1  
[2020-04-26 08:42:24] /shop/index.php?action=index&area_id=7&cate_id=5580&ci=2_4&controller=cate ( act=cate&action=index ) 
ERR: Db Error: Unknown column 'contract_2' in 'where clause'
SELECT COUNT(*) AS nc_count FROM `goods_common` WHERE ( gc_id_2 = '5580' ) AND ( areaid_1 = '7' ) AND ( contract_2 = '1' ) AND ( contract_4 = '1' ) LIMIT 1  
[2020-04-26 08:46:30] /shop/index.php?controller=cate&action=index&cate_id=2866&key=1&order=2&ci=3_4&new=&area_id=29&gift=1&yx=1 ( act=cate&action=index ) 
ERR: Db Error: Unknown column 'contract_3' in 'where clause'
SELECT COUNT(*) AS nc_count FROM `goods_common` WHERE ( areaid_1 = '29' ) AND ( is_select = '1' ) AND ( contract_3 = '1' ) AND ( contract_4 = '1' ) LIMIT 1  
[2020-04-26 09:00:54] /shop/index.php?controller=cate&action=index&cate_id=4633&yx=1&ci=2_3&order=1&key=3&gift=1&new=1&area_id=31 ( act=cate&action=index ) 
ERR: Db Error: Unknown column 'contract_2' in 'where clause'
SELECT COUNT(*) AS nc_count FROM `goods_common` WHERE ( areaid_1 = '31' ) AND ( is_new_arrival = '1' ) AND ( is_select = '1' ) AND ( contract_2 = '1' ) AND ( contract_3 = '1' ) LIMIT 1  
[2020-04-26 09:08:06] /shop/index.php?controller=cate&action=index&cate_id=53&yx=1&ci=4_2&key=1&order=2 ( act=cate&action=index ) 
ERR: Db Error: Unknown column 'contract_4' in 'where clause'
SELECT COUNT(*) AS nc_count FROM `goods_common` WHERE ( is_select = '1' ) AND ( contract_4 = '1' ) AND ( contract_2 = '1' ) LIMIT 1  
[2020-04-26 09:12:35] /shop/index.php?action=index&area_id=30&cate_id=5561&ci=3&controller=cate ( act=cate&action=index ) 
ERR: Db Error: Unknown column 'contract_3' in 'where clause'
SELECT COUNT(*) AS nc_count FROM `goods_common` WHERE ( gc_id_2 = '5561' ) AND ( areaid_1 = '30' ) AND ( contract_3 = '1' ) LIMIT 1  
[2020-04-26 09:15:47] /shop/index.php?controller=cate&action=index&cate_id=2990&key=3&order=2&new=1&gift=&yx=&type=1&area_id=8&ci=1 ( act=cate&action=index ) 
ERR: Db Error: Unknown column 'contract_1' in 'where clause'
SELECT COUNT(*) AS nc_count FROM `goods_common` WHERE ( areaid_1 = '8' ) AND ( is_own_shop = '1' ) AND ( is_new_arrival = '1' ) AND ( contract_1 = '1' ) LIMIT 1  
[2020-04-26 09:22:30] /shop/index.php?controller=cate&action=index&cate_id=2314&type=&key=&order=&new=1&ci=2_1&gift=1&yx= ( act=cate&action=index ) 
ERR: Db Error: Unknown column 'contract_2' in 'where clause'
SELECT COUNT(*) AS nc_count FROM `goods_common` WHERE ( is_new_arrival = '1' ) AND ( contract_2 = '1' ) AND ( contract_1 = '1' ) LIMIT 1  
[2020-04-26 09:29:42] /shop/index.php?controller=cate&action=index&cate_id=2866&key=1&order=2&ci=1_4&new=&area_id=29&gift=1&yx=1 ( act=cate&action=index ) 
ERR: Db Error: Unknown column 'contract_1' in 'where clause'
SELECT COUNT(*) AS nc_count FROM `goods_common` WHERE ( areaid_1 = '29' ) AND ( is_select = '1' ) AND ( contract_1 = '1' ) AND ( contract_4 = '1' ) LIMIT 1  
[2020-04-26 09:36:54] /shop/index.php?controller=cate&action=index&cate_id=4528&gift=1&new=1&key=2&order=2&ci=3&yx=1 ( act=cate&action=index ) 
ERR: Db Error: Unknown column 'contract_3' in 'where clause'
SELECT COUNT(*) AS nc_count FROM `goods_common` WHERE ( is_new_arrival = '1' ) AND ( is_select = '1' ) AND ( contract_3 = '1' ) LIMIT 1  
[2020-04-26 09:44:06] /shop/index.php?controller=cate&action=index&cate_id=2354&type=&gift=1&key=3&order=2&ci=1_3&new=1 ( act=cate&action=index ) 
ERR: Db Error: Unknown column 'contract_1' in 'where clause'
SELECT COUNT(*) AS nc_count FROM `goods_common` WHERE ( is_new_arrival = '1' ) AND ( contract_1 = '1' ) AND ( contract_3 = '1' ) LIMIT 1  
[2020-04-26 09:51:18] /shop/index.php?controller=cate&action=index&cate_id=845&ci=1_2_3_4&key=&order=&gift=1 ( act=cate&action=index ) 
ERR: Db Error: Unknown column 'contract_1' in 'where clause'
SELECT COUNT(*) AS nc_count FROM `goods_common` WHERE ( contract_1 = '1' ) AND ( contract_2 = '1' ) AND ( contract_3 = '1' ) AND ( contract_4 = '1' ) LIMIT 1  
[2020-04-26 09:53:57] /shop/index.php?action=index&area_id=&cate_id=726&ci=4_2_1&controller=cate ( act=cate&action=index ) 
ERR: Db Error: Unknown column 'contract_4' in 'where clause'
SELECT COUNT(*) AS nc_count FROM `goods_common` WHERE ( contract_4 = '1' ) AND ( contract_2 = '1' ) AND ( contract_1 = '1' ) LIMIT 1  
[2020-04-26 10:31:18] /shop/index.php?action=index&area_id=33&cate_id=5546&ci=3&controller=cate ( act=cate&action=index ) 
ERR: Db Error: Unknown column 'contract_3' in 'where clause'
SELECT COUNT(*) AS nc_count FROM `goods_common` WHERE ( gc_id_2 = '5546' ) AND ( areaid_1 = '33' ) AND ( contract_3 = '1' ) LIMIT 1  
[2020-04-26 10:34:30] /shop/index.php?controller=cate&action=index&cate_id=2354&type=&gift=1&key=3&order=1&ci=1_3&new=1 ( act=cate&action=index ) 
ERR: Db Error: Unknown column 'contract_1' in 'where clause'
SELECT COUNT(*) AS nc_count FROM `goods_common` WHERE ( is_new_arrival = '1' ) AND ( contract_1 = '1' ) AND ( contract_3 = '1' ) LIMIT 1  
[2020-04-26 10:41:42] /shop/index.php?controller=cate&action=index&cate_id=3296&key=3&order=1&ci=4_1&new=1&gift=1&type=1 ( act=cate&action=index ) 
ERR: Db Error: Unknown column 'contract_4' in 'where clause'
SELECT COUNT(*) AS nc_count FROM `goods_common` WHERE ( is_own_shop = '1' ) AND ( is_new_arrival = '1' ) AND ( contract_4 = '1' ) AND ( contract_1 = '1' ) LIMIT 1  
[2020-04-26 10:45:28] /shop/index.php?action=index&area_id=3&cate_id=645&ci=3&controller=cate&type=1 ( act=cate&action=index ) 
ERR: Db Error: Unknown column 'contract_3' in 'where clause'
SELECT COUNT(*) AS nc_count FROM `goods_common` WHERE ( areaid_1 = '3' ) AND ( is_own_shop = '1' ) AND ( contract_3 = '1' ) LIMIT 1  
[2020-04-26 10:48:54] /shop/index.php?controller=cate&action=index&cate_id=13&area_id=3&key=1&order=2&yx=&type=1&ci=2 ( act=cate&action=index ) 
ERR: Db Error: Unknown column 'contract_2' in 'where clause'
SELECT COUNT(*) AS nc_count FROM `goods_common` WHERE ( areaid_1 = '3' ) AND ( is_own_shop = '1' ) AND ( contract_2 = '1' ) LIMIT 1  
[2020-04-26 10:56:06] /shop/index.php?controller=cate&action=index&cate_id=2414&ci=2&yx=1&key=3&order=1&area_id=7&type= ( act=cate&action=index ) 
ERR: Db Error: Unknown column 'contract_2' in 'where clause'
SELECT COUNT(*) AS nc_count FROM `goods_common` WHERE ( areaid_1 = '7' ) AND ( is_select = '1' ) AND ( contract_2 = '1' ) LIMIT 1  
[2020-04-26 10:59:48] /shop/index.php?action=index&area_id=34&cate_id=5581&ci=4&controller=cate ( act=cate&action=index ) 
ERR: Db Error: Unknown column 'contract_4' in 'where clause'
SELECT COUNT(*) AS nc_count FROM `goods_common` WHERE ( gc_id_2 = '5581' ) AND ( areaid_1 = '34' ) AND ( contract_4 = '1' ) LIMIT 1  
[2020-04-26 11:03:18] /shop/index.php?controller=cate&action=index&cate_id=4&ci=3_4&new=1&yx=1 ( act=cate&action=index ) 
ERR: Db Error: Unknown column 'contract_3' in 'where clause'
SELECT COUNT(*) AS nc_count FROM `goods_common` WHERE ( is_new_arrival = '1' ) AND ( is_select = '1' ) AND ( contract_3 = '1' ) AND ( contract_4 = '1' ) LIMIT 1  
[2020-04-26 11:04:59] /shop/index.php?action=index&area_id=16&ci=3_1_4&controller=cate&new=1&yx=1 ( act=cate&action=index ) 
ERR: Db Error: Unknown column 'contract_3' in 'where clause'
SELECT COUNT(*) AS nc_count FROM `goods_common` WHERE ( areaid_1 = '16' ) AND ( is_new_arrival = '1' ) AND ( is_select = '1' ) AND ( contract_3 = '1' ) AND ( contract_1 = '1' ) AND ( contract_4 = '1' ) LIMIT 1  
[2020-04-26 11:06:09] /shop/index.php?controller=cate&action=index&cate_id=442&key=1&order=1&area_id=6&yx=1&gift=&ci=3_4 ( act=cate&action=index ) 
ERR: Db Error: Unknown column 'contract_3' in 'where clause'
SELECT COUNT(*) AS nc_count FROM `goods_common` WHERE ( areaid_1 = '6' ) AND ( is_select = '1' ) AND ( contract_3 = '1' ) AND ( contract_4 = '1' ) LIMIT 1  
[2020-04-26 11:17:42] /shop/index.php?controller=cate&action=index&cate_id=3687&key=1&order=2&new=1&ci=4&type=1 ( act=cate&action=index ) 
ERR: Db Error: Unknown column 'contract_4' in 'where clause'
SELECT COUNT(*) AS nc_count FROM `goods_common` WHERE ( is_own_shop = '1' ) AND ( is_new_arrival = '1' ) AND ( contract_4 = '1' ) LIMIT 1  
[2020-04-26 11:23:34] /shop/index.php?action=index&area_id=11&cate_id=5588&ci=4&controller=cate ( act=cate&action=index ) 
ERR: Db Error: Unknown column 'contract_4' in 'where clause'
SELECT COUNT(*) AS nc_count FROM `goods_common` WHERE ( gc_id_2 = '5588' ) AND ( areaid_1 = '11' ) AND ( contract_4 = '1' ) LIMIT 1  
[2020-04-26 11:24:54] /shop/index.php?controller=cate&action=index&cate_id=2368&ci=4&gift=1&key=3&order=2&new=&area_id=12&yx=1 ( act=cate&action=index ) 
ERR: Db Error: Unknown column 'contract_4' in 'where clause'
SELECT COUNT(*) AS nc_count FROM `goods_common` WHERE ( areaid_1 = '12' ) AND ( is_select = '1' ) AND ( contract_4 = '1' ) LIMIT 1  
[2020-04-26 11:33:08] /shop/index.php?action=index&area_id=24&cate_id=2&ci=4_2_1&controller=cate&key=&new=1&order= ( act=cate&action=index ) 
ERR: Db Error: Unknown column 'contract_4' in 'where clause'
SELECT COUNT(*) AS nc_count FROM `goods_common` WHERE ( areaid_1 = '24' ) AND ( is_new_arrival = '1' ) AND ( contract_4 = '1' ) AND ( contract_2 = '1' ) AND ( contract_1 = '1' ) LIMIT 1  
[2020-04-26 11:39:18] /shop/index.php?controller=cate&action=index&cate_id=2167&type=&key=2&order=1&ci=1_3&area_id=32 ( act=cate&action=index ) 
ERR: Db Error: Unknown column 'contract_1' in 'where clause'
SELECT COUNT(*) AS nc_count FROM `goods_common` WHERE ( gc_id_3 = '2167' ) AND ( areaid_1 = '32' ) AND ( contract_1 = '1' ) AND ( contract_3 = '1' ) LIMIT 1  
[2020-04-26 11:46:30] /shop/index.php?controller=cate&action=index&cate_id=3711&gift=1&ci=4_2&key=&order=&yx=1 ( act=cate&action=index ) 
ERR: Db Error: Unknown column 'contract_4' in 'where clause'
SELECT COUNT(*) AS nc_count FROM `goods_common` WHERE ( is_select = '1' ) AND ( contract_4 = '1' ) AND ( contract_2 = '1' ) LIMIT 1  
[2020-04-26 11:50:59] /shop/index.php?action=index&area_id=7&cate_id=2151&ci=1_3&controller=cate ( act=cate&action=index ) 
ERR: Db Error: Unknown column 'contract_1' in 'where clause'
SELECT COUNT(*) AS nc_count FROM `goods_common` WHERE ( gc_id_2 = '2151' ) AND ( areaid_1 = '7' ) AND ( contract_1 = '1' ) AND ( contract_3 = '1' ) LIMIT 1  
[2020-04-26 11:53:42] /shop/index.php?controller=cate&action=index&cate_id=116&new=&key=1&order=2&ci=1 ( act=cate&action=index ) 
ERR: Db Error: Unknown column 'contract_1' in 'where clause'
SELECT COUNT(*) AS nc_count FROM `goods_common` WHERE ( contract_1 = '1' ) LIMIT 1  
[2020-04-26 12:00:54] /shop/index.php?controller=cate&action=index&cate_id=4964&key=3&order=1&ci=3_4_1&type=1 ( act=cate&action=index ) 
ERR: Db Error: Unknown column 'contract_3' in 'where clause'
SELECT COUNT(*) AS nc_count FROM `goods_common` WHERE ( is_own_shop = '1' ) AND ( contract_3 = '1' ) AND ( contract_4 = '1' ) AND ( contract_1 = '1' ) LIMIT 1  
[2020-04-26 12:08:06] /shop/index.php?controller=cate&action=index&cate_id=351&key=1&order=1&new=1&gift=1&ci=1 ( act=cate&action=index ) 
ERR: Db Error: Unknown column 'contract_1' in 'where clause'
SELECT COUNT(*) AS nc_count FROM `goods_common` WHERE ( is_new_arrival = '1' ) AND ( contract_1 = '1' ) LIMIT 1  
[2020-04-26 12:12:44] /shop/index.php?controller=cate&action=index&cate_id=13&area_id=3&key=2&order=2&yx=1&type=1&ci=2 ( act=cate&action=index ) 
ERR: Db Error: Unknown column 'contract_2' in 'where clause'
SELECT COUNT(*) AS nc_count FROM `goods_common` WHERE ( areaid_1 = '3' ) AND ( is_own_shop = '1' ) AND ( is_select = '1' ) AND ( contract_2 = '1' ) LIMIT 1  
[2020-04-26 12:15:15] /shop/index.php?controller=cate&action=index&cate_id=5406&new=1&key=2&order=2&yx=&ci=1_4&gift=1&type= ( act=cate&action=index ) 
ERR: Db Error: Unknown column 'contract_1' in 'where clause'
SELECT COUNT(*) AS nc_count FROM `goods_common` WHERE ( is_new_arrival = '1' ) AND ( contract_1 = '1' ) AND ( contract_4 = '1' ) LIMIT 1  
[2020-04-26 12:15:18] /shop/index.php?controller=cate&action=index&cate_id=4630&key=1&order=2&ci=2_1 ( act=cate&action=index ) 
ERR: Db Error: Unknown column 'contract_2' in 'where clause'
SELECT COUNT(*) AS nc_count FROM `goods_common` WHERE ( contract_2 = '1' ) AND ( contract_1 = '1' ) LIMIT 1  
[2020-04-26 12:17:44] /shop/index.php?controller=cate&action=index&cate_id=4722&key=2&order=2&new=1&ci=1 ( act=cate&action=index ) 
ERR: Db Error: Unknown column 'contract_1' in 'where clause'
SELECT COUNT(*) AS nc_count FROM `goods_common` WHERE ( is_new_arrival = '1' ) AND ( contract_1 = '1' ) LIMIT 1  
[2020-04-26 12:18:21] /shop/index.php?action=index&area_id=10&cate_id=38&ci=1&controller=cate ( act=cate&action=index ) 
ERR: Db Error: Unknown column 'contract_1' in 'where clause'
SELECT COUNT(*) AS nc_count FROM `goods_common` WHERE ( areaid_1 = '10' ) AND ( contract_1 = '1' ) LIMIT 1  
[2020-04-26 12:22:30] /shop/index.php?controller=cate&action=index&cate_id=192&key=&order=&ci=4&new=1 ( act=cate&action=index ) 
ERR: Db Error: Unknown column 'contract_4' in 'where clause'
SELECT COUNT(*) AS nc_count FROM `goods_common` WHERE ( is_new_arrival = '1' ) AND ( contract_4 = '1' ) LIMIT 1  
[2020-04-26 12:27:44] /shop/index.php?controller=cate&action=index&cate_id=130&key=&order=&ci=1_2&gift=1 ( act=cate&action=index ) 
ERR: Db Error: Unknown column 'contract_1' in 'where clause'
SELECT COUNT(*) AS nc_count FROM `goods_common` WHERE ( contract_1 = '1' ) AND ( contract_2 = '1' ) LIMIT 1  
[2020-04-26 12:30:14] /shop/index.php?controller=cate&action=index&cate_id=3591&key=2&order=2&new=&ci=3_2_1&yx=1&area_id=2&type=1 ( act=cate&action=index ) 
ERR: Db Error: Unknown column 'contract_3' in 'where clause'
SELECT COUNT(*) AS nc_count FROM `goods_common` WHERE ( areaid_1 = '2' ) AND ( is_own_shop = '1' ) AND ( is_select = '1' ) AND ( contract_3 = '1' ) AND ( contract_2 = '1' ) AND ( contract_1 = '1' ) LIMIT 1  
[2020-04-26 12:37:44] /shop/index.php?controller=cate&action=index&cate_id=199&key=2&order=2&type=1&ci=2&new=1&yx=1 ( act=cate&action=index ) 
ERR: Db Error: Unknown column 'contract_2' in 'where clause'
SELECT COUNT(*) AS nc_count FROM `goods_common` WHERE ( is_own_shop = '1' ) AND ( is_new_arrival = '1' ) AND ( is_select = '1' ) AND ( contract_2 = '1' ) LIMIT 1  
[2020-04-26 12:44:06] /shop/index.php?controller=cate&action=index&cate_id=731&area_id=12&gift=&key=1&order=1&ci=2_1&type=1&new=1&yx=1 ( act=cate&action=index ) 
ERR: Db Error: Unknown column 'contract_2' in 'where clause'
SELECT COUNT(*) AS nc_count FROM `goods_common` WHERE ( areaid_1 = '12' ) AND ( is_own_shop = '1' ) AND ( is_new_arrival = '1' ) AND ( is_select = '1' ) AND ( contract_2 = '1' ) AND ( contract_1 = '1' ) LIMIT 1  
[2020-04-26 12:45:14] /shop/index.php?controller=cate&action=index&cate_id=2213&key=2&order=2&type=&new=&area_id=32&yx=1&ci=2 ( act=cate&action=index ) 
ERR: Db Error: Unknown column 'contract_2' in 'where clause'
SELECT COUNT(*) AS nc_count FROM `goods_common` WHERE ( areaid_1 = '32' ) AND ( is_select = '1' ) AND ( contract_2 = '1' ) LIMIT 1  
[2020-04-26 12:47:44] /shop/index.php?controller=cate&action=index&cate_id=42&order=&key=&new=1&area_id=29&ci=1 ( act=cate&action=index ) 
ERR: Db Error: Unknown column 'contract_1' in 'where clause'
SELECT COUNT(*) AS nc_count FROM `goods_common` WHERE ( areaid_1 = '29' ) AND ( is_new_arrival = '1' ) AND ( contract_1 = '1' ) LIMIT 1  
[2020-04-26 12:50:14] /shop/index.php?controller=cate&action=index&cate_id=5048&key=2&order=2&area_id=24&type=1&ci=2 ( act=cate&action=index ) 
ERR: Db Error: Unknown column 'contract_2' in 'where clause'
SELECT COUNT(*) AS nc_count FROM `goods_common` WHERE ( areaid_1 = '24' ) AND ( is_own_shop = '1' ) AND ( contract_2 = '1' ) LIMIT 1  
[2020-04-26 12:53:50] /shop/index.php?action=index&area_id=16&cate_id=2232&ci=1&controller=cate&key=2&new=1&order=2 ( act=cate&action=index ) 
ERR: Db Error: Unknown column 'contract_1' in 'where clause'
SELECT COUNT(*) AS nc_count FROM `goods_common` WHERE ( areaid_1 = '16' ) AND ( is_new_arrival = '1' ) AND ( contract_1 = '1' ) LIMIT 1  
[2020-04-26 12:58:30] /shop/index.php?controller=cate&action=index&cate_id=115&ci=4&new=1 ( act=cate&action=index ) 
ERR: Db Error: Unknown column 'contract_4' in 'where clause'
SELECT COUNT(*) AS nc_count FROM `goods_common` WHERE ( is_new_arrival = '1' ) AND ( contract_4 = '1' ) LIMIT 1  
[2020-04-26 13:05:15] /shop/index.php?controller=cate&action=index&cate_id=442&key=3&order=2&area_id=29&ci=4&yx=1 ( act=cate&action=index ) 
ERR: Db Error: Unknown column 'contract_4' in 'where clause'
SELECT COUNT(*) AS nc_count FROM `goods_common` WHERE ( areaid_1 = '29' ) AND ( is_select = '1' ) AND ( contract_4 = '1' ) LIMIT 1  
[2020-04-26 13:05:42] /shop/index.php?controller=cate&action=index&cate_id=5382&gift=&key=2&order=2&area_id=31&type=1&ci=1 ( act=cate&action=index ) 
ERR: Db Error: Unknown column 'contract_1' in 'where clause'
SELECT COUNT(*) AS nc_count FROM `goods_common` WHERE ( areaid_1 = '31' ) AND ( is_own_shop = '1' ) AND ( contract_1 = '1' ) LIMIT 1  
[2020-04-26 13:09:21] /shop/index.php?action=index&area_id=12&ci=1&controller=cate&type=1&yx=1 ( act=cate&action=index ) 
ERR: Db Error: Unknown column 'contract_1' in 'where clause'
SELECT COUNT(*) AS nc_count FROM `goods_common` WHERE ( areaid_1 = '12' ) AND ( is_own_shop = '1' ) AND ( is_select = '1' ) AND ( contract_1 = '1' ) LIMIT 1  
[2020-04-26 13:09:21] /shop/index.php?action=index&area_id=7&cate_id=38&ci=1_4_2&controller=cate ( act=cate&action=index ) 
ERR: Db Error: Unknown column 'contract_1' in 'where clause'
SELECT COUNT(*) AS nc_count FROM `goods_common` WHERE ( areaid_1 = '7' ) AND ( contract_1 = '1' ) AND ( contract_4 = '1' ) AND ( contract_2 = '1' ) LIMIT 1  
[2020-04-26 13:10:15] /shop/index.php?controller=cate&action=index&cate_id=2690&key=1&order=2&ci=3&new=&yx=&area_id=8&gift=1 ( act=cate&action=index ) 
ERR: Db Error: Unknown column 'contract_3' in 'where clause'
SELECT COUNT(*) AS nc_count FROM `goods_common` WHERE ( areaid_1 = '8' ) AND ( contract_3 = '1' ) LIMIT 1  
[2020-04-26 13:12:54] /shop/index.php?controller=cate&action=index&cate_id=251&type=&key=3&order=2&ci=3&gift=1&area_id=26 ( act=cate&action=index ) 
ERR: Db Error: Unknown column 'contract_3' in 'where clause'
SELECT COUNT(*) AS nc_count FROM `goods_common` WHERE ( areaid_1 = '26' ) AND ( contract_3 = '1' ) LIMIT 1  
[2020-04-26 13:13:16] /shop/index.php?controller=cate&action=index&cate_id=4964&key=2&order=2&area_id=31&ci=2 ( act=cate&action=index ) 
ERR: Db Error: Unknown column 'contract_2' in 'where clause'
SELECT COUNT(*) AS nc_count FROM `goods_common` WHERE ( areaid_1 = '31' ) AND ( contract_2 = '1' ) LIMIT 1  
[2020-04-26 13:17:44] /shop/index.php?controller=cate&action=index&cate_id=5218&yx=1&new=&type=1&key=&order=&ci=3&gift=1 ( act=cate&action=index ) 
ERR: Db Error: Unknown column 'contract_3' in 'where clause'
SELECT COUNT(*) AS nc_count FROM `goods_common` WHERE ( is_own_shop = '1' ) AND ( is_select = '1' ) AND ( contract_3 = '1' ) LIMIT 1  
[2020-04-26 13:21:20] /shop/index.php?controller=cate&action=index&cate_id=2182&key=1&order=2&area_id=28&ci=4 ( act=cate&action=index ) 
ERR: Db Error: Unknown column 'contract_4' in 'where clause'
SELECT COUNT(*) AS nc_count FROM `goods_common` WHERE ( areaid_1 = '28' ) AND ( contract_4 = '1' ) LIMIT 1  
[2020-04-26 13:30:21] /shop/index.php?action=index&area_id=35&cate_id=470&ci=1_2&controller=cate ( act=cate&action=index ) 
ERR: Db Error: Unknown column 'contract_1' in 'where clause'
SELECT COUNT(*) AS nc_count FROM `goods_common` WHERE ( areaid_1 = '35' ) AND ( contract_1 = '1' ) AND ( contract_2 = '1' ) LIMIT 1  
[2020-04-26 13:30:22] /shop/index.php?action=index&area_id=24&ci=2&controller=cate&type=1&yx=1 ( act=cate&action=index ) 
ERR: Db Error: Unknown column 'contract_2' in 'where clause'
SELECT COUNT(*) AS nc_count FROM `goods_common` WHERE ( areaid_1 = '24' ) AND ( is_own_shop = '1' ) AND ( is_select = '1' ) AND ( contract_2 = '1' ) LIMIT 1  
[2020-04-26 13:34:30] /shop/index.php?controller=cate&action=index&cate_id=13&area_id=3&key=3&order=2&yx=1&type=1&ci=3_4&new=1 ( act=cate&action=index ) 
ERR: Db Error: Unknown column 'contract_3' in 'where clause'
SELECT COUNT(*) AS nc_count FROM `goods_common` WHERE ( areaid_1 = '3' ) AND ( is_own_shop = '1' ) AND ( is_new_arrival = '1' ) AND ( is_select = '1' ) AND ( contract_3 = '1' ) AND ( contract_4 = '1' ) LIMIT 1  
[2020-04-26 13:59:33] /shop/index.php?action=index&area_id=12&cate_id=2153&ci=4&controller=cate ( act=cate&action=index ) 
ERR: Db Error: Unknown column 'contract_4' in 'where clause'
SELECT COUNT(*) AS nc_count FROM `goods_common` WHERE ( gc_id_2 = '2153' ) AND ( areaid_1 = '12' ) AND ( contract_4 = '1' ) LIMIT 1  
[2020-04-26 14:03:18] /shop/index.php?controller=cate&action=index&cate_id=3622&gift=1&ci=2_4&key=3&order=2&area_id=30 ( act=cate&action=index ) 
ERR: Db Error: Unknown column 'contract_2' in 'where clause'
SELECT COUNT(*) AS nc_count FROM `goods_common` WHERE ( areaid_1 = '30' ) AND ( contract_2 = '1' ) AND ( contract_4 = '1' ) LIMIT 1  
[2020-04-26 14:10:30] /shop/index.php?controller=cate&action=index&cate_id=2300&type=&new=1&yx=&key=1&order=2&gift=1&ci=3 ( act=cate&action=index ) 
ERR: Db Error: Unknown column 'contract_3' in 'where clause'
SELECT COUNT(*) AS nc_count FROM `goods_common` WHERE ( is_new_arrival = '1' ) AND ( contract_3 = '1' ) LIMIT 1  
[2020-04-26 14:10:44] /shop/index.php?controller=cate&action=index&cate_id=4792&type=1&key=2&order=2&ci=4&new=1&area_id=23 ( act=cate&action=index ) 
ERR: Db Error: Unknown column 'contract_4' in 'where clause'
SELECT COUNT(*) AS nc_count FROM `goods_common` WHERE ( areaid_1 = '23' ) AND ( is_own_shop = '1' ) AND ( is_new_arrival = '1' ) AND ( contract_4 = '1' ) LIMIT 1  
[2020-04-26 14:17:02] /shop/index.php?action=index&area_id=29&cate_id=5590&ci=4&controller=cate ( act=cate&action=index ) 
ERR: Db Error: Unknown column 'contract_4' in 'where clause'
SELECT COUNT(*) AS nc_count FROM `goods_common` WHERE ( gc_id_2 = '5590' ) AND ( areaid_1 = '29' ) AND ( contract_4 = '1' ) LIMIT 1  
[2020-04-26 14:17:42] /shop/index.php?controller=cate&action=index&cate_id=2168&type=1&ci=3_4&key=1&order=2&yx=1&new=1 ( act=cate&action=index ) 
ERR: Db Error: Unknown column 'contract_3' in 'where clause'
SELECT COUNT(*) AS nc_count FROM `goods_common` WHERE ( gc_id_3 = '2168' ) AND ( is_own_shop = '1' ) AND ( is_new_arrival = '1' ) AND ( is_select = '1' ) AND ( contract_3 = '1' ) AND ( contract_4 = '1' ) LIMIT 1  
[2020-04-26 14:24:54] /shop/index.php?controller=cate&action=index&cate_id=2866&key=1&order=2&ci=3&new=1&area_id=29&gift=1&yx=1 ( act=cate&action=index ) 
ERR: Db Error: Unknown column 'contract_3' in 'where clause'
SELECT COUNT(*) AS nc_count FROM `goods_common` WHERE ( areaid_1 = '29' ) AND ( is_new_arrival = '1' ) AND ( is_select = '1' ) AND ( contract_3 = '1' ) LIMIT 1  
[2020-04-26 14:25:22] /shop/index.php?action=index&area_id=8&cate_id=113&ci=4&controller=cate ( act=cate&action=index ) 
ERR: Db Error: Unknown column 'contract_4' in 'where clause'
SELECT COUNT(*) AS nc_count FROM `goods_common` WHERE ( areaid_1 = '8' ) AND ( contract_4 = '1' ) LIMIT 1  
[2020-04-26 14:25:22] /shop/index.php?action=index&area_id=&ci=2&controller=cate&key=&order=&type=1 ( act=cate&action=index ) 
ERR: Db Error: Unknown column 'contract_2' in 'where clause'
SELECT COUNT(*) AS nc_count FROM `goods_common` WHERE ( is_own_shop = '1' ) AND ( contract_2 = '1' ) LIMIT 1  
[2020-04-26 14:32:08] /shop/index.php?controller=cate&action=index&cate_id=3711&key=1&order=2&ci=3_1&type=1&new=1 ( act=cate&action=index ) 
ERR: Db Error: Unknown column 'contract_3' in 'where clause'
SELECT COUNT(*) AS nc_count FROM `goods_common` WHERE ( is_own_shop = '1' ) AND ( is_new_arrival = '1' ) AND ( contract_3 = '1' ) AND ( contract_1 = '1' ) LIMIT 1  
[2020-04-26 14:39:18] /shop/index.php?controller=cate&action=index&cate_id=499&gift=&key=2&order=2&ci=4&type= ( act=cate&action=index ) 
ERR: Db Error: Unknown column 'contract_4' in 'where clause'
SELECT COUNT(*) AS nc_count FROM `goods_common` WHERE ( contract_4 = '1' ) LIMIT 1  
[2020-04-26 14:46:31] /shop/index.php?controller=cate&action=index&cate_id=689&new=1&gift=1&type=1&key=3&order=2&ci=2 ( act=cate&action=index ) 
ERR: Db Error: Unknown column 'contract_2' in 'where clause'
SELECT COUNT(*) AS nc_count FROM `goods_common` WHERE ( is_own_shop = '1' ) AND ( is_new_arrival = '1' ) AND ( contract_2 = '1' ) LIMIT 1  
[2020-04-26 14:53:42] /shop/index.php?controller=cate&action=index&cate_id=158&key=3&order=2&yx=1&ci=1_3&type=1 ( act=cate&action=index ) 
ERR: Db Error: Unknown column 'contract_1' in 'where clause'
SELECT COUNT(*) AS nc_count FROM `goods_common` WHERE ( is_own_shop = '1' ) AND ( is_select = '1' ) AND ( contract_1 = '1' ) AND ( contract_3 = '1' ) LIMIT 1  
[2020-04-26 14:56:52] /shop/index.php?action=index&area_id=34&cate_id=2170&ci=1_4&controller=cate ( act=cate&action=index ) 
ERR: Db Error: Unknown column 'contract_1' in 'where clause'
SELECT COUNT(*) AS nc_count FROM `goods_common` WHERE ( gc_id_3 = '2170' ) AND ( areaid_1 = '34' ) AND ( contract_1 = '1' ) AND ( contract_4 = '1' ) LIMIT 1  
[2020-04-26 15:08:06] /shop/index.php?controller=cate&action=index&cate_id=695&ci=1 ( act=cate&action=index ) 
ERR: Db Error: Unknown column 'contract_1' in 'where clause'
SELECT COUNT(*) AS nc_count FROM `goods_common` WHERE ( contract_1 = '1' ) LIMIT 1  
[2020-04-26 15:18:22] /shop/index.php?action=index&area_id=25&cate_id=5589&ci=3&controller=cate ( act=cate&action=index ) 
ERR: Db Error: Unknown column 'contract_3' in 'where clause'
SELECT COUNT(*) AS nc_count FROM `goods_common` WHERE ( gc_id_2 = '5589' ) AND ( areaid_1 = '25' ) AND ( contract_3 = '1' ) LIMIT 1  
[2020-04-26 15:22:23] /shop/index.php?action=index&area_id=17&cate_id=5589&ci=4&controller=cate ( act=cate&action=index ) 
ERR: Db Error: Unknown column 'contract_4' in 'where clause'
SELECT COUNT(*) AS nc_count FROM `goods_common` WHERE ( gc_id_2 = '5589' ) AND ( areaid_1 = '17' ) AND ( contract_4 = '1' ) LIMIT 1  
[2020-04-26 15:22:30] /shop/index.php?controller=cate&action=index&cate_id=2168&type=1&ci=3_4&key=&order=&yx=1 ( act=cate&action=index ) 
ERR: Db Error: Unknown column 'contract_3' in 'where clause'
SELECT COUNT(*) AS nc_count FROM `goods_common` WHERE ( gc_id_3 = '2168' ) AND ( is_own_shop = '1' ) AND ( is_select = '1' ) AND ( contract_3 = '1' ) AND ( contract_4 = '1' ) LIMIT 1  
[2020-04-26 15:29:42] /shop/index.php?controller=cate&action=index&cate_id=2171&type=1&yx=&key=1&order=2&ci=3_2&gift=1 ( act=cate&action=index ) 
ERR: Db Error: Unknown column 'contract_3' in 'where clause'
SELECT COUNT(*) AS nc_count FROM `goods_common` WHERE ( is_own_shop = '1' ) AND ( contract_3 = '1' ) AND ( contract_2 = '1' ) LIMIT 1  
[2020-04-26 15:36:54] /shop/index.php?controller=cate&action=index&cate_id=845&ci=2_3_4&key=1&order=2&gift=1 ( act=cate&action=index ) 
ERR: Db Error: Unknown column 'contract_2' in 'where clause'
SELECT COUNT(*) AS nc_count FROM `goods_common` WHERE ( contract_2 = '1' ) AND ( contract_3 = '1' ) AND ( contract_4 = '1' ) LIMIT 1  
[2020-04-26 15:39:24] /shop/index.php?action=index&area_id=24&cate_id=726&ci=4_2_1&controller=cate ( act=cate&action=index ) 
ERR: Db Error: Unknown column 'contract_4' in 'where clause'
SELECT COUNT(*) AS nc_count FROM `goods_common` WHERE ( areaid_1 = '24' ) AND ( contract_4 = '1' ) AND ( contract_2 = '1' ) AND ( contract_1 = '1' ) LIMIT 1  
[2020-04-26 15:51:18] /shop/index.php?controller=cate&action=index&cate_id=4201&type=1&new=1&gift=1&key=&order=&ci=2 ( act=cate&action=index ) 
ERR: Db Error: Unknown column 'contract_2' in 'where clause'
SELECT COUNT(*) AS nc_count FROM `goods_common` WHERE ( is_own_shop = '1' ) AND ( is_new_arrival = '1' ) AND ( contract_2 = '1' ) LIMIT 1  
[2020-04-26 15:56:22] /shop/index.php?action=index&area_id=4&cate_id=5490&ci=4&controller=cate&type=1 ( act=cate&action=index ) 
ERR: Db Error: Unknown column 'contract_4' in 'where clause'
SELECT COUNT(*) AS nc_count FROM `goods_common` WHERE ( gc_id_2 = '5490' ) AND ( areaid_1 = '4' ) AND ( is_own_shop = '1' ) AND ( contract_4 = '1' ) LIMIT 1  
[2020-04-26 15:58:26] /shop/index.php?action=index&area_id=19&ci=1&controller=cate&key=&order=&type=1&yx=1 ( act=cate&action=index ) 
ERR: Db Error: Unknown column 'contract_1' in 'where clause'
SELECT COUNT(*) AS nc_count FROM `goods_common` WHERE ( areaid_1 = '19' ) AND ( is_own_shop = '1' ) AND ( is_select = '1' ) AND ( contract_1 = '1' ) LIMIT 1  
[2020-04-26 16:05:42] /shop/index.php?controller=cate&action=index&cate_id=158&key=3&order=1&yx=1&ci=1_4&type=1&new= ( act=cate&action=index ) 
ERR: Db Error: Unknown column 'contract_1' in 'where clause'
SELECT COUNT(*) AS nc_count FROM `goods_common` WHERE ( is_own_shop = '1' ) AND ( is_select = '1' ) AND ( contract_1 = '1' ) AND ( contract_4 = '1' ) LIMIT 1  
[2020-04-26 16:13:55] /shop/index.php?action=index&area_id=34&cate_id=5529&ci=2_1&controller=cate ( act=cate&action=index ) 
ERR: Db Error: Unknown column 'contract_2' in 'where clause'
SELECT COUNT(*) AS nc_count FROM `goods_common` WHERE ( gc_id_2 = '5529' ) AND ( areaid_1 = '34' ) AND ( contract_2 = '1' ) AND ( contract_1 = '1' ) LIMIT 1  
[2020-04-26 16:20:07] /shop/index.php?controller=cate&action=index&cate_id=4201&yx=&key=1&order=2&new=&type=&gift=1&ci=2 ( act=cate&action=index ) 
ERR: Db Error: Unknown column 'contract_2' in 'where clause'
SELECT COUNT(*) AS nc_count FROM `goods_common` WHERE ( contract_2 = '1' ) LIMIT 1  
[2020-04-26 16:32:05] /shop/index.php?action=index&area_id=18&cate_id=645&ci=3&controller=cate&type=1 ( act=cate&action=index ) 
ERR: Db Error: Unknown column 'contract_3' in 'where clause'
SELECT COUNT(*) AS nc_count FROM `goods_common` WHERE ( areaid_1 = '18' ) AND ( is_own_shop = '1' ) AND ( contract_3 = '1' ) LIMIT 1  
[2020-04-26 16:37:24] /shop/index.php?action=index&area_id=5&ci=3_2&controller=cate&key=1&new=1&order=2&yx=1 ( act=cate&action=index ) 
ERR: Db Error: Unknown column 'contract_3' in 'where clause'
SELECT COUNT(*) AS nc_count FROM `goods_common` WHERE ( areaid_1 = '5' ) AND ( is_new_arrival = '1' ) AND ( is_select = '1' ) AND ( contract_3 = '1' ) AND ( contract_2 = '1' ) LIMIT 1  
[2020-04-26 16:41:42] /shop/index.php?controller=cate&action=index&cate_id=1006&key=&order=&gift=1&ci=1 ( act=cate&action=index ) 
ERR: Db Error: Unknown column 'contract_1' in 'where clause'
SELECT COUNT(*) AS nc_count FROM `goods_common` WHERE ( contract_1 = '1' ) LIMIT 1  
[2020-04-26 16:48:25] /shop/index.php?action=index&area_id=16&ci=4_2&controller=cate ( act=cate&action=index ) 
ERR: Db Error: Unknown column 'contract_4' in 'where clause'
SELECT COUNT(*) AS nc_count FROM `goods_common` WHERE ( areaid_1 = '16' ) AND ( contract_4 = '1' ) AND ( contract_2 = '1' ) LIMIT 1  
[2020-04-26 16:48:54] /shop/index.php?controller=cate&action=index&cate_id=2879&type=&ci=4_1&key=3&order=1&area_id=23&gift= ( act=cate&action=index ) 
ERR: Db Error: Unknown column 'contract_4' in 'where clause'
SELECT COUNT(*) AS nc_count FROM `goods_common` WHERE ( areaid_1 = '23' ) AND ( contract_4 = '1' ) AND ( contract_1 = '1' ) LIMIT 1  
[2020-04-26 17:03:18] /shop/index.php?controller=cate&action=index&cate_id=2171&type=1&yx=&key=2&order=2&ci=3_1&gift=1 ( act=cate&action=index ) 
ERR: Db Error: Unknown column 'contract_3' in 'where clause'
SELECT COUNT(*) AS nc_count FROM `goods_common` WHERE ( is_own_shop = '1' ) AND ( contract_3 = '1' ) AND ( contract_1 = '1' ) LIMIT 1  
[2020-04-26 17:04:55] /shop/index.php?action=index&area_id=25&cate_id=762&ci=3_1&controller=cate&key=1&new=1&order=2 ( act=cate&action=index ) 
ERR: Db Error: Unknown column 'contract_3' in 'where clause'
SELECT COUNT(*) AS nc_count FROM `goods_common` WHERE ( areaid_1 = '25' ) AND ( is_new_arrival = '1' ) AND ( contract_3 = '1' ) AND ( contract_1 = '1' ) LIMIT 1  
[2020-04-26 17:08:26] /shop/index.php?action=index&area_id=1&cate_id=5581&ci=4_2&controller=cate&key=&order= ( act=cate&action=index ) 
ERR: Db Error: Unknown column 'contract_4' in 'where clause'
SELECT COUNT(*) AS nc_count FROM `goods_common` WHERE ( gc_id_2 = '5581' ) AND ( areaid_1 = '1' ) AND ( contract_4 = '1' ) AND ( contract_2 = '1' ) LIMIT 1  
[2020-04-26 17:10:30] /shop/index.php?controller=cate&action=index&cate_id=3599&key=&order=&type=1&ci=1_4_2&new=1&yx=1&gift=1 ( act=cate&action=index ) 
ERR: Db Error: Unknown column 'contract_1' in 'where clause'
SELECT COUNT(*) AS nc_count FROM `goods_common` WHERE ( is_own_shop = '1' ) AND ( is_new_arrival = '1' ) AND ( is_select = '1' ) AND ( contract_1 = '1' ) AND ( contract_4 = '1' ) AND ( contract_2 = '1' ) LIMIT 1  
[2020-04-26 17:17:42] /shop/index.php?controller=cate&action=index&cate_id=2866&key=1&order=2&ci=1_3_2&new=1&area_id=29&gift=1&yx=1 ( act=cate&action=index ) 
ERR: Db Error: Unknown column 'contract_1' in 'where clause'
SELECT COUNT(*) AS nc_count FROM `goods_common` WHERE ( areaid_1 = '29' ) AND ( is_new_arrival = '1' ) AND ( is_select = '1' ) AND ( contract_1 = '1' ) AND ( contract_3 = '1' ) AND ( contract_2 = '1' ) LIMIT 1  
[2020-04-26 17:17:54] /shop/index.php?action=index&area_id=1&cate_id=2232&ci=2&controller=cate&key=&new=1&order= ( act=cate&action=index ) 
ERR: Db Error: Unknown column 'contract_2' in 'where clause'
SELECT COUNT(*) AS nc_count FROM `goods_common` WHERE ( areaid_1 = '1' ) AND ( is_new_arrival = '1' ) AND ( contract_2 = '1' ) LIMIT 1  
[2020-04-26 17:24:54] /shop/index.php?controller=cate&action=index&cate_id=2866&key=1&order=2&ci=1_3&new=1&area_id=29&gift=&yx=1 ( act=cate&action=index ) 
ERR: Db Error: Unknown column 'contract_1' in 'where clause'
SELECT COUNT(*) AS nc_count FROM `goods_common` WHERE ( areaid_1 = '29' ) AND ( is_new_arrival = '1' ) AND ( is_select = '1' ) AND ( contract_1 = '1' ) AND ( contract_3 = '1' ) LIMIT 1  
[2020-04-26 17:28:58] /shop/index.php?action=index&area_id=2&cate_id=5523&ci=4&controller=cate&key=&order= ( act=cate&action=index ) 
ERR: Db Error: Unknown column 'contract_4' in 'where clause'
SELECT COUNT(*) AS nc_count FROM `goods_common` WHERE ( gc_id_3 = '5523' ) AND ( areaid_1 = '2' ) AND ( contract_4 = '1' ) LIMIT 1  
[2020-04-26 17:32:06] /shop/index.php?controller=cate&action=index&cate_id=4791&key=1&order=1&ci=3_2_1&yx=1&type=1 ( act=cate&action=index ) 
ERR: Db Error: Unknown column 'contract_3' in 'where clause'
SELECT COUNT(*) AS nc_count FROM `goods_common` WHERE ( is_own_shop = '1' ) AND ( is_select = '1' ) AND ( contract_3 = '1' ) AND ( contract_2 = '1' ) AND ( contract_1 = '1' ) LIMIT 1  
[2020-04-26 17:37:35] /shop/index.php?action=index&area_id=19&cate_id=5525&ci=3&controller=cate&key=&order=&type=1 ( act=cate&action=index ) 
ERR: Db Error: Unknown column 'contract_3' in 'where clause'
SELECT COUNT(*) AS nc_count FROM `goods_common` WHERE ( gc_id_2 = '5525' ) AND ( areaid_1 = '19' ) AND ( is_own_shop = '1' ) AND ( contract_3 = '1' ) LIMIT 1  
[2020-04-26 17:39:18] /shop/index.php?controller=cate&action=index&cate_id=698&gift=&key=2&order=2&type=&yx=1&new=&ci=1 ( act=cate&action=index ) 
ERR: Db Error: Unknown column 'contract_1' in 'where clause'
SELECT COUNT(*) AS nc_count FROM `goods_common` WHERE ( is_select = '1' ) AND ( contract_1 = '1' ) LIMIT 1  
[2020-04-26 17:46:30] /shop/index.php?controller=cate&action=index&cate_id=2171&type=1&yx=&key=2&order=2&ci=3_2&gift= ( act=cate&action=index ) 
ERR: Db Error: Unknown column 'contract_3' in 'where clause'
SELECT COUNT(*) AS nc_count FROM `goods_common` WHERE ( is_own_shop = '1' ) AND ( contract_3 = '1' ) AND ( contract_2 = '1' ) LIMIT 1  
[2020-04-26 17:53:42] /shop/index.php?controller=cate&action=index&cate_id=2166&ci=4&gift=1 ( act=cate&action=index ) 
ERR: Db Error: Unknown column 'contract_4' in 'where clause'
SELECT COUNT(*) AS nc_count FROM `goods_common` WHERE ( gc_id_3 = '2166' ) AND ( contract_4 = '1' ) LIMIT 1  
[2020-04-26 18:08:06] /shop/index.php?controller=cate&action=index&cate_id=2809&key=3&order=1&ci=2_4_3&new=&gift=&area_id=23&type=1&yx=1 ( act=cate&action=index ) 
ERR: Db Error: Unknown column 'contract_2' in 'where clause'
SELECT COUNT(*) AS nc_count FROM `goods_common` WHERE ( areaid_1 = '23' ) AND ( is_own_shop = '1' ) AND ( is_select = '1' ) AND ( contract_2 = '1' ) AND ( contract_4 = '1' ) AND ( contract_3 = '1' ) LIMIT 1  
[2020-04-26 18:15:18] /shop/index.php?controller=cate&action=index&cate_id=100&gift=1&ci=3&new=1&key=2&order=1&type=1&yx=1 ( act=cate&action=index ) 
ERR: Db Error: Unknown column 'contract_3' in 'where clause'
SELECT COUNT(*) AS nc_count FROM `goods_common` WHERE ( is_own_shop = '1' ) AND ( is_new_arrival = '1' ) AND ( is_select = '1' ) AND ( contract_3 = '1' ) LIMIT 1  
[2020-04-26 18:17:26] /shop/index.php?action=index&area_id=21&cate_id=645&ci=3&controller=cate&gift=1&type=1 ( act=cate&action=index ) 
ERR: Db Error: Unknown column 'contract_3' in 'where clause'
SELECT COUNT(*) AS nc_count FROM `goods_common` WHERE ( areaid_1 = '21' ) AND ( is_own_shop = '1' ) AND ( contract_3 = '1' ) LIMIT 1  
[2020-04-26 18:22:30] /shop/index.php?controller=cate&action=index&cate_id=4201&type=1&new=1&gift=1&key=&order=&ci=4 ( act=cate&action=index ) 
ERR: Db Error: Unknown column 'contract_4' in 'where clause'
SELECT COUNT(*) AS nc_count FROM `goods_common` WHERE ( is_own_shop = '1' ) AND ( is_new_arrival = '1' ) AND ( contract_4 = '1' ) LIMIT 1  
[2020-04-26 18:23:25] /shop/index.php?action=index&area_id=33&cate_id=856&ci=3_4_2_1&controller=cate&key=3&order=2 ( act=cate&action=index ) 
ERR: Db Error: Unknown column 'contract_3' in 'where clause'
SELECT COUNT(*) AS nc_count FROM `goods_common` WHERE ( areaid_1 = '33' ) AND ( contract_3 = '1' ) AND ( contract_4 = '1' ) AND ( contract_2 = '1' ) AND ( contract_1 = '1' ) LIMIT 1  
[2020-04-26 18:29:25] /shop/index.php?action=index&area_id=5&cate_id=4154&ci=1&controller=cate&key=3&order=2 ( act=cate&action=index ) 
ERR: Db Error: Unknown column 'contract_1' in 'where clause'
SELECT COUNT(*) AS nc_count FROM `goods_common` WHERE ( areaid_1 = '5' ) AND ( contract_1 = '1' ) LIMIT 1  
[2020-04-26 18:29:42] /shop/index.php?controller=cate&action=index&cate_id=158&key=3&order=2&yx=1&ci=4&type=1&new=1 ( act=cate&action=index ) 
ERR: Db Error: Unknown column 'contract_4' in 'where clause'
SELECT COUNT(*) AS nc_count FROM `goods_common` WHERE ( is_own_shop = '1' ) AND ( is_new_arrival = '1' ) AND ( is_select = '1' ) AND ( contract_4 = '1' ) LIMIT 1  
[2020-04-26 18:36:54] /shop/index.php?controller=cate&action=index&cate_id=1006&key=2&order=2&gift=1&ci=1 ( act=cate&action=index ) 
ERR: Db Error: Unknown column 'contract_1' in 'where clause'
SELECT COUNT(*) AS nc_count FROM `goods_common` WHERE ( contract_1 = '1' ) LIMIT 1  
[2020-04-26 18:44:06] /shop/index.php?controller=cate&action=index&cate_id=192&key=1&order=2&ci=4 ( act=cate&action=index ) 
ERR: Db Error: Unknown column 'contract_4' in 'where clause'
SELECT COUNT(*) AS nc_count FROM `goods_common` WHERE ( contract_4 = '1' ) LIMIT 1  
[2020-04-26 18:51:18] /shop/index.php?controller=cate&action=index&cate_id=373&gift=1&key=1&order=2&ci=2 ( act=cate&action=index ) 
ERR: Db Error: Unknown column 'contract_2' in 'where clause'
SELECT COUNT(*) AS nc_count FROM `goods_common` WHERE ( contract_2 = '1' ) LIMIT 1  
[2020-04-26 18:56:27] /shop/index.php?action=index&area_id=5&cate_id=2155&ci=2_3&controller=cate&key=&order= ( act=cate&action=index ) 
ERR: Db Error: Unknown column 'contract_2' in 'where clause'
SELECT COUNT(*) AS nc_count FROM `goods_common` WHERE ( gc_id_2 = '2155' ) AND ( areaid_1 = '5' ) AND ( contract_2 = '1' ) AND ( contract_3 = '1' ) LIMIT 1  
[2020-04-26 18:56:27] /shop/index.php?action=index&area_id=3&cate_id=133&ci=3&controller=cate&yx= ( act=cate&action=index ) 
ERR: Db Error: Unknown column 'contract_3' in 'where clause'
SELECT COUNT(*) AS nc_count FROM `goods_common` WHERE ( areaid_1 = '3' ) AND ( contract_3 = '1' ) LIMIT 1  
[2020-04-26 18:58:30] /shop/index.php?controller=cate&action=index&cate_id=499&gift=&key=1&order=1&ci=4_3&type= ( act=cate&action=index ) 
ERR: Db Error: Unknown column 'contract_4' in 'where clause'
SELECT COUNT(*) AS nc_count FROM `goods_common` WHERE ( contract_4 = '1' ) AND ( contract_3 = '1' ) LIMIT 1  
[2020-04-26 19:00:38] /shop/index.php?action=index&area_id=5&cate_id=5494&ci=3&controller=cate ( act=cate&action=index ) 
ERR: Db Error: Unknown column 'contract_3' in 'where clause'
SELECT COUNT(*) AS nc_count FROM `goods_common` WHERE ( gc_id_2 = '5494' ) AND ( areaid_1 = '5' ) AND ( contract_3 = '1' ) LIMIT 1  
[2020-04-26 19:05:42] /shop/index.php?controller=cate&action=index&cate_id=4197&key=&order=&gift=1&ci=3_1 ( act=cate&action=index ) 
ERR: Db Error: Unknown column 'contract_3' in 'where clause'
SELECT COUNT(*) AS nc_count FROM `goods_common` WHERE ( contract_3 = '1' ) AND ( contract_1 = '1' ) LIMIT 1  
[2020-04-26 19:12:54] /shop/index.php?controller=cate&action=index&cate_id=116&new=&key=&order=&ci=1 ( act=cate&action=index ) 
ERR: Db Error: Unknown column 'contract_1' in 'where clause'
SELECT COUNT(*) AS nc_count FROM `goods_common` WHERE ( contract_1 = '1' ) LIMIT 1  
[2020-04-26 19:20:21] /shop/index.php?controller=cate&action=index&cate_id=4005&area_id=4&ci=1&key=3&order=1&type=1&new=1&yx=1 ( act=cate&action=index ) 
ERR: Db Error: Unknown column 'contract_1' in 'where clause'
SELECT COUNT(*) AS nc_count FROM `goods_common` WHERE ( areaid_1 = '4' ) AND ( is_own_shop = '1' ) AND ( is_new_arrival = '1' ) AND ( is_select = '1' ) AND ( contract_1 = '1' ) LIMIT 1  
[2020-04-26 19:20:28] /shop/index.php?action=index&area_id=7&cate_id=596&ci=4_1&controller=cate&gift=1&key=2&order=2 ( act=cate&action=index ) 
ERR: Db Error: Unknown column 'contract_4' in 'where clause'
SELECT COUNT(*) AS nc_count FROM `goods_common` WHERE ( areaid_1 = '7' ) AND ( contract_4 = '1' ) AND ( contract_1 = '1' ) LIMIT 1  
[2020-04-26 19:22:08] /shop/index.php?action=index&area_id=31&cate_id=770&ci=3_4&controller=cate ( act=cate&action=index ) 
ERR: Db Error: Unknown column 'contract_3' in 'where clause'
SELECT COUNT(*) AS nc_count FROM `goods_common` WHERE ( areaid_1 = '31' ) AND ( contract_3 = '1' ) AND ( contract_4 = '1' ) LIMIT 1  
[2020-04-26 19:26:55] /shop/index.php?controller=cate&action=index&cate_id=373&gift=1&key=1&order=2&ci=2&area_id=26 ( act=cate&action=index ) 
ERR: Db Error: Unknown column 'contract_2' in 'where clause'
SELECT COUNT(*) AS nc_count FROM `goods_common` WHERE ( areaid_1 = '26' ) AND ( contract_2 = '1' ) LIMIT 1  
[2020-04-26 19:27:18] /shop/index.php?controller=cate&action=index&cate_id=689&new=1&gift=1&type=1&key=3&order=2&ci=4 ( act=cate&action=index ) 
ERR: Db Error: Unknown column 'contract_4' in 'where clause'
SELECT COUNT(*) AS nc_count FROM `goods_common` WHERE ( is_own_shop = '1' ) AND ( is_new_arrival = '1' ) AND ( contract_4 = '1' ) LIMIT 1  
[2020-04-26 19:34:30] /shop/index.php?controller=cate&action=index&cate_id=4197&key=&order=&gift=1&ci=3_4 ( act=cate&action=index ) 
ERR: Db Error: Unknown column 'contract_3' in 'where clause'
SELECT COUNT(*) AS nc_count FROM `goods_common` WHERE ( contract_3 = '1' ) AND ( contract_4 = '1' ) LIMIT 1  
[2020-04-26 19:48:54] /shop/index.php?controller=cate&action=index&cate_id=5382&gift=1&key=&order=&area_id=14&type=&ci=1_2 ( act=cate&action=index ) 
ERR: Db Error: Unknown column 'contract_1' in 'where clause'
SELECT COUNT(*) AS nc_count FROM `goods_common` WHERE ( areaid_1 = '14' ) AND ( contract_1 = '1' ) AND ( contract_2 = '1' ) LIMIT 1  
[2020-04-26 19:56:06] /shop/index.php?controller=cate&action=index&cate_id=2376&gift=&key=3&order=2&ci=1 ( act=cate&action=index ) 
ERR: Db Error: Unknown column 'contract_1' in 'where clause'
SELECT COUNT(*) AS nc_count FROM `goods_common` WHERE ( contract_1 = '1' ) LIMIT 1  
[2020-04-26 20:02:17] /shop/index.php?action=index&area_id=6&cate_id=2167&ci=2_3&controller=cate&key=3&new=1&order=2 ( act=cate&action=index ) 
ERR: Db Error: Unknown column 'contract_2' in 'where clause'
SELECT COUNT(*) AS nc_count FROM `goods_common` WHERE ( gc_id_3 = '2167' ) AND ( areaid_1 = '6' ) AND ( is_new_arrival = '1' ) AND ( contract_2 = '1' ) AND ( contract_3 = '1' ) LIMIT 1  
[2020-04-26 20:03:18] /shop/index.php?controller=cate&action=index&cate_id=4197&key=&order=&gift=1&ci=3&new=1 ( act=cate&action=index ) 
ERR: Db Error: Unknown column 'contract_3' in 'where clause'
SELECT COUNT(*) AS nc_count FROM `goods_common` WHERE ( is_new_arrival = '1' ) AND ( contract_3 = '1' ) LIMIT 1  
[2020-04-26 20:10:30] /shop/index.php?controller=cate&action=index&cate_id=5443&yx=&new=&key=1&order=1&ci=3_2&type=1&area_id=13 ( act=cate&action=index ) 
ERR: Db Error: Unknown column 'contract_3' in 'where clause'
SELECT COUNT(*) AS nc_count FROM `goods_common` WHERE ( areaid_1 = '13' ) AND ( is_own_shop = '1' ) AND ( contract_3 = '1' ) AND ( contract_2 = '1' ) LIMIT 1  
[2020-04-26 20:10:52] /shop/index.php?action=index&area_id=29&ci=3_1_4&controller=cate&yx=1 ( act=cate&action=index ) 
ERR: Db Error: Unknown column 'contract_3' in 'where clause'
SELECT COUNT(*) AS nc_count FROM `goods_common` WHERE ( areaid_1 = '29' ) AND ( is_select = '1' ) AND ( contract_3 = '1' ) AND ( contract_1 = '1' ) AND ( contract_4 = '1' ) LIMIT 1  
[2020-04-26 20:32:06] /shop/index.php?controller=cate&action=index&cate_id=4791&key=1&order=1&ci=3_2&yx=1&type= ( act=cate&action=index ) 
ERR: Db Error: Unknown column 'contract_3' in 'where clause'
SELECT COUNT(*) AS nc_count FROM `goods_common` WHERE ( is_select = '1' ) AND ( contract_3 = '1' ) AND ( contract_2 = '1' ) LIMIT 1  
[2020-04-26 20:45:21] /shop/index.php?action=index&area_id=11&cate_id=726&ci=4_2_1&controller=cate ( act=cate&action=index ) 
ERR: Db Error: Unknown column 'contract_4' in 'where clause'
SELECT COUNT(*) AS nc_count FROM `goods_common` WHERE ( areaid_1 = '11' ) AND ( contract_4 = '1' ) AND ( contract_2 = '1' ) AND ( contract_1 = '1' ) LIMIT 1  
[2020-04-26 20:46:30] /shop/index.php?controller=cate&action=index&cate_id=702&ci=3&gift=&new=1&order=2&key=2&area_id=19 ( act=cate&action=index ) 
ERR: Db Error: Unknown column 'contract_3' in 'where clause'
SELECT COUNT(*) AS nc_count FROM `goods_common` WHERE ( areaid_1 = '19' ) AND ( is_new_arrival = '1' ) AND ( contract_3 = '1' ) LIMIT 1  
[2020-04-26 21:00:54] /shop/index.php?controller=cate&action=index&cate_id=2171&type=1&yx=&key=2&order=2&ci=3&gift= ( act=cate&action=index ) 
ERR: Db Error: Unknown column 'contract_3' in 'where clause'
SELECT COUNT(*) AS nc_count FROM `goods_common` WHERE ( is_own_shop = '1' ) AND ( contract_3 = '1' ) LIMIT 1  
[2020-04-26 21:04:58] /shop/index.php?action=index&area_id=14&cate_id=5589&ci=3&controller=cate ( act=cate&action=index ) 
ERR: Db Error: Unknown column 'contract_3' in 'where clause'
SELECT COUNT(*) AS nc_count FROM `goods_common` WHERE ( gc_id_2 = '5589' ) AND ( areaid_1 = '14' ) AND ( contract_3 = '1' ) LIMIT 1  
[2020-04-26 21:05:26] /shop/index.php?action=index&area_id=30&cate_id=645&ci=3&controller=cate&gift=1&type=1 ( act=cate&action=index ) 
ERR: Db Error: Unknown column 'contract_3' in 'where clause'
SELECT COUNT(*) AS nc_count FROM `goods_common` WHERE ( areaid_1 = '30' ) AND ( is_own_shop = '1' ) AND ( contract_3 = '1' ) LIMIT 1  
[2020-04-26 21:15:18] /shop/index.php?controller=cate&action=index&cate_id=251&type=&key=&order=&ci=3&gift=1&area_id=26 ( act=cate&action=index ) 
ERR: Db Error: Unknown column 'contract_3' in 'where clause'
SELECT COUNT(*) AS nc_count FROM `goods_common` WHERE ( areaid_1 = '26' ) AND ( contract_3 = '1' ) LIMIT 1  
[2020-04-26 21:22:30] /shop/index.php?controller=cate&action=index&cate_id=4005&area_id=4&ci=1&key=3&order=1&type=1&new=&yx=1&gift=1 ( act=cate&action=index ) 
ERR: Db Error: Unknown column 'contract_1' in 'where clause'
SELECT COUNT(*) AS nc_count FROM `goods_common` WHERE ( areaid_1 = '4' ) AND ( is_own_shop = '1' ) AND ( is_select = '1' ) AND ( contract_1 = '1' ) LIMIT 1  
[2020-04-26 21:26:28] /shop/index.php?action=index&area_id=28&cate_id=667&ci=2_3&controller=cate ( act=cate&action=index ) 
ERR: Db Error: Unknown column 'contract_2' in 'where clause'
SELECT COUNT(*) AS nc_count FROM `goods_common` WHERE ( areaid_1 = '28' ) AND ( contract_2 = '1' ) AND ( contract_3 = '1' ) LIMIT 1  
[2020-04-26 21:29:43] /shop/index.php?controller=cate&action=index&cate_id=5443&yx=&new=&key=1&order=1&ci=4_3_2_1&type=1&area_id=13 ( act=cate&action=index ) 
ERR: Db Error: Unknown column 'contract_4' in 'where clause'
SELECT COUNT(*) AS nc_count FROM `goods_common` WHERE ( areaid_1 = '13' ) AND ( is_own_shop = '1' ) AND ( contract_4 = '1' ) AND ( contract_3 = '1' ) AND ( contract_2 = '1' ) AND ( contract_1 = '1' ) LIMIT 1  
[2020-04-26 21:34:52] /shop/index.php?action=index&area_id=27&cate_id=5511&ci=3&controller=cate ( act=cate&action=index ) 
ERR: Db Error: Unknown column 'contract_3' in 'where clause'
SELECT COUNT(*) AS nc_count FROM `goods_common` WHERE ( gc_id_1 = '5511' ) AND ( areaid_1 = '27' ) AND ( contract_3 = '1' ) LIMIT 1  
[2020-04-26 21:36:54] /shop/index.php?controller=cate&action=index&cate_id=845&ci=2_3_4&key=1&order=2&new=1 ( act=cate&action=index ) 
ERR: Db Error: Unknown column 'contract_2' in 'where clause'
SELECT COUNT(*) AS nc_count FROM `goods_common` WHERE ( is_new_arrival = '1' ) AND ( contract_2 = '1' ) AND ( contract_3 = '1' ) AND ( contract_4 = '1' ) LIMIT 1  
[2020-04-26 21:41:24] /shop/index.php?action=index&area_id=18&cate_id=645&ci=3&controller=cate&new=1&type=1 ( act=cate&action=index ) 
ERR: Db Error: Unknown column 'contract_3' in 'where clause'
SELECT COUNT(*) AS nc_count FROM `goods_common` WHERE ( areaid_1 = '18' ) AND ( is_own_shop = '1' ) AND ( is_new_arrival = '1' ) AND ( contract_3 = '1' ) LIMIT 1  
[2020-04-26 21:57:23] /shop/index.php?action=index&area_id=13&cate_id=133&ci=3_4&controller=cate&yx= ( act=cate&action=index ) 
ERR: Db Error: Unknown column 'contract_3' in 'where clause'
SELECT COUNT(*) AS nc_count FROM `goods_common` WHERE ( areaid_1 = '13' ) AND ( contract_3 = '1' ) AND ( contract_4 = '1' ) LIMIT 1  
[2020-04-26 21:58:30] /shop/index.php?controller=cate&action=index&cate_id=13&area_id=3&key=3&order=1&yx=1&ci=2_1 ( act=cate&action=index ) 
ERR: Db Error: Unknown column 'contract_2' in 'where clause'
SELECT COUNT(*) AS nc_count FROM `goods_common` WHERE ( areaid_1 = '3' ) AND ( is_select = '1' ) AND ( contract_2 = '1' ) AND ( contract_1 = '1' ) LIMIT 1  
[2020-04-26 22:20:06] /shop/index.php?controller=cate&action=index&cate_id=2407&type=1&new=1&order=&key=&ci=3 ( act=cate&action=index ) 
ERR: Db Error: Unknown column 'contract_3' in 'where clause'
SELECT COUNT(*) AS nc_count FROM `goods_common` WHERE ( is_own_shop = '1' ) AND ( is_new_arrival = '1' ) AND ( contract_3 = '1' ) LIMIT 1  
[2020-04-26 22:23:19] /shop/index.php?action=index&area_id=5&cate_id=2148&ci=2&controller=cate&key=3&order=2 ( act=cate&action=index ) 
ERR: Db Error: Unknown column 'contract_2' in 'where clause'
SELECT COUNT(*) AS nc_count FROM `goods_common` WHERE ( areaid_1 = '5' ) AND ( contract_2 = '1' ) LIMIT 1  
[2020-04-26 22:27:18] /shop/index.php?controller=cate&action=index&cate_id=2213&key=3&order=1&type=1&new=&ci=1 ( act=cate&action=index ) 
ERR: Db Error: Unknown column 'contract_1' in 'where clause'
SELECT COUNT(*) AS nc_count FROM `goods_common` WHERE ( is_own_shop = '1' ) AND ( contract_1 = '1' ) LIMIT 1  
[2020-04-26 22:27:35] /shop/index.php?action=index&area_id=13&cate_id=2&ci=4_2_1&controller=cate ( act=cate&action=index ) 
ERR: Db Error: Unknown column 'contract_4' in 'where clause'
SELECT COUNT(*) AS nc_count FROM `goods_common` WHERE ( areaid_1 = '13' ) AND ( contract_4 = '1' ) AND ( contract_2 = '1' ) AND ( contract_1 = '1' ) LIMIT 1  
[2020-04-26 22:34:30] /shop/index.php?controller=cate&action=index&cate_id=845&ci=2_3_4&key=1&order=2&yx=1 ( act=cate&action=index ) 
ERR: Db Error: Unknown column 'contract_2' in 'where clause'
SELECT COUNT(*) AS nc_count FROM `goods_common` WHERE ( is_select = '1' ) AND ( contract_2 = '1' ) AND ( contract_3 = '1' ) AND ( contract_4 = '1' ) LIMIT 1  
[2020-04-26 22:48:00] /shop/index.php?action=index&area_id=34&cate_id=2167&ci=2&controller=cate&key=&order=&type=1 ( act=cate&action=index ) 
ERR: Db Error: Unknown column 'contract_2' in 'where clause'
SELECT COUNT(*) AS nc_count FROM `goods_common` WHERE ( gc_id_3 = '2167' ) AND ( areaid_1 = '34' ) AND ( is_own_shop = '1' ) AND ( contract_2 = '1' ) LIMIT 1  
[2020-04-26 22:56:06] /shop/index.php?controller=cate&action=index&cate_id=2541&key=1&order=2&ci=3&yx=1 ( act=cate&action=index ) 
ERR: Db Error: Unknown column 'contract_3' in 'where clause'
SELECT COUNT(*) AS nc_count FROM `goods_common` WHERE ( is_select = '1' ) AND ( contract_3 = '1' ) LIMIT 1  
[2020-04-26 22:56:55] /shop/index.php?action=index&area_id=11&cate_id=5487&ci=4_2&controller=cate ( act=cate&action=index ) 
ERR: Db Error: Unknown column 'contract_4' in 'where clause'
SELECT COUNT(*) AS nc_count FROM `goods_common` WHERE ( gc_id_2 = '5487' ) AND ( areaid_1 = '11' ) AND ( contract_4 = '1' ) AND ( contract_2 = '1' ) LIMIT 1  
[2020-04-26 23:10:31] /shop/index.php?controller=cate&action=index&cate_id=3786&order=2&key=1&new=&ci=2&type=1&gift=1 ( act=cate&action=index ) 
ERR: Db Error: Unknown column 'contract_2' in 'where clause'
SELECT COUNT(*) AS nc_count FROM `goods_common` WHERE ( is_own_shop = '1' ) AND ( contract_2 = '1' ) LIMIT 1  
[2020-04-26 23:17:45] /shop/index.php?controller=cate&action=index&cate_id=442&key=1&order=1&area_id=17&yx=1&gift=&ci=3_4 ( act=cate&action=index ) 
ERR: Db Error: Unknown column 'contract_3' in 'where clause'
SELECT COUNT(*) AS nc_count FROM `goods_common` WHERE ( areaid_1 = '17' ) AND ( is_select = '1' ) AND ( contract_3 = '1' ) AND ( contract_4 = '1' ) LIMIT 1  
[2020-04-26 23:17:56] /shop/index.php?action=index&area_id=7&cate_id=5565&ci=3_4&controller=cate ( act=cate&action=index ) 
ERR: Db Error: Unknown column 'contract_3' in 'where clause'
SELECT COUNT(*) AS nc_count FROM `goods_common` WHERE ( gc_id_3 = '5565' ) AND ( areaid_1 = '7' ) AND ( contract_3 = '1' ) AND ( contract_4 = '1' ) LIMIT 1  
[2020-04-26 23:24:54] /shop/index.php?controller=cate&action=index&cate_id=2213&key=&order=&type=&new=&yx=&ci=4 ( act=cate&action=index ) 
ERR: Db Error: Unknown column 'contract_4' in 'where clause'
SELECT COUNT(*) AS nc_count FROM `goods_common` WHERE ( contract_4 = '1' ) LIMIT 1  
[2020-04-26 23:32:06] /shop/index.php?controller=cate&action=index&cate_id=908&area_id=6&ci=2 ( act=cate&action=index ) 
ERR: Db Error: Unknown column 'contract_2' in 'where clause'
SELECT COUNT(*) AS nc_count FROM `goods_common` WHERE ( areaid_1 = '6' ) AND ( contract_2 = '1' ) LIMIT 1  
[2020-04-26 23:39:18] /shop/index.php?controller=cate&action=index&cate_id=9&ci=4 ( act=cate&action=index ) 
ERR: Db Error: Unknown column 'contract_4' in 'where clause'
SELECT COUNT(*) AS nc_count FROM `goods_common` WHERE ( contract_4 = '1' ) LIMIT 1  
[2020-04-26 23:46:30] /shop/index.php?controller=cate&action=index&cate_id=2866&key=1&order=2&ci=3_4&new=&area_id=29&gift=&yx=1 ( act=cate&action=index ) 
ERR: Db Error: Unknown column 'contract_3' in 'where clause'
SELECT COUNT(*) AS nc_count FROM `goods_common` WHERE ( areaid_1 = '29' ) AND ( is_select = '1' ) AND ( contract_3 = '1' ) AND ( contract_4 = '1' ) LIMIT 1  
[2020-04-26 23:48:25] /shop/index.php?action=index&area_id=8&cate_id=645&ci=3&controller=cate&gift=1&type=1 ( act=cate&action=index ) 
ERR: Db Error: Unknown column 'contract_3' in 'where clause'
SELECT COUNT(*) AS nc_count FROM `goods_common` WHERE ( areaid_1 = '8' ) AND ( is_own_shop = '1' ) AND ( contract_3 = '1' ) LIMIT 1  
